spk_ver/v00/v0000	SES146	0.0458832	-28.8021	-28.848
spk_ver/v00/v0001	SES002	0.0208282	-31.6887	-31.7095
spk_ver/v00/v0002	SES002	-0.000179291	-30.6625	-30.6623
spk_ver/v00/v0003	SES002	0.0160599	-31.542	-31.5581
spk_ver/v00/v0004	SES002	0.000257492	-28.6956	-28.6959
spk_ver/v00/v0005	SES002	0.00862122	-30.1325	-30.1412
spk_ver/v00/v0006	SES002	-0.00681686	-30.0923	-30.0855
spk_ver/v00/v0007	SES002	-0.0203629	-30.1944	-30.1741
spk_ver/v00/v0008	SES146	-0.0302467	-29.9509	-29.9207
spk_ver/v00/v0009	SES002	-0.00784874	-29.7667	-29.7588
spk_ver/v00/v0010	SES002	-0.0617905	-27.216	-27.1542
spk_ver/v00/v0011	SES002	0.0490322	-30.6341	-30.6831
spk_ver/v00/v0012	SES002	0.0109825	-30.1985	-30.2094
spk_ver/v00/v0013	SES002	0.00217056	-30.4011	-30.4033
spk_ver/v00/v0014	SES002	0.033535	-30.8173	-30.8508
spk_ver/v00/v0015	SES002	-0.0107098	-29.1366	-29.1259
spk_ver/v00/v0016	SES275	0.0119514	-28.6845	-28.6964
spk_ver/v00/v0017	SES002	0.000656128	-30.2875	-30.2882
spk_ver/v00/v0018	SES002	-0.00712395	-29.9334	-29.9263
spk_ver/v00/v0019	SES002	0.00195312	-30.6738	-30.6757
spk_ver/v00/v0020	SES002	-0.00648308	-30.1108	-30.1043
spk_ver/v00/v0021	SES002	0.00523758	-30.9756	-30.9809
spk_ver/v00/v0022	SES002	-0.0164833	-29.494	-29.4775
spk_ver/v00/v0023	SES002	-0.0162334	-29.639	-29.6228
spk_ver/v00/v0024	SES002	0.0242882	-31.3569	-31.3812
spk_ver/v00/v0025	SES002	0.00502968	-30.7906	-30.7956
spk_ver/v00/v0026	SES002	-0.0027256	-29.7686	-29.7659
spk_ver/v00/v0027	SES129	0.0827637	-31.1598	-31.2425
spk_ver/v00/v0028	SES007	-0.00784683	-30.8384	-30.8306
spk_ver/v00/v0029	SES083	-0.000371933	-29.1474	-29.1471
spk_ver/v00/v0030	SES019	0.0222473	-30.6137	-30.6359
spk_ver/v00/v0031	SES007	-0.0117722	-30.5248	-30.5131
spk_ver/v00/v0032	SES270	0.0543499	-28.8929	-28.9473
spk_ver/v00/v0033	SES007	-0.00576973	-30.47	-30.4643
spk_ver/v00/v0034	SES007	-0.0132084	-30.8783	-30.8651
spk_ver/v00/v0035	SES007	0.00745583	-29.5145	-29.5219
spk_ver/v00/v0036	SES007	0.0233459	-27.3915	-27.4148
spk_ver/v00/v0037	SES007	-0.0175838	-31.7006	-31.683
spk_ver/v00/v0038	SES259	0.21199	-27.8782	-28.0902
spk_ver/v00/v0039	SES007	-0.0151978	-31.0941	-31.0789
spk_ver/v00/v0040	SES007	-0.0111713	-30.786	-30.7748
spk_ver/v00/v0041	SES007	0.0147343	-28.3558	-28.3706
spk_ver/v00/v0042	SES007	0.00306702	-29.4121	-29.4152
spk_ver/v00/v0043	SES007	0.0129299	-27.731	-27.7439
spk_ver/v00/v0044	SES007	0.00268936	-29.9568	-29.9595
spk_ver/v00/v0045	SES007	-0.0151577	-31.0828	-31.0677
spk_ver/v00/v0046	SES007	-0.00759888	-30.234	-30.2264
spk_ver/v00/v0047	SES172	0.00629425	-30.2968	-30.3031
spk_ver/v00/v0048	SES105	0.142185	-28.1967	-28.3389
spk_ver/v00/v0049	SES007	-0.00292587	-30.153	-30.1501
spk_ver/v00/v0050	SES292	-0.102345	-28.7011	-28.5988
spk_ver/v00/v0051	SES007	0.0051136	-28.8562	-28.8613
spk_ver/v00/v0052	SES068	0.00514221	-29.6046	-29.6097
spk_ver/v00/v0053	SES008	-0.00282097	-30.1053	-30.1025
spk_ver/v00/v0054	SES008	0.0407448	-31.3913	-31.4321
spk_ver/v00/v0055	SES008	0.0301056	-30.9527	-30.9828
spk_ver/v00/v0056	SES008	-0.00978088	-29.6039	-29.5941
spk_ver/v00/v0057	SES008	-0.00555038	-30.2809	-30.2753
spk_ver/v00/v0058	SES083	0.0101433	-29.2906	-29.3008
spk_ver/v00/v0059	SES158	-0.0284195	-29.7894	-29.761
spk_ver/v00/v0060	SES008	0.0125961	-30.7486	-30.7612
spk_ver/v00/v0061	SES101	-0.0128498	-30.4057	-30.3929
spk_ver/v00/v0062	SES008	0.0244141	-30.8319	-30.8563
spk_ver/v00/v0063	SES008	-0.018259	-29.3164	-29.2981
spk_ver/v00/v0064	SES117	-0.00524902	-29.9715	-29.9663
spk_ver/v00/v0065	SES149	-0.000520706	-29.7604	-29.7599
spk_ver/v00/v0066	SES008	0.0308266	-31.1669	-31.1978
spk_ver/v00/v0067	SES008	0.0261879	-30.8451	-30.8713
spk_ver/v00/v0068	SES162	0.00477409	-31.2508	-31.2556
spk_ver/v00/v0069	SES008	0.0718956	-31.9398	-32.0117
spk_ver/v00/v0070	SES008	0.0592136	-31.6392	-31.6984
spk_ver/v00/v0071	SES008	0.0452671	-31.0775	-31.1228
spk_ver/v00/v0072	SES008	0.0336018	-30.8559	-30.8895
spk_ver/v00/v0073	SES008	0.017519	-30.3124	-30.3299
spk_ver/v00/v0074	SES008	0.0274239	-31.0553	-31.0827
spk_ver/v00/v0075	SES008	-0.0181351	-29.6586	-29.6404
spk_ver/v00/v0076	SES167	-0.0216732	-30.0998	-30.0781
spk_ver/v00/v0077	SES008	-0.00157166	-29.9152	-29.9137
spk_ver/v00/v0078	SES177	-0.00785446	-28.512	-28.5042
spk_ver/v00/v0079	SES008	0.0406437	-30.9809	-31.0216
spk_ver/v00/v0080	SES008	-0.0284786	-29.4381	-29.4096
spk_ver/v00/v0081	SES008	-0.0103664	-29.8384	-29.8281
spk_ver/v00/v0082	SES008	0.0141239	-30.2767	-30.2908
spk_ver/v00/v0083	SES008	0.00587082	-30.3448	-30.3507
spk_ver/v00/v0084	SES144	0.0066452	-29.4249	-29.4316
spk_ver/v00/v0085	SES008	0.0450439	-31.0328	-31.0779
spk_ver/v00/v0086	SES008	-0.0267963	-29.0633	-29.0365
spk_ver/v00/v0087	SES008	-0.0264854	-29.5253	-29.4988
spk_ver/v00/v0088	SES008	0.0365849	-30.8159	-30.8525
spk_ver/v00/v0089	SES008	0.0113449	-30.2604	-30.2717
spk_ver/v00/v0090	SES142	0.142611	-31.5339	-31.6765
spk_ver/v00/v0091	SES008	0.0281639	-30.7842	-30.8124
spk_ver/v00/v0092	SES158	-0.0815048	-30.3601	-30.2786
spk_ver/v00/v0093	SES014	-0.00948524	-29.8187	-29.8092
spk_ver/v00/v0094	SES014	-0.0127716	-29.8635	-29.8507
spk_ver/v00/v0095	SES014	0.0826035	-31.8403	-31.9229
spk_ver/v00/v0096	SES014	-0.0901413	-28.0138	-27.9237
spk_ver/v00/v0097	SES014	0.0487232	-30.752	-30.8007
spk_ver/v00/v0098	SES014	-0.047739	-29.0933	-29.0456
spk_ver/v00/v0099	SES014	-0.00627899	-30.0715	-30.0652
spk_ver/v01/v0100	SES127	-0.0187511	-30.1913	-30.1725
spk_ver/v01/v0101	SES014	-0.0518684	-29.234	-29.1821
spk_ver/v01/v0102	SES014	0.0466633	-30.9125	-30.9591
spk_ver/v01/v0103	SES014	-0.0132847	-29.6129	-29.5996
spk_ver/v01/v0104	SES014	0.0138626	-30.241	-30.2549
spk_ver/v01/v0105	SES014	0.00219917	-30.0937	-30.0959
spk_ver/v01/v0106	SES014	-0.0685024	-28.5689	-28.5004
spk_ver/v01/v0107	SES014	0.0803795	-31.9947	-32.0751
spk_ver/v01/v0108	SES014	0.0858307	-31.8616	-31.9475
spk_ver/v01/v0109	SES014	0.038311	-30.917	-30.9553
spk_ver/v01/v0110	SES014	0.0234032	-30.3781	-30.4015
spk_ver/v01/v0111	SES014	0.0155754	-30.4801	-30.4957
spk_ver/v01/v0112	SES014	0.0261364	-30.5588	-30.5849
spk_ver/v01/v0113	SES104	-0.00313377	-30.4054	-30.4023
spk_ver/v01/v0114	SES082	0.00870132	-30.104	-30.1127
spk_ver/v01/v0115	SES087	0.0213432	-28.9381	-28.9594
spk_ver/v01/v0116	SES014	0.00408936	-29.8939	-29.8979
spk_ver/v01/v0117	SES177	-0.0227757	-28.7346	-28.7118
spk_ver/v01/v0118	SES014	-0.00826836	-29.9518	-29.9435
spk_ver/v01/v0119	SES014	0.000347137	-30.0896	-30.0899
spk_ver/v01/v0120	SES014	0.0556583	-31.0728	-31.1284
spk_ver/v01/v0121	SES146	0.00251961	-29.4521	-29.4547
spk_ver/v01/v0122	SES014	0.040823	-30.6174	-30.6583
spk_ver/v01/v0123	SES014	-0.0325775	-29.4775	-29.445
spk_ver/v01/v0124	SES014	0.0745163	-31.9758	-32.0503
spk_ver/v01/v0125	SES014	0.00792885	-30.2904	-30.2983
spk_ver/v01/v0126	SES016	0.172703	-31.5612	-31.7339
spk_ver/v01/v0127	SES016	0.0190659	-30.539	-30.5581
spk_ver/v01/v0128	SES106	-0.0751991	-30.0855	-30.0103
spk_ver/v01/v0129	SES016	-0.0443115	-30.0575	-30.0132
spk_ver/v01/v0130	SES016	0.038023	-30.5711	-30.6091
spk_ver/v01/v0131	SES016	-0.130989	-29.473	-29.3421
spk_ver/v01/v0132	SES016	0.0811367	-31.0475	-31.1286
spk_ver/v01/v0133	SES016	0.142672	-31.3156	-31.4583
spk_ver/v01/v0134	SES016	-0.0128307	-30.3186	-30.3058
spk_ver/v01/v0135	SES016	0.130278	-31.1523	-31.2826
spk_ver/v01/v0136	SES016	0.0188065	-30.5657	-30.5845
spk_ver/v01/v0137	SES007	0.0084362	-29.3479	-29.3563
spk_ver/v01/v0138	SES016	0.119364	-31.1908	-31.3102
spk_ver/v01/v0139	SES016	0.0187569	-30.4517	-30.4705
spk_ver/v01/v0140	SES016	0.0913486	-30.9726	-31.0639
spk_ver/v01/v0141	SES016	0.0960217	-31.065	-31.161
spk_ver/v01/v0142	SES016	0.0284443	-30.6437	-30.6722
spk_ver/v01/v0143	SES016	0.0411015	-30.6488	-30.6899
spk_ver/v01/v0144	SES016	-0.0411167	-30.1605	-30.1194
spk_ver/v01/v0145	SES016	-0.24724	-28.7581	-28.5108
spk_ver/v01/v0146	SES016	-0.122543	-29.6623	-29.5398
spk_ver/v01/v0147	SES016	0.12137	-31.1992	-31.3205
spk_ver/v01/v0148	SES127	0.0929298	-30.9056	-30.9986
spk_ver/v01/v0149	SES016	-0.0685196	-29.8073	-29.7387
spk_ver/v01/v0150	SES016	-0.0157719	-30.2623	-30.2465
spk_ver/v01/v0151	SES147	0.00984001	-29.3784	-29.3882
spk_ver/v01/v0152	SES016	-0.178278	-29.1826	-29.0043
spk_ver/v01/v0153	SES104	-0.0106201	-30.4724	-30.4617
spk_ver/v01/v0154	SES016	0.0665207	-30.8398	-30.9063
spk_ver/v01/v0155	SES016	0.0674992	-30.9376	-31.0051
spk_ver/v01/v0156	SES019	0.0153618	-30.3037	-30.3191
spk_ver/v01/v0157	SES019	-0.0359535	-29.3701	-29.3341
spk_ver/v01/v0158	SES019	0.0332413	-30.4039	-30.4372
spk_ver/v01/v0159	SES007	0.00778389	-29.0778	-29.0856
spk_ver/v01/v0160	SES019	-0.00370979	-30.1235	-30.1198
spk_ver/v01/v0161	SES019	0.0458546	-30.7408	-30.7866
spk_ver/v01/v0162	SES019	0.00974846	-30.264	-30.2738
spk_ver/v01/v0163	SES189	0.059288	-28.7758	-28.8351
spk_ver/v01/v0164	SES019	0.00853348	-30.1767	-30.1853
spk_ver/v01/v0165	SES019	0.0993557	-31.6359	-31.7352
spk_ver/v01/v0166	SES019	-0.111475	-28.0574	-27.9459
spk_ver/v01/v0167	SES019	-0.0508194	-29.0017	-28.9509
spk_ver/v01/v0168	SES019	0.0552597	-31.237	-31.2922
spk_ver/v01/v0169	SES019	0.0564594	-31.1458	-31.2023
spk_ver/v01/v0170	SES270	0.0113239	-29.2526	-29.2639
spk_ver/v01/v0171	SES019	-0.00300217	-29.9926	-29.9896
spk_ver/v01/v0172	SES019	-0.0256767	-29.7474	-29.7217
spk_ver/v01/v0173	SES206	0.00208855	-29.3976	-29.3996
spk_ver/v01/v0174	SES019	-0.0103474	-30.0816	-30.0713
spk_ver/v01/v0175	SES014	0.0100212	-30.4158	-30.4258
spk_ver/v01/v0176	SES019	-0.019722	-29.8452	-29.8255
spk_ver/v01/v0177	SES120	-0.052597	-29.3414	-29.2888
spk_ver/v01/v0178	SES019	-0.011446	-30.0539	-30.0425
spk_ver/v01/v0179	SES019	0.0915718	-31.7942	-31.8857
spk_ver/v01/v0180	SES175	0.00648689	-30.1633	-30.1698
spk_ver/v01/v0181	SES019	0.00717545	-30.2677	-30.2748
spk_ver/v01/v0182	SES019	0.0376549	-31.2243	-31.262
spk_ver/v01/v0183	SES029	0.051321	-31.4065	-31.4578
spk_ver/v01/v0184	SES029	0.00432014	-30.1247	-30.129
spk_ver/v01/v0185	SES029	0.0153294	-30.7172	-30.7325
spk_ver/v01/v0186	SES068	0.00845909	-30.3073	-30.3158
spk_ver/v01/v0187	SES029	-0.0237808	-29.5158	-29.492
spk_ver/v01/v0188	SES029	0.0124168	-30.0276	-30.0401
spk_ver/v01/v0189	SES149	0.0060463	-28.8985	-28.9046
spk_ver/v01/v0190	SES029	0.0330524	-30.8977	-30.9307
spk_ver/v01/v0191	SES029	-0.00543022	-29.8962	-29.8908
spk_ver/v01/v0192	SES183	-0.00379181	-30.0219	-30.0181
spk_ver/v01/v0193	SES029	0.00238228	-29.9169	-29.9193
spk_ver/v01/v0194	SES016	0.118851	-31.1434	-31.2623
spk_ver/v01/v0195	SES029	0.0356598	-31.2384	-31.2741
spk_ver/v01/v0196	SES029	0.0387173	-31.101	-31.1397
spk_ver/v01/v0197	SES029	-0.0194988	-29.4207	-29.4012
spk_ver/v01/v0198	SES146	-0.0229816	-29.7667	-29.7438
spk_ver/v01/v0199	SES029	-0.0782356	-27.9443	-27.8661
spk_ver/v02/v0200	SES029	0.0327415	-31.0834	-31.1162
spk_ver/v02/v0201	SES068	-0.014307	-29.7698	-29.7555
spk_ver/v02/v0202	SES148	0.0102768	-30.4017	-30.412
spk_ver/v02/v0203	SES029	-0.00937843	-29.9483	-29.9389
spk_ver/v02/v0204	SES029	-0.02034	-29.145	-29.1246
spk_ver/v02/v0205	SES060	-0.0259743	-29.9858	-29.9598
spk_ver/v02/v0206	SES127	0.103746	-30.9573	-31.0611
spk_ver/v02/v0207	SES029	0.0482044	-31.512	-31.5602
spk_ver/v02/v0208	SES048	0.000619888	-29.6836	-29.6842
spk_ver/v02/v0209	SES029	0.0325775	-31.1332	-31.1658
spk_ver/v02/v0210	SES029	-0.0334702	-29.3787	-29.3453
spk_ver/v02/v0211	SES029	-0.0454693	-28.5687	-28.5232
spk_ver/v02/v0212	SES042	0.0750809	-31.823	-31.8981
spk_ver/v02/v0213	SES085	0.0538464	-30.7311	-30.7849
spk_ver/v02/v0214	SES206	0.0674458	-28.6591	-28.7265
spk_ver/v02/v0215	SES144	-0.0122013	-30.1352	-30.123
spk_ver/v02/v0216	SES042	0.0165501	-30.6719	-30.6885
spk_ver/v02/v0217	SES042	0.0205612	-30.6946	-30.7152
spk_ver/v02/v0218	SES042	0.0227909	-30.7607	-30.7835
spk_ver/v02/v0219	SES206	0.0457077	-28.7989	-28.8446
spk_ver/v02/v0220	SES019	0.0529804	-30.9109	-30.9639
spk_ver/v02/v0221	SES007	0.00159454	-29.7134	-29.715
spk_ver/v02/v0222	SES042	-0.031477	-29.6626	-29.6311
spk_ver/v02/v0223	SES147	0.00211716	-29.9891	-29.9912
spk_ver/v02/v0224	SES105	0.133623	-28.2586	-28.3923
spk_ver/v02/v0225	SES042	0.0218639	-30.6504	-30.6723
spk_ver/v02/v0226	SES275	-0.00197029	-29.7418	-29.7398
spk_ver/v02/v0227	SES042	0.0133781	-30.2884	-30.3017
spk_ver/v02/v0228	SES042	0.0462112	-30.7849	-30.8311
spk_ver/v02/v0229	SES042	0.0632439	-31.6314	-31.6946
spk_ver/v02/v0230	SES085	-0.021143	-29.8125	-29.7913
spk_ver/v02/v0231	SES014	-0.0301876	-29.6584	-29.6282
spk_ver/v02/v0232	SES042	-0.00453568	-30.2631	-30.2585
spk_ver/v02/v0233	SES048	-0.0286331	-29.9764	-29.9478
spk_ver/v02/v0234	SES048	-0.0454178	-30.5484	-30.503
spk_ver/v02/v0235	SES029	-0.0080452	-29.8373	-29.8293
spk_ver/v02/v0236	SES048	-0.0695381	-30.8043	-30.7347
spk_ver/v02/v0237	SES048	0.0390263	-28.7967	-28.8358
spk_ver/v02/v0238	SES048	-0.0474262	-30.3191	-30.2716
spk_ver/v02/v0239	SES060	0.0343056	-30.3264	-30.3608
spk_ver/v02/v0240	SES048	-0.0361176	-30.008	-29.9719
spk_ver/v02/v0241	SES048	-0.0469856	-30.6354	-30.5884
spk_ver/v02/v0242	SES189	0.0767517	-28.81	-28.8868
spk_ver/v02/v0243	SES162	0.00087738	-29.3351	-29.336
spk_ver/v02/v0244	SES048	-0.0921516	-31.0982	-31.0061
spk_ver/v02/v0245	SES048	-0.0480156	-30.3608	-30.3128
spk_ver/v02/v0246	SES048	-0.0264549	-29.7622	-29.7357
spk_ver/v02/v0247	SES048	-0.026228	-29.6235	-29.5973
spk_ver/v02/v0248	SES226	-0.00842285	-30.4404	-30.432
spk_ver/v02/v0249	SES048	-0.0914459	-31.4244	-31.3329
spk_ver/v02/v0250	SES048	0.00273705	-29.619	-29.6217
spk_ver/v02/v0251	SES048	-0.107052	-31.6455	-31.5385
spk_ver/v02/v0252	SES060	-0.0570717	-29.1127	-29.0557
spk_ver/v02/v0253	SES060	-0.0689297	-29.3187	-29.2498
spk_ver/v02/v0254	SES259	-0.153355	-29.9257	-29.7724
spk_ver/v02/v0255	SES060	-0.0776043	-28.9688	-28.8912
spk_ver/v02/v0256	SES202	-0.0121784	-29.8704	-29.8582
spk_ver/v02/v0257	SES148	0.0174675	-30.9287	-30.9462
spk_ver/v02/v0258	SES060	0.0353241	-30.5241	-30.5594
spk_ver/v02/v0259	SES060	-0.04669	-29.5262	-29.4796
spk_ver/v02/v0260	SES060	0.00947189	-30.4333	-30.4428
spk_ver/v02/v0261	SES099	0.115665	-28.0738	-28.1895
spk_ver/v02/v0262	SES060	-0.00905418	-30.0763	-30.0673
spk_ver/v02/v0263	SES060	0.0602684	-31.1032	-31.1635
spk_ver/v02/v0264	SES292	0.0129089	-30.393	-30.4059
spk_ver/v02/v0265	SES060	0.00149918	-30.2483	-30.2498
spk_ver/v02/v0266	SES060	-0.0602627	-29.2243	-29.164
spk_ver/v02/v0267	SES060	-0.0377464	-29.6977	-29.66
spk_ver/v02/v0268	SES060	-0.0204964	-30.1222	-30.1017
spk_ver/v02/v0269	SES127	-0.0848274	-29.6897	-29.6048
spk_ver/v02/v0270	SES060	-0.000602722	-30.1674	-30.1668
spk_ver/v02/v0271	SES060	0.0524559	-31.0106	-31.0631
spk_ver/v02/v0272	SES060	-0.0650005	-29.1541	-29.0891
spk_ver/v02/v0273	SES087	-0.0337124	-30.6045	-30.5707
spk_ver/v02/v0274	SES146	0.128994	-27.5383	-27.6673
spk_ver/v02/v0275	SES060	-0.0176086	-29.7821	-29.7645
spk_ver/v02/v0276	SES002	0.00261879	-29.4195	-29.4221
spk_ver/v02/v0277	SES060	0.00494766	-30.5279	-30.5328
spk_ver/v02/v0278	SES060	-0.00292587	-30.0727	-30.0698
spk_ver/v02/v0279	SES060	0.0197506	-30.6575	-30.6772
spk_ver/v02/v0280	SES129	0.0463543	-30.8	-30.8463
spk_ver/v02/v0281	SES162	0.00155449	-29.5715	-29.5731
spk_ver/v02/v0282	SES060	-0.0361156	-29.6688	-29.6326
spk_ver/v02/v0283	SES060	-0.0393867	-29.651	-29.6116
spk_ver/v02/v0284	SES062	-0.0553913	-27.9646	-27.9092
spk_ver/v02/v0285	SES062	-0.0643711	-28.4648	-28.4004
spk_ver/v02/v0286	SES120	0.0855389	-31.2038	-31.2894
spk_ver/v02/v0287	SES062	0.0411949	-30.9981	-31.0393
spk_ver/v02/v0288	SES062	-0.00317001	-29.9174	-29.9142
spk_ver/v02/v0289	SES062	0.0246277	-30.6947	-30.7193
spk_ver/v02/v0290	SES062	0.0359707	-30.7648	-30.8008
spk_ver/v02/v0291	SES275	0.0102024	-28.8508	-28.861
spk_ver/v02/v0292	SES062	0.00205612	-30.6779	-30.6799
spk_ver/v02/v0293	SES062	0.0378075	-31.1123	-31.1501
spk_ver/v02/v0294	SES062	-0.0055027	-30.1127	-30.1072
spk_ver/v02/v0295	SES062	-0.0379143	-29.0491	-29.0112
spk_ver/v02/v0296	SES062	0.0341721	-30.9113	-30.9455
spk_ver/v02/v0297	SES062	-0.0635662	-28.3026	-28.239
spk_ver/v02/v0298	SES062	-0.0109444	-29.2326	-29.2216
spk_ver/v02/v0299	SES062	0.00902939	-30.1427	-30.1517
spk_ver/v03/v0300	SES062	0.0280018	-31.0893	-31.1174
spk_ver/v03/v0301	SES062	0.00140762	-29.635	-29.6365
spk_ver/v03/v0302	SES172	-0.00722504	-30.3174	-30.3102
spk_ver/v03/v0303	SES062	-0.0189018	-29.6566	-29.6377
spk_ver/v03/v0304	SES062	0.0425396	-31.1261	-31.1687
spk_ver/v03/v0305	SES062	0.0312614	-30.0717	-30.1029
spk_ver/v03/v0306	SES062	0.0268307	-30.751	-30.7779
spk_ver/v03/v0307	SES062	-0.0175533	-29.401	-29.3835
spk_ver/v03/v0308	SES062	-0.00162697	-29.5436	-29.542
spk_ver/v03/v0309	SES062	-0.02355	-29.9491	-29.9255
spk_ver/v03/v0310	SES125	0.00810051	-29.0017	-29.0098
spk_ver/v03/v0311	SES062	0.0561867	-31.555	-31.6112
spk_ver/v03/v0312	SES062	-0.0298061	-29.0775	-29.0477
spk_ver/v03/v0313	SES062	0.00691032	-30.7096	-30.7165
spk_ver/v03/v0314	SES068	-0.0193367	-29.4822	-29.4629
spk_ver/v03/v0315	SES068	0.0252514	-30.7062	-30.7315
spk_ver/v03/v0316	SES068	0.0623951	-31.7493	-31.8117
spk_ver/v03/v0317	SES068	-0.0212116	-30.1216	-30.1004
spk_ver/v03/v0318	SES068	-0.00145531	-30.0395	-30.038
spk_ver/v03/v0319	SES068	-0.0120964	-29.7989	-29.7868
spk_ver/v03/v0320	SES068	-0.0134506	-29.8341	-29.8207
spk_ver/v03/v0321	SES068	-0.000406265	-31.1449	-31.1445
spk_ver/v03/v0322	SES068	0.0187244	-30.3904	-30.4092
spk_ver/v03/v0323	SES068	0.00830078	-30.0526	-30.0609
spk_ver/v03/v0324	SES144	0.0141869	-29.0583	-29.0725
spk_ver/v03/v0325	SES068	-0.0263176	-29.2982	-29.2719
spk_ver/v03/v0326	SES068	-0.0390091	-28.756	-28.717
spk_ver/v03/v0327	SES068	-0.0105267	-29.9834	-29.9729
spk_ver/v03/v0328	SES068	-0.0394382	-28.75	-28.7106
spk_ver/v03/v0329	SES068	-0.003479	-29.6049	-29.6014
spk_ver/v03/v0330	SES180	0.0202847	-30.2876	-30.3079
spk_ver/v03/v0331	SES068	0.0274124	-30.4065	-30.4339
spk_ver/v03/v0332	SES275	-0.00453568	-30.3641	-30.3596
spk_ver/v03/v0333	SES062	0.0212708	-30.8914	-30.9126
spk_ver/v03/v0334	SES270	0.0316544	-29.1016	-29.1332
spk_ver/v03/v0335	SES068	-0.0493717	-28.1136	-28.0642
spk_ver/v03/v0336	SES068	-0.00625038	-30.1905	-30.1842
spk_ver/v03/v0337	SES068	0.00901985	-29.6508	-29.6598
spk_ver/v03/v0338	SES068	0.0149765	-30.8715	-30.8865
spk_ver/v03/v0339	SES068	0.0182209	-30.6295	-30.6477
spk_ver/v03/v0340	SES068	0.0395145	-30.5935	-30.633
spk_ver/v03/v0341	SES016	0.0736427	-30.9332	-31.0068
spk_ver/v03/v0342	SES068	-0.0426407	-28.6514	-28.6088
spk_ver/v03/v0343	SES068	0.00401497	-30.4553	-30.4593
spk_ver/v03/v0344	SES125	-0.007658	-30.2251	-30.2175
spk_ver/v03/v0345	SES187	0.0751514	-31.1107	-31.1858
spk_ver/v03/v0346	SES068	0.0833702	-31.7704	-31.8537
spk_ver/v03/v0347	SES143	-0.0379944	-29.411	-29.373
spk_ver/v03/v0348	SES292	-0.0327015	-29.763	-29.7303
spk_ver/v03/v0349	SES082	0.0190907	-28.8334	-28.8525
spk_ver/v03/v0350	SES101	-0.0141392	-30.0023	-29.9882
spk_ver/v03/v0351	SES082	-0.0024662	-29.3722	-29.3697
spk_ver/v03/v0352	SES082	-0.0198174	-31.709	-31.6892
spk_ver/v03/v0353	SES082	-0.025444	-30.651	-30.6256
spk_ver/v03/v0354	SES082	-0.0315208	-31.2137	-31.1822
spk_ver/v03/v0355	SES083	-0.0422573	-29.9395	-29.8972
spk_ver/v03/v0356	SES082	0.00237465	-29.1206	-29.123
spk_ver/v03/v0357	SES082	-0.0354252	-31.4917	-31.4563
spk_ver/v03/v0358	SES082	0.00217628	-29.0309	-29.0331
spk_ver/v03/v0359	SES117	0.0219593	-30.4477	-30.4696
spk_ver/v03/v0360	SES082	-0.011982	-30.1871	-30.1751
spk_ver/v03/v0361	SES082	0.00374031	-29.8927	-29.8964
spk_ver/v03/v0362	SES007	-0.00158119	-28.8306	-28.829
spk_ver/v03/v0363	SES082	0.0107327	-30.4473	-30.458
spk_ver/v03/v0364	SES019	-0.000806808	-30.1596	-30.1588
spk_ver/v03/v0365	SES082	-0.00082016	-30.0283	-30.0275
spk_ver/v03/v0366	SES226	0.00642204	-29.7192	-29.7256
spk_ver/v03/v0367	SES167	0.144028	-31.4166	-31.5606
spk_ver/v03/v0368	SES082	0.017767	-28.9267	-28.9445
spk_ver/v03/v0369	SES042	0.0401554	-30.4929	-30.5331
spk_ver/v03/v0370	SES042	0.010128	-29.7501	-29.7602
spk_ver/v03/v0371	SES082	0.00172615	-30.1589	-30.1606
spk_ver/v03/v0372	SES082	0.0190887	-30.1492	-30.1683
spk_ver/v03/v0373	SES082	0.0109863	-30.441	-30.452
spk_ver/v03/v0374	SES083	-0.00310135	-29.6279	-29.6248
spk_ver/v03/v0375	SES292	-0.0377407	-29.5869	-29.5491
spk_ver/v03/v0376	SES083	0.0436611	-28.8849	-28.9285
spk_ver/v03/v0377	SES083	-0.113371	-31.2706	-31.1572
spk_ver/v03/v0378	SES083	0.0197048	-29.1266	-29.1463
spk_ver/v03/v0379	SES083	0.0865707	-28.3025	-28.389
spk_ver/v03/v0380	SES083	-0.153654	-31.7665	-31.6128
spk_ver/v03/v0381	SES083	-0.126434	-31.6461	-31.5197
spk_ver/v03/v0382	SES148	0.0157146	-30.9831	-30.9988
spk_ver/v03/v0383	SES083	0.0302105	-29.3486	-29.3788
spk_ver/v03/v0384	SES226	-0.0103798	-30.3281	-30.3178
spk_ver/v03/v0385	SES226	-0.00269699	-29.9108	-29.9081
spk_ver/v03/v0386	SES087	-0.0118694	-30.0935	-30.0816
spk_ver/v03/v0387	SES029	-0.00128365	-29.7365	-29.7352
spk_ver/v03/v0388	SES147	-0.0195293	-30.1091	-30.0896
spk_ver/v03/v0389	SES083	-0.0101585	-29.7043	-29.6942
spk_ver/v03/v0390	SES189	0.0564861	-28.8013	-28.8578
spk_ver/v03/v0391	SES083	-0.0450191	-30.0544	-30.0094
spk_ver/v03/v0392	SES083	-0.0206413	-29.9852	-29.9646
spk_ver/v03/v0393	SES083	-0.151697	-32.0563	-31.9046
spk_ver/v03/v0394	SES083	0.0559559	-28.5747	-28.6307
spk_ver/v03/v0395	SES083	-0.192871	-32.3777	-32.1849
spk_ver/v03/v0396	SES014	0.0193424	-30.1111	-30.1304
spk_ver/v03/v0397	SES085	0.101015	-31.3656	-31.4666
spk_ver/v03/v0398	SES085	-0.0524826	-29.5376	-29.4851
spk_ver/v03/v0399	SES085	-0.0210838	-29.7598	-29.7387
spk_ver/v04/v0400	SES106	0.113413	-28.2233	-28.3367
spk_ver/v04/v0401	SES085	0.0204773	-30.2405	-30.261
spk_ver/v04/v0402	SES085	-0.0706654	-29.1445	-29.0738
spk_ver/v04/v0403	SES085	0.0215378	-30.3679	-30.3895
spk_ver/v04/v0404	SES180	0.0363789	-30.7649	-30.8013
spk_ver/v04/v0405	SES129	-0.0264835	-29.519	-29.4925
spk_ver/v04/v0406	SES085	0.0237465	-30.3248	-30.3485
spk_ver/v04/v0407	SES146	0.0131626	-29.2233	-29.2364
spk_ver/v04/v0408	SES085	0.017601	-30.2419	-30.2595
spk_ver/v04/v0409	SES085	0.0405655	-30.8204	-30.861
spk_ver/v04/v0410	SES085	0.102884	-31.2505	-31.3534
spk_ver/v04/v0411	SES292	0.032692	-30.6628	-30.6955
spk_ver/v04/v0412	SES085	0.0305233	-30.5383	-30.5688
spk_ver/v04/v0413	SES125	-0.00229454	-30.7538	-30.7515
spk_ver/v04/v0414	SES085	0.0422115	-30.5941	-30.6363
spk_ver/v04/v0415	SES085	0.0661716	-31.1414	-31.2076
spk_ver/v04/v0416	SES085	0.0410213	-30.6034	-30.6444
spk_ver/v04/v0417	SES062	-0.0153656	-29.654	-29.6386
spk_ver/v04/v0418	SES060	-0.00232506	-29.9162	-29.9139
spk_ver/v04/v0419	SES085	0.0312042	-30.5679	-30.5991
spk_ver/v04/v0420	SES085	0.00936317	-30.2717	-30.2811
spk_ver/v04/v0421	SES085	-0.0390587	-29.6517	-29.6126
spk_ver/v04/v0422	SES085	-0.00429344	-30.1282	-30.1239
spk_ver/v04/v0423	SES085	-0.030262	-29.68	-29.6497
spk_ver/v04/v0424	SES085	-0.0498524	-29.6581	-29.6082
spk_ver/v04/v0425	SES183	-0.0093689	-29.4138	-29.4045
spk_ver/v04/v0426	SES085	0.0324268	-30.5826	-30.615
spk_ver/v04/v0427	SES087	-0.0511093	-31.0696	-31.0185
spk_ver/v04/v0428	SES162	-0.00353432	-29.3915	-29.388
spk_ver/v04/v0429	SES087	-0.000473022	-29.764	-29.7635
spk_ver/v04/v0430	SES087	-0.0156002	-30.0376	-30.022
spk_ver/v04/v0431	SES087	-0.0134258	-30.0509	-30.0375
spk_ver/v04/v0432	SES087	0.0535507	-27.9297	-27.9832
spk_ver/v04/v0433	SES087	-0.0229073	-30.3988	-30.3759
spk_ver/v04/v0434	SES142	0.088047	-31.0538	-31.1418
spk_ver/v04/v0435	SES087	-0.0387363	-30.9615	-30.9227
spk_ver/v04/v0436	SES099	0.0429916	-28.9772	-29.0202
spk_ver/v04/v0437	SES087	-0.0133762	-30.051	-30.0376
spk_ver/v04/v0438	SES087	0.00745392	-29.4021	-29.4096
spk_ver/v04/v0439	SES087	-0.0169773	-30.2856	-30.2686
spk_ver/v04/v0440	SES087	0.0124664	-29.3886	-29.401
spk_ver/v04/v0441	SES087	-0.0420017	-31.0802	-31.0382
spk_ver/v04/v0442	SES187	0.0616169	-31.5149	-31.5765
spk_ver/v04/v0443	SES172	0.0496273	-30.5197	-30.5693
spk_ver/v04/v0444	SES087	0.0331116	-28.5883	-28.6214
spk_ver/v04/v0445	SES087	-0.0688858	-31.7001	-31.6312
spk_ver/v04/v0446	SES087	0.0388279	-28.557	-28.5959
spk_ver/v04/v0447	SES087	-0.0330582	-30.7462	-30.7131
spk_ver/v04/v0448	SES106	0.0355949	-28.9271	-28.9627
spk_ver/v04/v0449	SES146	-0.0118122	-29.5448	-29.533
spk_ver/v04/v0450	SES087	-0.0896454	-32.5753	-32.4856
spk_ver/v04/v0451	SES087	-0.00218201	-29.6948	-29.6926
spk_ver/v04/v0452	SES007	0.000202179	-29.6332	-29.6334
spk_ver/v04/v0453	SES087	-0.00201416	-29.7281	-29.7261
spk_ver/v04/v0454	SES087	-0.017189	-30.249	-30.2318
spk_ver/v04/v0455	SES180	-0.0158215	-29.9005	-29.8847
spk_ver/v04/v0456	SES099	-0.0568943	-29.9589	-29.902
spk_ver/v04/v0457	SES042	-0.0162773	-29.4806	-29.4643
spk_ver/v04/v0458	SES099	-0.056881	-30.0617	-30.0049
spk_ver/v04/v0459	SES099	-0.240055	-31.9594	-31.7193
spk_ver/v04/v0460	SES099	0.0261288	-29.135	-29.1611
spk_ver/v04/v0461	SES099	-0.174786	-31.1487	-30.9739
spk_ver/v04/v0462	SES082	0.0148487	-29.3217	-29.3365
spk_ver/v04/v0463	SES099	0.0335083	-28.9951	-29.0286
spk_ver/v04/v0464	SES099	0.0702915	-28.6432	-28.7135
spk_ver/v04/v0465	SES099	-0.200064	-31.5394	-31.3393
spk_ver/v04/v0466	SES099	-0.132057	-30.9413	-30.8093
spk_ver/v04/v0467	SES099	0.0609188	-28.8696	-28.9305
spk_ver/v04/v0468	SES129	0.0441303	-30.6149	-30.659
spk_ver/v04/v0469	SES101	0.0140533	-28.4921	-28.5062
spk_ver/v04/v0470	SES099	-0.0797825	-30.1058	-30.026
spk_ver/v04/v0471	SES172	-0.0652122	-29.3706	-29.3054
spk_ver/v04/v0472	SES099	0.109879	-28.2082	-28.3181
spk_ver/v04/v0473	SES270	0.264153	-27.3632	-27.6274
spk_ver/v04/v0474	SES099	-0.166834	-31.1077	-30.9408
spk_ver/v04/v0475	SES099	-0.171717	-31.2089	-31.0372
spk_ver/v04/v0476	SES099	-0.170593	-31.1907	-31.0201
spk_ver/v04/v0477	SES002	0.00205612	-30.1494	-30.1515
spk_ver/v04/v0478	SES099	-0.0228577	-29.6064	-29.5836
spk_ver/v04/v0479	SES007	-0.00311852	-29.4599	-29.4567
spk_ver/v04/v0480	SES101	-0.0150585	-30.532	-30.5169
spk_ver/v04/v0481	SES101	-0.0316772	-31.2662	-31.2346
spk_ver/v04/v0482	SES175	0.0357761	-31.0483	-31.0841
spk_ver/v04/v0483	SES101	0.0181351	-28.9383	-28.9564
spk_ver/v04/v0484	SES101	-0.0377102	-31.3759	-31.3382
spk_ver/v04/v0485	SES101	0.0127335	-29.3262	-29.339
spk_ver/v04/v0486	SES101	0.0161686	-29.294	-29.3101
spk_ver/v04/v0487	SES101	-0.0335503	-30.7743	-30.7407
spk_ver/v04/v0488	SES101	-0.0181389	-30.3399	-30.3218
spk_ver/v04/v0489	SES147	-0.00464249	-28.9642	-28.9596
spk_ver/v04/v0490	SES085	0.0446415	-30.6047	-30.6493
spk_ver/v04/v0491	SES101	-0.0132885	-30.4742	-30.4609
spk_ver/v04/v0492	SES101	-0.0238647	-30.7458	-30.7219
spk_ver/v04/v0493	SES101	0.000703812	-29.7345	-29.7352
spk_ver/v04/v0494	SES101	-0.0542698	-31.8995	-31.8452
spk_ver/v04/v0495	SES101	0.00976753	-29.1434	-29.1532
spk_ver/v04/v0496	SES101	-0.00519753	-29.9535	-29.9483
spk_ver/v04/v0497	SES014	0.023159	-30.493	-30.5162
spk_ver/v04/v0498	SES101	0.00849342	-29.2223	-29.2308
spk_ver/v04/v0499	SES101	-0.0189533	-30.3275	-30.3086
spk_ver/v05/v0500	SES085	-0.0252476	-29.8535	-29.8283
spk_ver/v05/v0501	SES101	-0.0393944	-31.4046	-31.3653
spk_ver/v05/v0502	SES275	0.0149593	-28.8937	-28.9086
spk_ver/v05/v0503	SES117	-0.00223732	-30.077	-30.0747
spk_ver/v05/v0504	SES101	-0.00882149	-30.2201	-30.2112
spk_ver/v05/v0505	SES101	-0.0495148	-31.6439	-31.5944
spk_ver/v05/v0506	SES101	-0.00654602	-29.8972	-29.8907
spk_ver/v05/v0507	SES048	0.0258408	-29.1736	-29.1995
spk_ver/v05/v0508	SES117	0.0583553	-31.0265	-31.0849
spk_ver/v05/v0509	SES202	0.0717316	-31.1214	-31.1931
spk_ver/v05/v0510	SES104	-0.00177002	-30.8218	-30.82
spk_ver/v05/v0511	SES008	0.0324497	-30.6683	-30.7007
spk_ver/v05/v0512	SES104	-0.012537	-29.6083	-29.5958
spk_ver/v05/v0513	SES104	-0.00914383	-30.2597	-30.2506
spk_ver/v05/v0514	SES104	-0.00638199	-30.9134	-30.907
spk_ver/v05/v0515	SES104	-0.00996017	-31.1318	-31.1219
spk_ver/v05/v0516	SES104	0.00756073	-30.2677	-30.2752
spk_ver/v05/v0517	SES060	0.0648193	-31.1453	-31.2102
spk_ver/v05/v0518	SES104	-0.00425148	-29.2094	-29.2052
spk_ver/v05/v0519	SES104	0.00220871	-30.9869	-30.9891
spk_ver/v05/v0520	SES104	0.00754166	-29.7993	-29.8069
spk_ver/v05/v0521	SES008	-0.00293922	-29.778	-29.7751
spk_ver/v05/v0522	SES068	-0.0305233	-30.2851	-30.2546
spk_ver/v05/v0523	SES087	0.000591278	-29.5282	-29.5288
spk_ver/v05/v0524	SES104	0.00120544	-29.6829	-29.6841
spk_ver/v05/v0525	SES104	-0.0181026	-30.2797	-30.2616
spk_ver/v05/v0526	SES104	-0.00377655	-28.7155	-28.7117
spk_ver/v05/v0527	SES083	-0.0254726	-29.8852	-29.8597
spk_ver/v05/v0528	SES148	0.00591469	-30.1966	-30.2026
spk_ver/v05/v0529	SES104	-0.00569153	-30.7081	-30.7024
spk_ver/v05/v0530	SES104	0.00481224	-29.8424	-29.8472
spk_ver/v05/v0531	SES125	-0.00621414	-28.9697	-28.9634
spk_ver/v05/v0532	SES104	-0.00492287	-31.729	-31.7241
spk_ver/v05/v0533	SES149	-0.0110073	-30.5486	-30.5376
spk_ver/v05/v0534	SES104	0.00302315	-31.5376	-31.5406
spk_ver/v05/v0535	SES187	0.00751114	-30.4602	-30.4677
spk_ver/v05/v0536	SES104	0.00662994	-30.4435	-30.4502
spk_ver/v05/v0537	SES104	0.00462914	-30.9972	-31.0018
spk_ver/v05/v0538	SES167	0.170946	-31.6662	-31.8372
spk_ver/v05/v0539	SES104	0.00554466	-29.4834	-29.489
spk_ver/v05/v0540	SES104	-0.00416565	-31.2462	-31.242
spk_ver/v05/v0541	SES183	-0.00729561	-29.693	-29.6857
spk_ver/v05/v0542	SES104	-0.00678253	-29.9543	-29.9476
spk_ver/v05/v0543	SES104	0.0060997	-32.7223	-32.7284
spk_ver/v05/v0544	SES105	-0.350582	-31.4483	-31.0977
spk_ver/v05/v0545	SES105	-0.230503	-30.6712	-30.4407
spk_ver/v05/v0546	SES105	0.0286045	-28.9531	-28.9817
spk_ver/v05/v0547	SES105	-0.349997	-31.4316	-31.0816
spk_ver/v05/v0548	SES019	-0.0161629	-30.0307	-30.0146
spk_ver/v05/v0549	SES105	-0.339655	-31.3671	-31.0275
spk_ver/v05/v0550	SES105	-0.383781	-31.5658	-31.182
spk_ver/v05/v0551	SES202	0.0632706	-31.0144	-31.0776
spk_ver/v05/v0552	SES105	-0.489824	-32.374	-31.8841
spk_ver/v05/v0553	SES105	-0.203888	-30.4621	-30.2582
spk_ver/v05/v0554	SES105	0.0218124	-28.9691	-28.9909
spk_ver/v05/v0555	SES105	-0.0695477	-29.6215	-29.5519
spk_ver/v05/v0556	SES082	-0.0198593	-30.1755	-30.1557
spk_ver/v05/v0557	SES105	-0.18161	-30.3904	-30.2088
spk_ver/v05/v0558	SES014	0.0376415	-30.5667	-30.6044
spk_ver/v05/v0559	SES105	0.0463257	-28.776	-28.8223
spk_ver/v05/v0560	SES177	-0.00140953	-29.2102	-29.2088
spk_ver/v05/v0561	SES189	-0.0480175	-29.9427	-29.8947
spk_ver/v05/v0562	SES105	-0.0674877	-29.5925	-29.525
spk_ver/v05/v0563	SES099	-0.0266685	-29.6863	-29.6597
spk_ver/v05/v0564	SES105	-0.244434	-30.6999	-30.4554
spk_ver/v05/v0565	SES105	-0.0677814	-29.5874	-29.5196
spk_ver/v05/v0566	SES105	-0.48564	-32.3506	-31.8649
spk_ver/v05/v0567	SES142	-0.0146942	-30.0539	-30.0393
spk_ver/v05/v0568	SES048	-0.00174904	-29.6446	-29.6428
spk_ver/v05/v0569	SES105	-0.235441	-30.6224	-30.3869
spk_ver/v05/v0570	SES105	-0.0121498	-29.188	-29.1759
spk_ver/v05/v0571	SES105	-0.413626	-31.9061	-31.4925
spk_ver/v05/v0572	SES105	-0.0842743	-29.6449	-29.5606
spk_ver/v05/v0573	SES105	-0.258141	-30.7754	-30.5173
spk_ver/v05/v0574	SES105	0.101444	-28.4192	-28.5206
spk_ver/v05/v0575	SES105	-0.364244	-31.5957	-31.2314
spk_ver/v05/v0576	SES106	-0.0467796	-29.9512	-29.9044
spk_ver/v05/v0577	SES106	-0.0812721	-30.1948	-30.1136
spk_ver/v05/v0578	SES106	-0.125788	-30.7669	-30.6411
spk_ver/v05/v0579	SES106	-0.140833	-31.0509	-30.91
spk_ver/v05/v0580	SES106	0.00816536	-29.3042	-29.3124
spk_ver/v05/v0581	SES106	-0.0950336	-30.5365	-30.4414
spk_ver/v05/v0582	SES106	-0.0374947	-29.6606	-29.6231
spk_ver/v05/v0583	SES106	0.0190601	-28.864	-28.883
spk_ver/v05/v0584	SES106	-0.111801	-30.5473	-30.4355
spk_ver/v05/v0585	SES106	-0.172281	-31.1204	-30.9482
spk_ver/v05/v0586	SES106	0.0233479	-29.1481	-29.1715
spk_ver/v05/v0587	SES106	-0.00866508	-29.4742	-29.4655
spk_ver/v05/v0588	SES106	0.0578499	-28.5392	-28.5971
spk_ver/v05/v0589	SES106	-0.0509109	-29.9351	-29.8842
spk_ver/v05/v0590	SES082	-0.0104923	-30.0059	-29.9954
spk_ver/v05/v0591	SES180	0.0696735	-31.0588	-31.1284
spk_ver/v05/v0592	SES106	0.0540619	-28.7164	-28.7704
spk_ver/v05/v0593	SES106	-0.213392	-31.4654	-31.252
spk_ver/v05/v0594	SES292	0.00734138	-30.0536	-30.061
spk_ver/v05/v0595	SES106	-0.207575	-31.3775	-31.1699
spk_ver/v05/v0596	SES106	-0.0306034	-29.4192	-29.3886
spk_ver/v05/v0597	SES106	-0.0762997	-30.1851	-30.1088
spk_ver/v05/v0598	SES042	-0.0472622	-28.8485	-28.8012
spk_ver/v05/v0599	SES106	-0.207853	-31.5351	-31.3273
spk_ver/v06/v0600	SES106	0.140705	-27.8971	-28.0378
spk_ver/v06/v0601	SES106	0.121519	-28.3028	-28.4243
spk_ver/v06/v0602	SES106	-0.128803	-30.744	-30.6152
spk_ver/v06/v0603	SES106	-0.168756	-31.1523	-30.9835
spk_ver/v06/v0604	SES106	0.0156937	-29.3155	-29.3312
spk_ver/v06/v0605	SES106	-0.000501633	-29.3641	-29.3636
spk_ver/v06/v0606	SES048	0.0810413	-27.968	-28.0491
spk_ver/v06/v0607	SES167	-0.0150757	-30.1274	-30.1123
spk_ver/v06/v0608	SES106	-0.0279179	-29.5613	-29.5333
spk_ver/v06/v0609	SES143	0.0469704	-31.5795	-31.6265
spk_ver/v06/v0610	SES106	-0.0619812	-30.033	-29.9711
spk_ver/v06/v0611	SES106	0.104755	-28.2139	-28.3187
spk_ver/v06/v0612	SES106	-0.131224	-30.6871	-30.5559
spk_ver/v06/v0613	SES117	0.0243683	-30.581	-30.6054
spk_ver/v06/v0614	SES117	-0.0902138	-28.8451	-28.7549
spk_ver/v06/v0615	SES117	0.0404606	-30.6355	-30.676
spk_ver/v06/v0616	SES106	-0.00791168	-29.4941	-29.4862
spk_ver/v06/v0617	SES142	0.0384903	-30.5957	-30.6342
spk_ver/v06/v0618	SES048	0.0514565	-28.4523	-28.5038
spk_ver/v06/v0619	SES175	0.0172367	-30.7702	-30.7874
spk_ver/v06/v0620	SES180	-0.0297108	-29.4079	-29.3781
spk_ver/v06/v0621	SES117	0.0239162	-30.3734	-30.3973
spk_ver/v06/v0622	SES029	0.0125294	-30.358	-30.3706
spk_ver/v06/v0623	SES117	-0.0208206	-29.836	-29.8152
spk_ver/v06/v0624	SES117	0.0476398	-30.8062	-30.8538
spk_ver/v06/v0625	SES117	-0.00371361	-30.0776	-30.0739
spk_ver/v06/v0626	SES106	0.125525	-28.1162	-28.2417
spk_ver/v06/v0627	SES226	0.00739479	-29.7261	-29.7335
spk_ver/v06/v0628	SES117	0.125841	-31.8491	-31.975
spk_ver/v06/v0629	SES117	0.155102	-32.48	-32.6351
spk_ver/v06/v0630	SES117	-0.0810337	-28.9384	-28.8574
spk_ver/v06/v0631	SES117	0.111605	-31.7872	-31.8988
spk_ver/v06/v0632	SES117	-0.0609589	-29.1317	-29.0707
spk_ver/v06/v0633	SES099	-0.0295963	-29.6618	-29.6323
spk_ver/v06/v0634	SES105	0.279375	-27.2743	-27.5537
spk_ver/v06/v0635	SES167	-0.0160332	-30.1282	-30.1122
spk_ver/v06/v0636	SES117	0.0575619	-30.9761	-31.0337
spk_ver/v06/v0637	SES202	-0.013483	-29.7811	-29.7676
spk_ver/v06/v0638	SES117	0.00746727	-30.1988	-30.2063
spk_ver/v06/v0639	SES167	0.0353527	-30.4297	-30.465
spk_ver/v06/v0640	SES117	0.119907	-31.8391	-31.959
spk_ver/v06/v0641	SES117	0.0326576	-30.6465	-30.6791
spk_ver/v06/v0642	SES101	0.0262604	-28.3437	-28.37
spk_ver/v06/v0643	SES068	0.0307732	-30.1957	-30.2265
spk_ver/v06/v0644	SES120	-0.0358734	-29.5026	-29.4667
spk_ver/v06/v0645	SES120	-0.000545502	-29.988	-29.9874
spk_ver/v06/v0646	SES172	-0.0850334	-28.9382	-28.8531
spk_ver/v06/v0647	SES120	0.0180473	-30.4614	-30.4795
spk_ver/v06/v0648	SES120	-0.051096	-29.3713	-29.3202
spk_ver/v06/v0649	SES120	-0.0599689	-29.2205	-29.1605
spk_ver/v06/v0650	SES087	0.00507164	-29.4518	-29.4569
spk_ver/v06/v0651	SES120	0.0680981	-31.107	-31.1751
spk_ver/v06/v0652	SES104	0.00891685	-28.4288	-28.4377
spk_ver/v06/v0653	SES129	0.0465736	-30.6803	-30.7269
spk_ver/v06/v0654	SES120	-0.0895061	-28.7878	-28.6983
spk_ver/v06/v0655	SES120	0.0045681	-30.1831	-30.1876
spk_ver/v06/v0656	SES120	0.0664253	-30.9152	-30.9817
spk_ver/v06/v0657	SES147	-0.00593948	-27.9719	-27.966
spk_ver/v06/v0658	SES120	-0.0291348	-29.737	-29.7079
spk_ver/v06/v0659	SES120	-0.0112991	-29.9579	-29.9466
spk_ver/v06/v0660	SES120	-0.00186348	-30.0863	-30.0845
spk_ver/v06/v0661	SES120	0.0311966	-30.4313	-30.4625
spk_ver/v06/v0662	SES120	0.0822906	-31.1856	-31.2679
spk_ver/v06/v0663	SES120	0.0318222	-30.62	-30.6518
spk_ver/v06/v0664	SES147	-0.0149364	-30.2727	-30.2577
spk_ver/v06/v0665	SES162	-0.00130844	-29.6645	-29.6632
spk_ver/v06/v0666	SES120	-0.0391407	-29.715	-29.6758
spk_ver/v06/v0667	SES120	0.0541191	-30.7879	-30.842
spk_ver/v06/v0668	SES120	0.0813751	-31.1477	-31.229
spk_ver/v06/v0669	SES142	0.0926476	-31.0401	-31.1327
spk_ver/v06/v0670	SES106	0.0476704	-28.9214	-28.9691
spk_ver/v06/v0671	SES183	0.00630569	-30.4556	-30.4619
spk_ver/v06/v0672	SES120	-0.0245991	-29.7171	-29.6925
spk_ver/v06/v0673	SES029	0.0377731	-31.0693	-31.1071
spk_ver/v06/v0674	SES120	0.040781	-30.7122	-30.753
spk_ver/v06/v0675	SES008	0.0492725	-31.1116	-31.1609
spk_ver/v06/v0676	SES125	-0.0271645	-30.9639	-30.9368
spk_ver/v06/v0677	SES143	0.00790787	-29.9584	-29.9663
spk_ver/v06/v0678	SES125	-0.0148392	-31.6317	-31.6169
spk_ver/v06/v0679	SES162	0.00499153	-29.5722	-29.5772
spk_ver/v06/v0680	SES125	-0.0202332	-32.0291	-32.0089
spk_ver/v06/v0681	SES125	0.0115623	-30.9775	-30.9891
spk_ver/v06/v0682	SES125	-0.0111198	-30.9167	-30.9056
spk_ver/v06/v0683	SES226	0.00749779	-29.887	-29.8945
spk_ver/v06/v0684	SES125	0.0197887	-29.9261	-29.9459
spk_ver/v06/v0685	SES125	-0.0200138	-30.9113	-30.8913
spk_ver/v06/v0686	SES120	-0.0951214	-28.7558	-28.6607
spk_ver/v06/v0687	SES125	-0.0534019	-32.2418	-32.1884
spk_ver/v06/v0688	SES158	0.0196266	-29.2941	-29.3137
spk_ver/v06/v0689	SES125	0.00624657	-31.2473	-31.2536
spk_ver/v06/v0690	SES105	-0.0475693	-29.3982	-29.3506
spk_ver/v06/v0691	SES125	-0.000398636	-30.3006	-30.3002
spk_ver/v06/v0692	SES125	-0.0084877	-30.8627	-30.8542
spk_ver/v06/v0693	SES180	-0.0258274	-29.8288	-29.803
spk_ver/v06/v0694	SES125	0.0206356	-30.6665	-30.6871
spk_ver/v06/v0695	SES125	0.0069294	-30.0209	-30.0279
spk_ver/v06/v0696	SES125	-0.028038	-31.2832	-31.2551
spk_ver/v06/v0697	SES125	-0.0249901	-30.3445	-30.3195
spk_ver/v06/v0698	SES083	-0.024931	-29.6997	-29.6748
spk_ver/v06/v0699	SES125	-0.00377846	-29.9601	-29.9563
spk_ver/v07/v0700	SES014	0.134338	-32.9146	-33.0489
spk_ver/v07/v0701	SES125	-0.0385742	-31.0889	-31.0503
spk_ver/v07/v0702	SES127	0.0229301	-30.5908	-30.6137
spk_ver/v07/v0703	SES127	0.115086	-31.1415	-31.2566
spk_ver/v07/v0704	SES206	0.0955181	-28.3527	-28.4482
spk_ver/v07/v0705	SES127	-0.203754	-29.0404	-28.8366
spk_ver/v07/v0706	SES127	0.0798931	-30.9257	-31.0056
spk_ver/v07/v0707	SES127	-0.157084	-29.2368	-29.0797
spk_ver/v07/v0708	SES275	0.00639725	-29.1174	-29.1238
spk_ver/v07/v0709	SES127	-0.173166	-29.2504	-29.0773
spk_ver/v07/v0710	SES105	0.0960732	-28.4837	-28.5798
spk_ver/v07/v0711	SES127	-0.133835	-29.4262	-29.2924
spk_ver/v07/v0712	SES127	-0.237022	-28.8306	-28.5936
spk_ver/v07/v0713	SES127	-0.0675583	-29.8972	-29.8296
spk_ver/v07/v0714	SES019	0.0643692	-31.2685	-31.3329
spk_ver/v07/v0715	SES127	-0.203802	-28.9071	-28.7033
spk_ver/v07/v0716	SES148	0.00959969	-30.4737	-30.4833
spk_ver/v07/v0717	SES162	0.000335693	-29.6384	-29.6387
spk_ver/v07/v0718	SES189	0.0534763	-28.8127	-28.8662
spk_ver/v07/v0719	SES149	0.0223866	-27.8935	-27.9159
spk_ver/v07/v0720	SES175	0.0251675	-30.7526	-30.7778
spk_ver/v07/v0721	SES127	-0.177296	-29.269	-29.0917
spk_ver/v07/v0722	SES127	0.0467205	-30.6047	-30.6514
spk_ver/v07/v0723	SES127	-0.0495834	-30.0805	-30.0309
spk_ver/v07/v0724	SES127	-0.0991058	-29.7727	-29.6736
spk_ver/v07/v0725	SES127	-0.331947	-28.0888	-27.7568
spk_ver/v07/v0726	SES259	0.179298	-28.0458	-28.2251
spk_ver/v07/v0727	SES127	-0.0521317	-30.1189	-30.0668
spk_ver/v07/v0728	SES127	0.223907	-31.9855	-32.2094
spk_ver/v07/v0729	SES127	-0.062088	-29.9945	-29.9324
spk_ver/v07/v0730	SES127	-0.064312	-30.0754	-30.0111
spk_ver/v07/v0731	SES129	0.0636234	-31.346	-31.4096
spk_ver/v07/v0732	SES129	0.0748386	-31.4511	-31.5259
spk_ver/v07/v0733	SES129	-0.0234127	-29.4892	-29.4658
spk_ver/v07/v0734	SES129	0.0692577	-31.4729	-31.5421
spk_ver/v07/v0735	SES183	-0.0085907	-29.3758	-29.3672
spk_ver/v07/v0736	SES129	0.059866	-31.3092	-31.369
spk_ver/v07/v0737	SES129	0.038311	-30.6	-30.6383
spk_ver/v07/v0738	SES129	-0.0390434	-29.5474	-29.5084
spk_ver/v07/v0739	SES129	-0.00535583	-30.6439	-30.6385
spk_ver/v07/v0740	SES167	-0.119373	-29.2958	-29.1764
spk_ver/v07/v0741	SES129	-4.00543e-05	-30.0127	-30.0126
spk_ver/v07/v0742	SES129	-0.0342464	-29.7844	-29.7502
spk_ver/v07/v0743	SES129	0.0338726	-30.5368	-30.5707
spk_ver/v07/v0744	SES129	0.0981712	-31.9692	-32.0674
spk_ver/v07/v0745	SES180	0.0408649	-30.6145	-30.6554
spk_ver/v07/v0746	SES129	0.000143051	-30.2268	-30.2269
spk_ver/v07/v0747	SES292	-0.00673485	-30.11	-30.1032
spk_ver/v07/v0748	SES202	0.00237846	-30.0877	-30.0901
spk_ver/v07/v0749	SES270	-0.175507	-30.8419	-30.6664
spk_ver/v07/v0750	SES129	0.0953579	-31.836	-31.9314
spk_ver/v07/v0751	SES129	-0.0632763	-29.4201	-29.3568
spk_ver/v07/v0752	SES060	-0.0523129	-29.379	-29.3266
spk_ver/v07/v0753	SES129	-0.0523186	-29.3665	-29.3142
spk_ver/v07/v0754	SES129	0.0663128	-31.5109	-31.5772
spk_ver/v07/v0755	SES129	0.014082	-30.5167	-30.5308
spk_ver/v07/v0756	SES175	0.0278664	-30.5744	-30.6023
spk_ver/v07/v0757	SES129	0.0305023	-30.5882	-30.6187
spk_ver/v07/v0758	SES129	-0.0286407	-29.4828	-29.4541
spk_ver/v07/v0759	SES129	0.00770378	-30.4968	-30.5045
spk_ver/v07/v0760	SES129	0.012331	-30.3493	-30.3616
spk_ver/v07/v0761	SES129	-0.0231304	-29.7343	-29.7112
spk_ver/v07/v0762	SES172	0.066679	-30.9326	-30.9992
spk_ver/v07/v0763	SES129	-0.0632401	-28.9805	-28.9173
spk_ver/v07/v0764	SES129	-0.0423088	-29.9651	-29.9228
spk_ver/v07/v0765	SES175	-0.00265121	-30.034	-30.0314
spk_ver/v07/v0766	SES129	-0.039753	-29.3932	-29.3535
spk_ver/v07/v0767	SES129	-0.00662231	-30.2121	-30.2054
spk_ver/v07/v0768	SES042	-0.0318813	-28.9239	-28.892
spk_ver/v07/v0769	SES099	0.096962	-28.3041	-28.4011
spk_ver/v07/v0770	SES142	-0.0657158	-29.614	-29.5483
spk_ver/v07/v0771	SES142	0.064579	-30.8227	-30.8873
spk_ver/v07/v0772	SES101	0.0151577	-29.118	-29.1331
spk_ver/v07/v0773	SES142	-0.0325737	-29.9604	-29.9278
spk_ver/v07/v0774	SES142	-0.122095	-29.1035	-28.9814
spk_ver/v07/v0775	SES142	0.0981808	-31.1244	-31.2225
spk_ver/v07/v0776	SES142	0.139139	-31.6575	-31.7966
spk_ver/v07/v0777	SES142	-0.235817	-28.2144	-27.9786
spk_ver/v07/v0778	SES142	0.102547	-31.0855	-31.188
spk_ver/v07/v0779	SES142	-0.131983	-29.101	-28.969
spk_ver/v07/v0780	SES142	0.087492	-30.9986	-31.0861
spk_ver/v07/v0781	SES142	-0.189363	-28.6472	-28.4579
spk_ver/v07/v0782	SES101	-0.00436401	-29.9091	-29.9048
spk_ver/v07/v0783	SES142	-0.251463	-28.0502	-27.7988
spk_ver/v07/v0784	SES187	0.0649948	-31.2104	-31.2754
spk_ver/v07/v0785	SES143	-0.0652733	-28.1524	-28.0871
spk_ver/v07/v0786	SES142	-0.00256538	-30.227	-30.2245
spk_ver/v07/v0787	SES144	-0.0239582	-30.5974	-30.5735
spk_ver/v07/v0788	SES275	0.0023613	-28.5553	-28.5577
spk_ver/v07/v0789	SES142	0.0576572	-30.8707	-30.9283
spk_ver/v07/v0790	SES099	-0.0754261	-30.1477	-30.0723
spk_ver/v07/v0791	SES142	-0.0863056	-29.2993	-29.213
spk_ver/v07/v0792	SES142	0.121403	-31.4317	-31.5531
spk_ver/v07/v0793	SES142	0.00710487	-30.3221	-30.3292
spk_ver/v07/v0794	SES014	0.000738144	-30.4011	-30.4018
spk_ver/v07/v0795	SES142	-0.00291443	-30.2119	-30.2089
spk_ver/v07/v0796	SES142	0.0386963	-30.6239	-30.6626
spk_ver/v07/v0797	SES143	-0.0063324	-29.8629	-29.8566
spk_ver/v07/v0798	SES206	0.0581665	-28.767	-28.8251
spk_ver/v07/v0799	SES143	0.0221043	-30.538	-30.5601
spk_ver/v08/v0800	SES143	-0.0481148	-29.0881	-29.04
spk_ver/v08/v0801	SES143	0.0281429	-30.8546	-30.8828
spk_ver/v08/v0802	SES143	0.0113659	-30.4607	-30.4721
spk_ver/v08/v0803	SES143	-0.0210133	-29.5817	-29.5607
spk_ver/v08/v0804	SES143	-0.00725746	-29.7928	-29.7856
spk_ver/v08/v0805	SES143	0.00787544	-30.6626	-30.6704
spk_ver/v08/v0806	SES143	-0.00297356	-30.2703	-30.2673
spk_ver/v08/v0807	SES177	-0.0119514	-29.8206	-29.8087
spk_ver/v08/v0808	SES149	0.0100346	-28.3497	-28.3597
spk_ver/v08/v0809	SES143	0.0245399	-30.6241	-30.6486
spk_ver/v08/v0810	SES158	0.0240459	-29.157	-29.1811
spk_ver/v08/v0811	SES143	-0.0529728	-28.9676	-28.9146
spk_ver/v08/v0812	SES062	0.034029	-31.0489	-31.0829
spk_ver/v08/v0813	SES259	0.0891914	-28.5706	-28.6598
spk_ver/v08/v0814	SES143	0.0446339	-30.6356	-30.6802
spk_ver/v08/v0815	SES143	0.00034523	-29.7819	-29.7822
spk_ver/v08/v0816	SES143	-0.0608768	-29.0314	-28.9705
spk_ver/v08/v0817	SES144	-0.017189	-30.2085	-30.1914
spk_ver/v08/v0818	SES143	0.00755692	-30.0177	-30.0253
spk_ver/v08/v0819	SES143	-0.027319	-29.834	-29.8067
spk_ver/v08/v0820	SES143	0.0159168	-30.0944	-30.1103
spk_ver/v08/v0821	SES143	-0.0028286	-30.1811	-30.1783
spk_ver/v08/v0822	SES143	0.0111637	-30.3307	-30.3419
spk_ver/v08/v0823	SES104	-0.00336838	-29.1109	-29.1075
spk_ver/v08/v0824	SES143	0.0277958	-30.8131	-30.8409
spk_ver/v08/v0825	SES143	-0.0372581	-29.2535	-29.2163
spk_ver/v08/v0826	SES144	-0.0347004	-30.7903	-30.7556
spk_ver/v08/v0827	SES144	0.0224972	-28.8235	-28.846
spk_ver/v08/v0828	SES144	-0.0766869	-32.3269	-32.2502
spk_ver/v08/v0829	SES172	-0.0479431	-29.7434	-29.6955
spk_ver/v08/v0830	SES144	0.0028286	-29.5028	-29.5057
spk_ver/v08/v0831	SES183	-0.00471878	-29.5532	-29.5485
spk_ver/v08/v0832	SES144	-0.018795	-30.0718	-30.053
spk_ver/v08/v0833	SES144	0.00504494	-29.6218	-29.6268
spk_ver/v08/v0834	SES144	0.00559998	-29.4239	-29.4295
spk_ver/v08/v0835	SES144	0.0094738	-29.168	-29.1774
spk_ver/v08/v0836	SES144	-0.0326824	-30.5897	-30.557
spk_ver/v08/v0837	SES144	0.0260162	-28.7657	-28.7917
spk_ver/v08/v0838	SES144	0.0188847	-28.8063	-28.8252
spk_ver/v08/v0839	SES085	-0.0731316	-29.3629	-29.2898
spk_ver/v08/v0840	SES144	-0.0279045	-30.7255	-30.6976
spk_ver/v08/v0841	SES144	-0.0609798	-31.7406	-31.6796
spk_ver/v08/v0842	SES144	0.00378227	-29.7158	-29.7195
spk_ver/v08/v0843	SES144	0.0070076	-29.4788	-29.4858
spk_ver/v08/v0844	SES144	-0.015583	-30.2774	-30.2618
spk_ver/v08/v0845	SES144	-0.022398	-30.6055	-30.5831
spk_ver/v08/v0846	SES104	0.00406837	-28.9967	-29.0007
spk_ver/v08/v0847	SES144	0.0469532	-28.0618	-28.1087
spk_ver/v08/v0848	SES144	-0.0305367	-30.7261	-30.6956
spk_ver/v08/v0849	SES144	0.0142746	-29.1659	-29.1802
spk_ver/v08/v0850	SES144	-0.0285702	-30.5838	-30.5553
spk_ver/v08/v0851	SES144	-0.0420094	-31.1466	-31.1046
spk_ver/v08/v0852	SES144	-0.0109348	-30.0049	-29.994
spk_ver/v08/v0853	SES144	-0.0292397	-30.7748	-30.7456
spk_ver/v08/v0854	SES144	-0.0143967	-30.1985	-30.1841
spk_ver/v08/v0855	SES144	-0.0233574	-30.3904	-30.367
spk_ver/v08/v0856	SES082	-0.00282288	-29.9011	-29.8982
spk_ver/v08/v0857	SES142	0.128565	-31.2939	-31.4225
spk_ver/v08/v0858	SES144	-0.019949	-30.4825	-30.4625
spk_ver/v08/v0859	SES144	-0.00154495	-29.6574	-29.6558
spk_ver/v08/v0860	SES146	-0.0388947	-30.1864	-30.1475
spk_ver/v08/v0861	SES146	-0.065773	-30.3585	-30.2928
spk_ver/v08/v0862	SES146	-0.27496	-33.6588	-33.3839
spk_ver/v08/v0863	SES146	0.104599	-27.7616	-27.8662
spk_ver/v08/v0864	SES146	-0.0962639	-30.9209	-30.8246
spk_ver/v08/v0865	SES008	0.0394669	-30.6743	-30.7137
spk_ver/v08/v0866	SES142	-0.0846786	-29.5013	-29.4166
spk_ver/v08/v0867	SES146	-0.0622158	-30.3868	-30.3246
spk_ver/v08/v0868	SES082	-0.0179577	-30.3132	-30.2952
spk_ver/v08/v0869	SES146	-0.055069	-30.1867	-30.1316
spk_ver/v08/v0870	SES146	-0.151016	-31.7927	-31.6417
spk_ver/v08/v0871	SES146	0.0179501	-29.1727	-29.1906
spk_ver/v08/v0872	SES146	0.0781078	-28.4609	-28.539
spk_ver/v08/v0873	SES082	-0.0226688	-30.6722	-30.6495
spk_ver/v08/v0874	SES146	-0.113916	-31.2571	-31.1431
spk_ver/v08/v0875	SES144	-0.0245686	-30.4703	-30.4458
spk_ver/v08/v0876	SES146	-0.206982	-32.5576	-32.3506
spk_ver/v08/v0877	SES146	-0.0647087	-30.4903	-30.4256
spk_ver/v08/v0878	SES146	-0.0326958	-30.0493	-30.0166
spk_ver/v08/v0879	SES146	-0.0791893	-30.6877	-30.6085
spk_ver/v08/v0880	SES146	-0.0611401	-30.4377	-30.3766
spk_ver/v08/v0881	SES143	0.0275269	-30.3828	-30.4103
spk_ver/v08/v0882	SES146	-0.03475	-29.8868	-29.852
spk_ver/v08/v0883	SES147	-0.00694466	-31.4994	-31.4924
spk_ver/v08/v0884	SES147	0.00707436	-29.2141	-29.2212
spk_ver/v08/v0885	SES016	0.0982971	-31.0947	-31.193
spk_ver/v08/v0886	SES147	-0.0107212	-30.0403	-30.0296
spk_ver/v08/v0887	SES147	0.00606537	-28.8201	-28.8261
spk_ver/v08/v0888	SES147	-0.0181885	-30.943	-30.9248
spk_ver/v08/v0889	SES019	0.0010376	-30.0133	-30.0143
spk_ver/v08/v0890	SES147	0.0128212	-30.987	-30.9998
spk_ver/v08/v0891	SES147	0.00188065	-29.7376	-29.7395
spk_ver/v08/v0892	SES147	-0.0313778	-30.94	-30.9087
spk_ver/v08/v0893	SES270	0.058609	-28.8321	-28.8907
spk_ver/v08/v0894	SES029	0.00919724	-30.1671	-30.1763
spk_ver/v08/v0895	SES147	0.00459671	-30.511	-30.5156
spk_ver/v08/v0896	SES117	0.0525131	-30.7778	-30.8303
spk_ver/v08/v0897	SES183	0.0127182	-30.8321	-30.8448
spk_ver/v08/v0898	SES147	-0.00487137	-28.7003	-28.6955
spk_ver/v08/v0899	SES147	0.000530243	-31.1672	-31.1677
spk_ver/v09/v0900	SES087	0.0570412	-27.8925	-27.9495
spk_ver/v09/v0901	SES147	-0.0218983	-30.9934	-30.9715
spk_ver/v09/v0902	SES147	0.000301361	-29.7095	-29.7098
spk_ver/v09/v0903	SES147	-0.00790024	-29.5989	-29.591
spk_ver/v09/v0904	SES147	0.00637436	-30.4692	-30.4756
spk_ver/v09/v0905	SES143	0.0247993	-30.6993	-30.7241
spk_ver/v09/v0906	SES149	-0.0211697	-31.0262	-31.005
spk_ver/v09/v0907	SES148	-0.0162849	-29.2331	-29.2169
spk_ver/v09/v0908	SES148	0.0234089	-30.7051	-30.7286
spk_ver/v09/v0909	SES106	0.0924702	-28.4545	-28.547
spk_ver/v09/v0910	SES148	0.0251923	-30.9702	-30.9954
spk_ver/v09/v0911	SES148	0.0190029	-30.973	-30.992
spk_ver/v09/v0912	SES142	0.126099	-31.3865	-31.5126
spk_ver/v09/v0913	SES148	0.0051384	-29.9784	-29.9836
spk_ver/v09/v0914	SES148	-0.00831795	-29.8487	-29.8403
spk_ver/v09/v0915	SES148	-0.00885773	-29.3437	-29.3348
spk_ver/v09/v0916	SES148	0.0129509	-31.0177	-31.0307
spk_ver/v09/v0917	SES148	0.00623512	-30.1401	-30.1463
spk_ver/v09/v0918	SES148	-0.00515556	-29.7627	-29.7576
spk_ver/v09/v0919	SES270	0.18322	-27.8775	-28.0607
spk_ver/v09/v0920	SES148	-0.0261631	-28.6567	-28.6305
spk_ver/v09/v0921	SES148	0.00907326	-30.9014	-30.9104
spk_ver/v09/v0922	SES129	-0.0133762	-29.7868	-29.7734
spk_ver/v09/v0923	SES117	0.0230293	-30.4986	-30.5216
spk_ver/v09/v0924	SES042	0.0245514	-30.3773	-30.4019
spk_ver/v09/v0925	SES148	0.00652504	-30.191	-30.1975
spk_ver/v09/v0926	SES148	-0.0276928	-29.2648	-29.2371
spk_ver/v09/v0927	SES144	0.0133934	-29.2329	-29.2463
spk_ver/v09/v0928	SES007	-0.000667572	-30.1261	-30.1254
spk_ver/v09/v0929	SES148	0.0183773	-31.1366	-31.155
spk_ver/v09/v0930	SES148	0.0266628	-31.58	-31.6067
spk_ver/v09/v0931	SES148	0.00708008	-30.4913	-30.4984
spk_ver/v09/v0932	SES202	0.0875683	-31.4745	-31.562
spk_ver/v09/v0933	SES148	0.0118637	-30.1702	-30.1821
spk_ver/v09/v0934	SES148	0.0240631	-31.0044	-31.0285
spk_ver/v09/v0935	SES060	0.03265	-30.5443	-30.577
spk_ver/v09/v0936	SES060	0.117081	-31.6056	-31.7227
spk_ver/v09/v0937	SES148	0.020216	-30.8553	-30.8755
spk_ver/v09/v0938	SES148	0.0210304	-31.0971	-31.1182
spk_ver/v09/v0939	SES148	0.00425911	-29.9319	-29.9361
spk_ver/v09/v0940	SES148	0.0136929	-30.67	-30.6837
spk_ver/v09/v0941	SES149	0.00370979	-29.5602	-29.5639
spk_ver/v09/v0942	SES149	-0.00235367	-30.1163	-30.1139
spk_ver/v09/v0943	SES149	0.0174656	-29.6569	-29.6744
spk_ver/v09/v0944	SES149	0.00847626	-29.2222	-29.2307
spk_ver/v09/v0945	SES105	0.249416	-27.4698	-27.7192
spk_ver/v09/v0946	SES149	-0.0029068	-30.1861	-30.1832
spk_ver/v09/v0947	SES149	0.0152454	-28.3379	-28.3531
spk_ver/v09/v0948	SES149	-0.00985336	-30.4083	-30.3985
spk_ver/v09/v0949	SES149	0.0218239	-27.9996	-28.0214
spk_ver/v09/v0950	SES226	0.00060463	-28.6064	-28.607
spk_ver/v09/v0951	SES149	-0.00034523	-29.5379	-29.5375
spk_ver/v09/v0952	SES149	0.0249462	-28.1664	-28.1913
spk_ver/v09/v0953	SES062	-0.00541306	-30.2394	-30.234
spk_ver/v09/v0954	SES149	-0.0061512	-30.2809	-30.2747
spk_ver/v09/v0955	SES048	-0.00300789	-29.12	-29.1169
spk_ver/v09/v0956	SES158	0.00634003	-29.342	-29.3483
spk_ver/v09/v0957	SES158	-0.149828	-31.4359	-31.2861
spk_ver/v09/v0958	SES158	0.0865078	-28.4239	-28.5104
spk_ver/v09/v0959	SES158	-0.14011	-31.27	-31.1299
spk_ver/v09/v0960	SES158	-0.0722675	-30.7035	-30.6313
spk_ver/v09/v0961	SES147	0.0141125	-28.6695	-28.6836
spk_ver/v09/v0962	SES158	-0.132378	-31.2171	-31.0847
spk_ver/v09/v0963	SES292	0.0443134	-30.8635	-30.9078
spk_ver/v09/v0964	SES060	-0.0317326	-29.4869	-29.4552
spk_ver/v09/v0965	SES002	0.0167198	-29.9172	-29.9339
spk_ver/v09/v0966	SES149	0.0140038	-28.6215	-28.6355
spk_ver/v09/v0967	SES158	-0.0998688	-30.8889	-30.789
spk_ver/v09/v0968	SES158	-0.201651	-32.1934	-31.9918
spk_ver/v09/v0969	SES275	0.000556946	-29.6827	-29.6833
spk_ver/v09/v0970	SES158	-0.0930481	-30.6319	-30.5389
spk_ver/v09/v0971	SES158	-0.0462799	-30.0599	-30.0137
spk_ver/v09/v0972	SES002	0.00487137	-30.3135	-30.3184
spk_ver/v09/v0973	SES158	-0.0804119	-30.5231	-30.4427
spk_ver/v09/v0974	SES202	0.0480652	-30.8131	-30.8612
spk_ver/v09/v0975	SES158	-0.126862	-31.3712	-31.2444
spk_ver/v09/v0976	SES158	-0.0609188	-30.1259	-30.065
spk_ver/v09/v0977	SES162	-0.00159073	-29.99	-29.9884
spk_ver/v09/v0978	SES162	0.00385475	-29.3183	-29.3221
spk_ver/v09/v0979	SES162	-0.000347137	-30.1238	-30.1234
spk_ver/v09/v0980	SES162	0.00106812	-30.7948	-30.7959
spk_ver/v09/v0981	SES162	0.000240326	-31.0817	-31.082
spk_ver/v09/v0982	SES259	0.171196	-28.1436	-28.3148
spk_ver/v09/v0983	SES162	-1.71661e-05	-30.703	-30.7029
spk_ver/v09/v0984	SES162	-0.00252151	-30.7603	-30.7577
spk_ver/v09/v0985	SES162	-0.00171471	-30.0561	-30.0544
spk_ver/v09/v0986	SES062	-0.0321007	-29.2917	-29.2596
spk_ver/v09/v0987	SES162	0.00406075	-29.7422	-29.7463
spk_ver/v09/v0988	SES162	0.000249863	-30.4853	-30.4855
spk_ver/v09/v0989	SES162	-0.0015564	-29.9254	-29.9238
spk_ver/v09/v0990	SES162	0.01091	-32.0985	-32.1094
spk_ver/v09/v0991	SES087	-0.0215187	-30.2615	-30.24
spk_ver/v09/v0992	SES120	0.00922012	-30.1757	-30.1849
spk_ver/v09/v0993	SES162	-0.000495911	-28.6634	-28.6629
spk_ver/v09/v0994	SES162	0.00117111	-30.9035	-30.9047
spk_ver/v09/v0995	SES162	-0.00481796	-29.4611	-29.4563
spk_ver/v09/v0996	SES162	-0.00226402	-30.6736	-30.6713
spk_ver/v09/v0997	SES162	-0.00476646	-28.2565	-28.2517
spk_ver/v09/v0998	SES162	0.00232315	-29.633	-29.6353
spk_ver/v09/v0999	SES162	-0.00581551	-31.6914	-31.6856
spk_ver/v10/v1000	SES162	-0.00560379	-29.1327	-29.1271
spk_ver/v10/v1001	SES148	-0.00583839	-29.7803	-29.7745
spk_ver/v10/v1002	SES162	-0.000137329	-30.3396	-30.3394
spk_ver/v10/v1003	SES162	0.0025177	-32.7405	-32.743
spk_ver/v10/v1004	SES162	-0.00188828	-29.967	-29.9651
spk_ver/v10/v1005	SES162	-0.00433922	-29.9112	-29.9068
spk_ver/v10/v1006	SES162	0.00307655	-31.913	-31.9161
spk_ver/v10/v1007	SES162	0.000270844	-28.9733	-28.9736
spk_ver/v10/v1008	SES162	0.00144577	-31.6857	-31.6871
spk_ver/v10/v1009	SES162	-0.00636292	-29.4513	-29.4449
spk_ver/v10/v1010	SES167	0.0359325	-30.597	-30.6329
spk_ver/v10/v1011	SES167	0.0678654	-30.8557	-30.9235
spk_ver/v10/v1012	SES167	0.00819397	-30.4428	-30.451
spk_ver/v10/v1013	SES167	0.000173569	-30.2876	-30.2878
spk_ver/v10/v1014	SES167	-0.0243568	-30.11	-30.0857
spk_ver/v10/v1015	SES167	0.049202	-30.7167	-30.7659
spk_ver/v10/v1016	SES167	0.0856514	-31.0475	-31.1331
spk_ver/v10/v1017	SES167	0.259918	-32.4514	-32.7113
spk_ver/v10/v1018	SES167	-0.0823364	-29.577	-29.4946
spk_ver/v10/v1019	SES167	-0.034544	-30.0813	-30.0468
spk_ver/v10/v1020	SES167	-0.240793	-28.3968	-28.1561
spk_ver/v10/v1021	SES167	0.0289631	-30.5034	-30.5324
spk_ver/v10/v1022	SES167	-0.100594	-29.4968	-29.3962
spk_ver/v10/v1023	SES167	-0.0698814	-29.7048	-29.6349
spk_ver/v10/v1024	SES167	-0.133888	-29.13	-28.9962
spk_ver/v10/v1025	SES167	-0.0161457	-30.1869	-30.1708
spk_ver/v10/v1026	SES167	-0.0117054	-30.2436	-30.2319
spk_ver/v10/v1027	SES167	-0.0177822	-30.2471	-30.2293
spk_ver/v10/v1028	SES167	-0.209696	-28.6628	-28.4531
spk_ver/v10/v1029	SES167	-0.0631313	-29.7643	-29.7012
spk_ver/v10/v1030	SES167	0.02355	-30.5134	-30.5369
spk_ver/v10/v1031	SES167	0.0478649	-30.6503	-30.6982
spk_ver/v10/v1032	SES167	0.143061	-31.376	-31.519
spk_ver/v10/v1033	SES167	-0.130516	-29.3116	-29.1811
spk_ver/v10/v1034	SES002	0.000528336	-29.7564	-29.757
spk_ver/v10/v1035	SES167	0.162186	-31.5648	-31.727
spk_ver/v10/v1036	SES083	0.00593376	-29.3998	-29.4057
spk_ver/v10/v1037	SES167	-0.0630589	-29.8265	-29.7634
spk_ver/v10/v1038	SES167	-0.125084	-29.2242	-29.0992
spk_ver/v10/v1039	SES167	-0.138319	-29.2955	-29.1571
spk_ver/v10/v1040	SES167	-0.192385	-28.6525	-28.4601
spk_ver/v10/v1041	SES167	-0.0321388	-30.0436	-30.0114
spk_ver/v10/v1042	SES087	-0.0254917	-30.3899	-30.3644
spk_ver/v10/v1043	SES029	0.0297546	-30.8752	-30.9049
spk_ver/v10/v1044	SES206	0.0292263	-29.0244	-29.0536
spk_ver/v10/v1045	SES172	-0.0689354	-29.4065	-29.3376
spk_ver/v10/v1046	SES172	0.0473938	-30.6628	-30.7102
spk_ver/v10/v1047	SES172	0.0843906	-31.0849	-31.1693
spk_ver/v10/v1048	SES259	0.150566	-28.1465	-28.297
spk_ver/v10/v1049	SES172	-0.0304718	-29.8914	-29.8609
spk_ver/v10/v1050	SES120	0.0371456	-30.5316	-30.5688
spk_ver/v10/v1051	SES172	0.125814	-31.8752	-32.001
spk_ver/v10/v1052	SES172	-0.0324688	-30.0081	-29.9757
spk_ver/v10/v1053	SES172	0.0335026	-30.47	-30.5035
spk_ver/v10/v1054	SES172	-0.0923824	-29.0058	-28.9135
spk_ver/v10/v1055	SES189	0.043335	-28.8833	-28.9267
spk_ver/v10/v1056	SES172	-0.0547047	-29.3287	-29.274
spk_ver/v10/v1057	SES172	0.0293217	-30.4069	-30.4362
spk_ver/v10/v1058	SES172	0.103851	-31.5908	-31.6946
spk_ver/v10/v1059	SES172	0.14694	-31.9621	-32.109
spk_ver/v10/v1060	SES029	-0.00476646	-29.7817	-29.777
spk_ver/v10/v1061	SES175	0.0468769	-31.6423	-31.6892
spk_ver/v10/v1062	SES187	0.0313759	-30.3934	-30.4248
spk_ver/v10/v1063	SES019	-0.00443459	-29.756	-29.7516
spk_ver/v10/v1064	SES175	0.00622177	-30.4774	-30.4837
spk_ver/v10/v1065	SES175	-0.0154209	-29.2998	-29.2844
spk_ver/v10/v1066	SES175	-0.0384846	-28.9191	-28.8806
spk_ver/v10/v1067	SES175	-0.0160427	-29.4999	-29.4839
spk_ver/v10/v1068	SES175	-0.0120716	-29.6734	-29.6613
spk_ver/v10/v1069	SES016	-0.0686398	-29.7892	-29.7205
spk_ver/v10/v1070	SES175	-0.0255146	-29.3245	-29.2989
spk_ver/v10/v1071	SES175	0.0307693	-30.8547	-30.8855
spk_ver/v10/v1072	SES175	0.00160599	-30.7579	-30.7595
spk_ver/v10/v1073	SES029	0.016901	-30.3105	-30.3274
spk_ver/v10/v1074	SES175	-0.000585556	-29.8732	-29.8727
spk_ver/v10/v1075	SES175	-0.00658035	-29.5428	-29.5363
spk_ver/v10/v1076	SES175	-0.000766754	-29.9857	-29.9849
spk_ver/v10/v1077	SES175	-0.0212421	-29.2318	-29.2106
spk_ver/v10/v1078	SES127	0.0227127	-30.5079	-30.5306
spk_ver/v10/v1079	SES175	0.000984192	-29.524	-29.525
spk_ver/v10/v1080	SES175	-0.0377083	-28.8016	-28.7639
spk_ver/v10/v1081	SES175	-0.0174351	-28.9763	-28.9588
spk_ver/v10/v1082	SES175	0.0289822	-30.8955	-30.9245
spk_ver/v10/v1083	SES007	-0.0122337	-30.6076	-30.5953
spk_ver/v10/v1084	SES068	0.00407982	-30.3183	-30.3224
spk_ver/v10/v1085	SES008	0.0359192	-30.9895	-31.0254
spk_ver/v10/v1086	SES175	-0.0476322	-28.2454	-28.1978
spk_ver/v10/v1087	SES175	0.00474167	-30.5419	-30.5466
spk_ver/v10/v1088	SES008	0.0195885	-30.7248	-30.7444
spk_ver/v10/v1089	SES177	-0.00449181	-28.7087	-28.7042
spk_ver/v10/v1090	SES177	-0.0307293	-30.327	-30.2963
spk_ver/v10/v1091	SES177	-0.0131111	-30.1442	-30.1311
spk_ver/v10/v1092	SES177	0.005476	-28.5003	-28.5058
spk_ver/v10/v1093	SES177	-0.00452232	-29.3862	-29.3817
spk_ver/v10/v1094	SES002	-0.00910187	-30.31	-30.3009
spk_ver/v10/v1095	SES104	0.00998688	-30.3802	-30.3902
spk_ver/v10/v1096	SES177	-0.0214081	-30.1738	-30.1524
spk_ver/v10/v1097	SES177	-0.0383568	-32.6091	-32.5707
spk_ver/v10/v1098	SES177	-0.0328255	-31.5986	-31.5658
spk_ver/v10/v1099	SES177	-0.0112991	-29.7869	-29.7756
spk_ver/v11/v1100	SES177	-0.01408	-29.444	-29.43
spk_ver/v11/v1101	SES085	-0.0445709	-29.5346	-29.49
spk_ver/v11/v1102	SES187	0.0724354	-31.3632	-31.4356
spk_ver/v11/v1103	SES177	-0.0255241	-30.6318	-30.6063
spk_ver/v11/v1104	SES177	-0.0111675	-31.1796	-31.1684
spk_ver/v11/v1105	SES177	0.0068779	-29.1977	-29.2046
spk_ver/v11/v1106	SES177	-0.0147076	-29.7806	-29.7659
spk_ver/v11/v1107	SES177	-0.0138645	-29.9024	-29.8885
spk_ver/v11/v1108	SES177	-0.00421333	-29.6896	-29.6854
spk_ver/v11/v1109	SES125	-0.0141277	-28.8682	-28.8541
spk_ver/v11/v1110	SES177	0.00685501	-29.7273	-29.7341
spk_ver/v11/v1111	SES177	-0.0119171	-30.695	-30.6831
spk_ver/v11/v1112	SES177	0.000989914	-29.7216	-29.7226
spk_ver/v11/v1113	SES177	-0.0546837	-31.0052	-30.9505
spk_ver/v11/v1114	SES177	-0.0163784	-29.9783	-29.9619
spk_ver/v11/v1115	SES177	-0.0307446	-31.2006	-31.1699
spk_ver/v11/v1116	SES085	0.0652866	-31.032	-31.0973
spk_ver/v11/v1117	SES147	-0.00379753	-28.9633	-28.9595
spk_ver/v11/v1118	SES177	-0.0106754	-29.8748	-29.8641
spk_ver/v11/v1119	SES177	-7.62939e-06	-29.6349	-29.6349
spk_ver/v11/v1120	SES180	-0.0211563	-29.7291	-29.7079
spk_ver/v11/v1121	SES189	0.060421	-28.8866	-28.947
spk_ver/v11/v1122	SES117	0.00720406	-30.018	-30.0252
spk_ver/v11/v1123	SES129	0.0196133	-30.22	-30.2396
spk_ver/v11/v1124	SES180	0.0576839	-30.7933	-30.851
spk_ver/v11/v1125	SES180	0.0708427	-31.2285	-31.2993
spk_ver/v11/v1126	SES180	0.0656891	-31.1633	-31.2289
spk_ver/v11/v1127	SES180	0.0367031	-30.5948	-30.6315
spk_ver/v11/v1128	SES016	0.0851307	-31.0115	-31.0966
spk_ver/v11/v1129	SES158	0.0464802	-28.9273	-28.9738
spk_ver/v11/v1130	SES180	0.0159855	-29.9119	-29.9279
spk_ver/v11/v1131	SES180	-0.0156288	-29.9758	-29.9602
spk_ver/v11/v1132	SES180	0.0294933	-30.5242	-30.5537
spk_ver/v11/v1133	SES180	-0.0101738	-29.9073	-29.8971
spk_ver/v11/v1134	SES180	0.0442257	-30.8702	-30.9144
spk_ver/v11/v1135	SES180	0.0423927	-30.441	-30.4833
spk_ver/v11/v1136	SES180	-0.102097	-28.436	-28.3339
spk_ver/v11/v1137	SES148	0.0200367	-30.3303	-30.3504
spk_ver/v11/v1138	SES104	0.00644493	-29.5295	-29.5359
spk_ver/v11/v1139	SES180	-0.00260735	-29.865	-29.8624
spk_ver/v11/v1140	SES083	-0.0383453	-30.1329	-30.0945
spk_ver/v11/v1141	SES180	-0.0211296	-29.9258	-29.9047
spk_ver/v11/v1142	SES180	-0.0249424	-29.5557	-29.5308
spk_ver/v11/v1143	SES180	-0.0524197	-29.3387	-29.2863
spk_ver/v11/v1144	SES099	0.0410118	-28.9844	-29.0254
spk_ver/v11/v1145	SES180	0.0838356	-31.1874	-31.2712
spk_ver/v11/v1146	SES183	0.0309715	-31.7045	-31.7355
spk_ver/v11/v1147	SES183	-0.00172424	-30.019	-30.0173
spk_ver/v11/v1148	SES183	0.0265884	-31.3778	-31.4044
spk_ver/v11/v1149	SES183	0.0295048	-31.4613	-31.4908
spk_ver/v11/v1150	SES183	0.0440426	-31.9799	-32.0239
spk_ver/v11/v1151	SES082	-0.00485229	-29.5309	-29.5261
spk_ver/v11/v1152	SES183	-0.00835037	-29.5137	-29.5053
spk_ver/v11/v1153	SES183	0.0110397	-30.4795	-30.4906
spk_ver/v11/v1154	SES002	-0.0155602	-29.3806	-29.365
spk_ver/v11/v1155	SES183	0.0221443	-31.2684	-31.2905
spk_ver/v11/v1156	SES183	0.000776291	-29.9535	-29.9543
spk_ver/v11/v1157	SES183	0.06604	-33.5846	-33.6507
spk_ver/v11/v1158	SES183	-0.0032444	-29.7642	-29.761
spk_ver/v11/v1159	SES183	-0.0173912	-29.1284	-29.111
spk_ver/v11/v1160	SES183	-0.0449905	-27.4769	-27.4319
spk_ver/v11/v1161	SES183	0.0261917	-31.3339	-31.3601
spk_ver/v11/v1162	SES105	0.31736	-27.016	-27.3334
spk_ver/v11/v1163	SES183	0.0226688	-31.4158	-31.4385
spk_ver/v11/v1164	SES259	0.177423	-28.1078	-28.2853
spk_ver/v11/v1165	SES183	0.0309505	-31.8718	-31.9028
spk_ver/v11/v1166	SES183	-0.00770187	-29.3693	-29.3616
spk_ver/v11/v1167	SES183	0.00129128	-29.9574	-29.9587
spk_ver/v11/v1168	SES183	0.00775337	-30.2059	-30.2137
spk_ver/v11/v1169	SES183	0.00292778	-29.9518	-29.9548
spk_ver/v11/v1170	SES183	0.0521393	-32.9947	-33.0468
spk_ver/v11/v1171	SES183	0.0138149	-30.7583	-30.7721
spk_ver/v11/v1172	SES187	-0.0348721	-29.3215	-29.2866
spk_ver/v11/v1173	SES019	-0.00689316	-29.8709	-29.864
spk_ver/v11/v1174	SES187	-0.028265	-29.4855	-29.4572
spk_ver/v11/v1175	SES187	0.0264435	-30.4676	-30.494
spk_ver/v11/v1176	SES083	0.0309315	-29.1615	-29.1925
spk_ver/v11/v1177	SES187	0.00955772	-30.849	-30.8586
spk_ver/v11/v1178	SES187	-0.019846	-29.6981	-29.6783
spk_ver/v11/v1179	SES187	-0.030098	-29.2189	-29.1888
spk_ver/v11/v1180	SES187	0.00881767	-30.06	-30.0688
spk_ver/v11/v1181	SES187	0.00500488	-30.4372	-30.4422
spk_ver/v11/v1182	SES187	0.0636063	-31.0121	-31.0757
spk_ver/v11/v1183	SES187	0.0130939	-29.9452	-29.9583
spk_ver/v11/v1184	SES187	0.00264549	-30.3281	-30.3308
spk_ver/v11/v1185	SES127	0.21299	-31.7508	-31.9638
spk_ver/v11/v1186	SES187	-0.0289516	-29.6426	-29.6137
spk_ver/v11/v1187	SES187	0.0422974	-31.347	-31.3893
spk_ver/v11/v1188	SES187	0.000656128	-30.0188	-30.0195
spk_ver/v11/v1189	SES042	-0.0223389	-29.1652	-29.1429
spk_ver/v11/v1190	SES187	-0.0090847	-29.8921	-29.883
spk_ver/v11/v1191	SES187	0.0919762	-31.9279	-32.0199
spk_ver/v11/v1192	SES187	-0.0172939	-29.4576	-29.4403
spk_ver/v11/v1193	SES183	0.00249672	-30.0822	-30.0847
spk_ver/v11/v1194	SES187	0.0234871	-30.7404	-30.7639
spk_ver/v11/v1195	SES187	0.0301723	-30.5907	-30.6209
spk_ver/v11/v1196	SES146	0.110872	-27.8723	-27.9832
spk_ver/v11/v1197	SES189	-0.134474	-30.4665	-30.3321
spk_ver/v11/v1198	SES175	0.00568581	-30.3966	-30.4023
spk_ver/v11/v1199	SES189	-0.229771	-31.2507	-31.0209
spk_ver/v12/v1200	SES189	-0.0466747	-29.7297	-29.683
spk_ver/v12/v1201	SES177	0.0168839	-29.695	-29.7119
spk_ver/v12/v1202	SES189	-0.0951843	-30.2822	-30.187
spk_ver/v12/v1203	SES143	0.0216427	-29.9258	-29.9475
spk_ver/v12/v1204	SES189	-0.264772	-31.7764	-31.5116
spk_ver/v12/v1205	SES189	-0.171934	-30.9805	-30.8086
spk_ver/v12/v1206	SES189	-0.0102997	-29.3947	-29.3844
spk_ver/v12/v1207	SES189	-0.179968	-30.9534	-30.7734
spk_ver/v12/v1208	SES189	-0.206799	-31.3072	-31.1004
spk_ver/v12/v1209	SES189	-0.145939	-30.6398	-30.4939
spk_ver/v12/v1210	SES189	-0.227758	-31.5469	-31.3191
spk_ver/v12/v1211	SES062	-0.0170441	-29.9063	-29.8892
spk_ver/v12/v1212	SES189	-0.26729	-31.8494	-31.5821
spk_ver/v12/v1213	SES048	-0.0194244	-29.8439	-29.8245
spk_ver/v12/v1214	SES042	0.0229053	-30.4205	-30.4434
spk_ver/v12/v1215	SES008	-0.00253105	-30.0076	-30.0051
spk_ver/v12/v1216	SES202	0.00112915	-30.2682	-30.2694
spk_ver/v12/v1217	SES202	-0.0163879	-29.8067	-29.7903
spk_ver/v12/v1218	SES085	-0.0814781	-29.0731	-28.9916
spk_ver/v12/v1219	SES202	0.0583954	-31.1166	-31.175
spk_ver/v12/v1220	SES202	-0.0406113	-29.3014	-29.2608
spk_ver/v12/v1221	SES202	0.0146751	-30.3024	-30.3171
spk_ver/v12/v1222	SES202	0.0423737	-30.7546	-30.797
spk_ver/v12/v1223	SES158	0.0123386	-29.3962	-29.4085
spk_ver/v12/v1224	SES202	0.108625	-31.9049	-32.0135
spk_ver/v12/v1225	SES202	-0.0749874	-28.8706	-28.7956
spk_ver/v12/v1226	SES202	0.188465	-33.2754	-33.4638
spk_ver/v12/v1227	SES202	-0.0455017	-29.1806	-29.1351
spk_ver/v12/v1228	SES177	-0.00684547	-30.4061	-30.3993
spk_ver/v12/v1229	SES202	0.044281	-30.7531	-30.7974
spk_ver/v12/v1230	SES202	0.0225487	-30.5483	-30.5708
spk_ver/v12/v1231	SES202	0.0758877	-31.2416	-31.3175
spk_ver/v12/v1232	SES202	-0.0512905	-29.1466	-29.0954
spk_ver/v12/v1233	SES206	0.0481434	-28.7617	-28.8098
spk_ver/v12/v1234	SES202	-0.0628128	-29.0288	-28.966
spk_ver/v12/v1235	SES202	0.0919399	-31.6218	-31.7137
spk_ver/v12/v1236	SES125	0.00344276	-29.9133	-29.9168
spk_ver/v12/v1237	SES127	-0.00551414	-30.1935	-30.188
spk_ver/v12/v1238	SES202	0.0437202	-30.6849	-30.7286
spk_ver/v12/v1239	SES167	0.166601	-31.6335	-31.8001
spk_ver/v12/v1240	SES206	-0.00989914	-29.5867	-29.5768
spk_ver/v12/v1241	SES206	-0.109018	-30.7404	-30.6314
spk_ver/v12/v1242	SES206	-0.0372887	-29.8129	-29.7756
spk_ver/v12/v1243	SES206	-0.0506401	-29.9445	-29.8938
spk_ver/v12/v1244	SES259	0.043993	-28.846	-28.89
spk_ver/v12/v1245	SES206	0.0089798	-29.1854	-29.1944
spk_ver/v12/v1246	SES206	-0.101496	-30.6153	-30.5138
spk_ver/v12/v1247	SES206	-0.0831947	-30.227	-30.1438
spk_ver/v12/v1248	SES206	-0.223053	-32.0555	-31.8325
spk_ver/v12/v1249	SES270	0.202408	-27.7757	-27.9781
spk_ver/v12/v1250	SES206	0.0131264	-29.3432	-29.3563
spk_ver/v12/v1251	SES206	-0.0413818	-29.9384	-29.897
spk_ver/v12/v1252	SES206	-0.161366	-31.3331	-31.1718
spk_ver/v12/v1253	SES206	0.0324707	-29.1419	-29.1743
spk_ver/v12/v1254	SES206	0.035017	-28.978	-29.013
spk_ver/v12/v1255	SES125	0.00483894	-29.1745	-29.1794
spk_ver/v12/v1256	SES206	-0.275276	-32.6965	-32.4213
spk_ver/v12/v1257	SES206	-0.18001	-31.3846	-31.2046
spk_ver/v12/v1258	SES206	-0.0873833	-30.3576	-30.2702
spk_ver/v12/v1259	SES206	-0.114496	-30.8737	-30.7592
spk_ver/v12/v1260	SES206	-0.122475	-31.0195	-30.897
spk_ver/v12/v1261	SES206	-0.126337	-30.8962	-30.7699
spk_ver/v12/v1262	SES206	-0.225021	-32.1253	-31.9003
spk_ver/v12/v1263	SES206	-0.112127	-30.8773	-30.7652
spk_ver/v12/v1264	SES149	0.0127392	-28.4967	-28.5094
spk_ver/v12/v1265	SES206	0.151409	-27.6374	-27.7888
spk_ver/v12/v1266	SES206	-0.0660667	-30.1036	-30.0375
spk_ver/v12/v1267	SES206	0.0580215	-28.683	-28.741
spk_ver/v12/v1268	SES206	0.0604248	-28.5522	-28.6126
spk_ver/v12/v1269	SES206	-0.0977402	-30.4987	-30.4009
spk_ver/v12/v1270	SES206	-0.311298	-33.068	-32.7567
spk_ver/v12/v1271	SES226	-0.0064621	-30.1685	-30.162
spk_ver/v12/v1272	SES226	-0.0101814	-31.5096	-31.4994
spk_ver/v12/v1273	SES226	-0.0238171	-31.9598	-31.936
spk_ver/v12/v1274	SES226	-0.00740051	-29.6403	-29.6329
spk_ver/v12/v1275	SES226	-0.0210323	-31.5426	-31.5215
spk_ver/v12/v1276	SES226	-0.0179596	-31.3549	-31.3369
spk_ver/v12/v1277	SES226	-0.0138035	-30.7442	-30.7304
spk_ver/v12/v1278	SES226	-0.0119896	-29.6501	-29.6381
spk_ver/v12/v1279	SES226	0.00814629	-30.0071	-30.0153
spk_ver/v12/v1280	SES226	-0.00105286	-29.5678	-29.5667
spk_ver/v12/v1281	SES226	-0.0210609	-32.1147	-32.0936
spk_ver/v12/v1282	SES226	0.00510406	-29.535	-29.5401
spk_ver/v12/v1283	SES143	0.0157223	-30.3729	-30.3886
spk_ver/v12/v1284	SES226	0.0147877	-27.798	-27.8128
spk_ver/v12/v1285	SES226	-0.0311985	-31.9731	-31.9419
spk_ver/v12/v1286	SES226	-0.00904274	-30.8289	-30.8199
spk_ver/v12/v1287	SES226	0.0240307	-27.9259	-27.95
spk_ver/v12/v1288	SES226	-0.00557327	-30.6769	-30.6713
spk_ver/v12/v1289	SES104	0.0123463	-29.1491	-29.1614
spk_ver/v12/v1290	SES008	0.0365314	-30.6921	-30.7286
spk_ver/v12/v1291	SES226	-0.00309563	-30.1948	-30.1917
spk_ver/v12/v1292	SES259	-0.418011	-31.1629	-30.7449
spk_ver/v12/v1293	SES062	0.0135651	-30.2553	-30.2688
spk_ver/v12/v1294	SES099	-0.036932	-29.8259	-29.789
spk_ver/v12/v1295	SES158	0.0727634	-28.633	-28.7057
spk_ver/v12/v1296	SES259	-0.203499	-30.1976	-29.9941
spk_ver/v12/v1297	SES259	-0.907581	-34.009	-33.1015
spk_ver/v12/v1298	SES259	-0.377069	-31.066	-30.6889
spk_ver/v12/v1299	SES259	-0.136602	-29.6951	-29.5585
spk_ver/v13/v1300	SES120	0.0519905	-30.7294	-30.7814
spk_ver/v13/v1301	SES259	-0.674839	-32.7594	-32.0845
spk_ver/v13/v1302	SES259	-0.307911	-30.5989	-30.291
spk_ver/v13/v1303	SES129	0.0324478	-30.2614	-30.2939
spk_ver/v13/v1304	SES259	-0.402924	-31.2527	-30.8498
spk_ver/v13/v1305	SES259	-0.490028	-31.6694	-31.1794
spk_ver/v13/v1306	SES106	0.0953999	-28.2078	-28.3032
spk_ver/v13/v1307	SES259	-0.182024	-29.8451	-29.663
spk_ver/v13/v1308	SES259	-0.193121	-30.0846	-29.8915
spk_ver/v13/v1309	SES259	-0.112106	-29.6753	-29.5632
spk_ver/v13/v1310	SES259	-0.452436	-31.523	-31.0706
spk_ver/v13/v1311	SES259	0.134743	-28.317	-28.4517
spk_ver/v13/v1312	SES259	-0.446348	-31.3619	-30.9156
spk_ver/v13/v1313	SES144	-0.00561714	-29.86	-29.8544
spk_ver/v13/v1314	SES259	-0.374508	-31.022	-30.6475
spk_ver/v13/v1315	SES162	-0.0050602	-30.2654	-30.2604
spk_ver/v13/v1316	SES206	0.0001297	-29.4527	-29.4528
spk_ver/v13/v1317	SES175	-0.00534248	-29.8253	-29.82
spk_ver/v13/v1318	SES259	-0.0257263	-29.1072	-29.0814
spk_ver/v13/v1319	SES259	-0.417139	-31.2977	-30.8806
spk_ver/v13/v1320	SES270	-0.148634	-30.5387	-30.3901
spk_ver/v13/v1321	SES101	-0.00321007	-29.8056	-29.8024
spk_ver/v13/v1322	SES177	-0.0154037	-29.6265	-29.6111
spk_ver/v13/v1323	SES127	-0.0195789	-30.2797	-30.2601
spk_ver/v13/v1324	SES270	-0.167116	-30.602	-30.4349
spk_ver/v13/v1325	SES062	-0.0393848	-29.6034	-29.564
spk_ver/v13/v1326	SES270	0.22501	-27.5079	-27.7329
spk_ver/v13/v1327	SES120	-0.0266914	-29.6938	-29.6672
spk_ver/v13/v1328	SES270	-0.100969	-30.0527	-29.9517
spk_ver/v13/v1329	SES270	-0.197487	-30.8704	-30.6729
spk_ver/v13/v1330	SES270	-0.166166	-30.4321	-30.2659
spk_ver/v13/v1331	SES270	-0.0596161	-29.6288	-29.5691
spk_ver/v13/v1332	SES270	-0.0250549	-29.4569	-29.4318
spk_ver/v13/v1333	SES270	-0.233227	-30.879	-30.6457
spk_ver/v13/v1334	SES270	0.00712013	-29.2201	-29.2273
spk_ver/v13/v1335	SES270	-0.0187569	-29.5427	-29.524
spk_ver/v13/v1336	SES270	-0.385872	-32.2411	-31.8553
spk_ver/v13/v1337	SES016	0.138752	-31.2668	-31.4056
spk_ver/v13/v1338	SES270	-0.0491409	-29.4421	-29.393
spk_ver/v13/v1339	SES002	-0.016571	-29.3286	-29.3121
spk_ver/v13/v1340	SES105	0.282087	-27.2103	-27.4923
spk_ver/v13/v1341	SES275	-0.0189991	-31.4229	-31.4039
spk_ver/v13/v1342	SES187	0.0549545	-30.705	-30.76
spk_ver/v13/v1343	SES275	-0.0173492	-31.1117	-31.0944
spk_ver/v13/v1344	SES275	-0.00612831	-29.8912	-29.8851
spk_ver/v13/v1345	SES275	0.0119476	-28.7927	-28.8047
spk_ver/v13/v1346	SES275	-0.00444603	-29.9234	-29.919
spk_ver/v13/v1347	SES275	-0.0431671	-33.1581	-33.1149
spk_ver/v13/v1348	SES180	0.000427246	-30.0605	-30.061
spk_ver/v13/v1349	SES275	-0.00988579	-30.1762	-30.1663
spk_ver/v13/v1350	SES275	-0.0109634	-30.7472	-30.7363
spk_ver/v13/v1351	SES275	0.00492668	-29.4425	-29.4475
spk_ver/v13/v1352	SES275	-0.0132885	-30.6924	-30.6791
spk_ver/v13/v1353	SES275	-0.0120239	-30.8283	-30.8162
spk_ver/v13/v1354	SES189	0.130878	-28.3045	-28.4353
spk_ver/v13/v1355	SES068	-0.0583553	-28.0654	-28.0071
spk_ver/v13/v1356	SES275	0.0107231	-28.9673	-28.9781
spk_ver/v13/v1357	SES048	-0.028059	-30.1628	-30.1347
spk_ver/v13/v1358	SES226	0.0125942	-29.288	-29.3006
spk_ver/v13/v1359	SES016	-0.0673637	-29.8849	-29.8175
spk_ver/v13/v1360	SES275	-0.0371933	-32.5442	-32.507
spk_ver/v13/v1361	SES068	-0.0219421	-30.4113	-30.3894
spk_ver/v13/v1362	SES275	0.0150166	-28.5373	-28.5523
spk_ver/v13/v1363	SES275	-0.0197468	-31.4948	-31.4751
spk_ver/v13/v1364	SES275	-0.0114002	-30.3144	-30.303
spk_ver/v13/v1365	SES275	-0.00551224	-29.6235	-29.618
spk_ver/v13/v1366	SES187	0.0558319	-30.8739	-30.9297
spk_ver/v13/v1367	SES275	0.00021553	-29.9749	-29.9751
spk_ver/v13/v1368	SES125	-0.0162926	-29.7757	-29.7594
spk_ver/v13/v1369	SES275	-0.0276947	-31.6365	-31.6088
spk_ver/v13/v1370	SES292	-0.0840569	-28.9712	-28.8871
spk_ver/v13/v1371	SES292	0.0147343	-30.3429	-30.3576
spk_ver/v13/v1372	SES292	-0.0269623	-29.6367	-29.6097
spk_ver/v13/v1373	SES292	0.0485191	-30.6802	-30.7288
spk_ver/v13/v1374	SES101	0.0193329	-28.892	-28.9113
spk_ver/v13/v1375	SES292	-0.0682907	-29.1418	-29.0736
spk_ver/v13/v1376	SES292	0.00482368	-30.2278	-30.2326
spk_ver/v13/v1377	SES292	-0.0890083	-28.9048	-28.8158
spk_ver/v13/v1378	SES292	-0.00347519	-30.1796	-30.1761
spk_ver/v13/v1379	SES292	0.116653	-31.7577	-31.8744
spk_ver/v13/v1380	SES292	-0.0457973	-29.1184	-29.0726
spk_ver/v13/v1381	SES292	-0.0502224	-29.5942	-29.544
spk_ver/v13/v1382	SES292	0.0457058	-30.7564	-30.8021
spk_ver/v13/v1383	SES292	-0.0464745	-29.337	-29.2905
spk_ver/v13/v1384	SES292	0.068119	-31.0116	-31.0797
spk_ver/v13/v1385	SES292	0.0608959	-30.8254	-30.8863
spk_ver/v13/v1386	SES292	-0.0415363	-29.5795	-29.538
spk_ver/v13/v1387	SES158	0.0595188	-28.7058	-28.7653
spk_ver/v13/v1388	SES292	0.078537	-31.0898	-31.1684
spk_ver/v13/v1389	SES292	0.0214996	-30.4659	-30.4874
spk_ver/v13/v1390	SES292	0.163708	-32.5825	-32.7462
spk_ver/v13/v1391	SES292	-0.000812531	-30.0934	-30.0925
spk_ver/v13/v1392	SES292	-0.0176773	-29.8133	-29.7956
spk_ver/v13/v1393	SES292	-0.0655003	-29.1893	-29.1238
spk_ver/v13/v1394	SES292	0.0353184	-30.6436	-30.6789
spk_ver/v13/v1395	SES292	-0.0086956	-29.9171	-29.9085
spk_ver/v13/v1396	SES117	0.0179176	-30.2881	-30.306
spk_ver/v13/v1397	SES292	-0.0294609	-29.8163	-29.7868
spk_ver/v13/v1398	SES292	-0.061697	-29.0512	-28.9895
spk_ver/v13/v1399	SES292	0.0179634	-30.4735	-30.4915
