BLOCK00/SES002/SA002S12	SES002	0.878399	-7.12962	-8.00802
BLOCK00/SES002/SA002S13	SES002	1.23971	-7.82438	-9.06409
BLOCK00/SES002/SA002S23	SES002	1.25312	-7.01839	-8.27151
BLOCK00/SES002/SA002S26	SES002	0.756104	-8.9445	-9.7006
BLOCK00/SES002/SA002S28	SES002	0.19622	-8.59111	-8.78733
BLOCK00/SES007/SA007S14	SES007	1.39319	-6.21142	-7.60461
BLOCK00/SES007/SA007S15	SES007	0.60909	-7.30338	-7.91247
BLOCK00/SES007/SA007S24	SES007	0.819746	-6.59649	-7.41624
BLOCK00/SES007/SA007S27	SES007	0.545799	-8.46178	-9.00758
BLOCK00/SES007/SA007S29	SES007	0.424639	-6.66025	-7.08489
BLOCK00/SES008/SA008S11	SES008	1.37078	-6.03416	-7.40494
BLOCK00/SES008/SA008S12	SES008	0.48915	-6.6788	-7.16795
BLOCK00/SES008/SA008S19	SES008	1.30477	-6.22104	-7.52581
BLOCK00/SES008/SA008S22	SES008	0.478957	-7.71415	-8.19311
BLOCK00/SES008/SA008S29	SES008	1.10557	-6.03907	-7.14464
BLOCK01/SES014/SA014S10	SES014	0.581872	-7.7592	-8.34107
BLOCK01/SES014/SA014S12	SES014	1.88528	-6.58698	-8.47226
BLOCK01/SES014/SA014S24	SES014	1.16379	-7.32303	-8.48682
BLOCK01/SES014/SA014S26	SES014	1.37239	-6.9265	-8.29889
BLOCK01/SES014/SA014S28	SES014	2.38411	-5.41703	-7.80114
BLOCK01/SES016/SA016S12	SES016	0.038209	-10.0689	-10.1071
BLOCK01/SES016/SA016S13	SES016	0.746457	-7.6969	-8.44336
BLOCK01/SES016/SA016S22	SES016	1.25069	-7.13172	-8.38241
BLOCK01/SES016/SA016S25	SES016	1.24788	-5.57231	-6.82018
BLOCK01/SES016/SA016S27	SES016	1.85559	-6.82317	-8.67876
BLOCK01/SES019/SA019S13	SES019	2.55109	-6.13808	-8.68917
BLOCK01/SES019/SA019S14	SES019	1.51496	-8.03415	-9.54911
BLOCK01/SES019/SA019S22	SES019	2.3509	-6.13573	-8.48662
BLOCK01/SES019/SA019S25	SES019	2.25628	-7.41824	-9.67452
BLOCK01/SES019/SA019S29	SES019	3.19761	-7.08908	-10.2867
BLOCK02/SES029/SA029S11	SES029	1.0326	-5.99373	-7.02633
BLOCK02/SES029/SA029S12	SES029	0.32495	-6.91844	-7.24339
BLOCK02/SES029/SA029S20	SES029	0.633674	-6.17673	-6.8104
BLOCK02/SES029/SA029S25	SES029	0.563838	-7.6273	-8.19113
BLOCK02/SES029/SA029S28	SES029	0.392836	-7.11771	-7.51055
BLOCK04/SES042/SA042S12	SES042	1.48653	-6.51728	-8.00381
BLOCK04/SES042/SA042S15	SES042	1.55344	-6.13971	-7.69315
BLOCK04/SES042/SA042S22	SES042	2.76311	-7.67257	-10.4357
BLOCK04/SES042/SA042S25	SES042	1.59186	-8.43011	-10.022
BLOCK04/SES042/SA042S27	SES042	1.85361	-7.56049	-9.4141
BLOCK04/SES048/SA048S11	SES048	1.19109	-5.80243	-6.99352
BLOCK04/SES048/SA048S12	SES048	0.446074	-7.86354	-8.30961
BLOCK04/SES048/SA048S20	SES048	0.479502	-6.67011	-7.14961
BLOCK04/SES048/SA048S23	SES048	0.797665	-6.78145	-7.57911
BLOCK04/SES048/SA048S27	SES048	-0.45862	-7.98011	-7.52149
BLOCK06/SES060/SA060S11	SES060	1.7003	-6.89987	-8.60017
BLOCK06/SES060/SA060S12	SES060	0.610271	-8.39076	-9.00103
BLOCK06/SES060/SA060S22	SES060	-0.519206	-9.41576	-8.89655
BLOCK06/SES060/SA060S24	SES060	1.37892	-5.53865	-6.91756
BLOCK06/SES060/SA060S28	SES060	1.29889	-5.24017	-6.53907
BLOCK06/SES062/SA062S10	SES062	0.494572	-7.00768	-7.50226
BLOCK06/SES062/SA062S11	SES062	0.84273	-8.12585	-8.96858
BLOCK06/SES062/SA062S21	SES062	0.76435	-5.4028	-6.16715
BLOCK06/SES062/SA062S26	SES062	0.626726	-7.02402	-7.65074
BLOCK06/SES062/SA062S29	SES062	1.15858	-5.83652	-6.9951
BLOCK06/SES068/SA068S14	SES068	0.274771	-7.5556	-7.83037
BLOCK06/SES068/SA068S15	SES068	0.99053	-7.16319	-8.15372
BLOCK06/SES068/SA068S23	SES068	0.617557	-7.5837	-8.20126
BLOCK06/SES068/SA068S27	SES068	1.60865	-6.36681	-7.97546
BLOCK06/SES068/SA068S29	SES068	0.944817	-7.03896	-7.98377
BLOCK08/SES082/SA082S12	SES082	0.0323362	-8.18085	-8.21319
BLOCK08/SES082/SA082S14	SES082	0.267704	-7.71921	-7.98691
BLOCK08/SES082/SA082S21	SES082	0.354343	-7.32183	-7.67618
BLOCK08/SES082/SA082S24	SES082	0.112902	-7.95951	-8.07241
BLOCK08/SES082/SA082S28	SES082	0.461463	-7.73696	-8.19842
BLOCK08/SES083/SA083S14	SES083	0.055254	-7.06594	-7.1212
BLOCK08/SES083/SA083S15	SES083	0.981391	-6.88875	-7.87014
BLOCK08/SES083/SA083S24	SES083	0.516639	-7.52028	-8.03692
BLOCK08/SES083/SA083S26	SES083	0.625001	-8.32747	-8.95247
BLOCK08/SES083/SA083S29	SES083	0.255351	-7.94995	-8.2053
BLOCK08/SES085/SA085S10	SES085	1.07842	-6.0867	-7.16511
BLOCK08/SES085/SA085S13	SES085	0.201554	-8.20812	-8.40967
BLOCK08/SES085/SA085S22	SES085	1.06346	-6.74305	-7.80652
BLOCK08/SES085/SA085S26	SES085	0.138433	-8.03279	-8.17122
BLOCK08/SES085/SA085S28	SES085	0.615931	-6.98387	-7.5998
BLOCK08/SES087/SA087S15	SES087	1.34947	-7.52488	-8.87435
BLOCK08/SES087/SA087S16	SES087	1.48026	-7.16667	-8.64693
BLOCK08/SES087/SA087S24	SES087	1.14742	-8.08307	-9.23049
BLOCK08/SES087/SA087S26	SES087	0.771081	-6.8892	-7.66028
BLOCK08/SES087/SA087S29	SES087	1.29488	-6.41235	-7.70723
BLOCK09/SES099/SA099S15	SES099	1.38198	-7.41549	-8.79748
BLOCK09/SES099/SA099S16	SES099	0.888197	-6.70451	-7.59271
BLOCK09/SES099/SA099S24	SES099	0.807752	-7.29132	-8.09907
BLOCK09/SES099/SA099S26	SES099	1.54083	-7.07905	-8.61988
BLOCK09/SES099/SA099S29	SES099	1.10158	-7.66863	-8.77021
BLOCK10/SES101/SA101S11	SES101	0.750548	-6.52903	-7.27958
BLOCK10/SES101/SA101S13	SES101	1.33518	-4.9764	-6.31157
BLOCK10/SES101/SA101S22	SES101	0.952815	-8.11015	-9.06296
BLOCK10/SES101/SA101S24	SES101	0.666739	-6.91728	-7.58402
BLOCK10/SES101/SA101S28	SES101	0.862059	-6.96622	-7.82828
BLOCK10/SES104/SA104S11	SES104	1.61711	-6.28692	-7.90403
BLOCK10/SES104/SA104S12	SES104	0.925925	-7.24265	-8.16858
BLOCK10/SES104/SA104S21	SES104	0.702588	-7.57	-8.27259
BLOCK10/SES104/SA104S24	SES104	0.666039	-8.50688	-9.17292
BLOCK10/SES104/SA104S28	SES104	1.52213	-7.74121	-9.26334
BLOCK10/SES105/SA105S12	SES105	1.0633	-7.96184	-9.02514
BLOCK10/SES105/SA105S13	SES105	0.209524	-7.3674	-7.57692
BLOCK10/SES105/SA105S22	SES105	0.68369	-8.10796	-8.79165
BLOCK10/SES105/SA105S26	SES105	0.422842	-8.08003	-8.50287
BLOCK10/SES105/SA105S29	SES105	1.3366	-6.03418	-7.37078
BLOCK10/SES106/SA106S09	SES106	1.21092	-7.36702	-8.57793
BLOCK10/SES106/SA106S11	SES106	0.670804	-7.12601	-7.79681
BLOCK10/SES106/SA106S22	SES106	1.19682	-8.05793	-9.25475
BLOCK10/SES106/SA106S27	SES106	0.954654	-6.71611	-7.67076
BLOCK10/SES106/SA106S29	SES106	0.780921	-7.17744	-7.95836
BLOCK11/SES117/SA117S12	SES117	0.81135	-8.13442	-8.94577
BLOCK11/SES117/SA117S13	SES117	0.335896	-8.27007	-8.60597
BLOCK11/SES117/SA117S23	SES117	1.25424	-8.85366	-10.1079
BLOCK11/SES117/SA117S25	SES117	0.960919	-7.69344	-8.65436
BLOCK11/SES117/SA117S28	SES117	1.48686	-8.00312	-9.48997
BLOCK12/SES120/SA120S08	SES120	0.281573	-8.29744	-8.57901
BLOCK12/SES120/SA120S11	SES120	0.668872	-11.7146	-12.3834
BLOCK12/SES120/SA120S22	SES120	0.504953	-7.04677	-7.55172
BLOCK12/SES120/SA120S24	SES120	0.619632	-8.46209	-9.08172
BLOCK12/SES120/SA120S28	SES120	0.00882339	-9.01878	-9.0276
BLOCK12/SES125/SA125S13	SES125	1.48193	-7.39036	-8.8723
BLOCK12/SES125/SA125S14	SES125	0.527359	-8.80779	-9.33515
BLOCK12/SES125/SA125S25	SES125	1.25137	-7.70273	-8.9541
BLOCK12/SES125/SA125S27	SES125	0.905031	-6.85945	-7.76448
BLOCK12/SES125/SA125S29	SES125	0.433501	-7.1861	-7.6196
BLOCK12/SES127/SA127S11	SES127	0.738426	-7.07321	-7.81163
BLOCK12/SES127/SA127S12	SES127	0.493982	-5.35577	-5.84975
BLOCK12/SES127/SA127S23	SES127	0.652658	-6.26811	-6.92077
BLOCK12/SES127/SA127S25	SES127	0.610133	-6.36824	-6.97837
BLOCK12/SES127/SA127S27	SES127	1.19705	-6.37507	-7.57212
BLOCK12/SES129/SA129S11	SES129	1.37864	-5.37941	-6.75804
BLOCK12/SES129/SA129S12	SES129	1.19816	-5.50498	-6.70315
BLOCK12/SES129/SA129S22	SES129	0.950984	-6.59903	-7.55001
BLOCK12/SES129/SA129S27	SES129	1.08445	-6.34027	-7.42472
BLOCK12/SES129/SA129S29	SES129	0.957314	-8.10524	-9.06256
BLOCK14/SES142/SA142S11	SES142	1.85129	-5.6779	-7.52919
BLOCK14/SES142/SA142S12	SES142	0.462804	-8.12092	-8.58372
BLOCK14/SES142/SA142S24	SES142	0.684565	-6.91901	-7.60357
BLOCK14/SES142/SA142S27	SES142	1.20267	-6.85125	-8.05392
BLOCK14/SES142/SA142S29	SES142	1.17711	-6.52283	-7.69994
BLOCK14/SES143/SA143S12	SES143	1.15411	-6.41071	-7.56481
BLOCK14/SES143/SA143S13	SES143	0.710337	-7.04775	-7.75809
BLOCK14/SES143/SA143S23	SES143	0.843315	-7.36099	-8.20431
BLOCK14/SES143/SA143S25	SES143	1.01462	-7.72492	-8.73954
BLOCK14/SES143/SA143S28	SES143	0.83217	-7.40149	-8.23366
BLOCK14/SES144/SA144S09	SES144	0.505904	-7.56019	-8.0661
BLOCK14/SES144/SA144S11	SES144	0.319966	-6.8732	-7.19317
BLOCK14/SES144/SA144S21	SES144	-0.197025	-8.38525	-8.18822
BLOCK14/SES144/SA144S25	SES144	0.66713	-7.65069	-8.31782
BLOCK14/SES144/SA144S29	SES144	0.0200758	-8.39894	-8.41901
BLOCK14/SES146/SA146S14	SES146	0.528197	-7.73544	-8.26364
BLOCK14/SES146/SA146S15	SES146	0.400269	-8.38285	-8.78312
BLOCK14/SES146/SA146S24	SES146	0.852849	-7.50437	-8.35721
BLOCK14/SES146/SA146S26	SES146	0.864639	-7.23648	-8.10112
BLOCK14/SES146/SA146S29	SES146	0.664945	-8.19023	-8.85518
BLOCK14/SES147/SA147S11	SES147	0.63841	-7.70481	-8.34322
BLOCK14/SES147/SA147S13	SES147	1.07869	-6.14753	-7.22622
BLOCK14/SES147/SA147S23	SES147	1.09966	-6.79171	-7.89138
BLOCK14/SES147/SA147S26	SES147	0.999074	-6.97904	-7.97811
BLOCK14/SES147/SA147S28	SES147	1.08845	-6.0699	-7.15834
BLOCK14/SES148/SA148S10	SES148	0.364284	-6.45883	-6.82311
BLOCK14/SES148/SA148S12	SES148	0.675462	-7.41797	-8.09344
BLOCK14/SES148/SA148S22	SES148	0.542006	-6.36887	-6.91088
BLOCK14/SES148/SA148S26	SES148	-0.0105901	-6.06939	-6.0588
BLOCK14/SES148/SA148S29	SES148	0.165439	-7.54845	-7.71389
BLOCK14/SES149/SA149S13	SES149	0.285606	-6.78192	-7.06753
BLOCK14/SES149/SA149S14	SES149	0.57875	-6.00593	-6.58468
BLOCK14/SES149/SA149S24	SES149	0.813844	-6.79089	-7.60473
BLOCK14/SES149/SA149S26	SES149	0.901502	-6.06305	-6.96455
BLOCK14/SES149/SA149S28	SES149	0.98668	-5.44337	-6.43005
BLOCK15/SES158/SA158S13	SES158	1.43702	-7.12294	-8.55997
BLOCK15/SES158/SA158S14	SES158	0.92417	-8.23693	-9.16111
BLOCK15/SES158/SA158S23	SES158	1.30337	-6.41474	-7.71811
BLOCK15/SES158/SA158S26	SES158	1.45605	-7.45243	-8.90848
BLOCK15/SES158/SA158S28	SES158	1.22854	-7.44948	-8.67802
BLOCK16/SES162/SA162S10	SES162	0.844908	-7.86619	-8.7111
BLOCK16/SES162/SA162S11	SES162	0.86758	-6.12274	-6.99032
BLOCK16/SES162/SA162S21	SES162	0.962568	-6.8783	-7.84087
BLOCK16/SES162/SA162S24	SES162	1.22444	-6.77324	-7.99769
BLOCK16/SES162/SA162S27	SES162	1.51084	-8.15479	-9.66563
BLOCK16/SES167/SA167S14	SES167	0.950763	-6.38273	-7.3335
BLOCK16/SES167/SA167S15	SES167	1.79235	-5.71882	-7.51118
BLOCK16/SES167/SA167S21	SES167	1.57842	-5.59447	-7.1729
BLOCK16/SES167/SA167S25	SES167	2.29679	-5.61489	-7.91168
BLOCK16/SES167/SA167S29	SES167	2.36197	-4.79755	-7.15952
BLOCK17/SES172/SA172S12	SES172	1.28592	-7.64952	-8.93544
BLOCK17/SES172/SA172S13	SES172	0.702912	-8.41168	-9.1146
BLOCK17/SES172/SA172S23	SES172	1.00537	-6.43916	-7.44452
BLOCK17/SES172/SA172S27	SES172	0.725305	-8.3589	-9.0842
BLOCK17/SES172/SA172S29	SES172	1.51	-6.7568	-8.2668
BLOCK17/SES175/SA175S11	SES175	0.776523	-7.44969	-8.22622
BLOCK17/SES175/SA175S13	SES175	0.795672	-4.96205	-5.75772
BLOCK17/SES175/SA175S23	SES175	1.04954	-5.95856	-7.0081
BLOCK17/SES175/SA175S25	SES175	0.18663	-7.88366	-8.07029
BLOCK17/SES175/SA175S28	SES175	0.923174	-6.56785	-7.49102
BLOCK17/SES177/SA177S15	SES177	0.611193	-7.90651	-8.5177
BLOCK17/SES177/SA177S17	SES177	0.581875	-7.63349	-8.21537
BLOCK17/SES177/SA177S23	SES177	0.42768	-7.85061	-8.27829
BLOCK17/SES177/SA177S26	SES177	1.27816	-4.99081	-6.26897
BLOCK17/SES177/SA177S28	SES177	0.966415	-7.76366	-8.73008
BLOCK18/SES180/SA180S13	SES180	0.0257111	-8.75115	-8.77686
BLOCK18/SES180/SA180S15	SES180	0.763873	-7.11529	-7.87916
BLOCK18/SES180/SA180S24	SES180	0.583879	-6.12786	-6.71173
BLOCK18/SES180/SA180S26	SES180	0.538613	-6.79954	-7.33816
BLOCK18/SES180/SA180S29	SES180	-0.0244646	-8.63848	-8.61402
BLOCK18/SES183/SA183S13	SES183	1.20115	-6.78496	-7.98612
BLOCK18/SES183/SA183S14	SES183	-0.0875254	-7.818	-7.73047
BLOCK18/SES183/SA183S24	SES183	1.0738	-7.7243	-8.7981
BLOCK18/SES183/SA183S27	SES183	0.997877	-7.99814	-8.99602
BLOCK18/SES183/SA183S29	SES183	1.27207	-6.84807	-8.12014
BLOCK18/SES187/SA187S13	SES187	0.671889	-8.13095	-8.80284
BLOCK18/SES187/SA187S14	SES187	0.383459	-8.54554	-8.929
BLOCK18/SES187/SA187S24	SES187	1.19712	-7.4287	-8.62582
BLOCK18/SES187/SA187S27	SES187	0.735298	-8.08893	-8.82423
BLOCK18/SES187/SA187S29	SES187	0.815246	-9.34251	-10.1578
BLOCK18/SES189/SA189S10	SES189	1.20095	-7.87725	-9.0782
BLOCK18/SES189/SA189S13	SES189	1.21229	-9.403	-10.6153
BLOCK18/SES189/SA189S24	SES189	0.906458	-7.18411	-8.09057
BLOCK18/SES189/SA189S26	SES189	0.914001	-7.3393	-8.2533
BLOCK18/SES189/SA189S29	SES189	1.23818	-7.09027	-8.32845
BLOCK20/SES202/SA202S12	SES202	0.96332	-7.55631	-8.51963
BLOCK20/SES202/SA202S14	SES202	1.25328	-7.3722	-8.62548
BLOCK20/SES202/SA202S24	SES202	0.533057	-8.34061	-8.87367
BLOCK20/SES202/SA202S27	SES202	1.0656	-6.61245	-7.67806
BLOCK20/SES202/SA202S29	SES202	0.931391	-7.18821	-8.1196
BLOCK20/SES206/SA206S15	SES206	-0.445581	-6.94474	-6.49916
BLOCK20/SES206/SA206S17	SES206	1.21113	-7.43458	-8.64571
BLOCK20/SES206/SA206S24	SES206	1.48287	-5.77555	-7.25842
BLOCK20/SES206/SA206S27	SES206	1.57688	-7.49807	-9.07495
BLOCK20/SES206/SA206S29	SES206	1.72255	-6.54039	-8.26294
BLOCK22/SES226/SA226S12	SES226	1.11875	-7.19042	-8.30917
BLOCK22/SES226/SA226S13	SES226	-0.380549	-7.98698	-7.60643
BLOCK22/SES226/SA226S20	SES226	0.697207	-7.11057	-7.80777
BLOCK22/SES226/SA226S23	SES226	0.549008	-7.11038	-7.65939
BLOCK22/SES226/SA226S28	SES226	1.61476	-6.32758	-7.94234
BLOCK25/SES259/SA259S13	SES259	2.67933	-6.63324	-9.31257
BLOCK25/SES259/SA259S14	SES259	1.64165	-6.45104	-8.09269
BLOCK25/SES259/SA259S22	SES259	1.73628	-6.46936	-8.20564
BLOCK25/SES259/SA259S24	SES259	1.11804	-7.67363	-8.79167
BLOCK25/SES259/SA259S28	SES259	1.74618	-6.73283	-8.47901
BLOCK27/SES270/SA270S14	SES270	1.47488	-7.19413	-8.66901
BLOCK27/SES270/SA270S16	SES270	0.4192	-7.16835	-7.58755
BLOCK27/SES270/SA270S22	SES270	1.8544	-6.68958	-8.54398
BLOCK27/SES270/SA270S26	SES270	0.93961	-7.26272	-8.20233
BLOCK27/SES270/SA270S28	SES270	1.35941	-6.38628	-7.74569
BLOCK27/SES275/SA275S17	SES275	0.855303	-6.65455	-7.50985
BLOCK27/SES275/SA275S18	SES275	0.292891	-7.57303	-7.86592
BLOCK27/SES275/SA275S24	SES275	0.384408	-7.70108	-8.08549
BLOCK27/SES275/SA275S26	SES275	0.837442	-6.9249	-7.76234
BLOCK27/SES275/SA275S28	SES275	0.595737	-7.24192	-7.83766
BLOCK29/SES292/SA292S10	SES292	-0.233548	-7.16884	-6.9353
BLOCK29/SES292/SA292S12	SES292	0.430368	-8.50233	-8.93269
BLOCK29/SES292/SA292S22	SES292	0.200179	-7.6501	-7.85028
BLOCK29/SES292/SA292S24	SES292	0.43164	-6.87037	-7.30201
BLOCK29/SES292/SA292S27	SES292	0.169005	-7.45255	-7.62156
BLOCK00/SES001/SA001S14	SES062	-2.26615	-11.0753	-8.8092
BLOCK00/SES001/SA001S14	SES082	-1.04236	-9.85156	-8.8092
BLOCK00/SES001/SA001S14	SES106	-1.11631	-9.92551	-8.8092
BLOCK00/SES001/SA001S14	SES206	-0.880009	-9.68921	-8.8092
BLOCK00/SES001/SA001S15	SES062	-1.89625	-9.43466	-7.53841
BLOCK00/SES001/SA001S15	SES104	-1.27693	-8.81534	-7.53841
BLOCK00/SES001/SA001S15	SES106	-0.605344	-8.14375	-7.53841
BLOCK00/SES001/SA001S15	SES206	-1.50427	-9.04268	-7.53841
BLOCK00/SES001/SA001S24	SES062	-1.56948	-9.97677	-8.40729
BLOCK00/SES001/SA001S24	SES082	-0.841501	-9.24879	-8.40729
BLOCK00/SES001/SA001S24	SES087	-1.4629	-9.87019	-8.40729
BLOCK00/SES001/SA001S24	SES206	-1.09791	-9.5052	-8.40729
BLOCK00/SES001/SA001S27	SES062	-1.28771	-7.4943	-6.20659
BLOCK00/SES001/SA001S27	SES082	-0.710407	-6.917	-6.20659
BLOCK00/SES001/SA001S27	SES087	-0.779793	-6.98639	-6.20659
BLOCK00/SES001/SA001S27	SES206	-1.45443	-7.66102	-6.20659
BLOCK00/SES001/SA001S29	SES062	-2.2589	-11.0458	-8.78691
BLOCK00/SES001/SA001S29	SES082	-0.866152	-9.65306	-8.78691
BLOCK00/SES001/SA001S29	SES158	-0.761489	-9.5484	-8.78691
BLOCK00/SES001/SA001S29	SES206	-1.55174	-10.3387	-8.78691
BLOCK00/SES003/SA003S11	SES002	-0.0141172	-8.08108	-8.06697
BLOCK00/SES003/SA003S11	SES019	-1.50314	-9.57011	-8.06697
BLOCK00/SES003/SA003S11	SES082	-0.418003	-8.48497	-8.06697
BLOCK00/SES003/SA003S11	SES125	-0.952043	-9.01901	-8.06697
BLOCK00/SES003/SA003S15	SES016	-1.15815	-8.32656	-7.16841
BLOCK00/SES003/SA003S15	SES019	-2.10839	-9.27679	-7.16841
BLOCK00/SES003/SA003S15	SES062	0.345296	-6.82311	-7.16841
BLOCK00/SES003/SA003S15	SES206	0.173675	-6.99473	-7.16841
BLOCK00/SES003/SA003S22	SES002	-0.233609	-7.74344	-7.50984
BLOCK00/SES003/SA003S22	SES062	-0.143898	-7.65373	-7.50984
BLOCK00/SES003/SA003S22	SES082	-1.11093	-8.62076	-7.50984
BLOCK00/SES003/SA003S22	SES087	-0.519817	-8.02965	-7.50984
BLOCK00/SES003/SA003S25	SES062	-2.04758	-10.8765	-8.82893
BLOCK00/SES003/SA003S25	SES082	-1.60848	-10.4374	-8.82893
BLOCK00/SES003/SA003S25	SES087	-1.23751	-10.0664	-8.82893
BLOCK00/SES003/SA003S25	SES206	-1.68671	-10.5156	-8.82893
BLOCK00/SES003/SA003S29	SES002	-0.717179	-8.84583	-8.12865
BLOCK00/SES003/SA003S29	SES062	-1.73454	-9.86319	-8.12865
BLOCK00/SES003/SA003S29	SES082	-0.775413	-8.90406	-8.12865
BLOCK00/SES003/SA003S29	SES087	-1.08074	-9.20939	-8.12865
BLOCK00/SES004/SA004S12	SES083	-0.425347	-7.26238	-6.83703
BLOCK00/SES004/SA004S12	SES148	-0.920987	-7.75802	-6.83703
BLOCK00/SES004/SA004S12	SES172	0.369234	-6.4678	-6.83703
BLOCK00/SES004/SA004S12	SES292	-0.896291	-7.73332	-6.83703
BLOCK00/SES004/SA004S17	SES083	-0.48298	-7.70315	-7.22017
BLOCK00/SES004/SA004S17	SES162	-0.195164	-7.41534	-7.22017
BLOCK00/SES004/SA004S17	SES172	0.269449	-6.95072	-7.22017
BLOCK00/SES004/SA004S17	SES292	-0.691167	-7.91134	-7.22017
BLOCK00/SES004/SA004S24	SES083	-0.347506	-7.51261	-7.1651
BLOCK00/SES004/SA004S24	SES148	-1.41541	-8.58051	-7.1651
BLOCK00/SES004/SA004S24	SES172	0.170743	-6.99436	-7.1651
BLOCK00/SES004/SA004S24	SES292	-0.413552	-7.57865	-7.1651
BLOCK00/SES004/SA004S26	SES083	-0.430269	-8.57874	-8.14847
BLOCK00/SES004/SA004S26	SES127	0.010643	-8.13783	-8.14847
BLOCK00/SES004/SA004S26	SES148	-1.8717	-10.0202	-8.14847
BLOCK00/SES004/SA004S26	SES292	-1.01927	-9.16774	-8.14847
BLOCK00/SES004/SA004S28	SES083	-0.786312	-7.51932	-6.73301
BLOCK00/SES004/SA004S28	SES127	0.159433	-6.57358	-6.73301
BLOCK00/SES004/SA004S28	SES187	0.251744	-6.48127	-6.73301
BLOCK00/SES004/SA004S28	SES292	-0.929187	-7.6622	-6.73301
BLOCK00/SES006/SA006S10	SES014	-2.46807	-12.2308	-9.76268
BLOCK00/SES006/SA006S10	SES158	-2.27608	-12.0388	-9.76268
BLOCK00/SES006/SA006S10	SES226	-2.25218	-12.0149	-9.76268
BLOCK00/SES006/SA006S10	SES270	-1.0493	-10.812	-9.76268
BLOCK00/SES006/SA006S11	SES158	-1.90221	-11.0716	-9.1694
BLOCK00/SES006/SA006S11	SES226	-1.41475	-10.5842	-9.1694
BLOCK00/SES006/SA006S11	SES270	-0.434675	-9.60408	-9.1694
BLOCK00/SES006/SA006S11	SES275	-1.19512	-10.3645	-9.1694
BLOCK00/SES006/SA006S23	SES062	-2.55712	-11.7115	-9.15439
BLOCK00/SES006/SA006S23	SES105	-2.44224	-11.5966	-9.15439
BLOCK00/SES006/SA006S23	SES158	-2.33461	-11.489	-9.15439
BLOCK00/SES006/SA006S23	SES275	-1.75861	-10.913	-9.15439
BLOCK00/SES006/SA006S26	SES104	-2.55803	-12.2516	-9.69355
BLOCK00/SES006/SA006S26	SES158	-2.4924	-12.1859	-9.69355
BLOCK00/SES006/SA006S26	SES270	-0.0580072	-9.75155	-9.69355
BLOCK00/SES006/SA006S26	SES275	-1.85871	-11.5523	-9.69355
BLOCK00/SES006/SA006S28	SES007	-1.0975	-10.6556	-9.55807
BLOCK00/SES006/SA006S28	SES105	-2.21078	-11.7689	-9.55807
BLOCK00/SES006/SA006S28	SES158	-1.40328	-10.9613	-9.55807
BLOCK00/SES006/SA006S28	SES275	-1.85089	-11.409	-9.55807
BLOCK00/SES009/SA009S12	SES083	-1.66435	-10.2416	-8.57724
BLOCK00/SES009/SA009S12	SES148	-2.04712	-10.6244	-8.57724
BLOCK00/SES009/SA009S12	SES177	-0.141232	-8.71848	-8.57724
BLOCK00/SES009/SA009S12	SES292	-0.354668	-8.93191	-8.57724
BLOCK00/SES009/SA009S15	SES007	0.749497	-7.19399	-7.94348
BLOCK00/SES009/SA009S15	SES099	-2.46791	-10.4114	-7.94348
BLOCK00/SES009/SA009S15	SES148	-0.836182	-8.77966	-7.94348
BLOCK00/SES009/SA009S15	SES172	-0.645632	-8.58912	-7.94348
BLOCK00/SES009/SA009S24	SES146	-0.401965	-9.04278	-8.64081
BLOCK00/SES009/SA009S24	SES148	-1.71957	-10.3604	-8.64081
BLOCK00/SES009/SA009S24	SES177	-0.213863	-8.85467	-8.64081
BLOCK00/SES009/SA009S24	SES292	-0.378368	-9.01918	-8.64081
BLOCK00/SES009/SA009S26	SES083	-1.89159	-9.91975	-8.02816
BLOCK00/SES009/SA009S26	SES101	-1.34247	-9.37063	-8.02816
BLOCK00/SES009/SA009S26	SES120	-0.242857	-8.27102	-8.02816
BLOCK00/SES009/SA009S26	SES177	-0.471719	-8.49988	-8.02816
BLOCK00/SES009/SA009S29	SES083	-1.41345	-9.28609	-7.87264
BLOCK00/SES009/SA009S29	SES101	-1.19155	-9.06419	-7.87264
BLOCK00/SES009/SA009S29	SES177	-0.29963	-8.17227	-7.87264
BLOCK00/SES009/SA009S29	SES292	-0.561629	-8.43427	-7.87264
BLOCK01/SES011/SA011S10	SES019	-2.18667	-12.0575	-9.8708
BLOCK01/SES011/SA011S10	SES042	1.49904	-8.37176	-9.8708
BLOCK01/SES011/SA011S10	SES082	-0.232808	-10.1036	-9.8708
BLOCK01/SES011/SA011S10	SES206	0.027544	-9.84326	-9.8708
BLOCK01/SES011/SA011S11	SES019	-2.28996	-10.6971	-8.40711
BLOCK01/SES011/SA011S11	SES042	0.3491	-8.05801	-8.40711
BLOCK01/SES011/SA011S11	SES082	-0.641396	-9.04851	-8.40711
BLOCK01/SES011/SA011S11	SES206	-0.844492	-9.25161	-8.40711
BLOCK01/SES011/SA011S22	SES019	-1.95095	-11.2204	-9.26941
BLOCK01/SES011/SA011S22	SES042	0.732121	-8.53728	-9.26941
BLOCK01/SES011/SA011S22	SES082	-0.955616	-10.225	-9.26941
BLOCK01/SES011/SA011S22	SES206	-0.676012	-9.94542	-9.26941
BLOCK01/SES011/SA011S24	SES019	-2.12041	-10.9627	-8.84228
BLOCK01/SES011/SA011S24	SES042	0.959836	-7.88245	-8.84228
BLOCK01/SES011/SA011S24	SES104	0.00107574	-8.84121	-8.84228
BLOCK01/SES011/SA011S24	SES206	-0.0581722	-8.90046	-8.84228
BLOCK01/SES011/SA011S27	SES082	-0.15049	-8.71433	-8.56384
BLOCK01/SES011/SA011S27	SES087	-1.59919	-10.163	-8.56384
BLOCK01/SES011/SA011S27	SES125	-0.561893	-9.12574	-8.56384
BLOCK01/SES011/SA011S27	SES206	-1.22396	-9.78781	-8.56384
BLOCK01/SES012/SA012S11	SES007	0.481225	-7.0755	-7.55672
BLOCK01/SES012/SA012S11	SES082	0.226727	-7.33	-7.55672
BLOCK01/SES012/SA012S11	SES083	-0.437901	-7.99463	-7.55672
BLOCK01/SES012/SA012S11	SES206	0.26279	-7.29393	-7.55672
BLOCK01/SES012/SA012S14	SES082	-0.224776	-8.97764	-8.75286
BLOCK01/SES012/SA012S14	SES087	-0.89044	-9.6433	-8.75286
BLOCK01/SES012/SA012S14	SES206	0.0103941	-8.74247	-8.75286
BLOCK01/SES012/SA012S14	SES292	-0.239089	-8.99195	-8.75286
BLOCK01/SES012/SA012S24	SES082	-0.256296	-10.189	-9.93267
BLOCK01/SES012/SA012S24	SES087	-0.619182	-10.5518	-9.93267
BLOCK01/SES012/SA012S24	SES120	-0.530501	-10.4632	-9.93267
BLOCK01/SES012/SA012S24	SES206	-0.184214	-10.1169	-9.93267
BLOCK01/SES012/SA012S26	SES019	-5.05187	-14.8328	-9.78092
BLOCK01/SES012/SA012S26	SES082	-0.640524	-10.4214	-9.78092
BLOCK01/SES012/SA012S26	SES206	1.15708	-8.62383	-9.78092
BLOCK01/SES012/SA012S26	SES292	0.380524	-9.40039	-9.78092
BLOCK01/SES012/SA012S29	SES062	-0.639856	-7.33633	-6.69647
BLOCK01/SES012/SA012S29	SES082	-0.0334539	-6.72993	-6.69647
BLOCK01/SES012/SA012S29	SES083	-1.01434	-7.71082	-6.69647
BLOCK01/SES012/SA012S29	SES206	0.463572	-6.2329	-6.69647
BLOCK01/SES013/SA013S16	SES062	-2.68436	-12.0559	-9.37156
BLOCK01/SES013/SA013S16	SES106	-1.70808	-11.0796	-9.37156
BLOCK01/SES013/SA013S16	SES206	-1.67164	-11.0432	-9.37156
BLOCK01/SES013/SA013S16	SES226	-1.26248	-10.634	-9.37156
BLOCK01/SES013/SA013S17	SES062	-1.24816	-9.29169	-8.04353
BLOCK01/SES013/SA013S17	SES106	-1.65197	-9.6955	-8.04353
BLOCK01/SES013/SA013S17	SES206	-0.676252	-8.71979	-8.04353
BLOCK01/SES013/SA013S17	SES226	-0.171041	-8.21457	-8.04353
BLOCK01/SES013/SA013S23	SES104	-0.563408	-9.74631	-9.1829
BLOCK01/SES013/SA013S23	SES106	-0.478977	-9.66188	-9.1829
BLOCK01/SES013/SA013S23	SES206	-1.938	-11.1209	-9.1829
BLOCK01/SES013/SA013S23	SES270	-1.47738	-10.6603	-9.1829
BLOCK01/SES013/SA013S25	SES042	-3.25772	-11.9125	-8.65482
BLOCK01/SES013/SA013S25	SES104	-0.165709	-8.82053	-8.65482
BLOCK01/SES013/SA013S25	SES106	-0.527092	-9.18191	-8.65482
BLOCK01/SES013/SA013S25	SES206	-1.27958	-9.9344	-8.65482
BLOCK01/SES013/SA013S29	SES062	-2.06704	-10.8254	-8.75838
BLOCK01/SES013/SA013S29	SES104	-1.13449	-9.89287	-8.75838
BLOCK01/SES013/SA013S29	SES106	-0.410421	-9.1688	-8.75838
BLOCK01/SES013/SA013S29	SES206	-2.23523	-10.9936	-8.75838
BLOCK02/SES021/SA021S13	SES016	-1.36232	-9.72416	-8.36184
BLOCK02/SES021/SA021S13	SES029	-0.689935	-9.05177	-8.36184
BLOCK02/SES021/SA021S13	SES087	-2.10636	-10.4682	-8.36184
BLOCK02/SES021/SA021S13	SES206	-1.29507	-9.65691	-8.36184
BLOCK02/SES021/SA021S15	SES087	-0.684754	-8.53317	-7.84841
BLOCK02/SES021/SA021S15	SES125	-1.13592	-8.98433	-7.84841
BLOCK02/SES021/SA021S15	SES206	-0.945009	-8.79342	-7.84841
BLOCK02/SES021/SA021S15	SES226	-0.95395	-8.80236	-7.84841
BLOCK02/SES021/SA021S23	SES062	-1.11849	-10.5086	-9.39011
BLOCK02/SES021/SA021S23	SES087	0.0913057	-9.2988	-9.39011
BLOCK02/SES021/SA021S23	SES206	-1.04634	-10.4364	-9.39011
BLOCK02/SES021/SA021S23	SES226	-0.248245	-9.63835	-9.39011
BLOCK02/SES021/SA021S27	SES002	-0.66775	-7.83964	-7.17189
BLOCK02/SES021/SA021S27	SES016	-2.44101	-9.6129	-7.17189
BLOCK02/SES021/SA021S27	SES019	-1.11527	-8.28717	-7.17189
BLOCK02/SES021/SA021S27	SES062	-0.546013	-7.71791	-7.17189
BLOCK02/SES021/SA021S29	SES087	-1.08654	-9.31534	-8.22879
BLOCK02/SES021/SA021S29	SES125	-1.3151	-9.54389	-8.22879
BLOCK02/SES021/SA021S29	SES206	-0.309447	-8.53824	-8.22879
BLOCK02/SES021/SA021S29	SES226	-1.12121	-9.35001	-8.22879
BLOCK04/SES043/SA043S09	SES083	0.090271	-8.88807	-8.97834
BLOCK04/SES043/SA043S09	SES101	-0.282619	-9.26096	-8.97834
BLOCK04/SES043/SA043S09	SES144	0.377289	-8.60105	-8.97834
BLOCK04/SES043/SA043S09	SES172	-0.787683	-9.76602	-8.97834
BLOCK04/SES043/SA043S11	SES083	-0.0837131	-7.487	-7.40329
BLOCK04/SES043/SA043S11	SES101	-0.244671	-7.64796	-7.40329
BLOCK04/SES043/SA043S11	SES144	0.426485	-6.9768	-7.40329
BLOCK04/SES043/SA043S11	SES172	-0.800607	-8.2039	-7.40329
BLOCK04/SES043/SA043S23	SES083	0.150215	-7.64407	-7.79429
BLOCK04/SES043/SA043S23	SES144	0.433238	-7.36105	-7.79429
BLOCK04/SES043/SA043S23	SES177	-0.722394	-8.51668	-7.79429
BLOCK04/SES043/SA043S23	SES275	-0.507955	-8.30224	-7.79429
BLOCK04/SES043/SA043S26	SES083	-0.16542	-9.51679	-9.35137
BLOCK04/SES043/SA043S26	SES101	-0.83433	-10.1857	-9.35137
BLOCK04/SES043/SA043S26	SES144	-0.297321	-9.6487	-9.35137
BLOCK04/SES043/SA043S26	SES177	-0.896299	-10.2477	-9.35137
BLOCK04/SES043/SA043S28	SES016	-1.13874	-9.30124	-8.1625
BLOCK04/SES043/SA043S28	SES083	0.018836	-8.14367	-8.1625
BLOCK04/SES043/SA043S28	SES101	-0.279749	-8.44225	-8.1625
BLOCK04/SES043/SA043S28	SES144	-0.12116	-8.28366	-8.1625
BLOCK04/SES044/SA044S10	SES127	-4.84949	-14.6133	-9.76377
BLOCK04/SES044/SA044S10	SES144	-0.357161	-10.1209	-9.76377
BLOCK04/SES044/SA044S10	SES147	-4.91536	-14.6791	-9.76377
BLOCK04/SES044/SA044S10	SES148	-4.44348	-14.2073	-9.76377
BLOCK04/SES044/SA044S11	SES101	-0.164706	-9.27057	-9.10586
BLOCK04/SES044/SA044S11	SES144	0.251212	-8.85465	-9.10586
BLOCK04/SES044/SA044S11	SES147	-2.26875	-11.3746	-9.10586
BLOCK04/SES044/SA044S11	SES177	-1.25147	-10.3573	-9.10586
BLOCK04/SES044/SA044S24	SES007	-2.0074	-10.8222	-8.81476
BLOCK04/SES044/SA044S24	SES101	0.181281	-8.63348	-8.81476
BLOCK04/SES044/SA044S24	SES147	-1.85604	-10.6708	-8.81476
BLOCK04/SES044/SA044S24	SES177	-0.511227	-9.32599	-8.81476
BLOCK04/SES044/SA044S26	SES007	-1.49303	-8.96556	-7.47252
BLOCK04/SES044/SA044S26	SES016	-0.804349	-8.27687	-7.47252
BLOCK04/SES044/SA044S26	SES101	-0.0122623	-7.48478	-7.47252
BLOCK04/SES044/SA044S26	SES147	-0.613405	-8.08593	-7.47252
BLOCK04/SES044/SA044S29	SES007	-1.57207	-9.20895	-7.63688
BLOCK04/SES044/SA044S29	SES101	0.791146	-6.84573	-7.63688
BLOCK04/SES044/SA044S29	SES147	-0.642853	-8.27973	-7.63688
BLOCK04/SES044/SA044S29	SES177	-1.21111	-8.84799	-7.63688
BLOCK04/SES046/SA046S13	SES101	-0.412759	-9.29057	-8.87781
BLOCK04/SES046/SA046S13	SES144	-0.10964	-8.98745	-8.87781
BLOCK04/SES046/SA046S13	SES147	-1.10022	-9.97803	-8.87781
BLOCK04/SES046/SA046S13	SES177	-0.838737	-9.71655	-8.87781
BLOCK04/SES046/SA046S15	SES048	0.410804	-6.07831	-6.48912
BLOCK04/SES046/SA046S15	SES083	-0.368173	-6.85729	-6.48912
BLOCK04/SES046/SA046S15	SES120	-1.60941	-8.09853	-6.48912
BLOCK04/SES046/SA046S15	SES148	-0.538762	-7.02788	-6.48912
BLOCK04/SES046/SA046S22	SES101	0.325364	-8.25224	-8.5776
BLOCK04/SES046/SA046S22	SES144	0.566912	-8.01069	-8.5776
BLOCK04/SES046/SA046S22	SES147	-0.506327	-9.08393	-8.5776
BLOCK04/SES046/SA046S22	SES172	0.131712	-8.44589	-8.5776
BLOCK04/SES046/SA046S25	SES083	-0.438943	-7.65882	-7.21987
BLOCK04/SES046/SA046S25	SES127	-1.20149	-8.42137	-7.21987
BLOCK04/SES046/SA046S25	SES144	-0.232045	-7.45192	-7.21987
BLOCK04/SES046/SA046S25	SES148	-0.969662	-8.18954	-7.21987
BLOCK04/SES046/SA046S28	SES007	-0.793295	-8.43486	-7.64156
BLOCK04/SES046/SA046S28	SES105	-0.542866	-8.18443	-7.64156
BLOCK04/SES046/SA046S28	SES147	-0.420502	-8.06207	-7.64156
BLOCK04/SES046/SA046S28	SES148	-1.02431	-8.66587	-7.64156
BLOCK04/SES049/SA049S16	SES104	-1.24039	-10.5735	-9.33307
BLOCK04/SES049/SA049S16	SES106	-2.15538	-11.4884	-9.33307
BLOCK04/SES049/SA049S16	SES120	-1.10506	-10.4381	-9.33307
BLOCK04/SES049/SA049S16	SES206	-1.60155	-10.9346	-9.33307
BLOCK04/SES049/SA049S18	SES099	-0.390079	-9.35088	-8.9608
BLOCK04/SES049/SA049S18	SES104	-0.965451	-9.92625	-8.9608
BLOCK04/SES049/SA049S18	SES125	-1.15074	-10.1115	-8.9608
BLOCK04/SES049/SA049S18	SES206	-1.75048	-10.7113	-8.9608
BLOCK04/SES049/SA049S25	SES087	-1.10407	-10.4206	-9.31649
BLOCK04/SES049/SA049S25	SES104	-1.1698	-10.4863	-9.31649
BLOCK04/SES049/SA049S25	SES125	-1.40809	-10.7246	-9.31649
BLOCK04/SES049/SA049S25	SES206	-1.721	-11.0375	-9.31649
BLOCK04/SES049/SA049S27	SES099	-0.785611	-8.46722	-7.68161
BLOCK04/SES049/SA049S27	SES104	-0.0389504	-7.72056	-7.68161
BLOCK04/SES049/SA049S27	SES125	-1.35406	-9.03567	-7.68161
BLOCK04/SES049/SA049S27	SES206	-1.28429	-8.9659	-7.68161
BLOCK04/SES049/SA049S29	SES099	0.194669	-7.82888	-8.02355
BLOCK04/SES049/SA049S29	SES104	0.166317	-7.85723	-8.02355
BLOCK04/SES049/SA049S29	SES125	-0.179912	-8.20346	-8.02355
BLOCK04/SES049/SA049S29	SES206	-1.07766	-9.10121	-8.02355
BLOCK06/SES063/SA063S09	SES068	-2.04617	-11.5751	-9.52894
BLOCK06/SES063/SA063S09	SES083	-0.639354	-10.1683	-9.52894
BLOCK06/SES063/SA063S09	SES177	-0.837843	-10.3668	-9.52894
BLOCK06/SES063/SA063S09	SES187	-0.619651	-10.1486	-9.52894
BLOCK06/SES063/SA063S10	SES068	-1.97094	-11.0811	-9.11018
BLOCK06/SES063/SA063S10	SES083	-0.824606	-9.93478	-9.11018
BLOCK06/SES063/SA063S10	SES172	-1.04648	-10.1567	-9.11018
BLOCK06/SES063/SA063S10	SES187	-0.594989	-9.70517	-9.11018
BLOCK06/SES063/SA063S20	SES068	-2.65266	-11.9856	-9.33294
BLOCK06/SES063/SA063S20	SES083	-0.614175	-9.94711	-9.33294
BLOCK06/SES063/SA063S20	SES172	-1.20091	-10.5338	-9.33294
BLOCK06/SES063/SA063S20	SES187	-0.351215	-9.68415	-9.33294
BLOCK06/SES063/SA063S24	SES029	-1.27808	-10.6614	-9.38333
BLOCK06/SES063/SA063S24	SES083	0.191195	-9.19214	-9.38333
BLOCK06/SES063/SA063S24	SES177	-1.13336	-10.5167	-9.38333
BLOCK06/SES063/SA063S24	SES189	-0.39691	-9.78024	-9.38333
BLOCK06/SES063/SA063S27	SES083	-0.475081	-9.36711	-8.89203
BLOCK06/SES063/SA063S27	SES172	-1.37387	-10.2659	-8.89203
BLOCK06/SES063/SA063S27	SES187	-0.720065	-9.61209	-8.89203
BLOCK06/SES063/SA063S27	SES292	-1.00512	-9.89715	-8.89203
BLOCK06/SES067/SA067S12	SES083	-0.754247	-8.13739	-7.38315
BLOCK06/SES067/SA067S12	SES172	-1.26505	-8.6482	-7.38315
BLOCK06/SES067/SA067S12	SES202	-0.797557	-8.18071	-7.38315
BLOCK06/SES067/SA067S12	SES292	-1.10817	-8.49132	-7.38315
BLOCK06/SES067/SA067S14	SES085	-1.25701	-7.11536	-5.85835
BLOCK06/SES067/SA067S14	SES177	-1.43872	-7.29706	-5.85835
BLOCK06/SES067/SA067S14	SES183	0.502398	-5.35595	-5.85835
BLOCK06/SES067/SA067S14	SES202	-1.02153	-6.87987	-5.85835
BLOCK06/SES067/SA067S21	SES144	-0.215159	-8.70689	-8.49173
BLOCK06/SES067/SA067S21	SES177	-0.603432	-9.09516	-8.49173
BLOCK06/SES067/SA067S21	SES183	-0.112557	-8.60429	-8.49173
BLOCK06/SES067/SA067S21	SES189	-0.481189	-8.97292	-8.49173
BLOCK06/SES067/SA067S25	SES085	-1.80007	-9.26492	-7.46485
BLOCK06/SES067/SA067S25	SES177	-0.759495	-8.22435	-7.46485
BLOCK06/SES067/SA067S25	SES183	-0.418449	-7.8833	-7.46485
BLOCK06/SES067/SA067S25	SES202	-1.081	-8.54585	-7.46485
BLOCK06/SES067/SA067S29	SES085	-4.57066	-13.6255	-9.0548
BLOCK06/SES067/SA067S29	SES177	-2.18328	-11.2381	-9.0548
BLOCK06/SES067/SA067S29	SES183	-1.27208	-10.3269	-9.0548
BLOCK06/SES067/SA067S29	SES202	-1.32467	-10.3795	-9.0548
BLOCK06/SES069/SA069S12	SES029	-1.61358	-8.95406	-7.34048
BLOCK06/SES069/SA069S12	SES082	-0.510216	-7.85069	-7.34048
BLOCK06/SES069/SA069S12	SES087	-0.805131	-8.14561	-7.34048
BLOCK06/SES069/SA069S12	SES206	-0.353779	-7.69425	-7.34048
BLOCK06/SES069/SA069S13	SES029	-1.5938	-8.84632	-7.25251
BLOCK06/SES069/SA069S13	SES087	-0.327512	-7.58002	-7.25251
BLOCK06/SES069/SA069S13	SES206	-1.26933	-8.52184	-7.25251
BLOCK06/SES069/SA069S13	SES226	0.308524	-6.94399	-7.25251
BLOCK06/SES069/SA069S23	SES029	-0.169998	-6.80775	-6.63775
BLOCK06/SES069/SA069S23	SES087	0.90104	-5.73671	-6.63775
BLOCK06/SES069/SA069S23	SES206	-0.617466	-7.25522	-6.63775
BLOCK06/SES069/SA069S23	SES226	0.220565	-6.41719	-6.63775
BLOCK06/SES069/SA069S25	SES087	-0.797189	-7.84362	-7.04643
BLOCK06/SES069/SA069S25	SES206	-1.5903	-8.63674	-7.04643
BLOCK06/SES069/SA069S25	SES226	-0.0276461	-7.07408	-7.04643
BLOCK06/SES069/SA069S25	SES270	-0.840667	-7.8871	-7.04643
BLOCK06/SES069/SA069S27	SES087	-0.978039	-8.83137	-7.85333
BLOCK06/SES069/SA069S27	SES206	-0.564383	-8.41772	-7.85333
BLOCK06/SES069/SA069S27	SES226	0.116544	-7.73679	-7.85333
BLOCK06/SES069/SA069S27	SES270	-0.7366	-8.58993	-7.85333
BLOCK08/SES081/SA081S11	SES060	-1.24767	-9.17182	-7.92415
BLOCK08/SES081/SA081S11	SES062	-0.656265	-8.58042	-7.92415
BLOCK08/SES081/SA081S11	SES117	-1.65395	-9.5781	-7.92415
BLOCK08/SES081/SA081S11	SES162	-2.2133	-10.1374	-7.92415
BLOCK08/SES081/SA081S13	SES016	-0.372208	-7.51787	-7.14566
BLOCK08/SES081/SA081S13	SES060	0.330118	-6.81554	-7.14566
BLOCK08/SES081/SA081S13	SES068	-0.383905	-7.52956	-7.14566
BLOCK08/SES081/SA081S13	SES129	-2.27958	-9.42523	-7.14566
BLOCK08/SES081/SA081S24	SES060	0.0208116	-7.7393	-7.76011
BLOCK08/SES081/SA081S24	SES068	-0.238963	-7.99907	-7.76011
BLOCK08/SES081/SA081S24	SES117	-0.88889	-8.649	-7.76011
BLOCK08/SES081/SA081S24	SES275	-0.710479	-8.47059	-7.76011
BLOCK08/SES081/SA081S27	SES007	-0.0880823	-9.41514	-9.32706
BLOCK08/SES081/SA081S27	SES060	-0.100088	-9.42715	-9.32706
BLOCK08/SES081/SA081S27	SES117	-0.134904	-9.46196	-9.32706
BLOCK08/SES081/SA081S27	SES275	-1.26738	-10.5944	-9.32706
BLOCK08/SES081/SA081S29	SES007	0.0699129	-9.24605	-9.31596
BLOCK08/SES081/SA081S29	SES060	-0.145134	-9.4611	-9.31596
BLOCK08/SES081/SA081S29	SES117	-0.584312	-9.90027	-9.31596
BLOCK08/SES081/SA081S29	SES275	-1.22957	-10.5455	-9.31596
BLOCK08/SES086/SA086S11	SES029	-2.25305	-12.1422	-9.88914
BLOCK08/SES086/SA086S11	SES082	-1.28572	-11.1749	-9.88914
BLOCK08/SES086/SA086S11	SES087	0.291938	-9.5972	-9.88914
BLOCK08/SES086/SA086S11	SES206	-0.674807	-10.5639	-9.88914
BLOCK08/SES086/SA086S12	SES029	-1.49541	-10.5789	-9.08349
BLOCK08/SES086/SA086S12	SES082	-1.7122	-10.7957	-9.08349
BLOCK08/SES086/SA086S12	SES087	0.395174	-8.68832	-9.08349
BLOCK08/SES086/SA086S12	SES206	-0.522652	-9.60614	-9.08349
BLOCK08/SES086/SA086S20	SES029	-1.67435	-9.97914	-8.3048
BLOCK08/SES086/SA086S20	SES082	-0.779643	-9.08444	-8.3048
BLOCK08/SES086/SA086S20	SES087	0.482425	-7.82237	-8.3048
BLOCK08/SES086/SA086S20	SES206	0.17003	-8.13477	-8.3048
BLOCK08/SES086/SA086S24	SES087	-0.262198	-9.94586	-9.68367
BLOCK08/SES086/SA086S24	SES104	-0.471752	-10.1554	-9.68367
BLOCK08/SES086/SA086S24	SES120	-0.213895	-9.89756	-9.68367
BLOCK08/SES086/SA086S24	SES206	0.259106	-9.42456	-9.68367
BLOCK08/SES086/SA086S28	SES029	-1.69815	-9.64335	-7.9452
BLOCK08/SES086/SA086S28	SES082	-1.06177	-9.00697	-7.9452
BLOCK08/SES086/SA086S28	SES087	-0.194391	-8.13959	-7.9452
BLOCK08/SES086/SA086S28	SES206	-0.326766	-8.27197	-7.9452
BLOCK08/SES089/SA089S13	SES087	-0.163055	-9.68707	-9.52401
BLOCK08/SES089/SA089S13	SES206	-0.964079	-10.4881	-9.52401
BLOCK08/SES089/SA089S13	SES226	-0.581066	-10.1051	-9.52401
BLOCK08/SES089/SA089S13	SES270	-0.421912	-9.94592	-9.52401
BLOCK08/SES089/SA089S14	SES062	-1.39807	-10.0278	-8.62973
BLOCK08/SES089/SA089S14	SES087	-0.286151	-8.91588	-8.62973
BLOCK08/SES089/SA089S14	SES206	-1.30342	-9.93315	-8.62973
BLOCK08/SES089/SA089S14	SES226	-0.974839	-9.60457	-8.62973
BLOCK08/SES089/SA089S23	SES087	-0.0293846	-10.9066	-10.8772
BLOCK08/SES089/SA089S23	SES206	-1.81048	-12.6877	-10.8772
BLOCK08/SES089/SA089S23	SES226	-0.916233	-11.7934	-10.8772
BLOCK08/SES089/SA089S23	SES270	-2.73905	-13.6162	-10.8772
BLOCK08/SES089/SA089S25	SES062	-0.557265	-9.60607	-9.04881
BLOCK08/SES089/SA089S25	SES087	0.682325	-8.36648	-9.04881
BLOCK08/SES089/SA089S25	SES206	-0.988209	-10.037	-9.04881
BLOCK08/SES089/SA089S25	SES226	-0.473555	-9.52236	-9.04881
BLOCK08/SES089/SA089S28	SES062	-0.0600777	-8.84955	-8.78947
BLOCK08/SES089/SA089S28	SES087	0.345411	-8.44406	-8.78947
BLOCK08/SES089/SA089S28	SES206	-0.573638	-9.36311	-8.78947
BLOCK08/SES089/SA089S28	SES226	-0.135055	-8.92453	-8.78947
BLOCK09/SES097/SA097S11	SES099	-0.438068	-9.57473	-9.13666
BLOCK09/SES097/SA097S11	SES125	-1.44816	-10.5848	-9.13666
BLOCK09/SES097/SA097S11	SES206	-0.814672	-9.95133	-9.13666
BLOCK09/SES097/SA097S11	SES226	0.179447	-8.95721	-9.13666
BLOCK09/SES097/SA097S14	SES062	-1.65305	-9.58395	-7.9309
BLOCK09/SES097/SA097S14	SES099	-1.28	-9.2109	-7.9309
BLOCK09/SES097/SA097S14	SES104	-1.17522	-9.10612	-7.9309
BLOCK09/SES097/SA097S14	SES206	-1.79095	-9.72185	-7.9309
BLOCK09/SES097/SA097S22	SES099	0.0614309	-8.75556	-8.81699
BLOCK09/SES097/SA097S22	SES206	-1.3018	-10.1188	-8.81699
BLOCK09/SES097/SA097S22	SES226	-0.857847	-9.67484	-8.81699
BLOCK09/SES097/SA097S22	SES270	-0.707049	-9.52404	-8.81699
BLOCK09/SES097/SA097S26	SES099	0.21411	-9.02412	-9.23823
BLOCK09/SES097/SA097S26	SES120	-0.833069	-10.0713	-9.23823
BLOCK09/SES097/SA097S26	SES206	-1.90538	-11.1436	-9.23823
BLOCK09/SES097/SA097S26	SES226	-0.419863	-9.6581	-9.23823
BLOCK09/SES097/SA097S28	SES099	0.367331	-7.90744	-8.27477
BLOCK09/SES097/SA097S28	SES120	-0.694921	-8.9697	-8.27477
BLOCK09/SES097/SA097S28	SES206	-1.03331	-9.30808	-8.27477
BLOCK09/SES097/SA097S28	SES226	-0.628397	-8.90317	-8.27477
BLOCK09/SES098/SA098S11	SES127	-0.718908	-8.52436	-7.80545
BLOCK09/SES098/SA098S11	SES144	-0.436894	-8.24234	-7.80545
BLOCK09/SES098/SA098S11	SES147	-0.288574	-8.09402	-7.80545
BLOCK09/SES098/SA098S11	SES148	-1.66153	-9.46698	-7.80545
BLOCK09/SES098/SA098S12	SES127	-2.16015	-11.4415	-9.28137
BLOCK09/SES098/SA098S12	SES144	-1.52642	-10.8078	-9.28137
BLOCK09/SES098/SA098S12	SES147	-0.908944	-10.1903	-9.28137
BLOCK09/SES098/SA098S12	SES189	-1.57244	-10.8538	-9.28137
BLOCK09/SES098/SA098S20	SES127	-2.86991	-12.1497	-9.27978
BLOCK09/SES098/SA098S20	SES147	-1.6151	-10.8949	-9.27978
BLOCK09/SES098/SA098S20	SES148	-3.35603	-12.6358	-9.27978
BLOCK09/SES098/SA098S20	SES292	-0.494876	-9.77466	-9.27978
BLOCK09/SES098/SA098S23	SES127	-1.84565	-10.397	-8.55131
BLOCK09/SES098/SA098S23	SES147	-1.50665	-10.058	-8.55131
BLOCK09/SES098/SA098S23	SES187	-0.503454	-9.05477	-8.55131
BLOCK09/SES098/SA098S23	SES292	-0.415564	-8.96688	-8.55131
BLOCK09/SES098/SA098S27	SES127	-3.92412	-12.4837	-8.55954
BLOCK09/SES098/SA098S27	SES147	-2.50705	-11.0666	-8.55954
BLOCK09/SES098/SA098S27	SES148	-3.02154	-11.5811	-8.55954
BLOCK09/SES098/SA098S27	SES292	-0.317265	-8.8768	-8.55954
BLOCK10/SES102/SA102S13	SES101	-0.22976	-10.2187	-9.98897
BLOCK10/SES102/SA102S13	SES105	-1.56354	-11.5525	-9.98897
BLOCK10/SES102/SA102S13	SES120	-1.58005	-11.569	-9.98897
BLOCK10/SES102/SA102S13	SES158	-0.632803	-10.6218	-9.98897
BLOCK10/SES102/SA102S14	SES007	0.796925	-5.99858	-6.79551
BLOCK10/SES102/SA102S14	SES101	0.0845313	-6.71098	-6.79551
BLOCK10/SES102/SA102S14	SES105	-0.159216	-6.95472	-6.79551
BLOCK10/SES102/SA102S14	SES147	-1.67335	-8.46886	-6.79551
BLOCK10/SES102/SA102S22	SES007	-0.603857	-8.44508	-7.84122
BLOCK10/SES102/SA102S22	SES101	-0.0570841	-7.89831	-7.84122
BLOCK10/SES102/SA102S22	SES105	-0.805961	-8.64719	-7.84122
BLOCK10/SES102/SA102S22	SES158	-1.3232	-9.16442	-7.84122
BLOCK10/SES102/SA102S25	SES007	0.0427418	-7.8724	-7.91514
BLOCK10/SES102/SA102S25	SES101	0.164254	-7.75088	-7.91514
BLOCK10/SES102/SA102S25	SES105	-0.705832	-8.62097	-7.91514
BLOCK10/SES102/SA102S25	SES147	-1.96095	-9.87609	-7.91514
BLOCK10/SES102/SA102S27	SES007	-0.112632	-7.81803	-7.7054
BLOCK10/SES102/SA102S27	SES101	0.463537	-7.24186	-7.7054
BLOCK10/SES102/SA102S27	SES105	-1.30344	-9.00884	-7.7054
BLOCK10/SES102/SA102S27	SES147	-1.7133	-9.4187	-7.7054
BLOCK10/SES103/SA103S14	SES105	-1.04832	-10.7764	-9.72812
BLOCK10/SES103/SA103S14	SES106	-0.941492	-10.6696	-9.72812
BLOCK10/SES103/SA103S14	SES120	-1.44236	-11.1705	-9.72812
BLOCK10/SES103/SA103S14	SES206	-1.08708	-10.8152	-9.72812
BLOCK10/SES103/SA103S15	SES099	-2.6201	-12.7647	-10.1446
BLOCK10/SES103/SA103S15	SES101	-2.31086	-12.4555	-10.1446
BLOCK10/SES103/SA103S15	SES104	-1.14674	-11.2914	-10.1446
BLOCK10/SES103/SA103S15	SES125	-2.5022	-12.6468	-10.1446
BLOCK10/SES103/SA103S24	SES104	-0.885634	-9.29101	-8.40537
BLOCK10/SES103/SA103S24	SES125	-3.29366	-11.699	-8.40537
BLOCK10/SES103/SA103S24	SES148	-2.71815	-11.1235	-8.40537
BLOCK10/SES103/SA103S24	SES158	-1.30624	-9.71161	-8.40537
BLOCK10/SES103/SA103S26	SES104	-0.965073	-9.91655	-8.95148
BLOCK10/SES103/SA103S26	SES106	-1.3916	-10.3431	-8.95148
BLOCK10/SES103/SA103S26	SES125	-1.91908	-10.8706	-8.95148
BLOCK10/SES103/SA103S26	SES148	-4.28141	-13.2329	-8.95148
BLOCK10/SES103/SA103S28	SES104	-0.418218	-10.4873	-10.069
BLOCK10/SES103/SA103S28	SES106	-2.92744	-12.9965	-10.069
BLOCK10/SES103/SA103S28	SES125	-2.1574	-12.2264	-10.069
BLOCK10/SES103/SA103S28	SES206	-2.52355	-12.5926	-10.069
BLOCK12/SES121/SA121S12	SES042	-0.946418	-9.53553	-8.58911
BLOCK12/SES121/SA121S12	SES087	-1.24505	-9.83416	-8.58911
BLOCK12/SES121/SA121S12	SES105	-0.448839	-9.03795	-8.58911
BLOCK12/SES121/SA121S12	SES206	0.160817	-8.42829	-8.58911
BLOCK12/SES121/SA121S14	SES007	-1.57349	-12.7115	-11.138
BLOCK12/SES121/SA121S14	SES105	-2.37651	-13.5145	-11.138
BLOCK12/SES121/SA121S14	SES106	-1.71873	-12.8568	-11.138
BLOCK12/SES121/SA121S14	SES206	-0.411266	-11.5493	-11.138
BLOCK12/SES121/SA121S23	SES105	-2.02274	-12.808	-10.7853
BLOCK12/SES121/SA121S23	SES106	-1.54021	-12.3255	-10.7853
BLOCK12/SES121/SA121S23	SES120	-1.3295	-12.1148	-10.7853
BLOCK12/SES121/SA121S23	SES206	0.710586	-10.0747	-10.7853
BLOCK12/SES121/SA121S25	SES007	-1.32297	-12.0918	-10.7688
BLOCK12/SES121/SA121S25	SES105	-2.7821	-13.5509	-10.7688
BLOCK12/SES121/SA121S25	SES106	-0.92611	-11.6949	-10.7688
BLOCK12/SES121/SA121S25	SES206	-0.0378771	-10.8067	-10.7688
BLOCK12/SES121/SA121S27	SES087	-0.0881853	-10.409	-10.3208
BLOCK12/SES121/SA121S27	SES105	-3.55114	-13.8719	-10.3208
BLOCK12/SES121/SA121S27	SES120	0.405885	-9.9149	-10.3208
BLOCK12/SES121/SA121S27	SES206	0.0367565	-10.284	-10.3208
BLOCK12/SES124/SA124S16	SES042	-0.310641	-7.44568	-7.13504
BLOCK12/SES124/SA124S16	SES082	-0.557499	-7.69254	-7.13504
BLOCK12/SES124/SA124S16	SES183	-0.755066	-7.89011	-7.13504
BLOCK12/SES124/SA124S16	SES206	-0.970232	-8.10527	-7.13504
BLOCK12/SES124/SA124S17	SES105	-1.13854	-9.86965	-8.73111
BLOCK12/SES124/SA124S17	SES149	-0.609257	-9.34037	-8.73111
BLOCK12/SES124/SA124S17	SES158	-1.59365	-10.3248	-8.73111
BLOCK12/SES124/SA124S17	SES275	-0.376141	-9.10725	-8.73111
BLOCK12/SES124/SA124S23	SES105	-1.74376	-8.14064	-6.39688
BLOCK12/SES124/SA124S23	SES125	0.133353	-6.26353	-6.39688
BLOCK12/SES124/SA124S23	SES129	-2.01661	-8.41349	-6.39688
BLOCK12/SES124/SA124S23	SES158	-0.811396	-7.20827	-6.39688
BLOCK12/SES124/SA124S26	SES105	-2.20416	-10.5687	-8.36451
BLOCK12/SES124/SA124S26	SES125	-0.759775	-9.12429	-8.36451
BLOCK12/SES124/SA124S26	SES129	-1.41621	-9.78072	-8.36451
BLOCK12/SES124/SA124S26	SES158	-0.534021	-8.89853	-8.36451
BLOCK12/SES124/SA124S28	SES104	0.422618	-7.06116	-7.48377
BLOCK12/SES124/SA124S28	SES106	-0.598278	-8.08205	-7.48377
BLOCK12/SES124/SA124S28	SES125	0.383144	-7.10063	-7.48377
BLOCK12/SES124/SA124S28	SES275	-1.01075	-8.49452	-7.48377
BLOCK12/SES126/SA126S13	SES007	-0.474421	-9.10594	-8.63152
BLOCK12/SES126/SA126S13	SES162	-1.34941	-9.98093	-8.63152
BLOCK12/SES126/SA126S13	SES177	-0.608994	-9.24051	-8.63152
BLOCK12/SES126/SA126S13	SES180	-1.24224	-9.87376	-8.63152
BLOCK12/SES126/SA126S14	SES144	-0.546977	-8.27355	-7.72658
BLOCK12/SES126/SA126S14	SES148	-1.35207	-9.07865	-7.72658
BLOCK12/SES126/SA126S14	SES177	-0.537663	-8.26424	-7.72658
BLOCK12/SES126/SA126S14	SES180	-1.41254	-9.13911	-7.72658
BLOCK12/SES126/SA126S20	SES007	-0.671409	-7.1103	-6.43889
BLOCK12/SES126/SA126S20	SES162	-1.04391	-7.4828	-6.43889
BLOCK12/SES126/SA126S20	SES172	-1.12196	-7.56085	-6.43889
BLOCK12/SES126/SA126S20	SES180	-0.59229	-7.03118	-6.43889
BLOCK12/SES126/SA126S24	SES120	0.493801	-7.09626	-7.59006
BLOCK12/SES126/SA126S24	SES162	-0.813481	-8.40354	-7.59006
BLOCK12/SES126/SA126S24	SES177	0.00418377	-7.58587	-7.59006
BLOCK12/SES126/SA126S24	SES180	-0.256959	-7.84702	-7.59006
BLOCK12/SES126/SA126S26	SES120	0.695886	-7.21265	-7.90853
BLOCK12/SES126/SA126S26	SES177	-0.746407	-8.65494	-7.90853
BLOCK12/SES126/SA126S26	SES180	0.0785413	-7.82999	-7.90853
BLOCK12/SES126/SA126S26	SES202	-0.304319	-8.21285	-7.90853
BLOCK12/SES128/SA128S10	SES087	-0.861226	-9.02308	-8.16185
BLOCK12/SES128/SA128S10	SES206	-0.222266	-8.38412	-8.16185
BLOCK12/SES128/SA128S10	SES226	-0.367426	-8.52928	-8.16185
BLOCK12/SES128/SA128S10	SES270	-0.525387	-8.68724	-8.16185
BLOCK12/SES128/SA128S12	SES120	-0.0718403	-8.70195	-8.63011
BLOCK12/SES128/SA128S12	SES158	-1.31921	-9.94931	-8.63011
BLOCK12/SES128/SA128S12	SES206	0.196345	-8.43376	-8.63011
BLOCK12/SES128/SA128S12	SES226	-1.60463	-10.2347	-8.63011
BLOCK12/SES128/SA128S21	SES106	-2.21152	-10.5413	-8.32978
BLOCK12/SES128/SA128S21	SES120	-0.368056	-8.69783	-8.32978
BLOCK12/SES128/SA128S21	SES206	-0.61792	-8.9477	-8.32978
BLOCK12/SES128/SA128S21	SES226	0.113851	-8.21593	-8.32978
BLOCK12/SES128/SA128S24	SES087	-0.689243	-9.84729	-9.15805
BLOCK12/SES128/SA128S24	SES120	-0.177805	-9.33586	-9.15805
BLOCK12/SES128/SA128S24	SES206	-0.0149994	-9.17305	-9.15805
BLOCK12/SES128/SA128S24	SES226	-1.09376	-10.2518	-9.15805
BLOCK12/SES128/SA128S27	SES099	-0.178312	-8.13979	-7.96147
BLOCK12/SES128/SA128S27	SES120	0.118124	-7.84335	-7.96147
BLOCK12/SES128/SA128S27	SES206	-0.511609	-8.47308	-7.96147
BLOCK12/SES128/SA128S27	SES226	-1.67042	-9.6319	-7.96147
BLOCK13/SES130/SA130S13	SES143	-0.286379	-9.79365	-9.50727
BLOCK13/SES130/SA130S13	SES144	1.05041	-8.45687	-9.50727
BLOCK13/SES130/SA130S13	SES146	-0.933092	-10.4404	-9.50727
BLOCK13/SES130/SA130S13	SES275	-1.46222	-10.9695	-9.50727
BLOCK13/SES130/SA130S15	SES143	-0.392884	-8.00429	-7.61141
BLOCK13/SES130/SA130S15	SES144	0.463639	-7.14777	-7.61141
BLOCK13/SES130/SA130S15	SES146	-0.50409	-8.1155	-7.61141
BLOCK13/SES130/SA130S15	SES275	-0.551282	-8.16269	-7.61141
BLOCK13/SES130/SA130S23	SES127	-0.57873	-9.2122	-8.63347
BLOCK13/SES130/SA130S23	SES144	0.00289059	-8.63058	-8.63347
BLOCK13/SES130/SA130S23	SES146	-0.883245	-9.51671	-8.63347
BLOCK13/SES130/SA130S23	SES162	-0.349686	-8.98315	-8.63347
BLOCK13/SES130/SA130S25	SES127	-0.514022	-7.26104	-6.74702
BLOCK13/SES130/SA130S25	SES144	0.255552	-6.49146	-6.74702
BLOCK13/SES130/SA130S25	SES146	-0.15042	-6.89744	-6.74702
BLOCK13/SES130/SA130S25	SES275	-0.51681	-7.26383	-6.74702
BLOCK13/SES130/SA130S28	SES127	-0.391191	-8.66617	-8.27498
BLOCK13/SES130/SA130S28	SES144	-0.39288	-8.66786	-8.27498
BLOCK13/SES130/SA130S28	SES146	-0.245686	-8.52066	-8.27498
BLOCK13/SES130/SA130S28	SES275	-0.530986	-8.80596	-8.27498
BLOCK13/SES131/SA131S13	SES002	-0.991278	-10.269	-9.27769
BLOCK13/SES131/SA131S13	SES007	-1.10357	-10.3813	-9.27769
BLOCK13/SES131/SA131S13	SES099	-0.376419	-9.65411	-9.27769
BLOCK13/SES131/SA131S13	SES105	-1.05476	-10.3324	-9.27769
BLOCK13/SES131/SA131S14	SES104	-0.336984	-6.64419	-6.3072
BLOCK13/SES131/SA131S14	SES106	-1.78387	-8.09107	-6.3072
BLOCK13/SES131/SA131S14	SES125	-1.16721	-7.47441	-6.3072
BLOCK13/SES131/SA131S14	SES148	0.156455	-6.15075	-6.3072
BLOCK13/SES131/SA131S20	SES104	-1.83667	-11.1126	-9.27596
BLOCK13/SES131/SA131S20	SES106	-1.57064	-10.8466	-9.27596
BLOCK13/SES131/SA131S20	SES125	-1.19296	-10.4689	-9.27596
BLOCK13/SES131/SA131S20	SES148	-2.28342	-11.5594	-9.27596
BLOCK13/SES131/SA131S22	SES099	-0.920818	-8.72076	-7.79994
BLOCK13/SES131/SA131S22	SES104	-0.298278	-8.09822	-7.79994
BLOCK13/SES131/SA131S22	SES125	-0.218164	-8.0181	-7.79994
BLOCK13/SES131/SA131S22	SES206	-0.793412	-8.59335	-7.79994
BLOCK13/SES131/SA131S29	SES087	-0.633486	-10.0222	-9.38868
BLOCK13/SES131/SA131S29	SES104	-1.90786	-11.2965	-9.38868
BLOCK13/SES131/SA131S29	SES125	-3.10442	-12.4931	-9.38868
BLOCK13/SES131/SA131S29	SES206	-1.76003	-11.1487	-9.38868
BLOCK13/SES132/SA132S11	SES083	-1.40115	-9.99655	-8.5954
BLOCK13/SES132/SA132S11	SES120	0.525023	-8.07038	-8.5954
BLOCK13/SES132/SA132S11	SES127	-2.89023	-11.4856	-8.5954
BLOCK13/SES132/SA132S11	SES275	-1.11212	-9.70752	-8.5954
BLOCK13/SES132/SA132S12	SES083	-1.80288	-9.2322	-7.42932
BLOCK13/SES132/SA132S12	SES143	-2.20586	-9.63518	-7.42932
BLOCK13/SES132/SA132S12	SES144	-0.917494	-8.34681	-7.42932
BLOCK13/SES132/SA132S12	SES148	-1.67901	-9.10833	-7.42932
BLOCK13/SES132/SA132S22	SES062	-0.882079	-9.0964	-8.21432
BLOCK13/SES132/SA132S22	SES083	-1.52662	-9.74094	-8.21432
BLOCK13/SES132/SA132S22	SES127	-2.64409	-10.8584	-8.21432
BLOCK13/SES132/SA132S22	SES275	-0.805616	-9.01994	-8.21432
BLOCK13/SES132/SA132S24	SES007	-0.273959	-7.6674	-7.39344
BLOCK13/SES132/SA132S24	SES083	-1.59804	-8.99148	-7.39344
BLOCK13/SES132/SA132S24	SES127	-2.79387	-10.1873	-7.39344
BLOCK13/SES132/SA132S24	SES275	-1.09593	-8.48937	-7.39344
BLOCK13/SES132/SA132S27	SES083	-1.95605	-11.0983	-9.14229
BLOCK13/SES132/SA132S27	SES120	1.01784	-8.12446	-9.14229
BLOCK13/SES132/SA132S27	SES127	-4.65018	-13.7925	-9.14229
BLOCK13/SES132/SA132S27	SES275	-1.40652	-10.5488	-9.14229
BLOCK14/SES141/SA141S09	SES143	-0.963373	-8.13842	-7.17505
BLOCK14/SES141/SA141S09	SES144	-0.0848436	-7.25989	-7.17505
BLOCK14/SES141/SA141S09	SES162	-0.957946	-8.13299	-7.17505
BLOCK14/SES141/SA141S09	SES180	-0.779272	-7.95432	-7.17505
BLOCK14/SES141/SA141S15	SES127	-0.395673	-8.66999	-8.27431
BLOCK14/SES141/SA141S15	SES144	-0.563208	-8.83752	-8.27431
BLOCK14/SES141/SA141S15	SES162	-1.70781	-9.98213	-8.27431
BLOCK14/SES141/SA141S15	SES180	-0.797912	-9.07223	-8.27431
BLOCK14/SES141/SA141S24	SES127	-0.395799	-8.70851	-8.31271
BLOCK14/SES141/SA141S24	SES144	-0.519765	-8.83247	-8.31271
BLOCK14/SES141/SA141S24	SES162	-0.902195	-9.2149	-8.31271
BLOCK14/SES141/SA141S24	SES183	-0.945743	-9.25845	-8.31271
BLOCK14/SES141/SA141S26	SES142	0.0966148	-8.45028	-8.5469
BLOCK14/SES141/SA141S26	SES144	-0.821733	-9.36863	-8.5469
BLOCK14/SES141/SA141S26	SES172	-0.717855	-9.26475	-8.5469
BLOCK14/SES141/SA141S26	SES180	-0.481934	-9.02883	-8.5469
BLOCK14/SES141/SA141S29	SES127	-0.206347	-8.17512	-7.96877
BLOCK14/SES141/SA141S29	SES142	-0.0861168	-8.05489	-7.96877
BLOCK14/SES141/SA141S29	SES144	-0.665097	-8.63387	-7.96877
BLOCK14/SES141/SA141S29	SES180	0.101638	-7.86714	-7.96877
BLOCK15/SES157/SA157S08	SES083	-0.250827	-7.4473	-7.19648
BLOCK15/SES157/SA157S08	SES127	-0.319968	-7.51644	-7.19648
BLOCK15/SES157/SA157S08	SES148	-0.00103712	-7.19751	-7.19648
BLOCK15/SES157/SA157S08	SES292	-0.297242	-7.49372	-7.19648
BLOCK15/SES157/SA157S11	SES083	-0.922668	-9.07833	-8.15566
BLOCK15/SES157/SA157S11	SES127	-0.57045	-8.72611	-8.15566
BLOCK15/SES157/SA157S11	SES148	-0.781529	-8.93719	-8.15566
BLOCK15/SES157/SA157S11	SES292	-0.947701	-9.10336	-8.15566
BLOCK15/SES157/SA157S21	SES127	0.109628	-6.86015	-6.96978
BLOCK15/SES157/SA157S21	SES148	0.573158	-6.39662	-6.96978
BLOCK15/SES157/SA157S21	SES158	-2.77379	-9.74357	-6.96978
BLOCK15/SES157/SA157S21	SES292	-0.848855	-7.81864	-6.96978
BLOCK15/SES157/SA157S24	SES127	-0.499731	-8.96011	-8.46038
BLOCK15/SES157/SA157S24	SES148	-0.600919	-9.0613	-8.46038
BLOCK15/SES157/SA157S24	SES183	-1.05573	-9.51611	-8.46038
BLOCK15/SES157/SA157S24	SES292	-0.810819	-9.2712	-8.46038
BLOCK15/SES157/SA157S26	SES007	-0.390897	-7.85521	-7.46431
BLOCK15/SES157/SA157S26	SES127	-0.0850577	-7.54937	-7.46431
BLOCK15/SES157/SA157S26	SES147	-0.403182	-7.86749	-7.46431
BLOCK15/SES157/SA157S26	SES148	-0.523984	-7.98829	-7.46431
BLOCK16/SES161/SA161S10	SES007	-0.669428	-8.56597	-7.89654
BLOCK16/SES161/SA161S10	SES105	-0.665834	-8.56238	-7.89654
BLOCK16/SES161/SA161S10	SES158	-1.3061	-9.20264	-7.89654
BLOCK16/SES161/SA161S10	SES275	-0.674861	-8.5714	-7.89654
BLOCK16/SES161/SA161S12	SES007	-1.64419	-11.7889	-10.1447
BLOCK16/SES161/SA161S12	SES105	-2.02714	-12.1719	-10.1447
BLOCK16/SES161/SA161S12	SES158	-0.469804	-10.6145	-10.1447
BLOCK16/SES161/SA161S12	SES275	-2.11271	-12.2574	-10.1447
BLOCK16/SES161/SA161S20	SES007	-0.616906	-10.6923	-10.0754
BLOCK16/SES161/SA161S20	SES105	-1.86521	-11.9406	-10.0754
BLOCK16/SES161/SA161S20	SES158	0.24595	-9.82949	-10.0754
BLOCK16/SES161/SA161S20	SES275	-2.57081	-12.6462	-10.0754
BLOCK16/SES161/SA161S23	SES007	-2.64245	-12.9697	-10.3272
BLOCK16/SES161/SA161S23	SES105	-1.40862	-11.7359	-10.3272
BLOCK16/SES161/SA161S23	SES148	-2.24969	-12.5769	-10.3272
BLOCK16/SES161/SA161S23	SES158	-2.61317	-12.9404	-10.3272
BLOCK16/SES161/SA161S28	SES007	-1.04045	-10.6083	-9.56785
BLOCK16/SES161/SA161S28	SES105	-2.26879	-11.8366	-9.56785
BLOCK16/SES161/SA161S28	SES158	0.194094	-9.37375	-9.56785
BLOCK16/SES161/SA161S28	SES206	-0.332129	-9.89998	-9.56785
BLOCK16/SES164/SA164S11	SES104	-0.800115	-8.5821	-7.78198
BLOCK16/SES164/SA164S11	SES125	-0.463773	-8.24575	-7.78198
BLOCK16/SES164/SA164S11	SES158	-1.04189	-8.82387	-7.78198
BLOCK16/SES164/SA164S11	SES206	-1.85145	-9.63343	-7.78198
BLOCK16/SES164/SA164S13	SES099	-1.90653	-9.92311	-8.01658
BLOCK16/SES164/SA164S13	SES104	-1.00884	-9.02542	-8.01658
BLOCK16/SES164/SA164S13	SES125	-0.902589	-8.91917	-8.01658
BLOCK16/SES164/SA164S13	SES206	-1.60319	-9.61977	-8.01658
BLOCK16/SES164/SA164S24	SES002	0.254377	-7.73097	-7.98535
BLOCK16/SES164/SA164S24	SES099	-1.67685	-9.6622	-7.98535
BLOCK16/SES164/SA164S24	SES125	-0.0463276	-8.03167	-7.98535
BLOCK16/SES164/SA164S24	SES226	0.187369	-7.79798	-7.98535
BLOCK16/SES164/SA164S27	SES087	-1.32587	-10.0467	-8.72081
BLOCK16/SES164/SA164S27	SES125	-0.749119	-9.46992	-8.72081
BLOCK16/SES164/SA164S27	SES206	-1.7749	-10.4957	-8.72081
BLOCK16/SES164/SA164S27	SES226	-0.349421	-9.07023	-8.72081
BLOCK16/SES164/SA164S29	SES002	-0.376986	-8.24971	-7.87272
BLOCK16/SES164/SA164S29	SES019	-3.42407	-11.2968	-7.87272
BLOCK16/SES164/SA164S29	SES125	-0.800283	-8.67301	-7.87272
BLOCK16/SES164/SA164S29	SES226	-0.257511	-8.13023	-7.87272
BLOCK16/SES169/SA169S13	SES117	-1.15702	-9.31556	-8.15855
BLOCK16/SES169/SA169S13	SES144	-0.581055	-8.7396	-8.15855
BLOCK16/SES169/SA169S13	SES146	-0.334373	-8.49292	-8.15855
BLOCK16/SES169/SA169S13	SES162	-0.888608	-9.04716	-8.15855
BLOCK16/SES169/SA169S14	SES144	-0.348542	-7.01618	-6.66764
BLOCK16/SES169/SA169S14	SES148	-0.273437	-6.94107	-6.66764
BLOCK16/SES169/SA169S14	SES177	-0.138143	-6.80578	-6.66764
BLOCK16/SES169/SA169S14	SES180	-0.712723	-7.38036	-6.66764
BLOCK16/SES169/SA169S24	SES117	-0.575135	-9.19119	-8.61605
BLOCK16/SES169/SA169S24	SES144	-0.485076	-9.10113	-8.61605
BLOCK16/SES169/SA169S24	SES146	-0.519914	-9.13596	-8.61605
BLOCK16/SES169/SA169S24	SES162	-0.791491	-9.40754	-8.61605
BLOCK16/SES169/SA169S27	SES127	-0.483771	-8.34039	-7.85662
BLOCK16/SES169/SA169S27	SES129	-0.589712	-8.44633	-7.85662
BLOCK16/SES169/SA169S27	SES144	-0.291419	-8.14804	-7.85662
BLOCK16/SES169/SA169S27	SES146	-0.194095	-8.05072	-7.85662
BLOCK16/SES169/SA169S29	SES144	-0.433561	-7.15722	-6.72366
BLOCK16/SES169/SA169S29	SES162	-0.622252	-7.34591	-6.72366
BLOCK16/SES169/SA169S29	SES177	-0.717271	-7.44093	-6.72366
BLOCK16/SES169/SA169S29	SES180	-0.583222	-7.30688	-6.72366
BLOCK17/SES171/SA171S12	SES083	-1.34773	-9.74432	-8.39658
BLOCK17/SES171/SA171S12	SES148	-2.01893	-10.4155	-8.39658
BLOCK17/SES171/SA171S12	SES172	-1.10622	-9.5028	-8.39658
BLOCK17/SES171/SA171S12	SES292	-2.30381	-10.7004	-8.39658
BLOCK17/SES171/SA171S15	SES148	-2.75967	-10.8634	-8.10375
BLOCK17/SES171/SA171S15	SES177	-1.13473	-9.23847	-8.10375
BLOCK17/SES171/SA171S15	SES180	-2.55737	-10.6611	-8.10375
BLOCK17/SES171/SA171S15	SES292	-1.06882	-9.17257	-8.10375
BLOCK17/SES171/SA171S22	SES007	-0.563346	-6.73639	-6.17304
BLOCK17/SES171/SA171S22	SES148	-0.44603	-6.61907	-6.17304
BLOCK17/SES171/SA171S22	SES177	-0.659338	-6.83238	-6.17304
BLOCK17/SES171/SA171S22	SES180	-1.91813	-8.09117	-6.17304
BLOCK17/SES171/SA171S25	SES101	-1.66583	-10.7375	-9.07163
BLOCK17/SES171/SA171S25	SES120	-2.50735	-11.579	-9.07163
BLOCK17/SES171/SA171S25	SES177	-1.18508	-10.2567	-9.07163
BLOCK17/SES171/SA171S25	SES180	-1.15674	-10.2284	-9.07163
BLOCK17/SES171/SA171S27	SES177	-0.393564	-9.1106	-8.71704
BLOCK17/SES171/SA171S27	SES180	-1.95417	-10.6712	-8.71704
BLOCK17/SES171/SA171S27	SES189	-0.213003	-8.93004	-8.71704
BLOCK17/SES171/SA171S27	SES292	-1.8754	-10.5924	-8.71704
BLOCK17/SES173/SA173S13	SES162	-2.41736	-10.0459	-7.62854
BLOCK17/SES173/SA173S13	SES177	-1.13802	-8.76656	-7.62854
BLOCK17/SES173/SA173S13	SES180	-0.503348	-8.13189	-7.62854
BLOCK17/SES173/SA173S13	SES292	0.0611329	-7.56741	-7.62854
BLOCK17/SES173/SA173S14	SES007	-0.636838	-8.35443	-7.71759
BLOCK17/SES173/SA173S14	SES162	-2.63792	-10.3555	-7.71759
BLOCK17/SES173/SA173S14	SES177	-1.13808	-8.85567	-7.71759
BLOCK17/SES173/SA173S14	SES180	-1.51883	-9.23643	-7.71759
BLOCK17/SES173/SA173S24	SES144	-1.58653	-9.63527	-8.04873
BLOCK17/SES173/SA173S24	SES162	-2.36916	-10.4179	-8.04873
BLOCK17/SES173/SA173S24	SES177	-0.473137	-8.52187	-8.04873
BLOCK17/SES173/SA173S24	SES180	-1.37514	-9.42388	-8.04873
BLOCK17/SES173/SA173S27	SES162	-3.00634	-11.8566	-8.8503
BLOCK17/SES173/SA173S27	SES177	-1.6458	-10.4961	-8.8503
BLOCK17/SES173/SA173S27	SES180	-0.807925	-9.65822	-8.8503
BLOCK17/SES173/SA173S27	SES292	-0.020895	-8.87119	-8.8503
BLOCK17/SES173/SA173S29	SES162	-1.52022	-9.51076	-7.99055
BLOCK17/SES173/SA173S29	SES175	-0.462567	-8.45311	-7.99055
BLOCK17/SES173/SA173S29	SES177	-0.739519	-8.73006	-7.99055
BLOCK17/SES173/SA173S29	SES292	-0.400373	-8.39092	-7.99055
BLOCK18/SES182/SA182S10	SES144	-1.33689	-9.32024	-7.98336
BLOCK18/SES182/SA182S10	SES177	-0.404929	-8.38828	-7.98336
BLOCK18/SES182/SA182S10	SES180	-1.99148	-9.97483	-7.98336
BLOCK18/SES182/SA182S10	SES275	-0.724679	-8.70803	-7.98336
BLOCK18/SES182/SA182S12	SES144	-0.360388	-7.64317	-7.28278
BLOCK18/SES182/SA182S12	SES177	-0.407523	-7.6903	-7.28278
BLOCK18/SES182/SA182S12	SES180	-2.14127	-9.42405	-7.28278
BLOCK18/SES182/SA182S12	SES275	-0.479575	-7.76235	-7.28278
BLOCK18/SES182/SA182S21	SES117	-1.07837	-10.0981	-9.01974
BLOCK18/SES182/SA182S21	SES144	-0.875047	-9.89478	-9.01974
BLOCK18/SES182/SA182S21	SES162	-1.10894	-10.1287	-9.01974
BLOCK18/SES182/SA182S21	SES180	-1.86737	-10.8871	-9.01974
BLOCK18/SES182/SA182S23	SES117	-0.959298	-10.4856	-9.52633
BLOCK18/SES182/SA182S23	SES144	-1.64806	-11.1744	-9.52633
BLOCK18/SES182/SA182S23	SES180	-2.2317	-11.758	-9.52633
BLOCK18/SES182/SA182S23	SES275	-1.73573	-11.2621	-9.52633
BLOCK18/SES182/SA182S25	SES007	0.517394	-8.35966	-8.87705
BLOCK18/SES182/SA182S25	SES162	-0.505454	-9.38251	-8.87705
BLOCK18/SES182/SA182S25	SES177	-0.169312	-9.04637	-8.87705
BLOCK18/SES182/SA182S25	SES180	-1.79124	-10.6683	-8.87705
BLOCK18/SES184/SA184S12	SES177	-1.05301	-8.39108	-7.33807
BLOCK18/SES184/SA184S12	SES180	-0.185085	-7.52316	-7.33807
BLOCK18/SES184/SA184S12	SES189	-1.27842	-8.6165	-7.33807
BLOCK18/SES184/SA184S12	SES292	-0.0930767	-7.43115	-7.33807
BLOCK18/SES184/SA184S13	SES101	-0.908617	-9.00505	-8.09643
BLOCK18/SES184/SA184S13	SES177	-1.17296	-9.26939	-8.09643
BLOCK18/SES184/SA184S13	SES180	-0.774015	-8.87045	-8.09643
BLOCK18/SES184/SA184S13	SES292	-0.672689	-8.76912	-8.09643
BLOCK18/SES184/SA184S22	SES177	-0.657819	-8.6528	-7.99498
BLOCK18/SES184/SA184S22	SES180	-0.194818	-8.18979	-7.99498
BLOCK18/SES184/SA184S22	SES189	-0.786814	-8.78179	-7.99498
BLOCK18/SES184/SA184S22	SES292	-1.00191	-8.99689	-7.99498
BLOCK18/SES184/SA184S25	SES101	-0.972089	-8.62847	-7.65638
BLOCK18/SES184/SA184S25	SES177	-1.85145	-9.50783	-7.65638
BLOCK18/SES184/SA184S25	SES180	-0.494391	-8.15077	-7.65638
BLOCK18/SES184/SA184S25	SES292	-0.699139	-8.35552	-7.65638
BLOCK18/SES184/SA184S27	SES083	-0.945262	-8.79192	-7.84666
BLOCK18/SES184/SA184S27	SES177	-1.06045	-8.90711	-7.84666
BLOCK18/SES184/SA184S27	SES202	-0.980719	-8.82738	-7.84666
BLOCK18/SES184/SA184S27	SES292	-0.684133	-8.53079	-7.84666
BLOCK20/SES204/SA204S12	SES062	-0.163052	-7.7946	-7.63154
BLOCK20/SES204/SA204S12	SES083	-0.963676	-8.59522	-7.63154
BLOCK20/SES204/SA204S12	SES206	0.129155	-7.50239	-7.63154
BLOCK20/SES204/SA204S12	SES226	-0.818908	-8.45045	-7.63154
BLOCK20/SES204/SA204S14	SES068	0.024682	-6.71467	-6.73936
BLOCK20/SES204/SA204S14	SES087	0.833565	-5.90579	-6.73936
BLOCK20/SES204/SA204S14	SES206	-0.0615406	-6.8009	-6.73936
BLOCK20/SES204/SA204S14	SES226	-0.967517	-7.70687	-6.73936
BLOCK20/SES204/SA204S22	SES068	-0.0869479	-7.48545	-7.3985
BLOCK20/SES204/SA204S22	SES082	-0.371248	-7.76975	-7.3985
BLOCK20/SES204/SA204S22	SES083	-1.37006	-8.76855	-7.3985
BLOCK20/SES204/SA204S22	SES206	0.0367112	-7.36179	-7.3985
BLOCK20/SES204/SA204S25	SES062	-0.352607	-7.96725	-7.61464
BLOCK20/SES204/SA204S25	SES083	-0.93395	-8.54859	-7.61464
BLOCK20/SES204/SA204S25	SES206	0.197114	-7.41753	-7.61464
BLOCK20/SES204/SA204S25	SES226	-0.692853	-8.3075	-7.61464
BLOCK20/SES204/SA204S27	SES068	-0.802085	-8.96931	-8.16723
BLOCK20/SES204/SA204S27	SES082	-0.975025	-9.14225	-8.16723
BLOCK20/SES204/SA204S27	SES087	0.353909	-7.81332	-8.16723
BLOCK20/SES204/SA204S27	SES206	-0.736806	-8.90403	-8.16723
BLOCK20/SES207/SA207S10	SES127	-1.31949	-8.64728	-7.32779
BLOCK20/SES207/SA207S10	SES183	-1.01393	-8.34172	-7.32779
BLOCK20/SES207/SA207S10	SES189	-0.43146	-7.75925	-7.32779
BLOCK20/SES207/SA207S10	SES292	-0.773448	-8.10124	-7.32779
BLOCK20/SES207/SA207S11	SES127	-1.46924	-9.49275	-8.02351
BLOCK20/SES207/SA207S11	SES183	-1.59912	-9.62263	-8.02351
BLOCK20/SES207/SA207S11	SES187	-0.875839	-8.89935	-8.02351
BLOCK20/SES207/SA207S11	SES292	-0.484447	-8.50796	-8.02351
BLOCK20/SES207/SA207S25	SES068	-0.962924	-9.18338	-8.22045
BLOCK20/SES207/SA207S25	SES083	-1.29446	-9.51491	-8.22045
BLOCK20/SES207/SA207S25	SES127	-0.440342	-8.66079	-8.22045
BLOCK20/SES207/SA207S25	SES187	-0.54118	-8.76163	-8.22045
BLOCK20/SES207/SA207S27	SES127	-1.21565	-9.80162	-8.58597
BLOCK20/SES207/SA207S27	SES183	-1.25723	-9.8432	-8.58597
BLOCK20/SES207/SA207S27	SES187	-0.391445	-8.97741	-8.58597
BLOCK20/SES207/SA207S27	SES292	-0.891846	-9.47781	-8.58597
BLOCK20/SES207/SA207S29	SES083	-1.36779	-9.32307	-7.95528
BLOCK20/SES207/SA207S29	SES085	-0.978505	-8.93378	-7.95528
BLOCK20/SES207/SA207S29	SES172	-0.476022	-8.4313	-7.95528
BLOCK20/SES207/SA207S29	SES189	-2.44224	-10.3975	-7.95528
BLOCK22/SES221/SA221S12	SES068	0.336916	-6.53205	-6.86897
BLOCK22/SES221/SA221S12	SES143	-1.14966	-8.01863	-6.86897
BLOCK22/SES221/SA221S12	SES175	-0.592369	-7.46134	-6.86897
BLOCK22/SES221/SA221S12	SES202	-0.718107	-7.58707	-6.86897
BLOCK22/SES221/SA221S15	SES085	-0.266211	-7.8514	-7.58519
BLOCK22/SES221/SA221S15	SES143	-0.839155	-8.42435	-7.58519
BLOCK22/SES221/SA221S15	SES175	-0.757178	-8.34237	-7.58519
BLOCK22/SES221/SA221S15	SES187	-1.03315	-8.61834	-7.58519
BLOCK22/SES221/SA221S23	SES068	0.0612736	-7.29168	-7.35296
BLOCK22/SES221/SA221S23	SES143	-1.67934	-9.0323	-7.35296
BLOCK22/SES221/SA221S23	SES175	-1.40223	-8.75519	-7.35296
BLOCK22/SES221/SA221S23	SES189	-1.77062	-9.12358	-7.35296
BLOCK22/SES221/SA221S27	SES085	0.630417	-7.05174	-7.68216
BLOCK22/SES221/SA221S27	SES143	-0.306477	-7.98864	-7.68216
BLOCK22/SES221/SA221S27	SES175	-0.81156	-8.49372	-7.68216
BLOCK22/SES221/SA221S27	SES189	-1.39755	-9.07971	-7.68216
BLOCK22/SES221/SA221S29	SES085	0.548133	-7.39011	-7.93825
BLOCK22/SES221/SA221S29	SES143	-0.843056	-8.7813	-7.93825
BLOCK22/SES221/SA221S29	SES175	-0.0317898	-7.97004	-7.93825
BLOCK22/SES221/SA221S29	SES187	-0.816251	-8.7545	-7.93825
BLOCK22/SES223/SA223S11	SES143	-0.889293	-9.07163	-8.18233
BLOCK22/SES223/SA223S11	SES144	-1.87598	-10.0583	-8.18233
BLOCK22/SES223/SA223S11	SES175	-0.988694	-9.17103	-8.18233
BLOCK22/SES223/SA223S11	SES187	-1.34903	-9.53137	-8.18233
BLOCK22/SES223/SA223S13	SES068	-0.0389318	-8.0919	-8.05297
BLOCK22/SES223/SA223S13	SES143	-1.11324	-9.16621	-8.05297
BLOCK22/SES223/SA223S13	SES146	-0.873561	-8.92653	-8.05297
BLOCK22/SES223/SA223S13	SES202	-0.376379	-8.42935	-8.05297
BLOCK22/SES223/SA223S22	SES143	-0.907478	-8.85271	-7.94523
BLOCK22/SES223/SA223S22	SES144	-1.74676	-9.69198	-7.94523
BLOCK22/SES223/SA223S22	SES175	-0.740245	-8.68547	-7.94523
BLOCK22/SES223/SA223S22	SES187	-1.14626	-9.09149	-7.94523
BLOCK22/SES223/SA223S25	SES068	0.257238	-7.47548	-7.73272
BLOCK22/SES223/SA223S25	SES143	-1.31049	-9.04321	-7.73272
BLOCK22/SES223/SA223S25	SES175	-0.612856	-8.34557	-7.73272
BLOCK22/SES223/SA223S25	SES187	-1.22065	-8.95336	-7.73272
BLOCK22/SES223/SA223S27	SES143	-0.423368	-9.29873	-8.87536
BLOCK22/SES223/SA223S27	SES146	-1.73459	-10.61	-8.87536
BLOCK22/SES223/SA223S27	SES187	-1.14194	-10.0173	-8.87536
BLOCK22/SES223/SA223S27	SES292	0.250139	-8.62522	-8.87536
BLOCK27/SES273/SA273S12	SES099	0.3592	-7.87235	-8.23155
BLOCK27/SES273/SA273S12	SES104	0.526334	-7.70522	-8.23155
BLOCK27/SES273/SA273S12	SES125	-0.00911808	-8.24067	-8.23155
BLOCK27/SES273/SA273S12	SES206	0.501294	-7.73026	-8.23155
BLOCK27/SES273/SA273S13	SES099	-0.432058	-7.57553	-7.14348
BLOCK27/SES273/SA273S13	SES104	-0.00232172	-7.1458	-7.14348
BLOCK27/SES273/SA273S13	SES206	-0.826946	-7.97042	-7.14348
BLOCK27/SES273/SA273S13	SES292	-0.756808	-7.90028	-7.14348
BLOCK27/SES273/SA273S21	SES099	-0.884731	-8.85225	-7.96751
BLOCK27/SES273/SA273S21	SES148	-1.31413	-9.28165	-7.96751
BLOCK27/SES273/SA273S21	SES149	-0.737407	-8.70492	-7.96751
BLOCK27/SES273/SA273S21	SES177	-0.85255	-8.82006	-7.96751
BLOCK27/SES273/SA273S25	SES104	0.579495	-8.21679	-8.79628
BLOCK27/SES273/SA273S25	SES125	-0.594191	-9.39047	-8.79628
BLOCK27/SES273/SA273S25	SES158	0.887775	-7.90851	-8.79628
BLOCK27/SES273/SA273S25	SES206	0.158294	-8.63799	-8.79628
BLOCK27/SES273/SA273S27	SES099	-0.617624	-7.14826	-6.53064
BLOCK27/SES273/SA273S27	SES104	-0.191564	-6.7222	-6.53064
BLOCK27/SES273/SA273S27	SES149	-0.541668	-7.07231	-6.53064
BLOCK27/SES273/SA273S27	SES275	-0.714683	-7.24532	-6.53064
BLOCK27/SES274/SA274S10	SES105	-1.54732	-7.73044	-6.18312
BLOCK27/SES274/SA274S10	SES125	-1.63726	-7.82038	-6.18312
BLOCK27/SES274/SA274S10	SES129	0.231514	-5.95161	-6.18312
BLOCK27/SES274/SA274S10	SES158	-4.13705	-10.3202	-6.18312
BLOCK27/SES274/SA274S11	SES105	-0.601856	-7.82092	-7.21906
BLOCK27/SES274/SA274S11	SES149	-0.670752	-7.88981	-7.21906
BLOCK27/SES274/SA274S11	SES158	-1.89519	-9.11425	-7.21906
BLOCK27/SES274/SA274S11	SES275	-0.275082	-7.49414	-7.21906
BLOCK27/SES274/SA274S21	SES105	-0.988072	-8.0931	-7.10503
BLOCK27/SES274/SA274S21	SES129	0.343044	-6.76199	-7.10503
BLOCK27/SES274/SA274S21	SES149	-0.917399	-8.02243	-7.10503
BLOCK27/SES274/SA274S21	SES158	-3.00029	-10.1053	-7.10503
BLOCK27/SES274/SA274S24	SES105	-1.31073	-9.17316	-7.86243
BLOCK27/SES274/SA274S24	SES129	0.470509	-7.39192	-7.86243
BLOCK27/SES274/SA274S24	SES149	-0.928437	-8.79086	-7.86243
BLOCK27/SES274/SA274S24	SES158	-3.90171	-11.7641	-7.86243
BLOCK27/SES274/SA274S29	SES105	-0.743227	-8.14954	-7.40631
BLOCK27/SES274/SA274S29	SES106	-1.66312	-9.06943	-7.40631
BLOCK27/SES274/SA274S29	SES120	-0.432682	-7.839	-7.40631
BLOCK27/SES274/SA274S29	SES275	-0.438734	-7.84505	-7.40631
BLOCK27/SES276/SA276S16	SES148	-0.536852	-8.2119	-7.67505
BLOCK27/SES276/SA276S16	SES172	0.28925	-7.3858	-7.67505
BLOCK27/SES276/SA276S16	SES180	-0.0643196	-7.73937	-7.67505
BLOCK27/SES276/SA276S16	SES292	0.0775886	-7.59746	-7.67505
BLOCK27/SES276/SA276S17	SES101	-0.244196	-8.21392	-7.96973
BLOCK27/SES276/SA276S17	SES177	-1.28529	-9.25502	-7.96973
BLOCK27/SES276/SA276S17	SES180	-0.808935	-8.77866	-7.96973
BLOCK27/SES276/SA276S17	SES292	-0.937398	-8.90712	-7.96973
BLOCK27/SES276/SA276S24	SES101	-0.111584	-7.14116	-7.02957
BLOCK27/SES276/SA276S24	SES177	-0.566203	-7.59578	-7.02957
BLOCK27/SES276/SA276S24	SES180	-0.152148	-7.18172	-7.02957
BLOCK27/SES276/SA276S24	SES292	-0.613588	-7.64316	-7.02957
BLOCK27/SES276/SA276S26	SES101	-0.367565	-7.3497	-6.98213
BLOCK27/SES276/SA276S26	SES177	-0.793331	-7.77546	-6.98213
BLOCK27/SES276/SA276S26	SES180	-0.0285854	-7.01072	-6.98213
BLOCK27/SES276/SA276S26	SES292	0.187204	-6.79493	-6.98213
BLOCK27/SES276/SA276S28	SES101	-0.161409	-6.89067	-6.72926
BLOCK27/SES276/SA276S28	SES177	-0.616272	-7.34553	-6.72926
BLOCK27/SES276/SA276S28	SES180	-0.101251	-6.83051	-6.72926
BLOCK27/SES276/SA276S28	SES292	-0.00995398	-6.73921	-6.72926
BLOCK27/SES277/SA277S12	SES101	-0.689125	-9.5739	-8.88478
BLOCK27/SES277/SA277S12	SES177	-1.53131	-10.4161	-8.88478
BLOCK27/SES277/SA277S12	SES180	-1.18136	-10.0661	-8.88478
BLOCK27/SES277/SA277S12	SES292	-1.30721	-10.192	-8.88478
BLOCK27/SES277/SA277S14	SES177	-0.784506	-9.81004	-9.02553
BLOCK27/SES277/SA277S14	SES180	-1.36484	-10.3904	-9.02553
BLOCK27/SES277/SA277S14	SES189	0.0243769	-9.00115	-9.02553
BLOCK27/SES277/SA277S14	SES292	-1.61598	-10.6415	-9.02553
BLOCK27/SES277/SA277S21	SES177	-0.769715	-9.18393	-8.41421
BLOCK27/SES277/SA277S21	SES180	-0.931397	-9.34561	-8.41421
BLOCK27/SES277/SA277S21	SES189	-0.0926924	-8.5069	-8.41421
BLOCK27/SES277/SA277S21	SES292	-1.13946	-9.55367	-8.41421
BLOCK27/SES277/SA277S24	SES144	-0.325044	-9.55654	-9.23149
BLOCK27/SES277/SA277S24	SES177	-0.86618	-10.0977	-9.23149
BLOCK27/SES277/SA277S24	SES180	-1.76878	-11.0003	-9.23149
BLOCK27/SES277/SA277S24	SES189	-0.286103	-9.5176	-9.23149
BLOCK27/SES277/SA277S29	SES177	-0.622622	-7.21152	-6.5889
BLOCK27/SES277/SA277S29	SES180	-0.915728	-7.50463	-6.5889
BLOCK27/SES277/SA277S29	SES202	-0.446628	-7.03553	-6.5889
BLOCK27/SES277/SA277S29	SES292	-1.46409	-8.05299	-6.5889
BLOCK27/SES279/SA279S09	SES120	-0.233941	-7.38777	-7.15383
BLOCK27/SES279/SA279S09	SES146	-0.809679	-7.96351	-7.15383
BLOCK27/SES279/SA279S09	SES206	0.196579	-6.95725	-7.15383
BLOCK27/SES279/SA279S09	SES226	-1.45906	-8.61289	-7.15383
BLOCK27/SES279/SA279S10	SES099	-0.577627	-8.29795	-7.72033
BLOCK27/SES279/SA279S10	SES206	-0.95746	-8.67779	-7.72033
BLOCK27/SES279/SA279S10	SES226	-2.10859	-9.82892	-7.72033
BLOCK27/SES279/SA279S10	SES292	-0.0578041	-7.77813	-7.72033
BLOCK27/SES279/SA279S20	SES099	-1.92684	-10.6641	-8.7373
BLOCK27/SES279/SA279S20	SES206	0.339305	-8.398	-8.7373
BLOCK27/SES279/SA279S20	SES226	-2.31721	-11.0545	-8.7373
BLOCK27/SES279/SA279S20	SES292	0.638602	-8.0987	-8.7373
BLOCK27/SES279/SA279S26	SES099	0.756157	-8.08639	-8.84255
BLOCK27/SES279/SA279S26	SES206	0.15519	-8.68736	-8.84255
BLOCK27/SES279/SA279S26	SES226	-1.86075	-10.7033	-8.84255
BLOCK27/SES279/SA279S26	SES292	0.204349	-8.6382	-8.84255
BLOCK27/SES279/SA279S28	SES099	-0.160346	-7.05731	-6.89696
BLOCK27/SES279/SA279S28	SES120	-0.0278687	-6.92483	-6.89696
BLOCK27/SES279/SA279S28	SES177	-1.48641	-8.38338	-6.89696
BLOCK27/SES279/SA279S28	SES206	-0.476716	-7.37368	-6.89696
BLOCK29/SES290/SA290S12	SES162	0.312673	-6.0705	-6.38318
BLOCK29/SES290/SA290S12	SES177	0.0960736	-6.2871	-6.38318
BLOCK29/SES290/SA290S12	SES180	-0.382014	-6.76519	-6.38318
BLOCK29/SES290/SA290S12	SES292	-0.84676	-7.22994	-6.38318
BLOCK29/SES290/SA290S13	SES007	-0.0674243	-7.17365	-7.10623
BLOCK29/SES290/SA290S13	SES162	-0.985776	-8.092	-7.10623
BLOCK29/SES290/SA290S13	SES177	-0.496043	-7.60227	-7.10623
BLOCK29/SES290/SA290S13	SES180	0.0608468	-7.04538	-7.10623
BLOCK29/SES290/SA290S22	SES177	-0.19503	-6.8864	-6.69137
BLOCK29/SES290/SA290S22	SES180	-0.212065	-6.90343	-6.69137
BLOCK29/SES290/SA290S22	SES202	-0.293242	-6.98461	-6.69137
BLOCK29/SES290/SA290S22	SES292	0.188289	-6.50308	-6.69137
BLOCK29/SES290/SA290S25	SES162	-0.596014	-7.79535	-7.19934
BLOCK29/SES290/SA290S25	SES177	-0.361615	-7.56095	-7.19934
BLOCK29/SES290/SA290S25	SES180	-0.450411	-7.64975	-7.19934
BLOCK29/SES290/SA290S25	SES292	-0.213365	-7.4127	-7.19934
BLOCK29/SES290/SA290S29	SES177	-0.216979	-6.49317	-6.27619
BLOCK29/SES290/SA290S29	SES180	0.110071	-6.16612	-6.27619
BLOCK29/SES290/SA290S29	SES275	0.0661998	-6.20999	-6.27619
BLOCK29/SES290/SA290S29	SES292	-0.155243	-6.43144	-6.27619
BLOCK29/SES291/SA291S11	SES105	-1.0331	-9.66848	-8.63539
BLOCK29/SES291/SA291S11	SES125	-0.571942	-9.20733	-8.63539
BLOCK29/SES291/SA291S11	SES158	-0.441643	-9.07703	-8.63539
BLOCK29/SES291/SA291S11	SES275	-1.04674	-9.68212	-8.63539
BLOCK29/SES291/SA291S12	SES158	1.0764	-7.75483	-8.83123
BLOCK29/SES291/SA291S12	SES226	-1.4271	-10.2583	-8.83123
BLOCK29/SES291/SA291S12	SES270	-0.229872	-9.0611	-8.83123
BLOCK29/SES291/SA291S12	SES275	-2.77818	-11.6094	-8.83123
BLOCK29/SES291/SA291S22	SES082	-0.319868	-8.45678	-8.13691
BLOCK29/SES291/SA291S22	SES158	-0.139871	-8.27678	-8.13691
BLOCK29/SES291/SA291S22	SES259	-0.571185	-8.7081	-8.13691
BLOCK29/SES291/SA291S22	SES275	-1.99786	-10.1348	-8.13691
BLOCK29/SES291/SA291S24	SES104	0.420446	-7.35356	-7.77401
BLOCK29/SES291/SA291S24	SES125	-0.356743	-8.13075	-7.77401
BLOCK29/SES291/SA291S24	SES158	0.465495	-7.30851	-7.77401
BLOCK29/SES291/SA291S24	SES275	-1.24842	-9.02242	-7.77401
BLOCK29/SES291/SA291S27	SES158	0.214838	-7.36537	-7.58021
BLOCK29/SES291/SA291S27	SES172	-1.05278	-8.63299	-7.58021
BLOCK29/SES291/SA291S27	SES275	-1.10363	-8.68384	-7.58021
BLOCK29/SES291/SA291S27	SES292	-0.221827	-7.80203	-7.58021
Threshold search:
THR	-5.05187824948	9	0(0)	1(1000)
THR	-4.9693833669852	8.991	0(0)	0.999(999)
THR	-4.8868884844904	8.982	0(0)	0.998(998)
THR	-4.8043936019956	8.973	0(0)	0.997(997)
THR	-4.7218987195008	8.973	0(0)	0.997(997)
THR	-4.639403837006	8.964	0(0)	0.996(996)
THR	-4.5569089545112	8.955	0(0)	0.995(995)
THR	-4.4744140720164	8.955	0(0)	0.995(995)
THR	-4.3919191895216	8.946	0(0)	0.994(994)
THR	-4.3094243070268	8.946	0(0)	0.994(994)
THR	-4.226929424532	8.937	0(0)	0.993(993)
THR	-4.1444345420372	8.937	0(0)	0.993(993)
THR	-4.0619396595424	8.928	0(0)	0.992(992)
THR	-3.9794447770476	8.928	0(0)	0.992(992)
THR	-3.8969498945528	8.91	0(0)	0.99(990)
THR	-3.814455012058	8.91	0(0)	0.99(990)
THR	-3.7319601295632	8.91	0(0)	0.99(990)
THR	-3.6494652470684	8.91	0(0)	0.99(990)
THR	-3.5669703645736	8.91	0(0)	0.99(990)
THR	-3.4844754820788	8.901	0(0)	0.989(989)
THR	-3.401980599584	8.892	0(0)	0.988(988)
THR	-3.3194857170892	8.883	0(0)	0.987(987)
THR	-3.2369908345944	8.865	0(0)	0.985(985)
THR	-3.1544959520996	8.865	0(0)	0.985(985)
THR	-3.0720010696048	8.856	0(0)	0.984(984)
THR	-2.98950618711	8.829	0(0)	0.981(981)
THR	-2.9070113046152	8.82	0(0)	0.98(980)
THR	-2.8245164221204	8.802	0(0)	0.978(978)
THR	-2.7420215396256	8.757	0(0)	0.973(973)
THR	-2.6595266571308	8.73	0(0)	0.97(970)
THR	-2.577031774636	8.676	0(0)	0.964(964)
THR	-2.4945368921412	8.604	0(0)	0.956(956)
THR	-2.4120420096464	8.541	0(0)	0.949(949)
THR	-2.3295471271516	8.514	0(0)	0.946(946)
THR	-2.2470522446568	8.388	0(0)	0.932(932)
THR	-2.164557362162	8.307	0(0)	0.923(923)
THR	-2.0820624796672	8.226	0(0)	0.914(914)
THR	-1.9995675971724	8.145	0(0)	0.905(905)
THR	-1.9170727146776	8.046	0(0)	0.894(894)
THR	-1.8345778321828	7.866	0(0)	0.874(874)
THR	-1.752082949688	7.767	0(0)	0.863(863)
THR	-1.6695880671932	7.569	0(0)	0.841(841)
THR	-1.5870931846984	7.344	0(0)	0.816(816)
THR	-1.5045983022036	7.191	0(0)	0.799(799)
THR	-1.4221034197088	7.047	0(0)	0.783(783)
THR	-1.339608537214	6.813	0(0)	0.757(757)
THR	-1.2571136547192	6.498	0(0)	0.722(722)
THR	-1.1746187722244	6.3	0(0)	0.7(700)
THR	-1.0921238897296	5.94	0(0)	0.66(660)
THR	-1.0096290072348	5.661	0(0)	0.629(629)
THR	-0.927134124739997	5.292	0(0)	0.588(588)
THR	-0.844639242245197	4.977	0(0)	0.553(553)
THR	-0.762144359750397	4.518	0(0)	0.502(502)
THR	-0.679649477255597	4.176	0(0)	0.464(464)
THR	-0.597154594760797	3.771	0(0)	0.419(419)
THR	-0.514659712265997	3.361	0.004(1)	0.373(373)
THR	-0.432164829771197	2.946	0.012(3)	0.326(326)
THR	-0.349669947276397	2.473	0.016(4)	0.273(273)
THR	-0.267175064781597	2.194	0.016(4)	0.242(242)
THR	-0.184680182286797	1.86	0.024(6)	0.204(204)
THR	-0.102185299791997	1.581	0.024(6)	0.173(173)
THR	-0.0196904172971967	1.31	0.032(8)	0.142(142)
THR	0.0628044651976033	1.122	0.06(15)	0.118(118)
THR	0.145299347692403	0.968	0.068(17)	0.1(100)
THR	0.227794230187203	0.753	0.096(24)	0.073(73)
THR	0.310289112682003	0.651	0.12(30)	0.059(59)
THR	0.392783995176803	0.535	0.148(37)	0.043(43)
THR	0.475278877671603	0.475	0.196(49)	0.031(31)
THR	0.557773760166403	0.454	0.256(64)	0.022(22)
THR	0.640268642661203	0.477	0.324(81)	0.017(17)
THR	0.722763525156003	0.51	0.384(96)	0.014(14)
THR	0.805258407650803	0.517	0.436(109)	0.009(9)
THR	0.887753290145603	0.572	0.5(125)	0.008(8)
THR	0.970248172640403	0.625	0.58(145)	0.005(5)
THR	1.0527430551352	0.643	0.616(154)	0.003(3)
THR	1.13523793763	0.686	0.668(167)	0.002(2)
THR	1.2177328201248	0.741	0.732(183)	0.001(1)
THR	1.3002277026196	0.801	0.792(198)	0.001(1)
THR	1.3827225851144	0.845	0.836(209)	0.001(1)
THR	1.4652174676092	0.857	0.848(212)	0.001(1)
THR	1.547712350104	0.892	0.892(223)	0(0)
THR	1.6302072325988	0.92	0.92(230)	0(0)
THR	1.7127021150936	0.928	0.928(232)	0(0)
THR	1.7951969975884	0.944	0.944(236)	0(0)
THR	1.8776918800832	0.96	0.96(240)	0(0)
THR	1.960186762578	0.964	0.964(241)	0(0)
THR	2.0426816450728	0.964	0.964(241)	0(0)
THR	2.1251765275676	0.964	0.964(241)	0(0)
THR	2.2076714100624	0.964	0.964(241)	0(0)
THR	2.2901662925572	0.968	0.968(242)	0(0)
THR	2.372661175052	0.98	0.98(245)	0(0)
THR	2.4551560575468	0.984	0.984(246)	0(0)
THR	2.5376509400416	0.984	0.984(246)	0(0)
THR	2.6201458225364	0.988	0.988(247)	0(0)
THR	2.7026407050312	0.992	0.992(248)	0(0)
THR	2.785135587526	0.996	0.996(249)	0(0)
THR	2.8676304700208	0.996	0.996(249)	0(0)
THR	2.9501253525156	0.996	0.996(249)	0(0)
THR	3.0326202350104	0.996	0.996(249)	0(0)
THR	3.1151151175052	0.996	0.996(249)	0(0)
THR	3.19761	1	1(250)	0(0)


==============================================
THR: 0.557773760166403
Missed:     64/250=0.2560
FalseAlarm: 22/1000=0.0220
----------------------------------------------
==> CostDetection: 45.4
==============================================
