BLOCK00/SES002/SA002S12	SES002	2.24247	-63.1543	-65.3968
BLOCK00/SES002/SA002S13	SES002	2.48898	-63.5456	-66.0346
BLOCK00/SES002/SA002S23	SES002	2.19527	-63.0405	-65.2358
BLOCK00/SES002/SA002S26	SES002	2.69841	-62.5774	-65.2758
BLOCK00/SES002/SA002S28	SES002	1.85088	-64.8726	-66.7234
BLOCK00/SES007/SA007S14	SES007	1.82234	-64.0144	-65.8367
BLOCK00/SES007/SA007S15	SES007	1.27386	-65.7669	-67.0408
BLOCK00/SES007/SA007S24	SES007	1.25489	-65.7209	-66.9758
BLOCK00/SES007/SA007S27	SES007	0.990578	-66.0386	-67.0292
BLOCK00/SES007/SA007S29	SES007	0.898773	-65.3445	-66.2432
BLOCK00/SES008/SA008S11	SES008	1.49026	-65.4665	-66.9568
BLOCK00/SES008/SA008S12	SES008	1.15031	-65.5386	-66.6889
BLOCK00/SES008/SA008S19	SES008	1.92727	-64.5296	-66.4569
BLOCK00/SES008/SA008S22	SES008	1.49699	-65.8124	-67.3094
BLOCK00/SES008/SA008S29	SES008	1.57672	-64.9439	-66.5206
BLOCK01/SES014/SA014S10	SES014	2.96586	-64.4157	-67.3816
BLOCK01/SES014/SA014S12	SES014	3.75623	-61.1957	-64.952
BLOCK01/SES014/SA014S24	SES014	2.29529	-63.3764	-65.6717
BLOCK01/SES014/SA014S26	SES014	3.17599	-60.6528	-63.8288
BLOCK01/SES014/SA014S28	SES014	4.10362	-61.3188	-65.4225
BLOCK01/SES016/SA016S12	SES016	1.0131	-68.0011	-69.0142
BLOCK01/SES016/SA016S13	SES016	1.6661	-66.1317	-67.7978
BLOCK01/SES016/SA016S22	SES016	1.2766	-66.305	-67.5816
BLOCK01/SES016/SA016S25	SES016	2.05879	-63.5611	-65.6199
BLOCK01/SES016/SA016S27	SES016	2.14108	-63.7393	-65.8803
BLOCK01/SES019/SA019S13	SES019	3.06521	-64.6049	-67.6701
BLOCK01/SES019/SA019S14	SES019	2.3017	-64.6183	-66.92
BLOCK01/SES019/SA019S22	SES019	3.3075	-63.8634	-67.1709
BLOCK01/SES019/SA019S25	SES019	2.79515	-64.46	-67.2551
BLOCK01/SES019/SA019S29	SES019	3.56963	-63.7555	-67.3251
BLOCK02/SES029/SA029S11	SES029	1.50173	-65.4362	-66.9379
BLOCK02/SES029/SA029S12	SES029	0.41597	-66.1766	-66.5925
BLOCK02/SES029/SA029S20	SES029	0.430229	-66.8843	-67.3145
BLOCK02/SES029/SA029S25	SES029	0.752777	-65.2365	-65.9893
BLOCK02/SES029/SA029S28	SES029	1.01389	-65.3896	-66.4035
BLOCK04/SES042/SA042S12	SES042	2.85081	-62.3615	-65.2123
BLOCK04/SES042/SA042S15	SES042	2.66566	-62.9528	-65.6184
BLOCK04/SES042/SA042S22	SES042	3.62572	-60.3816	-64.0073
BLOCK04/SES042/SA042S25	SES042	2.62276	-63.4121	-66.0349
BLOCK04/SES042/SA042S27	SES042	2.24341	-62.0625	-64.3059
BLOCK04/SES048/SA048S11	SES048	1.55099	-64.4942	-66.0452
BLOCK04/SES048/SA048S12	SES048	0.906052	-65.0024	-65.9084
BLOCK04/SES048/SA048S20	SES048	1.18687	-64.6229	-65.8098
BLOCK04/SES048/SA048S23	SES048	1.90434	-65.1905	-67.0949
BLOCK04/SES048/SA048S27	SES048	1.42528	-63.6834	-65.1087
BLOCK06/SES060/SA060S11	SES060	1.92733	-65.4859	-67.4133
BLOCK06/SES060/SA060S12	SES060	0.937714	-66.5675	-67.5053
BLOCK06/SES060/SA060S22	SES060	0.688736	-67.5751	-68.2638
BLOCK06/SES060/SA060S24	SES060	1.41366	-65.1737	-66.5874
BLOCK06/SES060/SA060S28	SES060	1.60801	-62.8165	-64.4245
BLOCK06/SES062/SA062S10	SES062	1.87425	-64.5392	-66.4135
BLOCK06/SES062/SA062S11	SES062	2.06155	-65.0976	-67.1592
BLOCK06/SES062/SA062S21	SES062	2.60749	-62.0154	-64.6229
BLOCK06/SES062/SA062S26	SES062	1.89936	-64.2268	-66.1261
BLOCK06/SES062/SA062S29	SES062	1.99064	-63.4105	-65.4011
BLOCK06/SES068/SA068S14	SES068	1.31927	-65.4117	-66.731
BLOCK06/SES068/SA068S15	SES068	1.81132	-63.9962	-65.8075
BLOCK06/SES068/SA068S23	SES068	0.862541	-66.3306	-67.1931
BLOCK06/SES068/SA068S27	SES068	2.70932	-64.0197	-66.729
BLOCK06/SES068/SA068S29	SES068	1.34863	-65.0048	-66.3535
BLOCK08/SES082/SA082S12	SES082	1.36285	-65.322	-66.6848
BLOCK08/SES082/SA082S14	SES082	1.70151	-65.4981	-67.1996
BLOCK08/SES082/SA082S21	SES082	1.17072	-65.4083	-66.579
BLOCK08/SES082/SA082S24	SES082	1.28812	-64.5631	-65.8512
BLOCK08/SES082/SA082S28	SES082	0.401436	-65.8886	-66.29
BLOCK08/SES083/SA083S14	SES083	0.354187	-66.135	-66.4891
BLOCK08/SES083/SA083S15	SES083	0.448624	-65.5323	-65.9809
BLOCK08/SES083/SA083S24	SES083	0.508842	-65.886	-66.3948
BLOCK08/SES083/SA083S26	SES083	0.98526	-65.5241	-66.5093
BLOCK08/SES083/SA083S29	SES083	0.325935	-65.9269	-66.2528
BLOCK08/SES085/SA085S10	SES085	0.825424	-65.6433	-66.4687
BLOCK08/SES085/SA085S13	SES085	1.08927	-66.2619	-67.3512
BLOCK08/SES085/SA085S22	SES085	-3.05185	-70.1328	-67.081
BLOCK08/SES085/SA085S26	SES085	-0.181564	-66.7576	-66.576
BLOCK08/SES085/SA085S28	SES085	1.45361	-65.1153	-66.5689
BLOCK08/SES087/SA087S15	SES087	2.35775	-64.1124	-66.4702
BLOCK08/SES087/SA087S16	SES087	1.90073	-64.1859	-66.0867
BLOCK08/SES087/SA087S24	SES087	2.2478	-63.5708	-65.8186
BLOCK08/SES087/SA087S26	SES087	2.23855	-62.5599	-64.7984
BLOCK08/SES087/SA087S29	SES087	2.50866	-64.0467	-66.5554
BLOCK09/SES099/SA099S15	SES099	2.08651	-64.784	-66.8705
BLOCK09/SES099/SA099S16	SES099	2.13292	-64.3744	-66.5073
BLOCK09/SES099/SA099S24	SES099	2.42074	-63.7773	-66.198
BLOCK09/SES099/SA099S26	SES099	2.14183	-63.9551	-66.0969
BLOCK09/SES099/SA099S29	SES099	2.36879	-63.4856	-65.8544
BLOCK10/SES101/SA101S11	SES101	0.588638	-65.3687	-65.9574
BLOCK10/SES101/SA101S13	SES101	1.35593	-64.606	-65.962
BLOCK10/SES101/SA101S22	SES101	1.55145	-65.903	-67.4545
BLOCK10/SES101/SA101S24	SES101	1.0712	-65.302	-66.3732
BLOCK10/SES101/SA101S28	SES101	0.1707	-67.059	-67.2297
BLOCK10/SES104/SA104S11	SES104	1.26062	-63.3853	-64.646
BLOCK10/SES104/SA104S12	SES104	2.04135	-63.7515	-65.7929
BLOCK10/SES104/SA104S21	SES104	1.85796	-64.2342	-66.0922
BLOCK10/SES104/SA104S24	SES104	1.01839	-64.5242	-65.5426
BLOCK10/SES104/SA104S28	SES104	1.61511	-63.8991	-65.5142
BLOCK10/SES105/SA105S12	SES105	1.37759	-66.4024	-67.7799
BLOCK10/SES105/SA105S13	SES105	1.10313	-66.2739	-67.3771
BLOCK10/SES105/SA105S22	SES105	1.30728	-66.9029	-68.2102
BLOCK10/SES105/SA105S26	SES105	1.75665	-66.1126	-67.8693
BLOCK10/SES105/SA105S29	SES105	1.09667	-66.1619	-67.2585
BLOCK10/SES106/SA106S09	SES106	1.40692	-65.8534	-67.2603
BLOCK10/SES106/SA106S11	SES106	1.83042	-63.6855	-65.5159
BLOCK10/SES106/SA106S22	SES106	3.21182	-63.9664	-67.1782
BLOCK10/SES106/SA106S27	SES106	1.7448	-65.1886	-66.9334
BLOCK10/SES106/SA106S29	SES106	1.26861	-64.6991	-65.9677
BLOCK11/SES117/SA117S12	SES117	0.728317	-67.6548	-68.3832
BLOCK11/SES117/SA117S13	SES117	1.36625	-65.5933	-66.9596
BLOCK11/SES117/SA117S23	SES117	1.92697	-67.9882	-69.9151
BLOCK11/SES117/SA117S25	SES117	1.75005	-66.8387	-68.5888
BLOCK11/SES117/SA117S28	SES117	1.66705	-67.3551	-69.0222
BLOCK12/SES120/SA120S08	SES120	1.67826	-67.2026	-68.8809
BLOCK12/SES120/SA120S11	SES120	1.28603	-68.363	-69.649
BLOCK12/SES120/SA120S22	SES120	0.772614	-66.0335	-66.8061
BLOCK12/SES120/SA120S24	SES120	0.745705	-66.3981	-67.1438
BLOCK12/SES120/SA120S28	SES120	1.09335	-68.093	-69.1863
BLOCK12/SES125/SA125S13	SES125	2.74413	-63.0605	-65.8046
BLOCK12/SES125/SA125S14	SES125	1.75207	-64.2348	-65.9869
BLOCK12/SES125/SA125S25	SES125	2.16778	-63.629	-65.7967
BLOCK12/SES125/SA125S27	SES125	2.24459	-62.912	-65.1566
BLOCK12/SES125/SA125S29	SES125	2.12357	-63.8478	-65.9713
BLOCK12/SES127/SA127S11	SES127	1.04268	-66.109	-67.1517
BLOCK12/SES127/SA127S12	SES127	0.289589	-65.8121	-66.1017
BLOCK12/SES127/SA127S23	SES127	1.41381	-65.3955	-66.8093
BLOCK12/SES127/SA127S25	SES127	0.709549	-66.649	-67.3586
BLOCK12/SES127/SA127S27	SES127	1.78342	-65.5267	-67.3101
BLOCK12/SES129/SA129S11	SES129	1.78427	-64.7286	-66.5129
BLOCK12/SES129/SA129S12	SES129	1.9204	-64.6567	-66.5771
BLOCK12/SES129/SA129S22	SES129	1.45206	-65.0447	-66.4967
BLOCK12/SES129/SA129S27	SES129	2.46422	-63.8802	-66.3444
BLOCK12/SES129/SA129S29	SES129	2.44377	-63.5828	-66.0265
BLOCK14/SES142/SA142S11	SES142	2.962	-65.6311	-68.5931
BLOCK14/SES142/SA142S12	SES142	1.6823	-67.4307	-69.113
BLOCK14/SES142/SA142S24	SES142	3.39088	-64.9743	-68.3652
BLOCK14/SES142/SA142S27	SES142	3.31248	-64.8807	-68.1932
BLOCK14/SES142/SA142S29	SES142	3.62784	-64.4038	-68.0316
BLOCK14/SES143/SA143S12	SES143	1.26299	-66.7482	-68.0112
BLOCK14/SES143/SA143S13	SES143	1.06697	-66.7738	-67.8407
BLOCK14/SES143/SA143S23	SES143	1.40408	-66.5551	-67.9591
BLOCK14/SES143/SA143S25	SES143	0.99836	-66.1751	-67.1735
BLOCK14/SES143/SA143S28	SES143	1.44054	-65.8407	-67.2813
BLOCK14/SES144/SA144S09	SES144	1.23886	-65.8322	-67.071
BLOCK14/SES144/SA144S11	SES144	1.10482	-66.9952	-68.1001
BLOCK14/SES144/SA144S21	SES144	0.754372	-66.4183	-67.1727
BLOCK14/SES144/SA144S25	SES144	1.2434	-66.633	-67.8764
BLOCK14/SES144/SA144S29	SES144	0.403816	-66.2145	-66.6183
BLOCK14/SES146/SA146S14	SES146	1.11917	-66.5036	-67.6228
BLOCK14/SES146/SA146S15	SES146	0.670517	-66.823	-67.4935
BLOCK14/SES146/SA146S24	SES146	1.08009	-66.7403	-67.8204
BLOCK14/SES146/SA146S26	SES146	1.35922	-66.7959	-68.1552
BLOCK14/SES146/SA146S29	SES146	1.00044	-67.16	-68.1604
BLOCK14/SES147/SA147S11	SES147	1.92723	-66.6155	-68.5427
BLOCK14/SES147/SA147S13	SES147	2.63495	-65.2275	-67.8625
BLOCK14/SES147/SA147S23	SES147	1.73596	-66.8373	-68.5733
BLOCK14/SES147/SA147S26	SES147	1.65972	-66.7908	-68.4505
BLOCK14/SES147/SA147S28	SES147	1.94323	-65.8564	-67.7996
BLOCK14/SES148/SA148S10	SES148	1.37255	-65.6064	-66.979
BLOCK14/SES148/SA148S12	SES148	0.973862	-66.6401	-67.6139
BLOCK14/SES148/SA148S22	SES148	1.50591	-64.6759	-66.1818
BLOCK14/SES148/SA148S26	SES148	1.01016	-65.4918	-66.502
BLOCK14/SES148/SA148S29	SES148	1.02227	-66.0318	-67.0541
BLOCK14/SES149/SA149S13	SES149	0.522598	-65.5622	-66.0848
BLOCK14/SES149/SA149S14	SES149	0.722725	-65.34	-66.0627
BLOCK14/SES149/SA149S24	SES149	1.75159	-64.6048	-66.3564
BLOCK14/SES149/SA149S26	SES149	2.34609	-63.9139	-66.26
BLOCK14/SES149/SA149S28	SES149	3.35803	-62.6251	-65.9832
BLOCK15/SES158/SA158S13	SES158	1.55698	-65.3596	-66.9166
BLOCK15/SES158/SA158S14	SES158	2.58314	-64.7528	-67.336
BLOCK15/SES158/SA158S23	SES158	1.63812	-64.7747	-66.4128
BLOCK15/SES158/SA158S26	SES158	2.2695	-64.5531	-66.8226
BLOCK15/SES158/SA158S28	SES158	1.2977	-65.5559	-66.8536
BLOCK16/SES162/SA162S10	SES162	2.17906	-66.5313	-68.7104
BLOCK16/SES162/SA162S11	SES162	1.72792	-65.715	-67.4429
BLOCK16/SES162/SA162S21	SES162	2.23907	-65.5709	-67.81
BLOCK16/SES162/SA162S24	SES162	2.09321	-65.8416	-67.9348
BLOCK16/SES162/SA162S27	SES162	1.96802	-66.3582	-68.3262
BLOCK16/SES167/SA167S14	SES167	1.54571	-64.4678	-66.0135
BLOCK16/SES167/SA167S15	SES167	1.90017	-65.5929	-67.4931
BLOCK16/SES167/SA167S21	SES167	1.61781	-64.9747	-66.5925
BLOCK16/SES167/SA167S25	SES167	1.99772	-65.4106	-67.4083
BLOCK16/SES167/SA167S29	SES167	2.51004	-63.6227	-66.1328
BLOCK17/SES172/SA172S12	SES172	2.1418	-65.3198	-67.4616
BLOCK17/SES172/SA172S13	SES172	2.19221	-66.3835	-68.5757
BLOCK17/SES172/SA172S23	SES172	1.21921	-65.0395	-66.2588
BLOCK17/SES172/SA172S27	SES172	1.23981	-66.1034	-67.3432
BLOCK17/SES172/SA172S29	SES172	2.17848	-65.2511	-67.4296
BLOCK17/SES175/SA175S11	SES175	2.14134	-65.5654	-67.7067
BLOCK17/SES175/SA175S13	SES175	1.57647	-65.4417	-67.0182
BLOCK17/SES175/SA175S23	SES175	2.5947	-64.9808	-67.5755
BLOCK17/SES175/SA175S25	SES175	1.41517	-67.4601	-68.8752
BLOCK17/SES175/SA175S28	SES175	1.72653	-65.364	-67.0905
BLOCK17/SES177/SA177S15	SES177	0.560616	-66.4215	-66.9821
BLOCK17/SES177/SA177S17	SES177	0.689651	-65.9719	-66.6616
BLOCK17/SES177/SA177S23	SES177	0.614594	-66.388	-67.0026
BLOCK17/SES177/SA177S26	SES177	1.20086	-64.311	-65.5119
BLOCK17/SES177/SA177S28	SES177	0.938431	-65.2888	-66.2272
BLOCK18/SES180/SA180S13	SES180	0.972946	-66.4844	-67.4574
BLOCK18/SES180/SA180S15	SES180	1.21576	-66.3749	-67.5907
BLOCK18/SES180/SA180S24	SES180	1.39001	-65.0495	-66.4395
BLOCK18/SES180/SA180S26	SES180	1.97459	-64.796	-66.7706
BLOCK18/SES180/SA180S29	SES180	1.63461	-66.434	-68.0686
BLOCK18/SES183/SA183S13	SES183	1.39221	-66.9637	-68.3559
BLOCK18/SES183/SA183S14	SES183	0.56765	-67.0343	-67.6019
BLOCK18/SES183/SA183S24	SES183	1.54975	-67.3492	-68.899
BLOCK18/SES183/SA183S27	SES183	1.50364	-66.1044	-67.6081
BLOCK18/SES183/SA183S29	SES183	1.46326	-65.7534	-67.2167
BLOCK18/SES187/SA187S13	SES187	1.06886	-66.7947	-67.8636
BLOCK18/SES187/SA187S14	SES187	1.26355	-66.8278	-68.0913
BLOCK18/SES187/SA187S24	SES187	1.95374	-66.113	-68.0668
BLOCK18/SES187/SA187S27	SES187	1.878	-66.0023	-67.8803
BLOCK18/SES187/SA187S29	SES187	1.73602	-66.3301	-68.0661
BLOCK18/SES189/SA189S10	SES189	2.34453	-68.1047	-70.4492
BLOCK18/SES189/SA189S13	SES189	3.25043	-68.044	-71.2944
BLOCK18/SES189/SA189S24	SES189	3.25531	-67.7074	-70.9627
BLOCK18/SES189/SA189S26	SES189	1.69766	-67.1967	-68.8944
BLOCK18/SES189/SA189S29	SES189	3.08511	-66.8218	-69.9069
BLOCK20/SES202/SA202S12	SES202	2.67147	-66.5415	-69.213
BLOCK20/SES202/SA202S14	SES202	3.73057	-64.0739	-67.8045
BLOCK20/SES202/SA202S24	SES202	2.13717	-66.1716	-68.3088
BLOCK20/SES202/SA202S27	SES202	2.86745	-63.97	-66.8375
BLOCK20/SES202/SA202S29	SES202	3.55035	-63.8148	-67.3652
BLOCK20/SES206/SA206S15	SES206	0.561249	-64.7762	-65.3375
BLOCK20/SES206/SA206S17	SES206	2.24348	-62.7259	-64.9694
BLOCK20/SES206/SA206S24	SES206	1.71078	-63.0812	-64.792
BLOCK20/SES206/SA206S27	SES206	2.26921	-63.2221	-65.4913
BLOCK20/SES206/SA206S29	SES206	1.76586	-62.4259	-64.1917
BLOCK22/SES226/SA226S12	SES226	1.80578	-64.7787	-66.5845
BLOCK22/SES226/SA226S13	SES226	-0.403793	-66.2443	-65.8405
BLOCK22/SES226/SA226S20	SES226	1.2691	-65.0448	-66.3139
BLOCK22/SES226/SA226S23	SES226	1.648	-64.5844	-66.2324
BLOCK22/SES226/SA226S28	SES226	2.1853	-63.9814	-66.1667
BLOCK25/SES259/SA259S13	SES259	3.51369	-62.7374	-66.2511
BLOCK25/SES259/SA259S14	SES259	2.43938	-63.6817	-66.1211
BLOCK25/SES259/SA259S22	SES259	2.46419	-63.6666	-66.1308
BLOCK25/SES259/SA259S24	SES259	2.96458	-62.2218	-65.1864
BLOCK25/SES259/SA259S28	SES259	2.34064	-63.1638	-65.5044
BLOCK27/SES270/SA270S14	SES270	2.5742	-64.9291	-67.5033
BLOCK27/SES270/SA270S16	SES270	1.21343	-65.4781	-66.6915
BLOCK27/SES270/SA270S22	SES270	2.89632	-64.1694	-67.0657
BLOCK27/SES270/SA270S26	SES270	1.76033	-65.7485	-67.5089
BLOCK27/SES270/SA270S28	SES270	1.58244	-64.5653	-66.1477
BLOCK27/SES275/SA275S17	SES275	1.23184	-66.1383	-67.3701
BLOCK27/SES275/SA275S18	SES275	1.04209	-66.4504	-67.4925
BLOCK27/SES275/SA275S24	SES275	1.20361	-67.1602	-68.3639
BLOCK27/SES275/SA275S26	SES275	1.83488	-65.2584	-67.0933
BLOCK27/SES275/SA275S28	SES275	0.70134	-66.2335	-66.9348
BLOCK29/SES292/SA292S10	SES292	0.65876	-66.3177	-66.9764
BLOCK29/SES292/SA292S12	SES292	0.690186	-67.2907	-67.9809
BLOCK29/SES292/SA292S22	SES292	1.60676	-65.417	-67.0238
BLOCK29/SES292/SA292S24	SES292	0.705925	-66.1057	-66.8117
BLOCK29/SES292/SA292S27	SES292	0.458305	-65.7924	-66.2507
BLOCK00/SES001/SA001S14	SES062	-0.389557	-68.294	-67.9045
BLOCK00/SES001/SA001S14	SES082	-1.75624	-69.6607	-67.9045
BLOCK00/SES001/SA001S14	SES106	-3.09438	-70.9989	-67.9045
BLOCK00/SES001/SA001S14	SES206	-3.3119	-71.2164	-67.9045
BLOCK00/SES001/SA001S15	SES062	-1.53956	-67.794	-66.2544
BLOCK00/SES001/SA001S15	SES104	-3.04601	-69.3004	-66.2544
BLOCK00/SES001/SA001S15	SES106	-3.03151	-69.2859	-66.2544
BLOCK00/SES001/SA001S15	SES206	-3.64018	-69.8946	-66.2544
BLOCK00/SES001/SA001S24	SES062	-1.8646	-69.804	-67.9394
BLOCK00/SES001/SA001S24	SES082	-2.30811	-70.2475	-67.9394
BLOCK00/SES001/SA001S24	SES087	-3.62482	-71.5642	-67.9394
BLOCK00/SES001/SA001S24	SES206	-2.92499	-70.8644	-67.9394
BLOCK00/SES001/SA001S27	SES062	-1.8646	-67.7758	-65.9112
BLOCK00/SES001/SA001S27	SES082	-2.48537	-68.3966	-65.9112
BLOCK00/SES001/SA001S27	SES087	-3.22224	-69.1335	-65.9112
BLOCK00/SES001/SA001S27	SES206	-3.1554	-69.0666	-65.9112
BLOCK00/SES001/SA001S29	SES062	-1.43683	-69.3508	-67.914
BLOCK00/SES001/SA001S29	SES082	-1.70579	-69.6197	-67.914
BLOCK00/SES001/SA001S29	SES158	-1.41022	-69.3242	-67.914
BLOCK00/SES001/SA001S29	SES206	-3.91885	-71.8328	-67.914
BLOCK00/SES003/SA003S11	SES002	-1.32812	-67.8048	-66.4767
BLOCK00/SES003/SA003S11	SES019	-1.32383	-67.8005	-66.4767
BLOCK00/SES003/SA003S11	SES082	-0.219879	-66.6965	-66.4767
BLOCK00/SES003/SA003S11	SES125	-1.16841	-67.6451	-66.4767
BLOCK00/SES003/SA003S15	SES016	-3.66219	-69.4879	-65.8257
BLOCK00/SES003/SA003S15	SES019	-1.73798	-67.5637	-65.8257
BLOCK00/SES003/SA003S15	SES062	-2.28114	-68.1068	-65.8257
BLOCK00/SES003/SA003S15	SES206	-1.52856	-67.3542	-65.8257
BLOCK00/SES003/SA003S22	SES002	-2.40726	-68.5287	-66.1214
BLOCK00/SES003/SA003S22	SES062	-2.0853	-68.2067	-66.1214
BLOCK00/SES003/SA003S22	SES082	-0.712723	-66.8341	-66.1214
BLOCK00/SES003/SA003S22	SES087	-1.95118	-68.0726	-66.1214
BLOCK00/SES003/SA003S25	SES062	-2.57742	-69.8803	-67.3029
BLOCK00/SES003/SA003S25	SES082	0.245079	-67.0578	-67.3029
BLOCK00/SES003/SA003S25	SES087	-2.05161	-69.3545	-67.3029
BLOCK00/SES003/SA003S25	SES206	-1.90141	-69.2043	-67.3029
BLOCK00/SES003/SA003S29	SES002	-1.97543	-68.8074	-66.832
BLOCK00/SES003/SA003S29	SES062	-1.77251	-68.6045	-66.832
BLOCK00/SES003/SA003S29	SES082	-0.599174	-67.4311	-66.832
BLOCK00/SES003/SA003S29	SES087	-1.84712	-68.6791	-66.832
BLOCK00/SES004/SA004S12	SES083	-1.27443	-69.4728	-68.1984
BLOCK00/SES004/SA004S12	SES148	-1.42598	-69.6244	-68.1984
BLOCK00/SES004/SA004S12	SES172	-1.32145	-69.5198	-68.1984
BLOCK00/SES004/SA004S12	SES292	-1.55694	-69.7553	-68.1984
BLOCK00/SES004/SA004S17	SES083	-1.23495	-69.4379	-68.2029
BLOCK00/SES004/SA004S17	SES162	-0.998344	-69.2013	-68.2029
BLOCK00/SES004/SA004S17	SES172	-1.57072	-69.7737	-68.2029
BLOCK00/SES004/SA004S17	SES292	-1.48109	-69.684	-68.2029
BLOCK00/SES004/SA004S24	SES083	-1.25427	-69.0374	-67.7831
BLOCK00/SES004/SA004S24	SES148	-1.63192	-69.415	-67.7831
BLOCK00/SES004/SA004S24	SES172	-0.969337	-68.7524	-67.7831
BLOCK00/SES004/SA004S24	SES292	-0.877846	-68.6609	-67.7831
BLOCK00/SES004/SA004S26	SES083	-0.353691	-68.0383	-67.6846
BLOCK00/SES004/SA004S26	SES127	-0.761353	-68.446	-67.6846
BLOCK00/SES004/SA004S26	SES148	-2.13284	-69.8175	-67.6846
BLOCK00/SES004/SA004S26	SES292	-1.11847	-68.8031	-67.6846
BLOCK00/SES004/SA004S28	SES083	-0.618019	-68.0268	-67.4088
BLOCK00/SES004/SA004S28	SES127	-1.00286	-68.4117	-67.4088
BLOCK00/SES004/SA004S28	SES187	-0.903618	-68.3124	-67.4088
BLOCK00/SES004/SA004S28	SES292	-1.56584	-68.9747	-67.4088
BLOCK00/SES006/SA006S10	SES014	-2.39385	-71.0001	-68.6062
BLOCK00/SES006/SA006S10	SES158	-0.58287	-69.1891	-68.6062
BLOCK00/SES006/SA006S10	SES226	-2.85343	-71.4597	-68.6062
BLOCK00/SES006/SA006S10	SES270	-0.292305	-68.8985	-68.6062
BLOCK00/SES006/SA006S11	SES158	-0.70562	-69.2177	-68.5121
BLOCK00/SES006/SA006S11	SES226	-2.52303	-71.0351	-68.5121
BLOCK00/SES006/SA006S11	SES270	-0.418365	-68.9305	-68.5121
BLOCK00/SES006/SA006S11	SES275	-3.66298	-72.1751	-68.5121
BLOCK00/SES006/SA006S23	SES062	-1.98492	-68.7911	-66.8061
BLOCK00/SES006/SA006S23	SES105	-2.2495	-69.0556	-66.8061
BLOCK00/SES006/SA006S23	SES158	-0.726189	-67.5323	-66.8061
BLOCK00/SES006/SA006S23	SES275	-2.49918	-69.3053	-66.8061
BLOCK00/SES006/SA006S26	SES104	-1.80029	-68.8905	-67.0902
BLOCK00/SES006/SA006S26	SES158	-0.136597	-67.2268	-67.0902
BLOCK00/SES006/SA006S26	SES270	-0.0605392	-67.1507	-67.0902
BLOCK00/SES006/SA006S26	SES275	-3.5441	-70.6343	-67.0902
BLOCK00/SES006/SA006S28	SES007	-2.70223	-71.265	-68.5628
BLOCK00/SES006/SA006S28	SES105	-2.23886	-70.8016	-68.5628
BLOCK00/SES006/SA006S28	SES158	-0.564156	-69.1269	-68.5628
BLOCK00/SES006/SA006S28	SES275	-3.12436	-71.6871	-68.5628
BLOCK00/SES009/SA009S12	SES083	-1.40697	-67.9913	-66.5843
BLOCK00/SES009/SA009S12	SES148	-0.86866	-67.453	-66.5843
BLOCK00/SES009/SA009S12	SES177	-2.20003	-68.7843	-66.5843
BLOCK00/SES009/SA009S12	SES292	-0.270828	-66.8551	-66.5843
BLOCK00/SES009/SA009S15	SES007	0.880165	-64.9201	-65.8003
BLOCK00/SES009/SA009S15	SES099	-8.05287	-73.8532	-65.8003
BLOCK00/SES009/SA009S15	SES148	-0.932716	-66.733	-65.8003
BLOCK00/SES009/SA009S15	SES172	-0.918182	-66.7185	-65.8003
BLOCK00/SES009/SA009S24	SES146	-0.317665	-66.8153	-66.4976
BLOCK00/SES009/SA009S24	SES148	-0.838898	-67.3365	-66.4976
BLOCK00/SES009/SA009S24	SES177	-1.70414	-68.2018	-66.4976
BLOCK00/SES009/SA009S24	SES292	-0.0453262	-66.543	-66.4976
BLOCK00/SES009/SA009S26	SES083	-1.54178	-68.2709	-66.7292
BLOCK00/SES009/SA009S26	SES101	-0.892387	-67.6215	-66.7292
BLOCK00/SES009/SA009S26	SES120	-0.838341	-67.5675	-66.7292
BLOCK00/SES009/SA009S26	SES177	-2.04491	-68.7741	-66.7292
BLOCK00/SES009/SA009S29	SES083	-0.985771	-67.2279	-66.2421
BLOCK00/SES009/SA009S29	SES101	-0.645905	-66.888	-66.2421
BLOCK00/SES009/SA009S29	SES177	-1.72257	-67.9647	-66.2421
BLOCK00/SES009/SA009S29	SES292	-0.393295	-66.6354	-66.2421
BLOCK01/SES011/SA011S10	SES019	-0.495461	-66.7228	-66.2273
BLOCK01/SES011/SA011S10	SES042	0.151413	-66.0759	-66.2273
BLOCK01/SES011/SA011S10	SES082	-1.01295	-67.2403	-66.2273
BLOCK01/SES011/SA011S10	SES206	-0.199272	-66.4266	-66.2273
BLOCK01/SES011/SA011S11	SES019	-0.351135	-67.506	-67.1548
BLOCK01/SES011/SA011S11	SES042	-0.481659	-67.6365	-67.1548
BLOCK01/SES011/SA011S11	SES082	-0.750717	-67.9056	-67.1548
BLOCK01/SES011/SA011S11	SES206	-0.224472	-67.3793	-67.1548
BLOCK01/SES011/SA011S22	SES019	-0.161011	-67.2573	-67.0963
BLOCK01/SES011/SA011S22	SES042	-0.0386276	-67.1349	-67.0963
BLOCK01/SES011/SA011S22	SES082	-0.08638	-67.1827	-67.0963
BLOCK01/SES011/SA011S22	SES206	-0.668327	-67.7646	-67.0963
BLOCK01/SES011/SA011S24	SES019	-0.65239	-66.4368	-65.7844
BLOCK01/SES011/SA011S24	SES042	-0.0574493	-65.8418	-65.7844
BLOCK01/SES011/SA011S24	SES104	-0.798126	-66.5825	-65.7844
BLOCK01/SES011/SA011S24	SES206	-0.0620728	-65.8464	-65.7844
BLOCK01/SES011/SA011S27	SES082	0.458595	-65.7414	-66.2
BLOCK01/SES011/SA011S27	SES087	-0.961761	-67.1618	-66.2
BLOCK01/SES011/SA011S27	SES125	-0.104546	-66.3046	-66.2
BLOCK01/SES011/SA011S27	SES206	-0.164581	-66.3646	-66.2
BLOCK01/SES012/SA012S11	SES007	-2.76402	-67.3077	-64.5436
BLOCK01/SES012/SA012S11	SES082	-0.835823	-65.3795	-64.5436
BLOCK01/SES012/SA012S11	SES083	-2.55171	-67.0954	-64.5436
BLOCK01/SES012/SA012S11	SES206	-0.178329	-64.722	-64.5436
BLOCK01/SES012/SA012S14	SES082	-0.833328	-66.3145	-65.4811
BLOCK01/SES012/SA012S14	SES087	-1.50452	-66.9857	-65.4811
BLOCK01/SES012/SA012S14	SES206	-0.180038	-65.6612	-65.4811
BLOCK01/SES012/SA012S14	SES292	-3.56892	-69.0501	-65.4811
BLOCK01/SES012/SA012S24	SES082	0.577744	-65.8801	-66.4578
BLOCK01/SES012/SA012S24	SES087	0.0414047	-66.4164	-66.4578
BLOCK01/SES012/SA012S24	SES120	-3.53985	-69.9976	-66.4578
BLOCK01/SES012/SA012S24	SES206	0.391808	-66.066	-66.4578
BLOCK01/SES012/SA012S26	SES019	-1.64013	-66.6988	-65.0587
BLOCK01/SES012/SA012S26	SES082	-1.20691	-66.2656	-65.0587
BLOCK01/SES012/SA012S26	SES206	0.0610504	-64.9976	-65.0587
BLOCK01/SES012/SA012S26	SES292	-3.14648	-68.2051	-65.0587
BLOCK01/SES012/SA012S29	SES062	-2.30226	-67.2685	-64.9663
BLOCK01/SES012/SA012S29	SES082	-0.575348	-65.5416	-64.9663
BLOCK01/SES012/SA012S29	SES083	-2.28419	-67.2504	-64.9663
BLOCK01/SES012/SA012S29	SES206	-0.0659561	-65.0322	-64.9663
BLOCK01/SES013/SA013S16	SES062	-3.85022	-69.6827	-65.8325
BLOCK01/SES013/SA013S16	SES106	-0.916779	-66.7493	-65.8325
BLOCK01/SES013/SA013S16	SES206	-1.03086	-66.8634	-65.8325
BLOCK01/SES013/SA013S16	SES226	-0.648109	-66.4806	-65.8325
BLOCK01/SES013/SA013S17	SES062	-3.38363	-68.465	-65.0814
BLOCK01/SES013/SA013S17	SES106	-0.688477	-65.7698	-65.0814
BLOCK01/SES013/SA013S17	SES206	-0.0799179	-65.1613	-65.0814
BLOCK01/SES013/SA013S17	SES226	-0.0548172	-65.1362	-65.0814
BLOCK01/SES013/SA013S23	SES104	-1.22414	-67.1231	-65.8989
BLOCK01/SES013/SA013S23	SES106	-0.39019	-66.2891	-65.8989
BLOCK01/SES013/SA013S23	SES206	-0.853127	-66.7521	-65.8989
BLOCK01/SES013/SA013S23	SES270	-0.119873	-66.0188	-65.8989
BLOCK01/SES013/SA013S25	SES042	-1.32278	-66.3344	-65.0116
BLOCK01/SES013/SA013S25	SES104	-1.29556	-66.3072	-65.0116
BLOCK01/SES013/SA013S25	SES106	-0.585175	-65.5968	-65.0116
BLOCK01/SES013/SA013S25	SES206	-0.891769	-65.9034	-65.0116
BLOCK01/SES013/SA013S29	SES062	-4.03371	-69.6484	-65.6147
BLOCK01/SES013/SA013S29	SES104	-1.17503	-66.7897	-65.6147
BLOCK01/SES013/SA013S29	SES106	-0.392075	-66.0067	-65.6147
BLOCK01/SES013/SA013S29	SES206	-0.476013	-66.0907	-65.6147
BLOCK02/SES021/SA021S13	SES016	-3.60299	-69.0442	-65.4412
BLOCK02/SES021/SA021S13	SES029	-3.06826	-68.5095	-65.4412
BLOCK02/SES021/SA021S13	SES087	-1.57845	-67.0197	-65.4412
BLOCK02/SES021/SA021S13	SES206	-0.869308	-66.3105	-65.4412
BLOCK02/SES021/SA021S15	SES087	-0.899017	-65.0002	-64.1012
BLOCK02/SES021/SA021S15	SES125	-0.295723	-64.3969	-64.1012
BLOCK02/SES021/SA021S15	SES206	-0.004776	-64.106	-64.1012
BLOCK02/SES021/SA021S15	SES226	-0.462677	-64.5639	-64.1012
BLOCK02/SES021/SA021S23	SES062	-2.34735	-69.0478	-66.7004
BLOCK02/SES021/SA021S23	SES087	-1.27202	-67.9724	-66.7004
BLOCK02/SES021/SA021S23	SES206	-0.99588	-67.6963	-66.7004
BLOCK02/SES021/SA021S23	SES226	-0.413673	-67.1141	-66.7004
BLOCK02/SES021/SA021S27	SES002	-1.55799	-66.7949	-65.2369
BLOCK02/SES021/SA021S27	SES016	-3.57143	-68.8083	-65.2369
BLOCK02/SES021/SA021S27	SES019	-1.58968	-66.8266	-65.2369
BLOCK02/SES021/SA021S27	SES062	-1.51436	-66.7512	-65.2369
BLOCK02/SES021/SA021S29	SES087	-1.48311	-66.2099	-64.7268
BLOCK02/SES021/SA021S29	SES125	-0.581909	-65.3087	-64.7268
BLOCK02/SES021/SA021S29	SES206	-0.409378	-65.1361	-64.7268
BLOCK02/SES021/SA021S29	SES226	-0.645134	-65.3719	-64.7268
BLOCK04/SES043/SA043S09	SES083	-1.45436	-69.71	-68.2557
BLOCK04/SES043/SA043S09	SES101	-2.35992	-70.6156	-68.2557
BLOCK04/SES043/SA043S09	SES144	-0.395226	-68.6509	-68.2557
BLOCK04/SES043/SA043S09	SES172	-4.28552	-72.5412	-68.2557
BLOCK04/SES043/SA043S11	SES083	-0.57711	-67.1866	-66.6095
BLOCK04/SES043/SA043S11	SES101	-1.04871	-67.6582	-66.6095
BLOCK04/SES043/SA043S11	SES144	-0.187553	-66.797	-66.6095
BLOCK04/SES043/SA043S11	SES172	-1.5656	-68.1751	-66.6095
BLOCK04/SES043/SA043S23	SES083	-0.243919	-67.168	-66.9241
BLOCK04/SES043/SA043S23	SES144	0.169807	-66.7543	-66.9241
BLOCK04/SES043/SA043S23	SES177	-3.44151	-70.3656	-66.9241
BLOCK04/SES043/SA043S23	SES275	-0.840286	-67.7644	-66.9241
BLOCK04/SES043/SA043S26	SES083	-0.703323	-67.8377	-67.1343
BLOCK04/SES043/SA043S26	SES101	-1.06947	-68.2038	-67.1343
BLOCK04/SES043/SA043S26	SES144	0.10437	-67.03	-67.1343
BLOCK04/SES043/SA043S26	SES177	-2.05567	-69.19	-67.1343
BLOCK04/SES043/SA043S28	SES016	-1.09051	-67.3424	-66.2519
BLOCK04/SES043/SA043S28	SES083	-0.624634	-66.8766	-66.2519
BLOCK04/SES043/SA043S28	SES101	-0.52948	-66.7814	-66.2519
BLOCK04/SES043/SA043S28	SES144	-0.538483	-66.7904	-66.2519
BLOCK04/SES044/SA044S10	SES127	-2.04319	-71.9324	-69.8892
BLOCK04/SES044/SA044S10	SES144	-0.234299	-70.1235	-69.8892
BLOCK04/SES044/SA044S10	SES147	-2.63293	-72.5221	-69.8892
BLOCK04/SES044/SA044S10	SES148	-2.25932	-72.1485	-69.8892
BLOCK04/SES044/SA044S11	SES101	-1.84296	-70.767	-68.924
BLOCK04/SES044/SA044S11	SES144	0.365326	-68.5587	-68.924
BLOCK04/SES044/SA044S11	SES147	-1.80907	-70.7331	-68.924
BLOCK04/SES044/SA044S11	SES177	-2.22314	-71.1471	-68.924
BLOCK04/SES044/SA044S24	SES007	-1.79739	-70.0035	-68.2062
BLOCK04/SES044/SA044S24	SES101	-0.76342	-68.9696	-68.2062
BLOCK04/SES044/SA044S24	SES147	-3.48403	-71.6902	-68.2062
BLOCK04/SES044/SA044S24	SES177	-2.65412	-70.8603	-68.2062
BLOCK04/SES044/SA044S26	SES007	-1.62672	-69.1906	-67.5639
BLOCK04/SES044/SA044S26	SES016	-0.375816	-67.9397	-67.5639
BLOCK04/SES044/SA044S26	SES101	-1.35198	-68.9159	-67.5639
BLOCK04/SES044/SA044S26	SES147	-1.05502	-68.6189	-67.5639
BLOCK04/SES044/SA044S29	SES007	-1.36093	-68.4778	-67.1169
BLOCK04/SES044/SA044S29	SES101	-0.605766	-67.7227	-67.1169
BLOCK04/SES044/SA044S29	SES147	-1.58057	-68.6975	-67.1169
BLOCK04/SES044/SA044S29	SES177	-2.43773	-69.5546	-67.1169
BLOCK04/SES046/SA046S13	SES101	-3.10189	-71.184	-68.0821
BLOCK04/SES046/SA046S13	SES144	-0.511436	-68.5935	-68.0821
BLOCK04/SES046/SA046S13	SES147	-2.82355	-70.9056	-68.0821
BLOCK04/SES046/SA046S13	SES177	-1.52085	-69.6029	-68.0821
BLOCK04/SES046/SA046S15	SES048	-2.38112	-69.2443	-66.8632
BLOCK04/SES046/SA046S15	SES083	-0.505394	-67.3686	-66.8632
BLOCK04/SES046/SA046S15	SES120	-1.90251	-68.7657	-66.8632
BLOCK04/SES046/SA046S15	SES148	-1.17754	-68.0407	-66.8632
BLOCK04/SES046/SA046S22	SES101	-0.693237	-68.6543	-67.9611
BLOCK04/SES046/SA046S22	SES144	0.0439987	-67.9171	-67.9611
BLOCK04/SES046/SA046S22	SES147	-1.58092	-69.542	-67.9611
BLOCK04/SES046/SA046S22	SES172	-1.89306	-69.8541	-67.9611
BLOCK04/SES046/SA046S25	SES083	-1.01997	-68.3349	-67.315
BLOCK04/SES046/SA046S25	SES127	-1.2291	-68.5441	-67.315
BLOCK04/SES046/SA046S25	SES144	-1.43974	-68.7547	-67.315
BLOCK04/SES046/SA046S25	SES148	-1.30734	-68.6223	-67.315
BLOCK04/SES046/SA046S28	SES007	-2.46847	-70.4755	-68.0071
BLOCK04/SES046/SA046S28	SES105	-2.25382	-70.2609	-68.0071
BLOCK04/SES046/SA046S28	SES147	-3.40987	-71.4169	-68.0071
BLOCK04/SES046/SA046S28	SES148	-0.554764	-68.5618	-68.0071
BLOCK04/SES049/SA049S16	SES104	-0.855057	-67.8677	-67.0126
BLOCK04/SES049/SA049S16	SES106	-0.983803	-67.9964	-67.0126
BLOCK04/SES049/SA049S16	SES120	-2.99618	-70.0088	-67.0126
BLOCK04/SES049/SA049S16	SES206	-0.596146	-67.6088	-67.0126
BLOCK04/SES049/SA049S18	SES099	-0.197693	-67.9709	-67.7732
BLOCK04/SES049/SA049S18	SES104	-1.2346	-69.0078	-67.7732
BLOCK04/SES049/SA049S18	SES125	-1.83887	-69.612	-67.7732
BLOCK04/SES049/SA049S18	SES206	-1.15591	-68.9291	-67.7732
BLOCK04/SES049/SA049S25	SES087	-0.526482	-67.0622	-66.5357
BLOCK04/SES049/SA049S25	SES104	-0.052948	-66.5886	-66.5357
BLOCK04/SES049/SA049S25	SES125	-1.33765	-67.8734	-66.5357
BLOCK04/SES049/SA049S25	SES206	-0.369263	-66.905	-66.5357
BLOCK04/SES049/SA049S27	SES099	-0.856636	-67.2592	-66.4025
BLOCK04/SES049/SA049S27	SES104	-0.143677	-66.5462	-66.4025
BLOCK04/SES049/SA049S27	SES125	-1.17649	-67.579	-66.4025
BLOCK04/SES049/SA049S27	SES206	-0.882751	-67.2853	-66.4025
BLOCK04/SES049/SA049S29	SES099	-0.517792	-66.1426	-65.6248
BLOCK04/SES049/SA049S29	SES104	0.543602	-65.0812	-65.6248
BLOCK04/SES049/SA049S29	SES125	-0.747101	-66.3719	-65.6248
BLOCK04/SES049/SA049S29	SES206	-0.0544128	-65.6792	-65.6248
BLOCK06/SES063/SA063S09	SES068	-1.9238	-68.6332	-66.7094
BLOCK06/SES063/SA063S09	SES083	0.0206375	-66.6888	-66.7094
BLOCK06/SES063/SA063S09	SES177	-0.916313	-67.6257	-66.7094
BLOCK06/SES063/SA063S09	SES187	-0.901123	-67.6105	-66.7094
BLOCK06/SES063/SA063S10	SES068	-1.22809	-68.5687	-67.3407
BLOCK06/SES063/SA063S10	SES083	0.0697937	-67.2709	-67.3407
BLOCK06/SES063/SA063S10	SES172	-0.229454	-67.5701	-67.3407
BLOCK06/SES063/SA063S10	SES187	-0.799736	-68.1404	-67.3407
BLOCK06/SES063/SA063S20	SES068	-2.54974	-69.9385	-67.3887
BLOCK06/SES063/SA063S20	SES083	-0.524132	-67.9129	-67.3887
BLOCK06/SES063/SA063S20	SES172	-1.34113	-68.7299	-67.3887
BLOCK06/SES063/SA063S20	SES187	0.0302505	-67.3585	-67.3887
BLOCK06/SES063/SA063S24	SES029	-1.29665	-67.7042	-66.4075
BLOCK06/SES063/SA063S24	SES083	0.43322	-65.9743	-66.4075
BLOCK06/SES063/SA063S24	SES177	-0.506828	-66.9144	-66.4075
BLOCK06/SES063/SA063S24	SES189	-0.344627	-66.7522	-66.4075
BLOCK06/SES063/SA063S27	SES083	-0.100266	-67.882	-67.7818
BLOCK06/SES063/SA063S27	SES172	-0.854576	-68.6363	-67.7818
BLOCK06/SES063/SA063S27	SES187	-1.31712	-69.0989	-67.7818
BLOCK06/SES063/SA063S27	SES292	-1.27352	-69.0553	-67.7818
BLOCK06/SES067/SA067S12	SES083	-0.919617	-67.3456	-66.4259
BLOCK06/SES067/SA067S12	SES172	-3.79334	-70.2193	-66.4259
BLOCK06/SES067/SA067S12	SES202	0.20591	-66.22	-66.4259
BLOCK06/SES067/SA067S12	SES292	-1.84328	-68.2692	-66.4259
BLOCK06/SES067/SA067S14	SES085	-2.2438	-68.0772	-65.8334
BLOCK06/SES067/SA067S14	SES177	-1.23852	-67.072	-65.8334
BLOCK06/SES067/SA067S14	SES183	-2.27662	-68.1101	-65.8334
BLOCK06/SES067/SA067S14	SES202	-0.712341	-66.5458	-65.8334
BLOCK06/SES067/SA067S21	SES144	-0.796989	-68.6118	-67.8148
BLOCK06/SES067/SA067S21	SES177	-0.57444	-68.3892	-67.8148
BLOCK06/SES067/SA067S21	SES183	-3.82333	-71.6381	-67.8148
BLOCK06/SES067/SA067S21	SES189	-0.200104	-68.0149	-67.8148
BLOCK06/SES067/SA067S25	SES085	-0.650314	-67.7329	-67.0826
BLOCK06/SES067/SA067S25	SES177	-1.06018	-68.1428	-67.0826
BLOCK06/SES067/SA067S25	SES183	-1.35619	-68.4388	-67.0826
BLOCK06/SES067/SA067S25	SES202	0.120338	-66.9623	-67.0826
BLOCK06/SES067/SA067S29	SES085	-0.93248	-67.9022	-66.9697
BLOCK06/SES067/SA067S29	SES177	-1.55852	-68.5283	-66.9697
BLOCK06/SES067/SA067S29	SES183	-0.441452	-67.4112	-66.9697
BLOCK06/SES067/SA067S29	SES202	0.668983	-66.3008	-66.9697
BLOCK06/SES069/SA069S12	SES029	-2.32862	-68.1695	-65.8408
BLOCK06/SES069/SA069S12	SES082	-0.195068	-66.0359	-65.8408
BLOCK06/SES069/SA069S12	SES087	-1.79643	-67.6373	-65.8408
BLOCK06/SES069/SA069S12	SES206	-1.22269	-67.0635	-65.8408
BLOCK06/SES069/SA069S13	SES029	-2.87298	-68.6507	-65.7777
BLOCK06/SES069/SA069S13	SES087	-2.0212	-67.7989	-65.7777
BLOCK06/SES069/SA069S13	SES206	-1.99135	-67.769	-65.7777
BLOCK06/SES069/SA069S13	SES226	-1.16875	-66.9464	-65.7777
BLOCK06/SES069/SA069S23	SES029	-1.86259	-66.1225	-64.2599
BLOCK06/SES069/SA069S23	SES087	-2.26253	-66.5225	-64.2599
BLOCK06/SES069/SA069S23	SES206	-1.08573	-65.3457	-64.2599
BLOCK06/SES069/SA069S23	SES226	-0.43351	-64.6935	-64.2599
BLOCK06/SES069/SA069S25	SES087	-1.33881	-66.0428	-64.7039
BLOCK06/SES069/SA069S25	SES206	-1.81407	-66.518	-64.7039
BLOCK06/SES069/SA069S25	SES226	-0.906166	-65.6101	-64.7039
BLOCK06/SES069/SA069S25	SES270	-1.13254	-65.8365	-64.7039
BLOCK06/SES069/SA069S27	SES087	-1.91162	-66.66	-64.7483
BLOCK06/SES069/SA069S27	SES206	-0.753242	-65.5016	-64.7483
BLOCK06/SES069/SA069S27	SES226	-0.0567551	-64.8051	-64.7483
BLOCK06/SES069/SA069S27	SES270	-1.07615	-65.8245	-64.7483
BLOCK08/SES081/SA081S11	SES060	-0.881714	-68.06	-67.1783
BLOCK08/SES081/SA081S11	SES062	-2.73157	-69.9099	-67.1783
BLOCK08/SES081/SA081S11	SES117	-1.55512	-68.7334	-67.1783
BLOCK08/SES081/SA081S11	SES162	-0.935608	-68.1139	-67.1783
BLOCK08/SES081/SA081S13	SES016	-0.184547	-66.3955	-66.2109
BLOCK08/SES081/SA081S13	SES060	0.10598	-66.105	-66.2109
BLOCK08/SES081/SA081S13	SES068	-0.252541	-66.4635	-66.2109
BLOCK08/SES081/SA081S13	SES129	-1.67278	-67.8837	-66.2109
BLOCK08/SES081/SA081S24	SES060	-0.123672	-67.1312	-67.0075
BLOCK08/SES081/SA081S24	SES068	-0.924614	-67.9322	-67.0075
BLOCK08/SES081/SA081S24	SES117	-1.54155	-68.5491	-67.0075
BLOCK08/SES081/SA081S24	SES275	-1.952	-68.9595	-67.0075
BLOCK08/SES081/SA081S27	SES007	-0.860832	-67.8981	-67.0372
BLOCK08/SES081/SA081S27	SES060	-0.75631	-67.7935	-67.0372
BLOCK08/SES081/SA081S27	SES117	-0.355957	-67.3932	-67.0372
BLOCK08/SES081/SA081S27	SES275	-1.94366	-68.9809	-67.0372
BLOCK08/SES081/SA081S29	SES007	-0.724777	-67.2421	-66.5173
BLOCK08/SES081/SA081S29	SES060	-0.157013	-66.6743	-66.5173
BLOCK08/SES081/SA081S29	SES117	-0.828598	-67.3459	-66.5173
BLOCK08/SES081/SA081S29	SES275	-1.69517	-68.2125	-66.5173
BLOCK08/SES086/SA086S11	SES029	-4.28117	-72.1657	-67.8845
BLOCK08/SES086/SA086S11	SES082	-1.12817	-69.0127	-67.8845
BLOCK08/SES086/SA086S11	SES087	-0.316147	-68.2006	-67.8845
BLOCK08/SES086/SA086S11	SES206	-1.20174	-69.0862	-67.8845
BLOCK08/SES086/SA086S12	SES029	-3.67295	-70.5901	-66.9171
BLOCK08/SES086/SA086S12	SES082	-1.14269	-68.0598	-66.9171
BLOCK08/SES086/SA086S12	SES087	1.0254	-65.8917	-66.9171
BLOCK08/SES086/SA086S12	SES206	-0.676361	-67.5935	-66.9171
BLOCK08/SES086/SA086S20	SES029	-4.04485	-69.1005	-65.0557
BLOCK08/SES086/SA086S20	SES082	-1.48333	-66.539	-65.0557
BLOCK08/SES086/SA086S20	SES087	0.461334	-64.5943	-65.0557
BLOCK08/SES086/SA086S20	SES206	-0.104843	-65.1605	-65.0557
BLOCK08/SES086/SA086S24	SES087	0.50428	-65.8998	-66.4041
BLOCK08/SES086/SA086S24	SES104	-0.799263	-67.2034	-66.4041
BLOCK08/SES086/SA086S24	SES120	-3.99995	-70.4041	-66.4041
BLOCK08/SES086/SA086S24	SES206	0.569397	-65.8347	-66.4041
BLOCK08/SES086/SA086S28	SES029	-3.25387	-68.6465	-65.3926
BLOCK08/SES086/SA086S28	SES082	-0.899422	-66.2921	-65.3926
BLOCK08/SES086/SA086S28	SES087	0.281746	-65.1109	-65.3926
BLOCK08/SES086/SA086S28	SES206	-0.126488	-65.5191	-65.3926
BLOCK08/SES089/SA089S13	SES087	-1.98183	-68.503	-66.5212
BLOCK08/SES089/SA089S13	SES206	-2.11118	-68.6324	-66.5212
BLOCK08/SES089/SA089S13	SES226	-1.09457	-67.6158	-66.5212
BLOCK08/SES089/SA089S13	SES270	-2.18871	-68.7099	-66.5212
BLOCK08/SES089/SA089S14	SES062	-1.76474	-68.0822	-66.3175
BLOCK08/SES089/SA089S14	SES087	-0.298134	-66.6156	-66.3175
BLOCK08/SES089/SA089S14	SES206	-0.674271	-66.9918	-66.3175
BLOCK08/SES089/SA089S14	SES226	-0.410278	-66.7278	-66.3175
BLOCK08/SES089/SA089S23	SES087	-0.972305	-69.3303	-68.358
BLOCK08/SES089/SA089S23	SES206	-0.980797	-69.3388	-68.358
BLOCK08/SES089/SA089S23	SES226	-0.206017	-68.5641	-68.358
BLOCK08/SES089/SA089S23	SES270	-1.93066	-70.2887	-68.358
BLOCK08/SES089/SA089S25	SES062	-1.94995	-68.3786	-66.4287
BLOCK08/SES089/SA089S25	SES087	-0.61541	-67.0441	-66.4287
BLOCK08/SES089/SA089S25	SES206	-1.03165	-67.4603	-66.4287
BLOCK08/SES089/SA089S25	SES226	-0.301125	-66.7298	-66.4287
BLOCK08/SES089/SA089S28	SES062	-1.55839	-68.4501	-66.8918
BLOCK08/SES089/SA089S28	SES087	-0.672234	-67.564	-66.8918
BLOCK08/SES089/SA089S28	SES206	-0.346611	-67.2384	-66.8918
BLOCK08/SES089/SA089S28	SES226	0.180115	-66.7116	-66.8918
BLOCK09/SES097/SA097S11	SES099	0.156212	-66.7213	-66.8775
BLOCK09/SES097/SA097S11	SES125	-1.43409	-68.3116	-66.8775
BLOCK09/SES097/SA097S11	SES206	-1.0545	-67.932	-66.8775
BLOCK09/SES097/SA097S11	SES226	-0.0516586	-66.9291	-66.8775
BLOCK09/SES097/SA097S14	SES062	-3.00822	-69.4975	-66.4893
BLOCK09/SES097/SA097S14	SES099	-0.804779	-67.2941	-66.4893
BLOCK09/SES097/SA097S14	SES104	-0.859253	-67.3485	-66.4893
BLOCK09/SES097/SA097S14	SES206	-1.54945	-68.0387	-66.4893
BLOCK09/SES097/SA097S22	SES099	0.109283	-66.3857	-66.495
BLOCK09/SES097/SA097S22	SES206	-0.818359	-67.3134	-66.495
BLOCK09/SES097/SA097S22	SES226	-0.780296	-67.2753	-66.495
BLOCK09/SES097/SA097S22	SES270	0.238899	-66.2561	-66.495
BLOCK09/SES097/SA097S26	SES099	-0.411308	-66.1691	-65.7578
BLOCK09/SES097/SA097S26	SES120	-3.22968	-68.9875	-65.7578
BLOCK09/SES097/SA097S26	SES206	-0.789589	-66.5474	-65.7578
BLOCK09/SES097/SA097S26	SES226	-1.2599	-67.0177	-65.7578
BLOCK09/SES097/SA097S28	SES099	-0.809372	-67.062	-66.2526
BLOCK09/SES097/SA097S28	SES120	-2.61178	-68.8644	-66.2526
BLOCK09/SES097/SA097S28	SES206	-1.0561	-67.3087	-66.2526
BLOCK09/SES097/SA097S28	SES226	-1.46642	-67.719	-66.2526
BLOCK09/SES098/SA098S11	SES127	-2.4108	-71.8422	-69.4314
BLOCK09/SES098/SA098S11	SES144	-1.18536	-70.6168	-69.4314
BLOCK09/SES098/SA098S11	SES147	0.424858	-69.0066	-69.4314
BLOCK09/SES098/SA098S11	SES148	-2.54629	-71.9777	-69.4314
BLOCK09/SES098/SA098S12	SES127	-4.73144	-75.1334	-70.4019
BLOCK09/SES098/SA098S12	SES144	-1.3624	-71.7643	-70.4019
BLOCK09/SES098/SA098S12	SES147	-0.625412	-71.0274	-70.4019
BLOCK09/SES098/SA098S12	SES189	-0.278763	-70.6807	-70.4019
BLOCK09/SES098/SA098S20	SES127	-4.53419	-73.4919	-68.9577
BLOCK09/SES098/SA098S20	SES147	-0.0286331	-68.9863	-68.9577
BLOCK09/SES098/SA098S20	SES148	-3.85738	-72.8151	-68.9577
BLOCK09/SES098/SA098S20	SES292	-3.19501	-72.1527	-68.9577
BLOCK09/SES098/SA098S23	SES127	-2.14099	-70.3554	-68.2145
BLOCK09/SES098/SA098S23	SES147	0.0376816	-68.1768	-68.2145
BLOCK09/SES098/SA098S23	SES187	-0.0582428	-68.2727	-68.2145
BLOCK09/SES098/SA098S23	SES292	-2.63808	-70.8525	-68.2145
BLOCK09/SES098/SA098S27	SES127	-2.44736	-71.9049	-69.4575
BLOCK09/SES098/SA098S27	SES147	-0.832603	-70.2901	-69.4575
BLOCK09/SES098/SA098S27	SES148	-2.85326	-72.3108	-69.4575
BLOCK09/SES098/SA098S27	SES292	-1.813	-71.2705	-69.4575
BLOCK10/SES102/SA102S13	SES101	-0.0736313	-68.3541	-68.2805
BLOCK10/SES102/SA102S13	SES105	-0.945747	-69.2262	-68.2805
BLOCK10/SES102/SA102S13	SES120	-1.36834	-69.6488	-68.2805
BLOCK10/SES102/SA102S13	SES158	-7.98179	-76.2622	-68.2805
BLOCK10/SES102/SA102S14	SES007	0.137451	-66.4122	-66.5497
BLOCK10/SES102/SA102S14	SES101	-0.10379	-66.6535	-66.5497
BLOCK10/SES102/SA102S14	SES105	-0.0209961	-66.5707	-66.5497
BLOCK10/SES102/SA102S14	SES147	-2.73312	-69.2828	-66.5497
BLOCK10/SES102/SA102S22	SES007	-0.701324	-67.3504	-66.6491
BLOCK10/SES102/SA102S22	SES101	0.202164	-66.4469	-66.6491
BLOCK10/SES102/SA102S22	SES105	-0.374756	-67.0239	-66.6491
BLOCK10/SES102/SA102S22	SES158	-4.43078	-71.0799	-66.6491
BLOCK10/SES102/SA102S25	SES007	-0.315636	-66.9076	-66.592
BLOCK10/SES102/SA102S25	SES101	-0.131348	-66.7233	-66.592
BLOCK10/SES102/SA102S25	SES105	-0.603012	-67.195	-66.592
BLOCK10/SES102/SA102S25	SES147	-4.16011	-70.7521	-66.592
BLOCK10/SES102/SA102S27	SES007	-0.92408	-68.0925	-67.1685
BLOCK10/SES102/SA102S27	SES101	-0.463753	-67.6322	-67.1685
BLOCK10/SES102/SA102S27	SES105	-0.948502	-68.117	-67.1685
BLOCK10/SES102/SA102S27	SES147	-2.76779	-69.9363	-67.1685
BLOCK10/SES103/SA103S14	SES105	-3.07703	-70.7749	-67.6979
BLOCK10/SES103/SA103S14	SES106	-0.104347	-67.8022	-67.6979
BLOCK10/SES103/SA103S14	SES120	-3.25403	-70.9519	-67.6979
BLOCK10/SES103/SA103S14	SES206	-1.07052	-68.7684	-67.6979
BLOCK10/SES103/SA103S15	SES099	-0.888313	-69.4689	-68.5806
BLOCK10/SES103/SA103S15	SES101	-4.38545	-72.966	-68.5806
BLOCK10/SES103/SA103S15	SES104	-0.951614	-69.5322	-68.5806
BLOCK10/SES103/SA103S15	SES125	-1.01231	-69.5929	-68.5806
BLOCK10/SES103/SA103S24	SES104	-1.03675	-67.6277	-66.5909
BLOCK10/SES103/SA103S24	SES125	-1.50456	-68.0955	-66.5909
BLOCK10/SES103/SA103S24	SES148	-3.06506	-69.656	-66.5909
BLOCK10/SES103/SA103S24	SES158	-0.613625	-67.2045	-66.5909
BLOCK10/SES103/SA103S26	SES104	-0.631905	-69.0735	-68.4416
BLOCK10/SES103/SA103S26	SES106	-0.476135	-68.9177	-68.4416
BLOCK10/SES103/SA103S26	SES125	-0.873207	-69.3148	-68.4416
BLOCK10/SES103/SA103S26	SES148	-2.67516	-71.1167	-68.4416
BLOCK10/SES103/SA103S28	SES104	-1.4812	-70.5142	-69.033
BLOCK10/SES103/SA103S28	SES106	-1.2142	-70.2472	-69.033
BLOCK10/SES103/SA103S28	SES125	-2.05292	-71.086	-69.033
BLOCK10/SES103/SA103S28	SES206	-2.51385	-71.5469	-69.033
BLOCK12/SES121/SA121S12	SES042	-1.82003	-70.735	-68.915
BLOCK12/SES121/SA121S12	SES087	-1.34639	-70.2614	-68.915
BLOCK12/SES121/SA121S12	SES105	-2.36456	-71.2795	-68.915
BLOCK12/SES121/SA121S12	SES206	-1.07601	-69.991	-68.915
BLOCK12/SES121/SA121S14	SES007	-3.77248	-72.967	-69.1945
BLOCK12/SES121/SA121S14	SES105	-2.98506	-72.1796	-69.1945
BLOCK12/SES121/SA121S14	SES106	-1.32372	-70.5183	-69.1945
BLOCK12/SES121/SA121S14	SES206	-1.47862	-70.6732	-69.1945
BLOCK12/SES121/SA121S23	SES105	-2.46809	-71.8619	-69.3938
BLOCK12/SES121/SA121S23	SES106	-0.594345	-69.9882	-69.3938
BLOCK12/SES121/SA121S23	SES120	-3.0825	-72.4763	-69.3938
BLOCK12/SES121/SA121S23	SES206	-0.875687	-70.2695	-69.3938
BLOCK12/SES121/SA121S25	SES007	-3.45417	-73.5789	-70.1247
BLOCK12/SES121/SA121S25	SES105	-3.45863	-73.5833	-70.1247
BLOCK12/SES121/SA121S25	SES106	-1.31245	-71.4372	-70.1247
BLOCK12/SES121/SA121S25	SES206	-1.44116	-71.5659	-70.1247
BLOCK12/SES121/SA121S27	SES087	-0.495743	-68.9812	-68.4855
BLOCK12/SES121/SA121S27	SES105	-4.06281	-72.5483	-68.4855
BLOCK12/SES121/SA121S27	SES120	-3.04036	-71.5259	-68.4855
BLOCK12/SES121/SA121S27	SES206	-0.943336	-69.4288	-68.4855
BLOCK12/SES124/SA124S16	SES042	-0.594337	-67.7974	-67.203
BLOCK12/SES124/SA124S16	SES082	-0.702217	-67.9053	-67.203
BLOCK12/SES124/SA124S16	SES183	-4.45995	-71.663	-67.203
BLOCK12/SES124/SA124S16	SES206	-1.13534	-68.3384	-67.203
BLOCK12/SES124/SA124S17	SES105	-2.96639	-71.3205	-68.3541
BLOCK12/SES124/SA124S17	SES149	-1.71285	-70.067	-68.3541
BLOCK12/SES124/SA124S17	SES158	-1.64076	-69.9949	-68.3541
BLOCK12/SES124/SA124S17	SES275	-3.69868	-72.0528	-68.3541
BLOCK12/SES124/SA124S23	SES105	-3.21938	-68.4298	-65.2104
BLOCK12/SES124/SA124S23	SES125	0.161697	-65.0487	-65.2104
BLOCK12/SES124/SA124S23	SES129	-4.00822	-69.2186	-65.2104
BLOCK12/SES124/SA124S23	SES158	-0.658539	-65.869	-65.2104
BLOCK12/SES124/SA124S26	SES105	-3.93493	-70.3294	-66.3945
BLOCK12/SES124/SA124S26	SES125	0.146484	-66.248	-66.3945
BLOCK12/SES124/SA124S26	SES129	-3.78844	-70.1829	-66.3945
BLOCK12/SES124/SA124S26	SES158	-0.509514	-66.904	-66.3945
BLOCK12/SES124/SA124S28	SES104	-0.195732	-66.0647	-65.869
BLOCK12/SES124/SA124S28	SES106	-0.520119	-66.3891	-65.869
BLOCK12/SES124/SA124S28	SES125	0.1521	-65.7169	-65.869
BLOCK12/SES124/SA124S28	SES275	-4.48145	-70.3504	-65.869
BLOCK12/SES126/SA126S13	SES007	-2.00467	-71.7402	-69.7355
BLOCK12/SES126/SA126S13	SES162	-0.728111	-70.4637	-69.7355
BLOCK12/SES126/SA126S13	SES177	-0.39801	-70.1336	-69.7355
BLOCK12/SES126/SA126S13	SES180	-0.932686	-70.6682	-69.7355
BLOCK12/SES126/SA126S14	SES144	-1.01603	-68.404	-67.388
BLOCK12/SES126/SA126S14	SES148	-1.52059	-68.9085	-67.388
BLOCK12/SES126/SA126S14	SES177	-0.168297	-67.5563	-67.388
BLOCK12/SES126/SA126S14	SES180	-0.590271	-67.9782	-67.388
BLOCK12/SES126/SA126S20	SES007	-2.26823	-70.299	-68.0308
BLOCK12/SES126/SA126S20	SES162	-2.78448	-70.8152	-68.0308
BLOCK12/SES126/SA126S20	SES172	-5.38548	-73.4162	-68.0308
BLOCK12/SES126/SA126S20	SES180	-2.32773	-70.3585	-68.0308
BLOCK12/SES126/SA126S24	SES120	-0.514557	-68.0592	-67.5446
BLOCK12/SES126/SA126S24	SES162	-0.598091	-68.1427	-67.5446
BLOCK12/SES126/SA126S24	SES177	-0.707054	-68.2517	-67.5446
BLOCK12/SES126/SA126S24	SES180	-0.448036	-67.9927	-67.5446
BLOCK12/SES126/SA126S26	SES120	-0.553215	-68.4628	-67.9096
BLOCK12/SES126/SA126S26	SES177	-1.15751	-69.0671	-67.9096
BLOCK12/SES126/SA126S26	SES180	-1.38126	-69.2909	-67.9096
BLOCK12/SES126/SA126S26	SES202	-1.72913	-69.6388	-67.9096
BLOCK12/SES128/SA128S10	SES087	-1.79327	-68.3559	-66.5626
BLOCK12/SES128/SA128S10	SES206	-1.07941	-67.642	-66.5626
BLOCK12/SES128/SA128S10	SES226	-0.546112	-67.1087	-66.5626
BLOCK12/SES128/SA128S10	SES270	-0.599899	-67.1625	-66.5626
BLOCK12/SES128/SA128S12	SES120	-2.67557	-69.3249	-66.6493
BLOCK12/SES128/SA128S12	SES158	-1.46843	-68.1177	-66.6493
BLOCK12/SES128/SA128S12	SES206	-0.473999	-67.1233	-66.6493
BLOCK12/SES128/SA128S12	SES226	-0.940315	-67.5896	-66.6493
BLOCK12/SES128/SA128S21	SES106	-3.31812	-71.2169	-67.8988
BLOCK12/SES128/SA128S21	SES120	-1.84129	-69.7401	-67.8988
BLOCK12/SES128/SA128S21	SES206	-2.45771	-70.3565	-67.8988
BLOCK12/SES128/SA128S21	SES226	-1.31947	-69.2183	-67.8988
BLOCK12/SES128/SA128S24	SES087	-2.92475	-70.5873	-67.6625
BLOCK12/SES128/SA128S24	SES120	-1.24372	-68.9062	-67.6625
BLOCK12/SES128/SA128S24	SES206	-2.49159	-70.1541	-67.6625
BLOCK12/SES128/SA128S24	SES226	-1.7829	-69.4454	-67.6625
BLOCK12/SES128/SA128S27	SES099	-1.72697	-68.0194	-66.2924
BLOCK12/SES128/SA128S27	SES120	-1.71737	-68.0098	-66.2924
BLOCK12/SES128/SA128S27	SES206	-1.54878	-67.8412	-66.2924
BLOCK12/SES128/SA128S27	SES226	-1.11235	-67.4047	-66.2924
BLOCK13/SES130/SA130S13	SES143	-2.87986	-71.7338	-68.8539
BLOCK13/SES130/SA130S13	SES144	0.167885	-68.686	-68.8539
BLOCK13/SES130/SA130S13	SES146	-0.742424	-69.5963	-68.8539
BLOCK13/SES130/SA130S13	SES275	-3.7645	-72.6184	-68.8539
BLOCK13/SES130/SA130S15	SES143	-1.87553	-69.553	-67.6775
BLOCK13/SES130/SA130S15	SES144	-0.0131531	-67.6906	-67.6775
BLOCK13/SES130/SA130S15	SES146	-0.230911	-67.9084	-67.6775
BLOCK13/SES130/SA130S15	SES275	-1.09207	-68.7696	-67.6775
BLOCK13/SES130/SA130S23	SES127	-2.98492	-72.0415	-69.0565
BLOCK13/SES130/SA130S23	SES144	-0.51432	-69.5709	-69.0565
BLOCK13/SES130/SA130S23	SES146	-0.060463	-69.117	-69.0565
BLOCK13/SES130/SA130S23	SES162	-1.60664	-70.6632	-69.0565
BLOCK13/SES130/SA130S25	SES127	-2.31151	-69.5551	-67.2436
BLOCK13/SES130/SA130S25	SES144	-0.0280685	-67.2717	-67.2436
BLOCK13/SES130/SA130S25	SES146	-0.41787	-67.6615	-67.2436
BLOCK13/SES130/SA130S25	SES275	-0.617668	-67.8613	-67.2436
BLOCK13/SES130/SA130S28	SES127	-1.56007	-69.3458	-67.7857
BLOCK13/SES130/SA130S28	SES144	-0.119164	-67.9049	-67.7857
BLOCK13/SES130/SA130S28	SES146	-0.523972	-68.3097	-67.7857
BLOCK13/SES130/SA130S28	SES275	-0.675232	-68.461	-67.7857
BLOCK13/SES131/SA131S13	SES002	-2.04417	-71.1176	-69.0734
BLOCK13/SES131/SA131S13	SES007	-4.21857	-73.292	-69.0734
BLOCK13/SES131/SA131S13	SES099	-1.34796	-70.4214	-69.0734
BLOCK13/SES131/SA131S13	SES105	-2.87006	-71.9435	-69.0734
BLOCK13/SES131/SA131S14	SES104	-0.650932	-67.587	-66.9361
BLOCK13/SES131/SA131S14	SES106	-0.357002	-67.2931	-66.9361
BLOCK13/SES131/SA131S14	SES125	-0.865593	-67.8016	-66.9361
BLOCK13/SES131/SA131S14	SES148	-2.11588	-69.0519	-66.9361
BLOCK13/SES131/SA131S20	SES104	-0.925446	-69.4697	-68.5443
BLOCK13/SES131/SA131S20	SES106	-0.62561	-69.1699	-68.5443
BLOCK13/SES131/SA131S20	SES125	-1.3382	-69.8825	-68.5443
BLOCK13/SES131/SA131S20	SES148	-2.93802	-71.4823	-68.5443
BLOCK13/SES131/SA131S22	SES099	-1.33588	-68.6427	-67.3068
BLOCK13/SES131/SA131S22	SES104	-0.876205	-68.183	-67.3068
BLOCK13/SES131/SA131S22	SES125	-1.41171	-68.7186	-67.3068
BLOCK13/SES131/SA131S22	SES206	-1.70337	-69.0102	-67.3068
BLOCK13/SES131/SA131S29	SES087	-0.77536	-69.0016	-68.2262
BLOCK13/SES131/SA131S29	SES104	-1.70651	-69.9327	-68.2262
BLOCK13/SES131/SA131S29	SES125	-1.53025	-69.7565	-68.2262
BLOCK13/SES131/SA131S29	SES206	-1.54086	-69.7671	-68.2262
BLOCK13/SES132/SA132S11	SES083	-1.29621	-68.1592	-66.863
BLOCK13/SES132/SA132S11	SES120	0.100685	-66.7623	-66.863
BLOCK13/SES132/SA132S11	SES127	-0.779869	-67.6429	-66.863
BLOCK13/SES132/SA132S11	SES275	-1.21692	-68.0799	-66.863
BLOCK13/SES132/SA132S12	SES083	-0.945061	-67.6404	-66.6954
BLOCK13/SES132/SA132S12	SES143	-0.617699	-67.3131	-66.6954
BLOCK13/SES132/SA132S12	SES144	-0.529388	-67.2248	-66.6954
BLOCK13/SES132/SA132S12	SES148	-0.402428	-67.0978	-66.6954
BLOCK13/SES132/SA132S22	SES062	-0.96814	-67.5129	-66.5447
BLOCK13/SES132/SA132S22	SES083	-0.711823	-67.2566	-66.5447
BLOCK13/SES132/SA132S22	SES127	-0.582115	-67.1268	-66.5447
BLOCK13/SES132/SA132S22	SES275	-0.97966	-67.5244	-66.5447
BLOCK13/SES132/SA132S24	SES007	-0.511383	-67.1298	-66.6184
BLOCK13/SES132/SA132S24	SES083	-0.953308	-67.5717	-66.6184
BLOCK13/SES132/SA132S24	SES127	-0.601784	-67.2202	-66.6184
BLOCK13/SES132/SA132S24	SES275	-1.19406	-67.8124	-66.6184
BLOCK13/SES132/SA132S27	SES083	-1.52576	-68.644	-67.1182
BLOCK13/SES132/SA132S27	SES120	-0.130943	-67.2492	-67.1182
BLOCK13/SES132/SA132S27	SES127	-1.35244	-68.4707	-67.1182
BLOCK13/SES132/SA132S27	SES275	-1.73537	-68.8536	-67.1182
BLOCK14/SES141/SA141S09	SES143	-0.479004	-68.2044	-67.7254
BLOCK14/SES141/SA141S09	SES144	-0.685577	-68.411	-67.7254
BLOCK14/SES141/SA141S09	SES162	-0.467834	-68.1933	-67.7254
BLOCK14/SES141/SA141S09	SES180	-0.677597	-68.403	-67.7254
BLOCK14/SES141/SA141S15	SES127	-0.939796	-68.3311	-67.3913
BLOCK14/SES141/SA141S15	SES144	-1.11527	-68.5066	-67.3913
BLOCK14/SES141/SA141S15	SES162	-0.914742	-68.3061	-67.3913
BLOCK14/SES141/SA141S15	SES180	-0.454292	-67.8456	-67.3913
BLOCK14/SES141/SA141S24	SES127	-0.35685	-67.8113	-67.4545
BLOCK14/SES141/SA141S24	SES144	-1.35234	-68.8068	-67.4545
BLOCK14/SES141/SA141S24	SES162	0.124214	-67.3303	-67.4545
BLOCK14/SES141/SA141S24	SES183	-1.74455	-69.199	-67.4545
BLOCK14/SES141/SA141S26	SES142	-1.80181	-69.3551	-67.5533
BLOCK14/SES141/SA141S26	SES144	-1.1824	-68.7357	-67.5533
BLOCK14/SES141/SA141S26	SES172	-1.95468	-69.5079	-67.5533
BLOCK14/SES141/SA141S26	SES180	-0.679253	-68.2325	-67.5533
BLOCK14/SES141/SA141S29	SES127	0.289391	-67.0785	-67.3679
BLOCK14/SES141/SA141S29	SES142	0.0673523	-67.3005	-67.3679
BLOCK14/SES141/SA141S29	SES144	-0.666084	-68.034	-67.3679
BLOCK14/SES141/SA141S29	SES180	0.272705	-67.0952	-67.3679
BLOCK15/SES157/SA157S08	SES083	-1.79919	-69.1411	-67.3419
BLOCK15/SES157/SA157S08	SES127	-1.92822	-69.2701	-67.3419
BLOCK15/SES157/SA157S08	SES148	-0.338295	-67.6802	-67.3419
BLOCK15/SES157/SA157S08	SES292	-1.90653	-69.2485	-67.3419
BLOCK15/SES157/SA157S11	SES083	-2.0563	-69.2463	-67.19
BLOCK15/SES157/SA157S11	SES127	-2.75972	-69.9497	-67.19
BLOCK15/SES157/SA157S11	SES148	-1.22717	-68.4171	-67.19
BLOCK15/SES157/SA157S11	SES292	-1.60629	-68.7962	-67.19
BLOCK15/SES157/SA157S21	SES127	-2.17458	-69.2606	-67.086
BLOCK15/SES157/SA157S21	SES148	-0.428947	-67.5149	-67.086
BLOCK15/SES157/SA157S21	SES158	-4.80267	-71.8887	-67.086
BLOCK15/SES157/SA157S21	SES292	-0.608002	-67.694	-67.086
BLOCK15/SES157/SA157S24	SES127	-2.24935	-69.1759	-66.9266
BLOCK15/SES157/SA157S24	SES148	-0.416	-67.3426	-66.9266
BLOCK15/SES157/SA157S24	SES183	-1.78497	-68.7115	-66.9266
BLOCK15/SES157/SA157S24	SES292	-1.13392	-68.0605	-66.9266
BLOCK15/SES157/SA157S26	SES007	-0.46344	-67.5686	-67.1051
BLOCK15/SES157/SA157S26	SES127	-0.743362	-67.8485	-67.1051
BLOCK15/SES157/SA157S26	SES147	-3.25271	-70.3579	-67.1051
BLOCK15/SES157/SA157S26	SES148	-0.898224	-68.0034	-67.1051
BLOCK16/SES161/SA161S10	SES007	-2.62618	-71.3196	-68.6934
BLOCK16/SES161/SA161S10	SES105	-1.31721	-70.0106	-68.6934
BLOCK16/SES161/SA161S10	SES158	-2.22938	-70.9228	-68.6934
BLOCK16/SES161/SA161S10	SES275	-2.30872	-71.0021	-68.6934
BLOCK16/SES161/SA161S12	SES007	-1.60619	-69.8799	-68.2737
BLOCK16/SES161/SA161S12	SES105	-1.51512	-69.7888	-68.2737
BLOCK16/SES161/SA161S12	SES158	-1.25636	-69.53	-68.2737
BLOCK16/SES161/SA161S12	SES275	-1.36701	-69.6407	-68.2737
BLOCK16/SES161/SA161S20	SES007	-2.76656	-72.3728	-69.6063
BLOCK16/SES161/SA161S20	SES105	-2.17115	-71.7774	-69.6063
BLOCK16/SES161/SA161S20	SES158	-1.96633	-71.5726	-69.6063
BLOCK16/SES161/SA161S20	SES275	-2.54341	-72.1497	-69.6063
BLOCK16/SES161/SA161S23	SES007	-2.68509	-70.4801	-67.7951
BLOCK16/SES161/SA161S23	SES105	-1.61095	-69.406	-67.7951
BLOCK16/SES161/SA161S23	SES148	-2.25092	-70.046	-67.7951
BLOCK16/SES161/SA161S23	SES158	-1.0394	-68.8345	-67.7951
BLOCK16/SES161/SA161S28	SES007	-2.71501	-70.7467	-68.0317
BLOCK16/SES161/SA161S28	SES105	-2.3877	-70.4194	-68.0317
BLOCK16/SES161/SA161S28	SES158	-1.07046	-69.1022	-68.0317
BLOCK16/SES161/SA161S28	SES206	-1.42386	-69.4556	-68.0317
BLOCK16/SES164/SA164S11	SES104	-1.03754	-66.5601	-65.5225
BLOCK16/SES164/SA164S11	SES125	-0.423477	-65.946	-65.5225
BLOCK16/SES164/SA164S11	SES158	-0.500397	-66.0229	-65.5225
BLOCK16/SES164/SA164S11	SES206	-1.32935	-66.8519	-65.5225
BLOCK16/SES164/SA164S13	SES099	-0.948692	-68.0054	-67.0567
BLOCK16/SES164/SA164S13	SES104	-1.26756	-68.3243	-67.0567
BLOCK16/SES164/SA164S13	SES125	-1.53871	-68.5954	-67.0567
BLOCK16/SES164/SA164S13	SES206	-1.30001	-68.3567	-67.0567
BLOCK16/SES164/SA164S24	SES002	0.484886	-65.8471	-66.332
BLOCK16/SES164/SA164S24	SES099	-0.8395	-67.1715	-66.332
BLOCK16/SES164/SA164S24	SES125	-1.49022	-67.8222	-66.332
BLOCK16/SES164/SA164S24	SES226	-0.594086	-66.9261	-66.332
BLOCK16/SES164/SA164S27	SES087	-1.40556	-68.0723	-66.6667
BLOCK16/SES164/SA164S27	SES125	-0.945763	-67.6124	-66.6667
BLOCK16/SES164/SA164S27	SES206	-1.29404	-67.9607	-66.6667
BLOCK16/SES164/SA164S27	SES226	-0.979317	-67.646	-66.6667
BLOCK16/SES164/SA164S29	SES002	0.569778	-65.6912	-66.2609
BLOCK16/SES164/SA164S29	SES019	-0.928223	-67.1892	-66.2609
BLOCK16/SES164/SA164S29	SES125	-0.605835	-66.8668	-66.2609
BLOCK16/SES164/SA164S29	SES226	-1.09574	-67.3567	-66.2609
BLOCK16/SES169/SA169S13	SES117	-1.70805	-69.8687	-68.1606
BLOCK16/SES169/SA169S13	SES144	-0.109528	-68.2702	-68.1606
BLOCK16/SES169/SA169S13	SES146	-0.445663	-68.6063	-68.1606
BLOCK16/SES169/SA169S13	SES162	-1.35983	-69.5205	-68.1606
BLOCK16/SES169/SA169S14	SES144	-0.520134	-67.1083	-66.5882
BLOCK16/SES169/SA169S14	SES148	-0.544029	-67.1322	-66.5882
BLOCK16/SES169/SA169S14	SES177	-1.9509	-68.5391	-66.5882
BLOCK16/SES169/SA169S14	SES180	-2.68907	-69.2773	-66.5882
BLOCK16/SES169/SA169S24	SES117	-1.87915	-70.2391	-68.3599
BLOCK16/SES169/SA169S24	SES144	-0.448921	-68.8088	-68.3599
BLOCK16/SES169/SA169S24	SES146	-0.581558	-68.9415	-68.3599
BLOCK16/SES169/SA169S24	SES162	-1.30087	-69.6608	-68.3599
BLOCK16/SES169/SA169S27	SES127	-1.6214	-69.1438	-67.5224
BLOCK16/SES169/SA169S27	SES129	-0.529861	-68.0522	-67.5224
BLOCK16/SES169/SA169S27	SES144	-1.16933	-68.6917	-67.5224
BLOCK16/SES169/SA169S27	SES146	-0.266197	-67.7886	-67.5224
BLOCK16/SES169/SA169S29	SES144	-0.414032	-67.4253	-67.0113
BLOCK16/SES169/SA169S29	SES162	-1.41004	-68.4213	-67.0113
BLOCK16/SES169/SA169S29	SES177	-2.79388	-69.8051	-67.0113
BLOCK16/SES169/SA169S29	SES180	-1.61314	-68.6244	-67.0113
BLOCK17/SES171/SA171S12	SES083	-1.31166	-69.2782	-67.9666
BLOCK17/SES171/SA171S12	SES148	-1.36766	-69.3342	-67.9666
BLOCK17/SES171/SA171S12	SES172	-1.69537	-69.6619	-67.9666
BLOCK17/SES171/SA171S12	SES292	-1.9029	-69.8695	-67.9666
BLOCK17/SES171/SA171S15	SES148	-0.929726	-69.5352	-68.6055
BLOCK17/SES171/SA171S15	SES177	-2.03236	-70.6378	-68.6055
BLOCK17/SES171/SA171S15	SES180	-3.54676	-72.1522	-68.6055
BLOCK17/SES171/SA171S15	SES292	-2.36159	-70.967	-68.6055
BLOCK17/SES171/SA171S22	SES007	-1.20353	-68.0931	-66.8896
BLOCK17/SES171/SA171S22	SES148	-0.783737	-67.6733	-66.8896
BLOCK17/SES171/SA171S22	SES177	-0.62204	-67.5116	-66.8896
BLOCK17/SES171/SA171S22	SES180	-1.7232	-68.6128	-66.8896
BLOCK17/SES171/SA171S25	SES101	-2.64137	-71.474	-68.8326
BLOCK17/SES171/SA171S25	SES120	-2.36165	-71.1943	-68.8326
BLOCK17/SES171/SA171S25	SES177	-1.11887	-69.9515	-68.8326
BLOCK17/SES171/SA171S25	SES180	-2.35424	-71.1869	-68.8326
BLOCK17/SES171/SA171S27	SES177	-0.311287	-68.3628	-68.0515
BLOCK17/SES171/SA171S27	SES180	-2.25538	-70.3069	-68.0515
BLOCK17/SES171/SA171S27	SES189	-0.237457	-68.289	-68.0515
BLOCK17/SES171/SA171S27	SES292	-2.21063	-70.2622	-68.0515
BLOCK17/SES173/SA173S13	SES162	-2.71688	-71.7303	-69.0135
BLOCK17/SES173/SA173S13	SES177	-2.37418	-71.3876	-69.0135
BLOCK17/SES173/SA173S13	SES180	-2.47713	-71.4906	-69.0135
BLOCK17/SES173/SA173S13	SES292	-1.68117	-70.6946	-69.0135
BLOCK17/SES173/SA173S14	SES007	-2.67822	-72.0319	-69.3536
BLOCK17/SES173/SA173S14	SES162	-1.8159	-71.1695	-69.3536
BLOCK17/SES173/SA173S14	SES177	-0.933815	-70.2875	-69.3536
BLOCK17/SES173/SA173S14	SES180	-2.53342	-71.8871	-69.3536
BLOCK17/SES173/SA173S24	SES144	-0.971535	-70.8956	-69.9241
BLOCK17/SES173/SA173S24	SES162	-1.92922	-71.8533	-69.9241
BLOCK17/SES173/SA173S24	SES177	-1.77208	-71.6962	-69.9241
BLOCK17/SES173/SA173S24	SES180	-2.07763	-72.0017	-69.9241
BLOCK17/SES173/SA173S27	SES162	-2.62701	-71.7082	-69.0812
BLOCK17/SES173/SA173S27	SES177	-1.92355	-71.0047	-69.0812
BLOCK17/SES173/SA173S27	SES180	-2.16106	-71.2423	-69.0812
BLOCK17/SES173/SA173S27	SES292	-2.09945	-71.1806	-69.0812
BLOCK17/SES173/SA173S29	SES162	-2.0433	-71.1268	-69.0835
BLOCK17/SES173/SA173S29	SES175	-0.779785	-69.8633	-69.0835
BLOCK17/SES173/SA173S29	SES177	-1.69252	-70.776	-69.0835
BLOCK17/SES173/SA173S29	SES292	-2.69149	-71.775	-69.0835
BLOCK18/SES182/SA182S10	SES144	-0.800346	-68.1858	-67.3854
BLOCK18/SES182/SA182S10	SES177	-0.665352	-68.0508	-67.3854
BLOCK18/SES182/SA182S10	SES180	-1.89085	-69.2763	-67.3854
BLOCK18/SES182/SA182S10	SES275	-0.946434	-68.3319	-67.3854
BLOCK18/SES182/SA182S12	SES144	-0.44487	-67.3971	-66.9522
BLOCK18/SES182/SA182S12	SES177	-1.12116	-68.0734	-66.9522
BLOCK18/SES182/SA182S12	SES180	-1.29255	-68.2447	-66.9522
BLOCK18/SES182/SA182S12	SES275	-1.57178	-68.524	-66.9522
BLOCK18/SES182/SA182S21	SES117	-0.412308	-68.8791	-68.4668
BLOCK18/SES182/SA182S21	SES144	-1.24368	-69.7105	-68.4668
BLOCK18/SES182/SA182S21	SES162	-0.568153	-69.0349	-68.4668
BLOCK18/SES182/SA182S21	SES180	-1.22598	-69.6928	-68.4668
BLOCK18/SES182/SA182S23	SES117	-0.684151	-68.4788	-67.7946
BLOCK18/SES182/SA182S23	SES144	-1.07539	-68.87	-67.7946
BLOCK18/SES182/SA182S23	SES180	-1.41842	-69.213	-67.7946
BLOCK18/SES182/SA182S23	SES275	-1.64798	-69.4426	-67.7946
BLOCK18/SES182/SA182S25	SES007	-0.896164	-68.6411	-67.7449
BLOCK18/SES182/SA182S25	SES162	-0.400513	-68.1454	-67.7449
BLOCK18/SES182/SA182S25	SES177	-0.298187	-68.0431	-67.7449
BLOCK18/SES182/SA182S25	SES180	-0.75032	-68.4953	-67.7449
BLOCK18/SES184/SA184S12	SES177	-0.934517	-68.7165	-67.782
BLOCK18/SES184/SA184S12	SES180	-0.458969	-68.241	-67.782
BLOCK18/SES184/SA184S12	SES189	-1.98833	-69.7703	-67.782
BLOCK18/SES184/SA184S12	SES292	-1.18256	-68.9646	-67.782
BLOCK18/SES184/SA184S13	SES101	-1.03751	-69.1572	-68.1197
BLOCK18/SES184/SA184S13	SES177	-0.958351	-69.078	-68.1197
BLOCK18/SES184/SA184S13	SES180	-0.744629	-68.8643	-68.1197
BLOCK18/SES184/SA184S13	SES292	-1.12244	-69.2421	-68.1197
BLOCK18/SES184/SA184S22	SES177	-1.78893	-68.8245	-67.0356
BLOCK18/SES184/SA184S22	SES180	-1.44759	-68.4832	-67.0356
BLOCK18/SES184/SA184S22	SES189	-2.45381	-69.4894	-67.0356
BLOCK18/SES184/SA184S22	SES292	-2.0146	-69.0502	-67.0356
BLOCK18/SES184/SA184S25	SES101	-0.0894928	-66.4683	-66.3788
BLOCK18/SES184/SA184S25	SES177	-1.14085	-67.5196	-66.3788
BLOCK18/SES184/SA184S25	SES180	-0.887878	-67.2667	-66.3788
BLOCK18/SES184/SA184S25	SES292	-0.808029	-67.1868	-66.3788
BLOCK18/SES184/SA184S27	SES083	-1.04987	-68.1464	-67.0966
BLOCK18/SES184/SA184S27	SES177	-1.24174	-68.3383	-67.0966
BLOCK18/SES184/SA184S27	SES202	-3.0092	-70.1058	-67.0966
BLOCK18/SES184/SA184S27	SES292	-1.47174	-68.5683	-67.0966
BLOCK20/SES204/SA204S12	SES062	-1.90888	-67.6132	-65.7043
BLOCK20/SES204/SA204S12	SES083	-2.30116	-68.0055	-65.7043
BLOCK20/SES204/SA204S12	SES206	-0.327621	-66.0319	-65.7043
BLOCK20/SES204/SA204S12	SES226	-0.860992	-66.5653	-65.7043
BLOCK20/SES204/SA204S14	SES068	-3.3586	-68.2793	-64.9207
BLOCK20/SES204/SA204S14	SES087	-0.158981	-65.0797	-64.9207
BLOCK20/SES204/SA204S14	SES206	-0.902298	-65.823	-64.9207
BLOCK20/SES204/SA204S14	SES226	-1.16883	-66.0895	-64.9207
BLOCK20/SES204/SA204S22	SES068	-4.03582	-69.4595	-65.4237
BLOCK20/SES204/SA204S22	SES082	-1.99521	-67.4189	-65.4237
BLOCK20/SES204/SA204S22	SES083	-3.17109	-68.5948	-65.4237
BLOCK20/SES204/SA204S22	SES206	-0.770889	-66.1946	-65.4237
BLOCK20/SES204/SA204S25	SES062	-3.44833	-69.247	-65.7986
BLOCK20/SES204/SA204S25	SES083	-3.22364	-69.0223	-65.7986
BLOCK20/SES204/SA204S25	SES206	-0.338181	-66.1368	-65.7986
BLOCK20/SES204/SA204S25	SES226	-1.28674	-67.0854	-65.7986
BLOCK20/SES204/SA204S27	SES068	-4.10962	-70.1455	-66.0359
BLOCK20/SES204/SA204S27	SES082	-1.51944	-67.5553	-66.0359
BLOCK20/SES204/SA204S27	SES087	-0.422951	-66.4588	-66.0359
BLOCK20/SES204/SA204S27	SES206	-0.392693	-66.4285	-66.0359
BLOCK20/SES207/SA207S10	SES127	-0.589622	-68.1026	-67.513
BLOCK20/SES207/SA207S10	SES183	-1.73676	-69.2498	-67.513
BLOCK20/SES207/SA207S10	SES189	-0.777725	-68.2907	-67.513
BLOCK20/SES207/SA207S10	SES292	-1.00097	-68.514	-67.513
BLOCK20/SES207/SA207S11	SES127	-2.60185	-69.8736	-67.2718
BLOCK20/SES207/SA207S11	SES183	-1.94614	-69.2179	-67.2718
BLOCK20/SES207/SA207S11	SES187	-0.913322	-68.1851	-67.2718
BLOCK20/SES207/SA207S11	SES292	-1.52615	-68.7979	-67.2718
BLOCK20/SES207/SA207S25	SES068	-1.75379	-69.6106	-67.8568
BLOCK20/SES207/SA207S25	SES083	-1.97355	-69.8304	-67.8568
BLOCK20/SES207/SA207S25	SES127	-0.843559	-68.7004	-67.8568
BLOCK20/SES207/SA207S25	SES187	-0.311554	-68.1684	-67.8568
BLOCK20/SES207/SA207S27	SES127	-1.20278	-69.4865	-68.2837
BLOCK20/SES207/SA207S27	SES183	-0.796783	-69.0805	-68.2837
BLOCK20/SES207/SA207S27	SES187	-0.32708	-68.6108	-68.2837
BLOCK20/SES207/SA207S27	SES292	-1.4227	-69.7064	-68.2837
BLOCK20/SES207/SA207S29	SES083	-1.18122	-68.2649	-67.0837
BLOCK20/SES207/SA207S29	SES085	-0.755379	-67.8391	-67.0837
BLOCK20/SES207/SA207S29	SES172	-2.15579	-69.2395	-67.0837
BLOCK20/SES207/SA207S29	SES189	-1.09422	-68.1779	-67.0837
BLOCK22/SES221/SA221S12	SES068	-2.46077	-70.1173	-67.6565
BLOCK22/SES221/SA221S12	SES143	-1.32543	-68.9819	-67.6565
BLOCK22/SES221/SA221S12	SES175	-0.779915	-68.4364	-67.6565
BLOCK22/SES221/SA221S12	SES202	-0.186783	-67.8433	-67.6565
BLOCK22/SES221/SA221S15	SES085	-4.04057	-73.2578	-69.2172
BLOCK22/SES221/SA221S15	SES143	-1.86684	-71.084	-69.2172
BLOCK22/SES221/SA221S15	SES175	-1.40823	-70.6254	-69.2172
BLOCK22/SES221/SA221S15	SES187	-0.842972	-70.0602	-69.2172
BLOCK22/SES221/SA221S23	SES068	-4.17505	-72.0952	-67.9202
BLOCK22/SES221/SA221S23	SES143	-2.08765	-70.0078	-67.9202
BLOCK22/SES221/SA221S23	SES175	-0.269676	-68.1899	-67.9202
BLOCK22/SES221/SA221S23	SES189	0.82859	-67.0916	-67.9202
BLOCK22/SES221/SA221S27	SES085	-6.22412	-74.3648	-68.1406
BLOCK22/SES221/SA221S27	SES143	-0.70681	-68.8475	-68.1406
BLOCK22/SES221/SA221S27	SES175	-0.953003	-69.0937	-68.1406
BLOCK22/SES221/SA221S27	SES189	1.21185	-66.9288	-68.1406
BLOCK22/SES221/SA221S29	SES085	-7.36567	-77.3235	-69.9579
BLOCK22/SES221/SA221S29	SES143	-2.0367	-71.9946	-69.9579
BLOCK22/SES221/SA221S29	SES175	-1.61067	-71.5685	-69.9579
BLOCK22/SES221/SA221S29	SES187	-0.120636	-70.0785	-69.9579
BLOCK22/SES223/SA223S11	SES143	-0.25515	-69.2613	-69.0061
BLOCK22/SES223/SA223S11	SES144	-1.80054	-70.8067	-69.0061
BLOCK22/SES223/SA223S11	SES175	-0.44281	-69.449	-69.0061
BLOCK22/SES223/SA223S11	SES187	-0.907333	-69.9135	-69.0061
BLOCK22/SES223/SA223S13	SES068	-2.11003	-72.1021	-69.992
BLOCK22/SES223/SA223S13	SES143	-1.83187	-71.8239	-69.992
BLOCK22/SES223/SA223S13	SES146	-2.63097	-72.623	-69.992
BLOCK22/SES223/SA223S13	SES202	-1.20954	-71.2016	-69.992
BLOCK22/SES223/SA223S22	SES143	-0.775734	-69.6917	-68.916
BLOCK22/SES223/SA223S22	SES144	-2.22623	-71.1422	-68.916
BLOCK22/SES223/SA223S22	SES175	-0.740479	-69.6564	-68.916
BLOCK22/SES223/SA223S22	SES187	-0.592697	-69.5087	-68.916
BLOCK22/SES223/SA223S25	SES068	-2.36395	-71.1746	-68.8106
BLOCK22/SES223/SA223S25	SES143	-1.58382	-70.3944	-68.8106
BLOCK22/SES223/SA223S25	SES175	-1.06342	-69.874	-68.8106
BLOCK22/SES223/SA223S25	SES187	-0.716347	-69.527	-68.8106
BLOCK22/SES223/SA223S27	SES143	-1.15173	-70.0521	-68.9004
BLOCK22/SES223/SA223S27	SES146	-1.48449	-70.3849	-68.9004
BLOCK22/SES223/SA223S27	SES187	-0.622955	-69.5234	-68.9004
BLOCK22/SES223/SA223S27	SES292	-2.09854	-70.9989	-68.9004
BLOCK27/SES273/SA273S12	SES099	-0.524422	-64.669	-64.1446
BLOCK27/SES273/SA273S12	SES104	0.291962	-63.8526	-64.1446
BLOCK27/SES273/SA273S12	SES125	-0.821846	-64.9665	-64.1446
BLOCK27/SES273/SA273S12	SES206	0.282051	-63.8626	-64.1446
BLOCK27/SES273/SA273S13	SES099	-0.637154	-64.7334	-64.0962
BLOCK27/SES273/SA273S13	SES104	0.021698	-64.0745	-64.0962
BLOCK27/SES273/SA273S13	SES206	-0.417213	-64.5134	-64.0962
BLOCK27/SES273/SA273S13	SES292	-3.59458	-67.6908	-64.0962
BLOCK27/SES273/SA273S21	SES099	0.138657	-64.1299	-64.2685
BLOCK27/SES273/SA273S21	SES148	-3.81355	-68.0821	-64.2685
BLOCK27/SES273/SA273S21	SES149	-0.688675	-64.9572	-64.2685
BLOCK27/SES273/SA273S21	SES177	-4.98644	-69.255	-64.2685
BLOCK27/SES273/SA273S25	SES104	-0.289688	-64.8624	-64.5727
BLOCK27/SES273/SA273S25	SES125	-0.986107	-65.5588	-64.5727
BLOCK27/SES273/SA273S25	SES158	-0.452171	-65.0248	-64.5727
BLOCK27/SES273/SA273S25	SES206	0.370644	-64.202	-64.5727
BLOCK27/SES273/SA273S27	SES099	-0.170189	-65.2842	-65.114
BLOCK27/SES273/SA273S27	SES104	-0.337753	-65.4518	-65.114
BLOCK27/SES273/SA273S27	SES149	-0.696579	-65.8106	-65.114
BLOCK27/SES273/SA273S27	SES275	-2.07146	-67.1855	-65.114
BLOCK27/SES274/SA274S10	SES105	-2.04429	-67.7929	-65.7486
BLOCK27/SES274/SA274S10	SES125	-0.574402	-66.323	-65.7486
BLOCK27/SES274/SA274S10	SES129	-1.3441	-67.0927	-65.7486
BLOCK27/SES274/SA274S10	SES158	-1.48148	-67.23	-65.7486
BLOCK27/SES274/SA274S11	SES105	-2.49788	-68.3004	-65.8026
BLOCK27/SES274/SA274S11	SES149	-0.787453	-66.59	-65.8026
BLOCK27/SES274/SA274S11	SES158	-1.27899	-67.0816	-65.8026
BLOCK27/SES274/SA274S11	SES275	-3.09266	-68.8952	-65.8026
BLOCK27/SES274/SA274S21	SES105	-2.45393	-68.5775	-66.1235
BLOCK27/SES274/SA274S21	SES129	-1.54313	-67.6667	-66.1235
BLOCK27/SES274/SA274S21	SES149	-1.03648	-67.16	-66.1235
BLOCK27/SES274/SA274S21	SES158	-2.04517	-68.1687	-66.1235
BLOCK27/SES274/SA274S24	SES105	-2.69688	-68.3643	-65.6674
BLOCK27/SES274/SA274S24	SES129	-2.12367	-67.7911	-65.6674
BLOCK27/SES274/SA274S24	SES149	-1.202	-66.8694	-65.6674
BLOCK27/SES274/SA274S24	SES158	-1.92488	-67.5923	-65.6674
BLOCK27/SES274/SA274S29	SES105	-2.33465	-68.0956	-65.761
BLOCK27/SES274/SA274S29	SES106	-1.36063	-67.1216	-65.761
BLOCK27/SES274/SA274S29	SES120	-2.02542	-67.7864	-65.761
BLOCK27/SES274/SA274S29	SES275	-2.45595	-68.2169	-65.761
BLOCK27/SES276/SA276S16	SES148	-0.854492	-68.7261	-67.8716
BLOCK27/SES276/SA276S16	SES172	-1.58037	-69.452	-67.8716
BLOCK27/SES276/SA276S16	SES180	-2.80899	-70.6806	-67.8716
BLOCK27/SES276/SA276S16	SES292	-0.431953	-68.3036	-67.8716
BLOCK27/SES276/SA276S17	SES101	-1.19912	-68.6302	-67.4311
BLOCK27/SES276/SA276S17	SES177	-1.88908	-69.3202	-67.4311
BLOCK27/SES276/SA276S17	SES180	-2.09418	-69.5253	-67.4311
BLOCK27/SES276/SA276S17	SES292	-1.25082	-68.6819	-67.4311
BLOCK27/SES276/SA276S24	SES101	-0.44635	-66.9157	-66.4694
BLOCK27/SES276/SA276S24	SES177	-1.99968	-68.469	-66.4694
BLOCK27/SES276/SA276S24	SES180	-2.01063	-68.48	-66.4694
BLOCK27/SES276/SA276S24	SES292	-1.42869	-67.8981	-66.4694
BLOCK27/SES276/SA276S26	SES101	-1.50204	-68.6715	-67.1694
BLOCK27/SES276/SA276S26	SES177	-0.865662	-68.0351	-67.1694
BLOCK27/SES276/SA276S26	SES180	-0.509979	-67.6794	-67.1694
BLOCK27/SES276/SA276S26	SES292	-0.193321	-67.3627	-67.1694
BLOCK27/SES276/SA276S28	SES101	-1.41671	-68.6952	-67.2785
BLOCK27/SES276/SA276S28	SES177	-1.76763	-69.0461	-67.2785
BLOCK27/SES276/SA276S28	SES180	-1.51431	-68.7928	-67.2785
BLOCK27/SES276/SA276S28	SES292	-1.09923	-68.3777	-67.2785
BLOCK27/SES277/SA277S12	SES101	-0.935883	-69.329	-68.3931
BLOCK27/SES277/SA277S12	SES177	-1.85385	-70.2469	-68.3931
BLOCK27/SES277/SA277S12	SES180	-1.79463	-70.1877	-68.3931
BLOCK27/SES277/SA277S12	SES292	-2.38682	-70.7799	-68.3931
BLOCK27/SES277/SA277S14	SES177	-1.23996	-70.0546	-68.8146
BLOCK27/SES277/SA277S14	SES180	-1.75262	-70.5673	-68.8146
BLOCK27/SES277/SA277S14	SES189	0.0761261	-68.7385	-68.8146
BLOCK27/SES277/SA277S14	SES292	-2.58138	-71.396	-68.8146
BLOCK27/SES277/SA277S21	SES177	-0.254303	-67.8257	-67.5714
BLOCK27/SES277/SA277S21	SES180	-1.90852	-69.4799	-67.5714
BLOCK27/SES277/SA277S21	SES189	-0.560204	-68.1316	-67.5714
BLOCK27/SES277/SA277S21	SES292	-2.12794	-69.6994	-67.5714
BLOCK27/SES277/SA277S24	SES144	-1.10847	-70.0063	-68.8979
BLOCK27/SES277/SA277S24	SES177	-1.25361	-70.1515	-68.8979
BLOCK27/SES277/SA277S24	SES180	-1.85783	-70.7557	-68.8979
BLOCK27/SES277/SA277S24	SES189	-0.343628	-69.2415	-68.8979
BLOCK27/SES277/SA277S29	SES177	-0.953491	-67.6087	-66.6552
BLOCK27/SES277/SA277S29	SES180	-1.00297	-67.6582	-66.6552
BLOCK27/SES277/SA277S29	SES202	-1.14977	-67.805	-66.6552
BLOCK27/SES277/SA277S29	SES292	-1.75742	-68.4126	-66.6552
BLOCK27/SES279/SA279S09	SES120	-1.24726	-67.7959	-66.5486
BLOCK27/SES279/SA279S09	SES146	-1.61548	-68.1641	-66.5486
BLOCK27/SES279/SA279S09	SES206	-1.70537	-68.254	-66.5486
BLOCK27/SES279/SA279S09	SES226	-2.05161	-68.6002	-66.5486
BLOCK27/SES279/SA279S10	SES099	-1.61404	-67.8044	-66.1903
BLOCK27/SES279/SA279S10	SES206	-0.955612	-67.146	-66.1903
BLOCK27/SES279/SA279S10	SES226	-1.63364	-67.824	-66.1903
BLOCK27/SES279/SA279S10	SES292	-1.20664	-67.397	-66.1903
BLOCK27/SES279/SA279S20	SES099	-2.59705	-69.4194	-66.8223
BLOCK27/SES279/SA279S20	SES206	-1.66777	-68.4901	-66.8223
BLOCK27/SES279/SA279S20	SES226	-2.0444	-68.8667	-66.8223
BLOCK27/SES279/SA279S20	SES292	-0.503502	-67.3258	-66.8223
BLOCK27/SES279/SA279S26	SES099	-2.27801	-69.0453	-66.7673
BLOCK27/SES279/SA279S26	SES206	-0.870316	-67.6376	-66.7673
BLOCK27/SES279/SA279S26	SES226	-1.53058	-68.2979	-66.7673
BLOCK27/SES279/SA279S26	SES292	-0.909454	-67.6768	-66.7673
BLOCK27/SES279/SA279S28	SES099	-2.43754	-67.5043	-65.0667
BLOCK27/SES279/SA279S28	SES120	-1.53799	-66.6047	-65.0667
BLOCK27/SES279/SA279S28	SES177	-3.68169	-68.7484	-65.0667
BLOCK27/SES279/SA279S28	SES206	-1.82579	-66.8925	-65.0667
BLOCK29/SES290/SA290S12	SES162	-2.18307	-69.3195	-67.1364
BLOCK29/SES290/SA290S12	SES177	-1.78593	-68.9223	-67.1364
BLOCK29/SES290/SA290S12	SES180	-2.28361	-69.42	-67.1364
BLOCK29/SES290/SA290S12	SES292	-2.07222	-69.2086	-67.1364
BLOCK29/SES290/SA290S13	SES007	-2.88421	-71.206	-68.3218
BLOCK29/SES290/SA290S13	SES162	-2.31026	-70.6321	-68.3218
BLOCK29/SES290/SA290S13	SES177	-0.903854	-69.2257	-68.3218
BLOCK29/SES290/SA290S13	SES180	-1.65155	-69.9734	-68.3218
BLOCK29/SES290/SA290S22	SES177	-1.06773	-68.6859	-67.6182
BLOCK29/SES290/SA290S22	SES180	-0.904121	-68.5223	-67.6182
BLOCK29/SES290/SA290S22	SES202	-1.05215	-68.6703	-67.6182
BLOCK29/SES290/SA290S22	SES292	-2.25986	-69.8781	-67.6182
BLOCK29/SES290/SA290S25	SES162	-1.10022	-68.44	-67.3398
BLOCK29/SES290/SA290S25	SES177	-0.645226	-67.985	-67.3398
BLOCK29/SES290/SA290S25	SES180	-1.41113	-68.7509	-67.3398
BLOCK29/SES290/SA290S25	SES292	-1.43005	-68.7698	-67.3398
BLOCK29/SES290/SA290S29	SES177	0.214775	-66.8877	-67.1025
BLOCK29/SES290/SA290S29	SES180	-0.134773	-67.2373	-67.1025
BLOCK29/SES290/SA290S29	SES275	-2.00203	-69.1045	-67.1025
BLOCK29/SES290/SA290S29	SES292	-1.53612	-68.6386	-67.1025
BLOCK29/SES291/SA291S11	SES105	-3.61549	-70.3873	-66.7718
BLOCK29/SES291/SA291S11	SES125	-0.446274	-67.2181	-66.7718
BLOCK29/SES291/SA291S11	SES158	-1.2289	-68.0007	-66.7718
BLOCK29/SES291/SA291S11	SES275	-4.70243	-71.4743	-66.7718
BLOCK29/SES291/SA291S12	SES158	-0.375511	-66.1032	-65.7277
BLOCK29/SES291/SA291S12	SES226	-1.66077	-67.3884	-65.7277
BLOCK29/SES291/SA291S12	SES270	0.16684	-65.5608	-65.7277
BLOCK29/SES291/SA291S12	SES275	-5.77817	-71.5058	-65.7277
BLOCK29/SES291/SA291S22	SES082	-0.742226	-66.5836	-65.8414
BLOCK29/SES291/SA291S22	SES158	-0.836143	-66.6775	-65.8414
BLOCK29/SES291/SA291S22	SES259	-1.33081	-67.1722	-65.8414
BLOCK29/SES291/SA291S22	SES275	-4.57349	-70.4149	-65.8414
BLOCK29/SES291/SA291S24	SES104	0.056282	-64.8261	-64.8824
BLOCK29/SES291/SA291S24	SES125	-0.118118	-65.0005	-64.8824
BLOCK29/SES291/SA291S24	SES158	-0.50647	-65.3888	-64.8824
BLOCK29/SES291/SA291S24	SES275	-4.72034	-69.6027	-64.8824
BLOCK29/SES291/SA291S27	SES158	0.0323029	-65.2654	-65.2977
BLOCK29/SES291/SA291S27	SES172	-5.50859	-70.8063	-65.2977
BLOCK29/SES291/SA291S27	SES275	-4.70253	-70.0002	-65.2977
BLOCK29/SES291/SA291S27	SES292	-3.93592	-69.2336	-65.2977
Threshold search:
THR	-8.05288215649	9	0(0)	1(1000)
THR	-7.9313171349251	8.982	0(0)	0.998(998)
THR	-7.8097521133602	8.982	0(0)	0.998(998)
THR	-7.6881870917953	8.982	0(0)	0.998(998)
THR	-7.5666220702304	8.982	0(0)	0.998(998)
THR	-7.4450570486655	8.982	0(0)	0.998(998)
THR	-7.3234920271006	8.973	0(0)	0.997(997)
THR	-7.2019270055357	8.973	0(0)	0.997(997)
THR	-7.0803619839708	8.973	0(0)	0.997(997)
THR	-6.9587969624059	8.973	0(0)	0.997(997)
THR	-6.837231940841	8.973	0(0)	0.997(997)
THR	-6.7156669192761	8.973	0(0)	0.997(997)
THR	-6.59410189771121	8.973	0(0)	0.997(997)
THR	-6.47253687614631	8.973	0(0)	0.997(997)
THR	-6.35097185458141	8.973	0(0)	0.997(997)
THR	-6.22940683301651	8.973	0(0)	0.997(997)
THR	-6.10784181145161	8.964	0(0)	0.996(996)
THR	-5.98627678988671	8.964	0(0)	0.996(996)
THR	-5.86471176832181	8.964	0(0)	0.996(996)
THR	-5.74314674675691	8.955	0(0)	0.995(995)
THR	-5.62158172519201	8.955	0(0)	0.995(995)
THR	-5.50001670362711	8.946	0(0)	0.994(994)
THR	-5.37845168206221	8.937	0(0)	0.993(993)
THR	-5.25688666049731	8.937	0(0)	0.993(993)
THR	-5.13532163893241	8.937	0(0)	0.993(993)
THR	-5.01375661736751	8.937	0(0)	0.993(993)
THR	-4.89219159580261	8.928	0(0)	0.992(992)
THR	-4.77062657423771	8.919	0(0)	0.991(991)
THR	-4.64906155267281	8.883	0(0)	0.987(987)
THR	-4.52749653110791	8.865	0(0)	0.985(985)
THR	-4.40593150954301	8.838	0(0)	0.982(982)
THR	-4.28436648797811	8.82	0(0)	0.98(980)
THR	-4.16280146641321	8.793	0(0)	0.977(977)
THR	-4.04123644484831	8.757	0(0)	0.973(973)
THR	-3.91967142328341	8.694	0(0)	0.966(966)
THR	-3.79810640171851	8.649	0(0)	0.961(961)
THR	-3.67654138015361	8.595	0(0)	0.955(955)
THR	-3.55497635858871	8.505	0(0)	0.945(945)
THR	-3.43341133702381	8.433	0(0)	0.937(937)
THR	-3.31184631545891	8.388	0(0)	0.932(932)
THR	-3.19028129389401	8.316	0(0)	0.924(924)
THR	-3.06871627232911	8.235	0(0)	0.915(915)
THR	-2.94715125076421	8.14	0.004(1)	0.904(904)
THR	-2.82558622919931	8.059	0.004(1)	0.895(895)
THR	-2.70402120763441	7.951	0.004(1)	0.883(883)
THR	-2.58245618606951	7.789	0.004(1)	0.865(865)
THR	-2.46089116450461	7.645	0.004(1)	0.849(849)
THR	-2.33932614293971	7.447	0.004(1)	0.827(827)
THR	-2.21776112137481	7.195	0.004(1)	0.799(799)
THR	-2.09619609980991	7.042	0.004(1)	0.782(782)
THR	-1.97463107824501	6.745	0.004(1)	0.749(749)
THR	-1.85306605668011	6.448	0.004(1)	0.716(716)
THR	-1.73150103511521	6.124	0.004(1)	0.68(680)
THR	-1.60993601355031	5.836	0.004(1)	0.648(648)
THR	-1.48837099198541	5.44	0.004(1)	0.604(604)
THR	-1.36680597042051	5.134	0.004(1)	0.57(570)
THR	-1.24524094885561	4.693	0.004(1)	0.521(521)
THR	-1.12367592729071	4.279	0.004(1)	0.475(475)
THR	-1.00211090572581	3.883	0.004(1)	0.431(431)
THR	-0.880545884160914	3.298	0.004(1)	0.366(366)
THR	-0.758980862596014	2.83	0.004(1)	0.314(314)
THR	-0.637415841031114	2.407	0.004(1)	0.267(267)
THR	-0.515850819466214	1.921	0.004(1)	0.213(213)
THR	-0.394285797901314	1.457	0.008(2)	0.161(161)
THR	-0.272720776336414	1.151	0.008(2)	0.127(127)
THR	-0.151155754771514	0.876	0.012(3)	0.096(96)
THR	-0.0295907332066139	0.57	0.012(3)	0.062(62)
THR	0.0919742883582861	0.417	0.012(3)	0.045(45)
THR	0.213539309923186	0.25	0.016(4)	0.026(26)
THR	0.335104331488086	0.186	0.024(6)	0.018(18)
THR	0.456669353052986	0.165	0.048(12)	0.013(13)
THR	0.578234374617886	0.117	0.072(18)	0.005(5)
THR	0.699799396182786	0.136	0.1(25)	0.004(4)
THR	0.821364417747686	0.172	0.136(34)	0.004(4)
THR	0.942929439312586	0.178	0.16(40)	0.002(2)
THR	1.06449446087749	0.221	0.212(53)	0.001(1)
THR	1.18605948244239	0.269	0.26(65)	0.001(1)
THR	1.30762450400729	0.348	0.348(87)	0(0)
THR	1.42918952557219	0.412	0.412(103)	0(0)
THR	1.55075454713709	0.456	0.456(114)	0(0)
THR	1.67231956870199	0.52	0.52(130)	0(0)
THR	1.79388459026689	0.592	0.592(148)	0(0)
THR	1.91544961183179	0.644	0.644(161)	0(0)
THR	2.03701463339669	0.688	0.688(172)	0(0)
THR	2.15857965496159	0.736	0.736(184)	0(0)
THR	2.28014467652649	0.796	0.796(199)	0(0)
THR	2.40170969809139	0.824	0.824(206)	0(0)
THR	2.52327471965629	0.856	0.856(214)	0(0)
THR	2.64483974122119	0.88	0.88(220)	0(0)
THR	2.76640476278609	0.9	0.9(225)	0(0)
THR	2.88796978435099	0.912	0.912(228)	0(0)
THR	3.00953480591589	0.928	0.928(232)	0(0)
THR	3.13109982748079	0.936	0.936(234)	0(0)
THR	3.25266484904569	0.948	0.948(237)	0(0)
THR	3.37422987061059	0.964	0.964(241)	0(0)
THR	3.49579489217549	0.968	0.968(242)	0(0)
THR	3.61735991374039	0.98	0.98(245)	0(0)
THR	3.73892493530529	0.992	0.992(248)	0(0)
THR	3.86048995687019	0.996	0.996(249)	0(0)
THR	3.98205497843509	0.996	0.996(249)	0(0)
THR	4.10361999999999	0.996	0.996(249)	0(0)
THR	4.22518502156489	1	1(250)	0(0)


==============================================
THR: 0.578234374617886
Missed:     18/250=0.0720
FalseAlarm: 5/1000=0.0050
----------------------------------------------
==> CostDetection: 11.7
==============================================
