BLOCK00/SES002/SA002S12	SES002	1.58074	21.914	20.3333
BLOCK00/SES002/SA002S13	SES002	2.44343	22.1688	19.7254
BLOCK00/SES002/SA002S23	SES002	1.6069	22.0286	20.4217
BLOCK00/SES002/SA002S26	SES002	2.26968	23.6728	21.4031
BLOCK00/SES002/SA002S28	SES002	1.24664	20.4542	19.2076
BLOCK00/SES007/SA007S14	SES007	2.62653	23.1975	20.571
BLOCK00/SES007/SA007S15	SES007	1.11922	20.3758	19.2566
BLOCK00/SES007/SA007S24	SES007	1.64636	20.6435	18.9971
BLOCK00/SES007/SA007S27	SES007	1.36575	19.9792	18.6134
BLOCK00/SES007/SA007S29	SES007	0.747608	20.7307	19.9831
BLOCK00/SES008/SA008S11	SES008	1.89774	20.8642	18.9665
BLOCK00/SES008/SA008S12	SES008	1.18919	20.3427	19.1535
BLOCK00/SES008/SA008S19	SES008	2.52569	22.4871	19.9614
BLOCK00/SES008/SA008S22	SES008	1.15536	19.6209	18.4655
BLOCK00/SES008/SA008S29	SES008	2.04894	22.3976	20.3486
BLOCK01/SES014/SA014S10	SES014	3.53015	22.6373	19.1072
BLOCK01/SES014/SA014S12	SES014	4.25892	25.7995	21.5406
BLOCK01/SES014/SA014S24	SES014	2.39553	23.4873	21.0918
BLOCK01/SES014/SA014S26	SES014	3.50741	26.9455	23.4381
BLOCK01/SES014/SA014S28	SES014	5.1544	27.0754	21.921
BLOCK01/SES016/SA016S12	SES016	1.69431	19.7064	18.0121
BLOCK01/SES016/SA016S13	SES016	2.06152	21.9544	19.8929
BLOCK01/SES016/SA016S22	SES016	1.29008	21.1138	19.8237
BLOCK01/SES016/SA016S25	SES016	2.37619	23.4868	21.1106
BLOCK01/SES016/SA016S27	SES016	2.56677	24.1523	21.5855
BLOCK01/SES019/SA019S13	SES019	3.24189	20.6861	17.4442
BLOCK01/SES019/SA019S14	SES019	2.70009	21.1868	18.4868
BLOCK01/SES019/SA019S22	SES019	3.1911	20.9524	17.7613
BLOCK01/SES019/SA019S25	SES019	3.22843	21.5953	18.3668
BLOCK01/SES019/SA019S29	SES019	3.53747	22.0032	18.4657
BLOCK02/SES029/SA029S11	SES029	2.0624	21.1253	19.0629
BLOCK02/SES029/SA029S12	SES029	1.04129	21.3069	20.2656
BLOCK02/SES029/SA029S20	SES029	1.40889	20.4754	19.0665
BLOCK02/SES029/SA029S25	SES029	1.37562	22.1903	20.8146
BLOCK02/SES029/SA029S28	SES029	0.887352	20.807	19.9196
BLOCK04/SES042/SA042S12	SES042	2.42683	22.1898	19.763
BLOCK04/SES042/SA042S15	SES042	2.63217	22.4549	19.8227
BLOCK04/SES042/SA042S22	SES042	3.87368	25.9324	22.0587
BLOCK04/SES042/SA042S25	SES042	2.23785	21.2754	19.0375
BLOCK04/SES042/SA042S27	SES042	1.88948	22.8721	20.9826
BLOCK04/SES048/SA048S11	SES048	1.92723	21.965	20.0378
BLOCK04/SES048/SA048S12	SES048	1.27424	21.9974	20.7232
BLOCK04/SES048/SA048S20	SES048	0.92498	21.0804	20.1554
BLOCK04/SES048/SA048S23	SES048	2.13423	20.9319	18.7977
BLOCK04/SES048/SA048S27	SES048	1.78603	23.1254	21.3393
BLOCK06/SES060/SA060S11	SES060	2.27378	22.463	20.1892
BLOCK06/SES060/SA060S12	SES060	0.269604	18.6245	18.3548
BLOCK06/SES060/SA060S22	SES060	0.349905	18.6826	18.3327
BLOCK06/SES060/SA060S24	SES060	1.54607	21.5509	20.0048
BLOCK06/SES060/SA060S28	SES060	1.3929	23.6264	22.2335
BLOCK06/SES062/SA062S10	SES062	0.993456	21.2363	20.2428
BLOCK06/SES062/SA062S11	SES062	1.76003	21.8701	20.1101
BLOCK06/SES062/SA062S21	SES062	2.5316	24.9636	22.432
BLOCK06/SES062/SA062S26	SES062	1.52549	22.7369	21.2114
BLOCK06/SES062/SA062S29	SES062	2.4888	24.4545	21.9657
BLOCK06/SES068/SA068S14	SES068	1.08396	22.0249	20.941
BLOCK06/SES068/SA068S15	SES068	1.98965	23.6364	21.6467
BLOCK06/SES068/SA068S23	SES068	1.35741	21.0913	19.7339
BLOCK06/SES068/SA068S27	SES068	2.95522	24.5365	21.5813
BLOCK06/SES068/SA068S29	SES068	0.8689	21.5082	20.6393
BLOCK08/SES082/SA082S12	SES082	0.691154	19.9873	19.2961
BLOCK08/SES082/SA082S14	SES082	0.811333	19.2761	18.4647
BLOCK08/SES082/SA082S21	SES082	0.613075	19.8532	19.2402
BLOCK08/SES082/SA082S24	SES082	1.16278	22.3631	21.2003
BLOCK08/SES082/SA082S28	SES082	0.96336	20.7051	19.7418
BLOCK08/SES083/SA083S14	SES083	0.64045	20.933	20.2926
BLOCK08/SES083/SA083S15	SES083	1.06157	22.142	21.0804
BLOCK08/SES083/SA083S24	SES083	1.00172	21.6122	20.6104
BLOCK08/SES083/SA083S26	SES083	0.965654	20.6012	19.6355
BLOCK08/SES083/SA083S29	SES083	0.604691	21.5053	20.9006
BLOCK08/SES085/SA085S10	SES085	1.12784	21.7829	20.6551
BLOCK08/SES085/SA085S13	SES085	0.727982	20.9779	20.2499
BLOCK08/SES085/SA085S22	SES085	0.00922012	21.6232	21.614
BLOCK08/SES085/SA085S26	SES085	0.700859	22.4598	21.7589
BLOCK08/SES085/SA085S28	SES085	1.6456	21.9893	20.3437
BLOCK08/SES087/SA087S15	SES087	1.81984	21.4706	19.6507
BLOCK08/SES087/SA087S16	SES087	2.2929	21.9256	19.6327
BLOCK08/SES087/SA087S24	SES087	1.89416	21.3742	19.48
BLOCK08/SES087/SA087S26	SES087	1.64729	22.7826	21.1354
BLOCK08/SES087/SA087S29	SES087	2.3977	21.5106	19.1129
BLOCK09/SES099/SA099S15	SES099	2.23607	21.3093	19.0732
BLOCK09/SES099/SA099S16	SES099	2.23781	21.4447	19.2069
BLOCK09/SES099/SA099S24	SES099	1.97584	21.7592	19.7833
BLOCK09/SES099/SA099S26	SES099	2.47955	22.1203	19.6407
BLOCK09/SES099/SA099S29	SES099	2.81293	22.8193	20.0063
BLOCK10/SES101/SA101S11	SES101	1.06531	21.0873	20.022
BLOCK10/SES101/SA101S13	SES101	2.15977	22.8139	20.6541
BLOCK10/SES101/SA101S22	SES101	1.21456	20.6765	19.4619
BLOCK10/SES101/SA101S24	SES101	1.20692	21.1489	19.942
BLOCK10/SES101/SA101S28	SES101	0.264473	19.8594	19.5949
BLOCK10/SES104/SA104S11	SES104	2.25434	24.0946	21.8402
BLOCK10/SES104/SA104S12	SES104	2.08762	22.2376	20.15
BLOCK10/SES104/SA104S21	SES104	2.30288	21.9002	19.5973
BLOCK10/SES104/SA104S24	SES104	1.41984	22.0262	20.6063
BLOCK10/SES104/SA104S28	SES104	1.85338	22.8399	20.9865
BLOCK10/SES105/SA105S12	SES105	1.0391	19.2612	18.2221
BLOCK10/SES105/SA105S13	SES105	1.15231	19.2498	18.0975
BLOCK10/SES105/SA105S22	SES105	0.610558	18.2969	17.6863
BLOCK10/SES105/SA105S26	SES105	1.21441	19.3976	18.1832
BLOCK10/SES105/SA105S29	SES105	1.47773	20.4396	18.9619
BLOCK10/SES106/SA106S09	SES106	1.45918	19.7983	18.3391
BLOCK10/SES106/SA106S11	SES106	2.12971	22.2229	20.0932
BLOCK10/SES106/SA106S22	SES106	3.74152	23.096	19.3544
BLOCK10/SES106/SA106S27	SES106	2.156	21.0477	18.8917
BLOCK10/SES106/SA106S29	SES106	1.94977	21.1698	19.22
BLOCK11/SES117/SA117S12	SES117	0.90204	20.5276	19.6256
BLOCK11/SES117/SA117S13	SES117	0.609131	20.7554	20.1463
BLOCK11/SES117/SA117S23	SES117	2.03229	18.9648	16.9325
BLOCK11/SES117/SA117S25	SES117	1.54908	19.8138	18.2647
BLOCK11/SES117/SA117S28	SES117	1.51021	19.2112	17.701
BLOCK12/SES120/SA120S08	SES120	0.836227	17.6522	16.816
BLOCK12/SES120/SA120S11	SES120	1.80548	17.0699	15.2644
BLOCK12/SES120/SA120S22	SES120	0.757328	20.2285	19.4712
BLOCK12/SES120/SA120S24	SES120	1.56817	19.7241	18.1559
BLOCK12/SES120/SA120S28	SES120	0.524038	16.5466	16.0225
BLOCK12/SES125/SA125S13	SES125	2.54455	22.1747	19.6301
BLOCK12/SES125/SA125S14	SES125	1.28179	20.8085	19.5267
BLOCK12/SES125/SA125S25	SES125	2.79266	23.2615	20.4688
BLOCK12/SES125/SA125S27	SES125	2.90646	24.1083	21.2019
BLOCK12/SES125/SA125S29	SES125	2.58975	22.1548	19.565
BLOCK12/SES127/SA127S11	SES127	1.53267	20.8612	19.3285
BLOCK12/SES127/SA127S12	SES127	0.419462	20.6602	20.2408
BLOCK12/SES127/SA127S23	SES127	0.856705	21.2226	20.3659
BLOCK12/SES127/SA127S25	SES127	0.598753	19.8752	19.2764
BLOCK12/SES127/SA127S27	SES127	1.3771	21.6064	20.2293
BLOCK12/SES129/SA129S11	SES129	1.80276	22.5073	20.7045
BLOCK12/SES129/SA129S12	SES129	2.02427	22.3572	20.333
BLOCK12/SES129/SA129S22	SES129	1.74496	21.313	19.568
BLOCK12/SES129/SA129S27	SES129	2.27941	21.9665	19.6871
BLOCK12/SES129/SA129S29	SES129	1.94609	22.2315	20.2854
BLOCK14/SES142/SA142S11	SES142	2.96411	21.8373	18.8732
BLOCK14/SES142/SA142S12	SES142	0.482048	19.0045	18.5224
BLOCK14/SES142/SA142S24	SES142	2.20759	21.2792	19.0716
BLOCK14/SES142/SA142S27	SES142	2.07498	21.1443	19.0693
BLOCK14/SES142/SA142S29	SES142	2.51072	21.7445	19.2338
BLOCK14/SES143/SA143S12	SES143	1.39951	19.9271	18.5276
BLOCK14/SES143/SA143S13	SES143	1.16938	19.5073	18.3379
BLOCK14/SES143/SA143S23	SES143	1.66786	19.7231	18.0552
BLOCK14/SES143/SA143S25	SES143	0.894377	19.5361	18.6417
BLOCK14/SES143/SA143S28	SES143	1.24828	19.7085	18.4602
BLOCK14/SES144/SA144S09	SES144	1.44235	21.5442	20.1019
BLOCK14/SES144/SA144S11	SES144	1.71446	20.434	18.7196
BLOCK14/SES144/SA144S21	SES144	0.63114	20.1757	19.5446
BLOCK14/SES144/SA144S25	SES144	0.87771	18.8427	17.965
BLOCK14/SES144/SA144S29	SES144	0.619942	20.8692	20.2492
BLOCK14/SES146/SA146S14	SES146	1.13663	19.0111	17.8745
BLOCK14/SES146/SA146S15	SES146	1.12796	19.1684	18.0405
BLOCK14/SES146/SA146S24	SES146	1.21021	18.9633	17.7531
BLOCK14/SES146/SA146S26	SES146	1.79329	19.532	17.7387
BLOCK14/SES146/SA146S29	SES146	1.12006	18.9966	17.8765
BLOCK14/SES147/SA147S11	SES147	1.80126	20.0753	18.274
BLOCK14/SES147/SA147S13	SES147	2.67216	20.9745	18.3024
BLOCK14/SES147/SA147S23	SES147	1.18593	19.6796	18.4936
BLOCK14/SES147/SA147S26	SES147	1.66045	20.2884	18.628
BLOCK14/SES147/SA147S28	SES147	2.285	21.0823	18.7973
BLOCK14/SES148/SA148S10	SES148	1.79927	19.605	17.8057
BLOCK14/SES148/SA148S12	SES148	1.50005	18.923	17.423
BLOCK14/SES148/SA148S22	SES148	2.24013	21.2944	19.0543
BLOCK14/SES148/SA148S26	SES148	0.0535984	19.8829	19.8293
BLOCK14/SES148/SA148S29	SES148	0.941999	19.6243	18.6823
BLOCK14/SES149/SA149S13	SES149	0.14953	19.966	19.8164
BLOCK14/SES149/SA149S14	SES149	0.902584	21.1923	20.2897
BLOCK14/SES149/SA149S24	SES149	1.90331	22.1603	20.257
BLOCK14/SES149/SA149S26	SES149	2.68122	23.3361	20.6549
BLOCK14/SES149/SA149S28	SES149	2.58027	24.1273	21.547
BLOCK15/SES158/SA158S13	SES158	2.51205	20.3389	17.8268
BLOCK15/SES158/SA158S14	SES158	3.14455	20.8176	17.6731
BLOCK15/SES158/SA158S23	SES158	1.79937	20.3364	18.537
BLOCK15/SES158/SA158S26	SES158	2.94518	20.6406	17.6955
BLOCK15/SES158/SA158S28	SES158	1.40394	19.4184	18.0144
BLOCK16/SES162/SA162S10	SES162	1.1621	18.5119	17.3498
BLOCK16/SES162/SA162S11	SES162	1.12875	21.209	20.0802
BLOCK16/SES162/SA162S21	SES162	2.1019	21.1488	19.0469
BLOCK16/SES162/SA162S24	SES162	1.58228	20.6562	19.0739
BLOCK16/SES162/SA162S27	SES162	1.54232	20.2521	18.7098
BLOCK16/SES167/SA167S14	SES167	1.29533	22.5558	21.2604
BLOCK16/SES167/SA167S15	SES167	1.62843	21.0463	19.4178
BLOCK16/SES167/SA167S21	SES167	2.40951	22.2108	19.8013
BLOCK16/SES167/SA167S25	SES167	2.50618	21.4016	18.8954
BLOCK16/SES167/SA167S29	SES167	2.50599	23.2123	20.7063
BLOCK17/SES172/SA172S12	SES172	2.18654	22.017	19.8304
BLOCK17/SES172/SA172S13	SES172	2.09555	21.4905	19.3949
BLOCK17/SES172/SA172S23	SES172	1.4842	22.7003	21.2161
BLOCK17/SES172/SA172S27	SES172	1.59541	21.6382	20.0428
BLOCK17/SES172/SA172S29	SES172	2.20969	21.8439	19.6342
BLOCK17/SES175/SA175S11	SES175	1.51587	21.1388	19.6229
BLOCK17/SES175/SA175S13	SES175	2.00916	21.4507	19.4415
BLOCK17/SES175/SA175S23	SES175	1.8342	21.612	19.7778
BLOCK17/SES175/SA175S25	SES175	1.20214	19.1627	17.9606
BLOCK17/SES175/SA175S28	SES175	1.83277	22.4272	20.5945
BLOCK17/SES177/SA177S15	SES177	0.663965	20.7589	20.0949
BLOCK17/SES177/SA177S17	SES177	0.833929	21.282	20.4481
BLOCK17/SES177/SA177S23	SES177	0.329954	20.2692	19.9392
BLOCK17/SES177/SA177S26	SES177	1.38147	23.1516	21.7701
BLOCK17/SES177/SA177S28	SES177	0.883888	21.5295	20.6456
BLOCK18/SES180/SA180S13	SES180	0.546808	20.036	19.4892
BLOCK18/SES180/SA180S15	SES180	1.2491	20.1176	18.8685
BLOCK18/SES180/SA180S24	SES180	1.80498	22.2768	20.4719
BLOCK18/SES180/SA180S26	SES180	0.850798	21.2876	20.4368
BLOCK18/SES180/SA180S29	SES180	1.64083	21.2723	19.6315
BLOCK18/SES183/SA183S13	SES183	1.68895	19.0877	17.3987
BLOCK18/SES183/SA183S14	SES183	0.159109	18.4305	18.2714
BLOCK18/SES183/SA183S24	SES183	1.75606	18.2957	16.5396
BLOCK18/SES183/SA183S27	SES183	1.59797	19.4176	17.8197
BLOCK18/SES183/SA183S29	SES183	1.2169	20.2032	18.9863
BLOCK18/SES187/SA187S13	SES187	1.5717	21.1136	19.5419
BLOCK18/SES187/SA187S14	SES187	1.16208	20.2234	19.0613
BLOCK18/SES187/SA187S24	SES187	1.76031	21.9984	20.2381
BLOCK18/SES187/SA187S27	SES187	1.17033	20.8577	19.6874
BLOCK18/SES187/SA187S29	SES187	2.03564	22.3142	20.2786
BLOCK18/SES189/SA189S10	SES189	2.28919	19.0315	16.7423
BLOCK18/SES189/SA189S13	SES189	2.803	18.7038	15.9008
BLOCK18/SES189/SA189S24	SES189	3.54131	19.4124	15.8711
BLOCK18/SES189/SA189S26	SES189	1.85967	19.2584	17.3987
BLOCK18/SES189/SA189S29	SES189	2.78539	19.9492	17.1638
BLOCK20/SES202/SA202S12	SES202	1.86294	17.7459	15.8829
BLOCK20/SES202/SA202S14	SES202	3.01543	21.2587	18.2432
BLOCK20/SES202/SA202S24	SES202	1.70378	20.2757	18.5719
BLOCK20/SES202/SA202S27	SES202	1.99349	21.7594	19.7659
BLOCK20/SES202/SA202S29	SES202	2.26388	21.2999	19.036
BLOCK20/SES206/SA206S15	SES206	0.117905	20.7818	20.6639
BLOCK20/SES206/SA206S17	SES206	2.47591	23.6657	21.1897
BLOCK20/SES206/SA206S24	SES206	2.98233	24.0454	21.0631
BLOCK20/SES206/SA206S27	SES206	2.70982	22.8037	20.0939
BLOCK20/SES206/SA206S29	SES206	2.20268	24.2462	22.0435
BLOCK22/SES226/SA226S12	SES226	1.24287	20.9938	19.7509
BLOCK22/SES226/SA226S13	SES226	0.157288	19.2557	19.0984
BLOCK22/SES226/SA226S20	SES226	1.71877	21.2255	19.5068
BLOCK22/SES226/SA226S23	SES226	1.99965	21.4083	19.4087
BLOCK22/SES226/SA226S28	SES226	1.85034	21.83	19.9797
BLOCK25/SES259/SA259S13	SES259	4.38316	23.9249	19.5418
BLOCK25/SES259/SA259S14	SES259	2.83914	21.9648	19.1257
BLOCK25/SES259/SA259S22	SES259	2.71106	21.9163	19.2052
BLOCK25/SES259/SA259S24	SES259	2.88181	24.0119	21.1301
BLOCK25/SES259/SA259S28	SES259	2.75192	22.5916	19.8397
BLOCK27/SES270/SA270S14	SES270	2.96342	20.8938	17.9304
BLOCK27/SES270/SA270S16	SES270	1.23569	20.0811	18.8454
BLOCK27/SES270/SA270S22	SES270	3.75175	22.2202	18.4684
BLOCK27/SES270/SA270S26	SES270	2.02905	19.672	17.643
BLOCK27/SES270/SA270S28	SES270	1.78651	20.8315	19.045
BLOCK27/SES275/SA275S17	SES275	1.50236	20.2433	18.741
BLOCK27/SES275/SA275S18	SES275	1.05695	20.3411	19.2841
BLOCK27/SES275/SA275S24	SES275	0.970085	19.0319	18.0618
BLOCK27/SES275/SA275S26	SES275	1.6568	20.6334	18.9766
BLOCK27/SES275/SA275S28	SES275	0.736385	20.0045	19.2681
BLOCK29/SES292/SA292S10	SES292	0.675028	19.6933	19.0183
BLOCK29/SES292/SA292S12	SES292	0.663914	19.8343	19.1704
BLOCK29/SES292/SA292S22	SES292	0.935699	21.6531	20.7174
BLOCK29/SES292/SA292S24	SES292	0.729641	21.0083	20.2787
BLOCK29/SES292/SA292S27	SES292	0.63011	21.0852	20.4551
BLOCK00/SES001/SA001S14	SES062	-2.25788	15.0423	17.3002
BLOCK00/SES001/SA001S14	SES082	-2.79548	14.5047	17.3002
BLOCK00/SES001/SA001S14	SES106	-2.43875	14.8614	17.3002
BLOCK00/SES001/SA001S14	SES206	-1.80827	15.4919	17.3002
BLOCK00/SES001/SA001S15	SES062	-2.01978	17.2912	19.311
BLOCK00/SES001/SA001S15	SES104	-2.31971	16.9912	19.311
BLOCK00/SES001/SA001S15	SES106	-2.30315	17.0078	19.311
BLOCK00/SES001/SA001S15	SES206	-1.92386	17.3871	19.311
BLOCK00/SES001/SA001S24	SES062	-3.15429	13.9374	17.0917
BLOCK00/SES001/SA001S24	SES082	-3.02886	14.0629	17.0917
BLOCK00/SES001/SA001S24	SES087	-2.1859	14.9058	17.0917
BLOCK00/SES001/SA001S24	SES206	-2.55702	14.5347	17.0917
BLOCK00/SES001/SA001S27	SES062	-2.13251	17.4647	19.5972
BLOCK00/SES001/SA001S27	SES082	-2.09493	17.5023	19.5972
BLOCK00/SES001/SA001S27	SES087	-1.41252	18.1847	19.5972
BLOCK00/SES001/SA001S27	SES206	-1.97827	17.619	19.5972
BLOCK00/SES001/SA001S29	SES062	-2.90088	14.867	17.7679
BLOCK00/SES001/SA001S29	SES082	-1.95781	15.8101	17.7679
BLOCK00/SES001/SA001S29	SES158	-1.29372	16.4742	17.7679
BLOCK00/SES001/SA001S29	SES206	-2.54807	15.2198	17.7679
BLOCK00/SES003/SA003S11	SES002	-0.370821	19.1039	19.4747
BLOCK00/SES003/SA003S11	SES019	-1.54852	17.9262	19.4747
BLOCK00/SES003/SA003S11	SES082	-0.555704	18.919	19.4747
BLOCK00/SES003/SA003S11	SES125	-1.45176	18.0229	19.4747
BLOCK00/SES003/SA003S15	SES016	-2.72864	17.961	20.6896
BLOCK00/SES003/SA003S15	SES019	-1.83839	18.8512	20.6896
BLOCK00/SES003/SA003S15	SES062	-2.57255	18.1171	20.6896
BLOCK00/SES003/SA003S15	SES206	-1.74039	18.9492	20.6896
BLOCK00/SES003/SA003S22	SES002	-1.15313	18.3207	19.4738
BLOCK00/SES003/SA003S22	SES062	-0.828262	18.6456	19.4738
BLOCK00/SES003/SA003S22	SES082	-2.0604	17.4134	19.4738
BLOCK00/SES003/SA003S22	SES087	-1.5856	17.8882	19.4738
BLOCK00/SES003/SA003S25	SES062	-2.79786	15.8709	18.6688
BLOCK00/SES003/SA003S25	SES082	-1.20013	17.4686	18.6688
BLOCK00/SES003/SA003S25	SES087	-1.66909	16.9997	18.6688
BLOCK00/SES003/SA003S25	SES206	-2.66239	16.0064	18.6688
BLOCK00/SES003/SA003S29	SES002	-1.42208	17.4348	18.8568
BLOCK00/SES003/SA003S29	SES062	-2.57577	16.2811	18.8568
BLOCK00/SES003/SA003S29	SES082	-1.26777	17.5891	18.8568
BLOCK00/SES003/SA003S29	SES087	-1.7361	17.1207	18.8568
BLOCK00/SES004/SA004S12	SES083	-2.14394	15.9282	18.0722
BLOCK00/SES004/SA004S12	SES148	-1.45369	16.6185	18.0722
BLOCK00/SES004/SA004S12	SES172	-0.678993	17.3932	18.0722
BLOCK00/SES004/SA004S12	SES292	-1.48985	16.5823	18.0722
BLOCK00/SES004/SA004S17	SES083	-2.27003	15.4478	17.7178
BLOCK00/SES004/SA004S17	SES162	-1.25544	16.4623	17.7178
BLOCK00/SES004/SA004S17	SES172	-1.29613	16.4217	17.7178
BLOCK00/SES004/SA004S17	SES292	-1.82969	15.8881	17.7178
BLOCK00/SES004/SA004S24	SES083	-1.76891	16.5773	18.3462
BLOCK00/SES004/SA004S24	SES148	-2.06001	16.2862	18.3462
BLOCK00/SES004/SA004S24	SES172	-0.865089	17.4811	18.3462
BLOCK00/SES004/SA004S24	SES292	-0.82999	17.5162	18.3462
BLOCK00/SES004/SA004S26	SES083	-2.45416	15.4408	17.8949
BLOCK00/SES004/SA004S26	SES127	-2.08266	15.8123	17.8949
BLOCK00/SES004/SA004S26	SES148	-2.96553	14.9294	17.8949
BLOCK00/SES004/SA004S26	SES292	-2.5636	15.3313	17.8949
BLOCK00/SES004/SA004S28	SES083	-1.05446	18.8949	19.9494
BLOCK00/SES004/SA004S28	SES127	-1.08085	18.8686	19.9494
BLOCK00/SES004/SA004S28	SES187	-0.524412	19.425	19.9494
BLOCK00/SES004/SA004S28	SES292	-1.70276	18.2466	19.9494
BLOCK00/SES006/SA006S10	SES014	-5.20506	10.5335	15.7386
BLOCK00/SES006/SA006S10	SES158	-2.27051	13.468	15.7386
BLOCK00/SES006/SA006S10	SES226	-4.10939	11.6292	15.7386
BLOCK00/SES006/SA006S10	SES270	-1.8196	13.9189	15.7386
BLOCK00/SES006/SA006S11	SES158	-1.68799	14.5263	16.2143
BLOCK00/SES006/SA006S11	SES226	-3.2329	12.9814	16.2143
BLOCK00/SES006/SA006S11	SES270	-1.83931	14.375	16.2143
BLOCK00/SES006/SA006S11	SES275	-2.39677	13.8175	16.2143
BLOCK00/SES006/SA006S23	SES062	-2.66478	15.7482	18.413
BLOCK00/SES006/SA006S23	SES105	-4.20803	14.205	18.413
BLOCK00/SES006/SA006S23	SES158	-2.43557	15.9774	18.413
BLOCK00/SES006/SA006S23	SES275	-2.60846	15.8045	18.413
BLOCK00/SES006/SA006S26	SES104	-4.10195	13.4795	17.5814
BLOCK00/SES006/SA006S26	SES158	-1.73623	15.8452	17.5814
BLOCK00/SES006/SA006S26	SES270	-1.4847	16.0967	17.5814
BLOCK00/SES006/SA006S26	SES275	-2.24678	15.3346	17.5814
BLOCK00/SES006/SA006S28	SES007	-2.61368	13.4228	16.0365
BLOCK00/SES006/SA006S28	SES105	-3.6728	12.3637	16.0365
BLOCK00/SES006/SA006S28	SES158	-2.15135	13.8851	16.0365
BLOCK00/SES006/SA006S28	SES275	-3.06218	12.9743	16.0365
BLOCK00/SES009/SA009S12	SES083	-2.76376	17.3029	20.0667
BLOCK00/SES009/SA009S12	SES148	-2.49255	17.5741	20.0667
BLOCK00/SES009/SA009S12	SES177	-1.34841	18.7183	20.0667
BLOCK00/SES009/SA009S12	SES292	-1.49345	18.5732	20.0667
BLOCK00/SES009/SA009S15	SES007	0.0351391	20.7971	20.762
BLOCK00/SES009/SA009S15	SES099	-3.42893	17.333	20.762
BLOCK00/SES009/SA009S15	SES148	-1.87742	18.8845	20.762
BLOCK00/SES009/SA009S15	SES172	-1.47156	19.2904	20.762
BLOCK00/SES009/SA009S24	SES146	-1.18196	19.7253	20.9072
BLOCK00/SES009/SA009S24	SES148	-2.62237	18.2849	20.9072
BLOCK00/SES009/SA009S24	SES177	-0.419878	20.4874	20.9072
BLOCK00/SES009/SA009S24	SES292	-1.21377	19.6935	20.9072
BLOCK00/SES009/SA009S26	SES083	-2.70738	17.0759	19.7833
BLOCK00/SES009/SA009S26	SES101	-2.65231	17.131	19.7833
BLOCK00/SES009/SA009S26	SES120	-1.72988	18.0534	19.7833
BLOCK00/SES009/SA009S26	SES177	-1.22434	18.559	19.7833
BLOCK00/SES009/SA009S29	SES083	-1.97803	18.6196	20.5976
BLOCK00/SES009/SA009S29	SES101	-2.04614	18.5515	20.5976
BLOCK00/SES009/SA009S29	SES177	-0.90346	19.6942	20.5976
BLOCK00/SES009/SA009S29	SES292	-0.970612	19.627	20.5976
BLOCK01/SES011/SA011S10	SES019	-1.83876	18.2054	20.0441
BLOCK01/SES011/SA011S10	SES042	-0.883047	19.1611	20.0441
BLOCK01/SES011/SA011S10	SES082	-1.71827	18.3259	20.0441
BLOCK01/SES011/SA011S10	SES206	-1.51977	18.5244	20.0441
BLOCK01/SES011/SA011S11	SES019	-1.99945	16.4657	18.4651
BLOCK01/SES011/SA011S11	SES042	-1.46737	16.9978	18.4651
BLOCK01/SES011/SA011S11	SES082	-1.92633	16.5388	18.4651
BLOCK01/SES011/SA011S11	SES206	-2.44235	16.0228	18.4651
BLOCK01/SES011/SA011S22	SES019	-1.00796	17.6297	18.6377
BLOCK01/SES011/SA011S22	SES042	-0.155291	18.4824	18.6377
BLOCK01/SES011/SA011S22	SES082	-1.74484	16.8928	18.6377
BLOCK01/SES011/SA011S22	SES206	-1.96321	16.6744	18.6377
BLOCK01/SES011/SA011S24	SES019	-1.68938	17.894	19.5834
BLOCK01/SES011/SA011S24	SES042	-0.410343	19.1731	19.5834
BLOCK01/SES011/SA011S24	SES104	-2.06893	17.5145	19.5834
BLOCK01/SES011/SA011S24	SES206	-1.55585	18.0275	19.5834
BLOCK01/SES011/SA011S27	SES082	-0.395901	18.5008	18.8967
BLOCK01/SES011/SA011S27	SES087	-1.79734	17.0994	18.8967
BLOCK01/SES011/SA011S27	SES125	-1.47207	17.4246	18.8967
BLOCK01/SES011/SA011S27	SES206	-1.53844	17.3583	18.8967
BLOCK01/SES012/SA012S11	SES007	-0.647789	20.8398	21.4876
BLOCK01/SES012/SA012S11	SES082	-1.63986	19.8477	21.4876
BLOCK01/SES012/SA012S11	SES083	-1.92608	19.5615	21.4876
BLOCK01/SES012/SA012S11	SES206	-1.53426	19.9533	21.4876
BLOCK01/SES012/SA012S14	SES082	-0.925159	20.2154	21.1405
BLOCK01/SES012/SA012S14	SES087	-2.18973	18.9508	21.1405
BLOCK01/SES012/SA012S14	SES206	-1.29168	19.8489	21.1405
BLOCK01/SES012/SA012S14	SES292	-2.28999	18.8505	21.1405
BLOCK01/SES012/SA012S24	SES082	-0.281166	19.7136	19.9948
BLOCK01/SES012/SA012S24	SES087	-1.34861	18.6462	19.9948
BLOCK01/SES012/SA012S24	SES120	-2.25851	17.7363	19.9948
BLOCK01/SES012/SA012S24	SES206	-1.00656	18.9882	19.9948
BLOCK01/SES012/SA012S26	SES019	-4.01386	17.6987	21.7125
BLOCK01/SES012/SA012S26	SES082	-2.36802	19.3445	21.7125
BLOCK01/SES012/SA012S26	SES206	-0.838802	20.8737	21.7125
BLOCK01/SES012/SA012S26	SES292	-1.6037	20.1088	21.7125
BLOCK01/SES012/SA012S29	SES062	-1.72918	19.7259	21.4551
BLOCK01/SES012/SA012S29	SES082	-1.17516	20.2799	21.4551
BLOCK01/SES012/SA012S29	SES083	-2.14028	19.3148	21.4551
BLOCK01/SES012/SA012S29	SES206	-0.856819	20.5982	21.4551
BLOCK01/SES013/SA013S16	SES062	-2.95065	16.6389	19.5896
BLOCK01/SES013/SA013S16	SES106	-1.94064	17.6489	19.5896
BLOCK01/SES013/SA013S16	SES206	-1.72262	17.867	19.5896
BLOCK01/SES013/SA013S16	SES226	-0.970339	18.6192	19.5896
BLOCK01/SES013/SA013S17	SES062	-2.94766	18.1671	21.1148
BLOCK01/SES013/SA013S17	SES106	-2.70003	18.4147	21.1148
BLOCK01/SES013/SA013S17	SES206	-1.16036	19.9544	21.1148
BLOCK01/SES013/SA013S17	SES226	-1.1518	19.963	21.1148
BLOCK01/SES013/SA013S23	SES104	-1.9726	18.9767	20.9493
BLOCK01/SES013/SA013S23	SES106	-1.55719	19.3921	20.9493
BLOCK01/SES013/SA013S23	SES206	-1.60058	19.3487	20.9493
BLOCK01/SES013/SA013S23	SES270	-1.3981	19.5512	20.9493
BLOCK01/SES013/SA013S25	SES042	-1.94154	19.8572	21.7987
BLOCK01/SES013/SA013S25	SES104	-1.25867	20.5401	21.7987
BLOCK01/SES013/SA013S25	SES106	-1.68137	20.1174	21.7987
BLOCK01/SES013/SA013S25	SES206	-1.03413	20.7646	21.7987
BLOCK01/SES013/SA013S29	SES062	-4.08924	17.0821	21.1713
BLOCK01/SES013/SA013S29	SES104	-2.6272	18.5441	21.1713
BLOCK01/SES013/SA013S29	SES106	-2.03407	19.1373	21.1713
BLOCK01/SES013/SA013S29	SES206	-1.69083	19.4805	21.1713
BLOCK02/SES021/SA021S13	SES016	-3.49032	18.1738	21.6641
BLOCK02/SES021/SA021S13	SES029	-1.60427	20.0599	21.6641
BLOCK02/SES021/SA021S13	SES087	-1.21689	20.4472	21.6641
BLOCK02/SES021/SA021S13	SES206	-1.70481	19.9593	21.6641
BLOCK02/SES021/SA021S15	SES087	-0.963816	21.5726	22.5364
BLOCK02/SES021/SA021S15	SES125	-0.747263	21.7892	22.5364
BLOCK02/SES021/SA021S15	SES206	-0.701752	21.8347	22.5364
BLOCK02/SES021/SA021S15	SES226	-2.089	20.4474	22.5364
BLOCK02/SES021/SA021S23	SES062	-2.5885	16.7232	19.3117
BLOCK02/SES021/SA021S23	SES087	-1.14969	18.1621	19.3117
BLOCK02/SES021/SA021S23	SES206	-1.58878	17.723	19.3117
BLOCK02/SES021/SA021S23	SES226	-1.49965	17.8121	19.3117
BLOCK02/SES021/SA021S27	SES002	-1.06137	19.877	20.9384
BLOCK02/SES021/SA021S27	SES016	-4.29439	16.644	20.9384
BLOCK02/SES021/SA021S27	SES019	-2.05197	18.8864	20.9384
BLOCK02/SES021/SA021S27	SES062	-2.11482	18.8235	20.9384
BLOCK02/SES021/SA021S29	SES087	-1.35874	20.1199	21.4786
BLOCK02/SES021/SA021S29	SES125	-0.823875	20.6547	21.4786
BLOCK02/SES021/SA021S29	SES206	-1.31788	20.1607	21.4786
BLOCK02/SES021/SA021S29	SES226	-2.06494	19.4137	21.4786
BLOCK04/SES043/SA043S09	SES083	-2.37524	15.537	17.9123
BLOCK04/SES043/SA043S09	SES101	-2.86834	15.0439	17.9123
BLOCK04/SES043/SA043S09	SES144	-0.89846	17.0138	17.9123
BLOCK04/SES043/SA043S09	SES172	-2.78331	15.129	17.9123
BLOCK04/SES043/SA043S11	SES083	-0.865505	18.8345	19.7
BLOCK04/SES043/SA043S11	SES101	-1.75177	17.9482	19.7
BLOCK04/SES043/SA043S11	SES144	-0.737473	18.9625	19.7
BLOCK04/SES043/SA043S11	SES172	-1.31986	18.3801	19.7
BLOCK04/SES043/SA043S23	SES083	-1.28725	17.5467	18.834
BLOCK04/SES043/SA043S23	SES144	-0.113503	18.7205	18.834
BLOCK04/SES043/SA043S23	SES177	-2.52048	16.3135	18.834
BLOCK04/SES043/SA043S23	SES275	-1.19096	17.643	18.834
BLOCK04/SES043/SA043S26	SES083	-1.38149	17.1875	18.569
BLOCK04/SES043/SA043S26	SES101	-1.51475	17.0542	18.569
BLOCK04/SES043/SA043S26	SES144	-0.62229	17.9467	18.569
BLOCK04/SES043/SA043S26	SES177	-1.91349	16.6555	18.569
BLOCK04/SES043/SA043S28	SES016	-2.50775	17.6487	20.1565
BLOCK04/SES043/SA043S28	SES083	-1.12126	19.0352	20.1565
BLOCK04/SES043/SA043S28	SES101	-1.10036	19.0561	20.1565
BLOCK04/SES043/SA043S28	SES144	-1.3954	18.7611	20.1565
BLOCK04/SES044/SA044S10	SES127	-2.7014	13.8637	16.5651
BLOCK04/SES044/SA044S10	SES144	-1.08644	15.4787	16.5651
BLOCK04/SES044/SA044S10	SES147	-3.34719	13.2179	16.5651
BLOCK04/SES044/SA044S10	SES148	-2.8209	13.7442	16.5651
BLOCK04/SES044/SA044S11	SES101	-1.92864	16.0444	17.9731
BLOCK04/SES044/SA044S11	SES144	-0.477362	17.4957	17.9731
BLOCK04/SES044/SA044S11	SES147	-2.53801	15.4351	17.9731
BLOCK04/SES044/SA044S11	SES177	-2.71459	15.2585	17.9731
BLOCK04/SES044/SA044S24	SES007	-2.4937	15.7385	18.2322
BLOCK04/SES044/SA044S24	SES101	-1.64971	16.5825	18.2322
BLOCK04/SES044/SA044S24	SES147	-2.89864	15.3335	18.2322
BLOCK04/SES044/SA044S24	SES177	-2.25186	15.9803	18.2322
BLOCK04/SES044/SA044S26	SES007	-1.97064	16.7223	18.693
BLOCK04/SES044/SA044S26	SES016	-1.80548	16.8875	18.693
BLOCK04/SES044/SA044S26	SES101	-1.9526	16.7404	18.693
BLOCK04/SES044/SA044S26	SES147	-1.26791	17.4251	18.693
BLOCK04/SES044/SA044S29	SES007	-2.47498	16.7949	19.2699
BLOCK04/SES044/SA044S29	SES101	-0.637623	18.6323	19.2699
BLOCK04/SES044/SA044S29	SES147	-2.21213	17.0578	19.2699
BLOCK04/SES044/SA044S29	SES177	-2.51087	16.759	19.2699
BLOCK04/SES046/SA046S13	SES101	-2.39925	15.7079	18.1072
BLOCK04/SES046/SA046S13	SES144	-0.859001	17.2482	18.1072
BLOCK04/SES046/SA046S13	SES147	-2.37731	15.7299	18.1072
BLOCK04/SES046/SA046S13	SES177	-2.87391	15.2333	18.1072
BLOCK04/SES046/SA046S15	SES048	-0.59988	19.3436	19.9435
BLOCK04/SES046/SA046S15	SES083	-0.755743	19.1878	19.9435
BLOCK04/SES046/SA046S15	SES120	-2.63204	17.3115	19.9435
BLOCK04/SES046/SA046S15	SES148	-1.5666	18.3769	19.9435
BLOCK04/SES046/SA046S22	SES101	-1.26275	17.6764	18.9392
BLOCK04/SES046/SA046S22	SES144	-0.878841	18.0603	18.9392
BLOCK04/SES046/SA046S22	SES147	-2.43	16.5092	18.9392
BLOCK04/SES046/SA046S22	SES172	-1.48349	17.4557	18.9392
BLOCK04/SES046/SA046S25	SES083	-1.20028	17.3952	18.5955
BLOCK04/SES046/SA046S25	SES127	-1.9953	16.6002	18.5955
BLOCK04/SES046/SA046S25	SES144	-2.38206	16.2134	18.5955
BLOCK04/SES046/SA046S25	SES148	-2.32829	16.2672	18.5955
BLOCK04/SES046/SA046S28	SES007	-2.29466	15.8826	18.1773
BLOCK04/SES046/SA046S28	SES105	-2.20308	15.9742	18.1773
BLOCK04/SES046/SA046S28	SES147	-2.55355	15.6237	18.1773
BLOCK04/SES046/SA046S28	SES148	-1.66696	16.5103	18.1773
BLOCK04/SES049/SA049S16	SES104	-2.57749	15.8295	18.407
BLOCK04/SES049/SA049S16	SES106	-1.96392	16.4431	18.407
BLOCK04/SES049/SA049S16	SES120	-2.95495	15.452	18.407
BLOCK04/SES049/SA049S16	SES206	-1.30393	17.1031	18.407
BLOCK04/SES049/SA049S18	SES099	-0.914671	17.474	18.3887
BLOCK04/SES049/SA049S18	SES104	-2.35821	16.0305	18.3887
BLOCK04/SES049/SA049S18	SES125	-2.68028	15.7084	18.3887
BLOCK04/SES049/SA049S18	SES206	-1.29138	17.0973	18.3887
BLOCK04/SES049/SA049S25	SES087	-1.19217	18.5312	19.7234
BLOCK04/SES049/SA049S25	SES104	-0.817774	18.9056	19.7234
BLOCK04/SES049/SA049S25	SES125	-1.59433	18.1291	19.7234
BLOCK04/SES049/SA049S25	SES206	-0.580385	19.143	19.7234
BLOCK04/SES049/SA049S27	SES099	-0.648499	18.0126	18.6611
BLOCK04/SES049/SA049S27	SES104	-0.583555	18.0775	18.6611
BLOCK04/SES049/SA049S27	SES125	-1.34243	17.3187	18.6611
BLOCK04/SES049/SA049S27	SES206	-1.24981	17.4113	18.6611
BLOCK04/SES049/SA049S29	SES099	-0.598766	19.8822	20.481
BLOCK04/SES049/SA049S29	SES104	-0.315935	20.165	20.481
BLOCK04/SES049/SA049S29	SES125	-1.12102	19.3599	20.481
BLOCK04/SES049/SA049S29	SES206	-0.499001	19.982	20.481
BLOCK06/SES063/SA063S09	SES068	-1.53046	19.0068	20.5373
BLOCK06/SES063/SA063S09	SES083	-1.00314	19.5341	20.5373
BLOCK06/SES063/SA063S09	SES177	-1.11445	19.4228	20.5373
BLOCK06/SES063/SA063S09	SES187	-1.52355	19.0137	20.5373
BLOCK06/SES063/SA063S10	SES068	-1.90678	18.2336	20.1403
BLOCK06/SES063/SA063S10	SES083	-1.44808	18.6923	20.1403
BLOCK06/SES063/SA063S10	SES172	-1.27	18.8703	20.1403
BLOCK06/SES063/SA063S10	SES187	-1.18766	18.9527	20.1403
BLOCK06/SES063/SA063S20	SES068	-2.05676	17.7879	19.8446
BLOCK06/SES063/SA063S20	SES083	-0.897257	18.9474	19.8446
BLOCK06/SES063/SA063S20	SES172	-0.911619	18.933	19.8446
BLOCK06/SES063/SA063S20	SES187	-0.669031	19.1756	19.8446
BLOCK06/SES063/SA063S24	SES029	-1.91725	18.6488	20.5661
BLOCK06/SES063/SA063S24	SES083	-0.677305	19.8888	20.5661
BLOCK06/SES063/SA063S24	SES177	-1.30628	19.2598	20.5661
BLOCK06/SES063/SA063S24	SES189	-1.44526	19.1208	20.5661
BLOCK06/SES063/SA063S27	SES083	-0.332481	19.0294	19.3619
BLOCK06/SES063/SA063S27	SES172	-0.727516	18.6344	19.3619
BLOCK06/SES063/SA063S27	SES187	-1.51409	17.8478	19.3619
BLOCK06/SES063/SA063S27	SES292	-2.09059	17.2713	19.3619
BLOCK06/SES067/SA067S12	SES083	-2.05218	18.0104	20.0626
BLOCK06/SES067/SA067S12	SES172	-2.25158	17.8111	20.0626
BLOCK06/SES067/SA067S12	SES202	-0.911947	19.1507	20.0626
BLOCK06/SES067/SA067S12	SES292	-1.61626	18.4464	20.0626
BLOCK06/SES067/SA067S14	SES085	-1.75521	19.0841	20.8393
BLOCK06/SES067/SA067S14	SES177	-1.92995	18.9093	20.8393
BLOCK06/SES067/SA067S14	SES183	-1.66387	19.1754	20.8393
BLOCK06/SES067/SA067S14	SES202	-1.29649	19.5428	20.8393
BLOCK06/SES067/SA067S21	SES144	-0.84371	18.6533	19.497
BLOCK06/SES067/SA067S21	SES177	-1.71361	17.7834	19.497
BLOCK06/SES067/SA067S21	SES183	-1.3804	18.1166	19.497
BLOCK06/SES067/SA067S21	SES189	-0.656576	18.8404	19.497
BLOCK06/SES067/SA067S25	SES085	-0.407732	19.7561	20.1638
BLOCK06/SES067/SA067S25	SES177	-1.09514	19.0687	20.1638
BLOCK06/SES067/SA067S25	SES183	-1.07904	19.0848	20.1638
BLOCK06/SES067/SA067S25	SES202	-0.861504	19.3023	20.1638
BLOCK06/SES067/SA067S29	SES085	-1.10477	19.5106	20.6153
BLOCK06/SES067/SA067S29	SES177	-1.52801	19.0873	20.6153
BLOCK06/SES067/SA067S29	SES183	-0.55748	20.0579	20.6153
BLOCK06/SES067/SA067S29	SES202	-0.309076	20.3063	20.6153
BLOCK06/SES069/SA069S12	SES029	-2.70358	18.0749	20.7785
BLOCK06/SES069/SA069S12	SES082	-0.746262	20.0322	20.7785
BLOCK06/SES069/SA069S12	SES087	-1.23572	19.5428	20.7785
BLOCK06/SES069/SA069S12	SES206	-0.680647	20.0979	20.7785
BLOCK06/SES069/SA069S13	SES029	-3.03587	17.6463	20.6822
BLOCK06/SES069/SA069S13	SES087	-0.982925	19.6993	20.6822
BLOCK06/SES069/SA069S13	SES206	-0.971924	19.7103	20.6822
BLOCK06/SES069/SA069S13	SES226	-0.245861	20.4363	20.6822
BLOCK06/SES069/SA069S23	SES029	-1.12448	21.236	22.3605
BLOCK06/SES069/SA069S23	SES087	-0.447924	21.9126	22.3605
BLOCK06/SES069/SA069S23	SES206	-0.982212	21.3783	22.3605
BLOCK06/SES069/SA069S23	SES226	0.175629	22.5361	22.3605
BLOCK06/SES069/SA069S25	SES087	-1.05213	20.4501	21.5023
BLOCK06/SES069/SA069S25	SES206	-2.52051	18.9818	21.5023
BLOCK06/SES069/SA069S25	SES226	-0.491884	21.0104	21.5023
BLOCK06/SES069/SA069S25	SES270	-1.65487	19.8474	21.5023
BLOCK06/SES069/SA069S27	SES087	-1.82438	19.8406	21.6649
BLOCK06/SES069/SA069S27	SES206	-0.762636	20.9023	21.6649
BLOCK06/SES069/SA069S27	SES226	-0.153492	21.5115	21.6649
BLOCK06/SES069/SA069S27	SES270	-1.18039	20.4846	21.6649
BLOCK08/SES081/SA081S11	SES060	-2.21985	16.6916	18.9115
BLOCK08/SES081/SA081S11	SES062	-2.69333	16.2182	18.9115
BLOCK08/SES081/SA081S11	SES117	-2.23905	16.6724	18.9115
BLOCK08/SES081/SA081S11	SES162	-1.98688	16.9246	18.9115
BLOCK08/SES081/SA081S13	SES016	-1.6334	18.9227	20.5561
BLOCK08/SES081/SA081S13	SES060	-0.319574	20.2365	20.5561
BLOCK08/SES081/SA081S13	SES068	-1.0145	19.5416	20.5561
BLOCK08/SES081/SA081S13	SES129	-2.02381	18.5323	20.5561
BLOCK08/SES081/SA081S24	SES060	-0.899023	18.3817	19.2807
BLOCK08/SES081/SA081S24	SES068	-1.19287	18.0878	19.2807
BLOCK08/SES081/SA081S24	SES117	-1.92843	17.3522	19.2807
BLOCK08/SES081/SA081S24	SES275	-1.90495	17.3757	19.2807
BLOCK08/SES081/SA081S27	SES007	-1.05667	17.8275	18.8842
BLOCK08/SES081/SA081S27	SES060	-1.46387	17.4203	18.8842
BLOCK08/SES081/SA081S27	SES117	-0.936476	17.9477	18.8842
BLOCK08/SES081/SA081S27	SES275	-1.4979	17.3863	18.8842
BLOCK08/SES081/SA081S29	SES007	-0.787786	19.1229	19.9107
BLOCK08/SES081/SA081S29	SES060	-0.60165	19.309	19.9107
BLOCK08/SES081/SA081S29	SES117	-1.18936	18.7213	19.9107
BLOCK08/SES081/SA081S29	SES275	-1.52657	18.3841	19.9107
BLOCK08/SES086/SA086S11	SES029	-4.49034	13.7989	18.2893
BLOCK08/SES086/SA086S11	SES082	-1.20244	17.0868	18.2893
BLOCK08/SES086/SA086S11	SES087	-0.419785	17.8695	18.2893
BLOCK08/SES086/SA086S11	SES206	-2.22916	16.0601	18.2893
BLOCK08/SES086/SA086S12	SES029	-2.5298	17.0055	19.5353
BLOCK08/SES086/SA086S12	SES082	-1.73668	17.7987	19.5353
BLOCK08/SES086/SA086S12	SES087	0.495453	20.0308	19.5353
BLOCK08/SES086/SA086S12	SES206	-1.36902	18.1663	19.5353
BLOCK08/SES086/SA086S20	SES029	-3.72339	17.1305	20.8539
BLOCK08/SES086/SA086S20	SES082	-2.37086	18.4831	20.8539
BLOCK08/SES086/SA086S20	SES087	0.312256	21.1662	20.8539
BLOCK08/SES086/SA086S20	SES206	-1.0194	19.8345	20.8539
BLOCK08/SES086/SA086S24	SES087	-0.170164	19.511	19.6811
BLOCK08/SES086/SA086S24	SES104	-1.70002	17.9811	19.6811
BLOCK08/SES086/SA086S24	SES120	-3.01655	16.6646	19.6811
BLOCK08/SES086/SA086S24	SES206	-0.386522	19.2946	19.6811
BLOCK08/SES086/SA086S28	SES029	-2.3705	17.4692	19.8397
BLOCK08/SES086/SA086S28	SES082	-1.55168	18.288	19.8397
BLOCK08/SES086/SA086S28	SES087	-0.0892029	19.7505	19.8397
BLOCK08/SES086/SA086S28	SES206	-0.764513	19.0752	19.8397
BLOCK08/SES089/SA089S13	SES087	-1.43504	17.4325	18.8675
BLOCK08/SES089/SA089S13	SES206	-1.91366	16.9538	18.8675
BLOCK08/SES089/SA089S13	SES226	-0.930025	17.9375	18.8675
BLOCK08/SES089/SA089S13	SES270	-2.64712	16.2204	18.8675
BLOCK08/SES089/SA089S14	SES062	-2.22327	16.9769	19.2001
BLOCK08/SES089/SA089S14	SES087	-0.36124	18.8389	19.2001
BLOCK08/SES089/SA089S14	SES206	-1.01415	18.186	19.2001
BLOCK08/SES089/SA089S14	SES226	-1.28176	17.9184	19.2001
BLOCK08/SES089/SA089S23	SES087	-0.862804	16.5344	17.3972
BLOCK08/SES089/SA089S23	SES206	-1.60331	15.7939	17.3972
BLOCK08/SES089/SA089S23	SES226	-1.41683	15.9804	17.3972
BLOCK08/SES089/SA089S23	SES270	-2.48116	14.9161	17.3972
BLOCK08/SES089/SA089S25	SES062	-2.80196	16.9249	19.7268
BLOCK08/SES089/SA089S25	SES087	-0.648247	19.0786	19.7268
BLOCK08/SES089/SA089S25	SES206	-2.17754	17.5493	19.7268
BLOCK08/SES089/SA089S25	SES226	-0.514835	19.212	19.7268
BLOCK08/SES089/SA089S28	SES062	-1.52295	17.9228	19.4458
BLOCK08/SES089/SA089S28	SES087	-0.066185	19.3796	19.4458
BLOCK08/SES089/SA089S28	SES206	-0.876968	18.5688	19.4458
BLOCK08/SES089/SA089S28	SES226	-0.327339	19.1184	19.4458
BLOCK09/SES097/SA097S11	SES099	0.188641	19.2351	19.0465
BLOCK09/SES097/SA097S11	SES125	-1.43051	17.616	19.0465
BLOCK09/SES097/SA097S11	SES206	-0.86381	18.1827	19.0465
BLOCK09/SES097/SA097S11	SES226	0.20809	19.2546	19.0465
BLOCK09/SES097/SA097S14	SES062	-1.45965	17.094	18.5537
BLOCK09/SES097/SA097S14	SES099	-0.867203	17.6865	18.5537
BLOCK09/SES097/SA097S14	SES104	-1.66342	16.8903	18.5537
BLOCK09/SES097/SA097S14	SES206	-2.29596	16.2577	18.5537
BLOCK09/SES097/SA097S22	SES099	0.594419	20.0021	19.4077
BLOCK09/SES097/SA097S22	SES206	-0.949608	18.4581	19.4077
BLOCK09/SES097/SA097S22	SES226	-1.32363	18.0841	19.4077
BLOCK09/SES097/SA097S22	SES270	-0.628586	18.7791	19.4077
BLOCK09/SES097/SA097S26	SES099	-0.796383	19.7098	20.5062
BLOCK09/SES097/SA097S26	SES120	-2.1781	18.3281	20.5062
BLOCK09/SES097/SA097S26	SES206	-2.13295	18.3732	20.5062
BLOCK09/SES097/SA097S26	SES226	-2.63956	17.8666	20.5062
BLOCK09/SES097/SA097S28	SES099	-0.331146	18.9684	19.2996
BLOCK09/SES097/SA097S28	SES120	-1.87599	17.4236	19.2996
BLOCK09/SES097/SA097S28	SES206	-1.62156	17.678	19.2996
BLOCK09/SES097/SA097S28	SES226	-2.36552	16.9341	19.2996
BLOCK09/SES098/SA098S11	SES127	-2.4585	15.0007	17.4592
BLOCK09/SES098/SA098S11	SES144	-1.91503	15.5442	17.4592
BLOCK09/SES098/SA098S11	SES147	-1.07794	16.3813	17.4592
BLOCK09/SES098/SA098S11	SES148	-3.05249	14.4067	17.4592
BLOCK09/SES098/SA098S12	SES127	-4.88633	12.5576	17.444
BLOCK09/SES098/SA098S12	SES144	-3.30465	14.1393	17.444
BLOCK09/SES098/SA098S12	SES147	-2.95545	14.4885	17.444
BLOCK09/SES098/SA098S12	SES189	-1.07166	16.3723	17.444
BLOCK09/SES098/SA098S20	SES127	-4.85248	13.1645	18.0169
BLOCK09/SES098/SA098S20	SES147	-1.79713	16.2198	18.0169
BLOCK09/SES098/SA098S20	SES148	-5.01368	13.0033	18.0169
BLOCK09/SES098/SA098S20	SES292	-3.2763	14.7406	18.0169
BLOCK09/SES098/SA098S23	SES127	-1.94985	17.1038	19.0537
BLOCK09/SES098/SA098S23	SES147	-1.1105	17.9432	19.0537
BLOCK09/SES098/SA098S23	SES187	-0.804544	18.2491	19.0537
BLOCK09/SES098/SA098S23	SES292	-1.21943	17.8343	19.0537
BLOCK09/SES098/SA098S27	SES127	-3.80376	13.7622	17.566
BLOCK09/SES098/SA098S27	SES147	-2.6331	14.9329	17.566
BLOCK09/SES098/SA098S27	SES148	-3.59343	13.9726	17.566
BLOCK09/SES098/SA098S27	SES292	-1.88415	15.6818	17.566
BLOCK10/SES102/SA102S13	SES101	-0.58061	16.9228	17.5035
BLOCK10/SES102/SA102S13	SES105	-0.962025	16.5414	17.5035
BLOCK10/SES102/SA102S13	SES120	-2.27395	15.2295	17.5035
BLOCK10/SES102/SA102S13	SES158	-3.07877	14.4247	17.5035
BLOCK10/SES102/SA102S14	SES007	-0.491621	19.2835	19.7752
BLOCK10/SES102/SA102S14	SES101	0.0494652	19.8246	19.7752
BLOCK10/SES102/SA102S14	SES105	-0.0455875	19.7296	19.7752
BLOCK10/SES102/SA102S14	SES147	-2.51636	17.2588	19.7752
BLOCK10/SES102/SA102S22	SES007	-1.43325	17.7537	19.187
BLOCK10/SES102/SA102S22	SES101	-0.050602	19.1364	19.187
BLOCK10/SES102/SA102S22	SES105	-0.69771	18.4893	19.187
BLOCK10/SES102/SA102S22	SES158	-2.40312	16.7838	19.187
BLOCK10/SES102/SA102S25	SES007	-0.533264	19.5462	20.0795
BLOCK10/SES102/SA102S25	SES101	-0.199646	19.8798	20.0795
BLOCK10/SES102/SA102S25	SES105	-0.802593	19.2769	20.0795
BLOCK10/SES102/SA102S25	SES147	-3.19799	16.8815	20.0795
BLOCK10/SES102/SA102S27	SES007	-0.985809	18.086	19.0718
BLOCK10/SES102/SA102S27	SES101	0.0367317	19.1085	19.0718
BLOCK10/SES102/SA102S27	SES105	-1.02249	18.0493	19.0718
BLOCK10/SES102/SA102S27	SES147	-2.18086	16.8909	19.0718
BLOCK10/SES103/SA103S14	SES105	-2.67334	15.1941	17.8674
BLOCK10/SES103/SA103S14	SES106	-1.80326	16.0642	17.8674
BLOCK10/SES103/SA103S14	SES120	-2.86527	15.0022	17.8674
BLOCK10/SES103/SA103S14	SES206	-2.66376	15.2037	17.8674
BLOCK10/SES103/SA103S15	SES099	-1.97238	14.9356	16.9079
BLOCK10/SES103/SA103S15	SES101	-4.69844	12.2095	16.9079
BLOCK10/SES103/SA103S15	SES104	-2.40181	14.5061	16.9079
BLOCK10/SES103/SA103S15	SES125	-1.88814	15.0198	16.9079
BLOCK10/SES103/SA103S24	SES104	-1.87214	17.6658	19.5379
BLOCK10/SES103/SA103S24	SES125	-1.99824	17.5397	19.5379
BLOCK10/SES103/SA103S24	SES148	-3.32805	16.2099	19.5379
BLOCK10/SES103/SA103S24	SES158	-1.80486	17.733	19.5379
BLOCK10/SES103/SA103S26	SES104	-2.47044	14.0299	16.5003
BLOCK10/SES103/SA103S26	SES106	-1.16954	15.3308	16.5003
BLOCK10/SES103/SA103S26	SES125	-2.00242	14.4979	16.5003
BLOCK10/SES103/SA103S26	SES148	-4.08774	12.4126	16.5003
BLOCK10/SES103/SA103S28	SES104	-3.0888	13.1865	16.2753
BLOCK10/SES103/SA103S28	SES106	-1.69145	14.5839	16.2753
BLOCK10/SES103/SA103S28	SES125	-2.70767	13.5676	16.2753
BLOCK10/SES103/SA103S28	SES206	-3.27388	13.0014	16.2753
BLOCK12/SES121/SA121S12	SES042	-2.26695	12.0712	14.3382
BLOCK12/SES121/SA121S12	SES087	-2.15202	12.1862	14.3382
BLOCK12/SES121/SA121S12	SES105	-1.24368	13.0945	14.3382
BLOCK12/SES121/SA121S12	SES206	-1.81629	12.5219	14.3382
BLOCK12/SES121/SA121S14	SES007	-2.08308	13.3104	15.3934
BLOCK12/SES121/SA121S14	SES105	-2.06076	13.3327	15.3934
BLOCK12/SES121/SA121S14	SES106	-1.80417	13.5893	15.3934
BLOCK12/SES121/SA121S14	SES206	-2.5095	12.8839	15.3934
BLOCK12/SES121/SA121S23	SES105	-2.0282	12.3184	14.3466
BLOCK12/SES121/SA121S23	SES106	-1.03755	13.309	14.3466
BLOCK12/SES121/SA121S23	SES120	-1.8417	12.5049	14.3466
BLOCK12/SES121/SA121S23	SES206	-1.88553	12.4611	14.3466
BLOCK12/SES121/SA121S25	SES007	-1.48375	11.9593	13.443
BLOCK12/SES121/SA121S25	SES105	-2.06361	11.3794	13.443
BLOCK12/SES121/SA121S25	SES106	-1.47822	11.9648	13.443
BLOCK12/SES121/SA121S25	SES206	-2.53623	10.9068	13.443
BLOCK12/SES121/SA121S27	SES087	-1.02033	14.3469	15.3672
BLOCK12/SES121/SA121S27	SES105	-3.17985	12.1874	15.3672
BLOCK12/SES121/SA121S27	SES120	-0.599258	14.768	15.3672
BLOCK12/SES121/SA121S27	SES206	-2.1412	13.226	15.3672
BLOCK12/SES124/SA124S16	SES042	-0.328375	17.7629	18.0913
BLOCK12/SES124/SA124S16	SES082	-1.81101	16.2803	18.0913
BLOCK12/SES124/SA124S16	SES183	-2.52254	15.5688	18.0913
BLOCK12/SES124/SA124S16	SES206	-2.37987	15.7115	18.0913
BLOCK12/SES124/SA124S17	SES105	-2.04072	14.4458	16.4865
BLOCK12/SES124/SA124S17	SES149	-3.11737	13.3691	16.4865
BLOCK12/SES124/SA124S17	SES158	-2.73413	13.7524	16.4865
BLOCK12/SES124/SA124S17	SES275	-1.3542	15.1323	16.4865
BLOCK12/SES124/SA124S23	SES105	-2.83426	17.2395	20.0737
BLOCK12/SES124/SA124S23	SES125	-0.215929	19.8578	20.0737
BLOCK12/SES124/SA124S23	SES129	-2.9296	17.1441	20.0737
BLOCK12/SES124/SA124S23	SES158	-1.1043	18.9694	20.0737
BLOCK12/SES124/SA124S26	SES105	-3.37514	16.3945	19.7696
BLOCK12/SES124/SA124S26	SES125	-1.37897	18.3907	19.7696
BLOCK12/SES124/SA124S26	SES129	-3.08758	16.6821	19.7696
BLOCK12/SES124/SA124S26	SES158	-1.9598	17.8098	19.7696
BLOCK12/SES124/SA124S28	SES104	-1.4091	17.8923	19.3014
BLOCK12/SES124/SA124S28	SES106	-1.2426	18.0588	19.3014
BLOCK12/SES124/SA124S28	SES125	-0.0557175	19.2457	19.3014
BLOCK12/SES124/SA124S28	SES275	-2.48384	16.8176	19.3014
BLOCK12/SES126/SA126S13	SES007	-1.69306	15.789	17.482
BLOCK12/SES126/SA126S13	SES162	-2.02097	15.4611	17.482
BLOCK12/SES126/SA126S13	SES177	-1.08209	16.3999	17.482
BLOCK12/SES126/SA126S13	SES180	-1.47558	16.0065	17.482
BLOCK12/SES126/SA126S14	SES144	-0.868132	19.4298	20.298
BLOCK12/SES126/SA126S14	SES148	-1.78647	18.5115	20.298
BLOCK12/SES126/SA126S14	SES177	-0.592606	19.7054	20.298
BLOCK12/SES126/SA126S14	SES180	-1.71122	18.5868	20.298
BLOCK12/SES126/SA126S20	SES007	-3.21041	14.6729	17.8833
BLOCK12/SES126/SA126S20	SES162	-3.1089	14.7744	17.8833
BLOCK12/SES126/SA126S20	SES172	-4.55817	13.3251	17.8833
BLOCK12/SES126/SA126S20	SES180	-2.81399	15.0693	17.8833
BLOCK12/SES126/SA126S24	SES120	-1.00626	19.39	20.3962
BLOCK12/SES126/SA126S24	SES162	-1.47263	18.9236	20.3962
BLOCK12/SES126/SA126S24	SES177	-0.675524	19.7207	20.3962
BLOCK12/SES126/SA126S24	SES180	-0.698715	19.6975	20.3962
BLOCK12/SES126/SA126S26	SES120	-0.545012	18.7543	19.2993
BLOCK12/SES126/SA126S26	SES177	-0.807398	18.4919	19.2993
BLOCK12/SES126/SA126S26	SES180	-0.935486	18.3638	19.2993
BLOCK12/SES126/SA126S26	SES202	-1.55346	17.7459	19.2993
BLOCK12/SES128/SA128S10	SES087	-2.57564	17.2947	19.8703
BLOCK12/SES128/SA128S10	SES206	-1.73732	18.133	19.8703
BLOCK12/SES128/SA128S10	SES226	-0.968555	18.9018	19.8703
BLOCK12/SES128/SA128S10	SES270	-1.40325	18.4671	19.8703
BLOCK12/SES128/SA128S12	SES120	-2.01776	17.1237	19.1414
BLOCK12/SES128/SA128S12	SES158	-2.16192	16.9795	19.1414
BLOCK12/SES128/SA128S12	SES206	-1.7067	17.4347	19.1414
BLOCK12/SES128/SA128S12	SES226	-2.04316	17.0983	19.1414
BLOCK12/SES128/SA128S21	SES106	-3.06178	14.982	18.0438
BLOCK12/SES128/SA128S21	SES120	-2.75502	15.2887	18.0438
BLOCK12/SES128/SA128S21	SES206	-2.26966	15.7741	18.0438
BLOCK12/SES128/SA128S21	SES226	-1.31257	16.7312	18.0438
BLOCK12/SES128/SA128S24	SES087	-1.58945	16.8661	18.4556
BLOCK12/SES128/SA128S24	SES120	-1.69478	16.7608	18.4556
BLOCK12/SES128/SA128S24	SES206	-1.72775	16.7278	18.4556
BLOCK12/SES128/SA128S24	SES226	-1.8083	16.6473	18.4556
BLOCK12/SES128/SA128S27	SES099	-1.33446	18.4418	19.7762
BLOCK12/SES128/SA128S27	SES120	-1.31798	18.4582	19.7762
BLOCK12/SES128/SA128S27	SES206	-1.49773	18.2785	19.7762
BLOCK12/SES128/SA128S27	SES226	-1.58091	18.1953	19.7762
BLOCK13/SES130/SA130S13	SES143	-1.5627	16.9456	18.5083
BLOCK13/SES130/SA130S13	SES144	-0.457598	18.0507	18.5083
BLOCK13/SES130/SA130S13	SES146	-1.08278	17.4255	18.5083
BLOCK13/SES130/SA130S13	SES275	-2.14929	16.359	18.5083
BLOCK13/SES130/SA130S15	SES143	-1.83795	18.2694	20.1074
BLOCK13/SES130/SA130S15	SES144	-0.349281	19.7581	20.1074
BLOCK13/SES130/SA130S15	SES146	-0.718788	19.3886	20.1074
BLOCK13/SES130/SA130S15	SES275	-1.45731	18.6501	20.1074
BLOCK13/SES130/SA130S23	SES127	-2.09402	15.6312	17.7253
BLOCK13/SES130/SA130S23	SES144	-1.30553	16.4197	17.7253
BLOCK13/SES130/SA130S23	SES146	-0.725842	16.9994	17.7253
BLOCK13/SES130/SA130S23	SES162	-1.01941	16.7058	17.7253
BLOCK13/SES130/SA130S25	SES127	-1.07867	18.4874	19.5661
BLOCK13/SES130/SA130S25	SES144	-0.52632	19.0398	19.5661
BLOCK13/SES130/SA130S25	SES146	-0.0853481	19.4807	19.5661
BLOCK13/SES130/SA130S25	SES275	-0.611364	18.9547	19.5661
BLOCK13/SES130/SA130S28	SES127	-1.25357	17.9629	19.2165
BLOCK13/SES130/SA130S28	SES144	-1.32406	17.8924	19.2165
BLOCK13/SES130/SA130S28	SES146	-0.860739	18.3557	19.2165
BLOCK13/SES130/SA130S28	SES275	-1.0139	18.2026	19.2165
BLOCK13/SES131/SA131S13	SES002	-1.79162	14.1741	15.9657
BLOCK13/SES131/SA131S13	SES007	-2.39424	13.5714	15.9657
BLOCK13/SES131/SA131S13	SES099	-2.30622	13.6594	15.9657
BLOCK13/SES131/SA131S13	SES105	-1.85417	14.1115	15.9657
BLOCK13/SES131/SA131S14	SES104	-0.672461	16.5441	17.2166
BLOCK13/SES131/SA131S14	SES106	-1.41097	15.8056	17.2166
BLOCK13/SES131/SA131S14	SES125	-1.24927	15.9673	17.2166
BLOCK13/SES131/SA131S14	SES148	-1.14498	16.0716	17.2166
BLOCK13/SES131/SA131S20	SES104	-2.82162	13.1851	16.0067
BLOCK13/SES131/SA131S20	SES106	-2.00614	14.0006	16.0067
BLOCK13/SES131/SA131S20	SES125	-2.99217	13.0145	16.0067
BLOCK13/SES131/SA131S20	SES148	-1.70028	14.3064	16.0067
BLOCK13/SES131/SA131S22	SES099	-2.52789	15.2852	17.8131
BLOCK13/SES131/SA131S22	SES104	-2.38437	15.4287	17.8131
BLOCK13/SES131/SA131S22	SES125	-2.24565	15.5675	17.8131
BLOCK13/SES131/SA131S22	SES206	-2.77043	15.0427	17.8131
BLOCK13/SES131/SA131S29	SES087	-1.6356	14.8648	16.5004
BLOCK13/SES131/SA131S29	SES104	-2.52308	13.9773	16.5004
BLOCK13/SES131/SA131S29	SES125	-2.89023	13.6102	16.5004
BLOCK13/SES131/SA131S29	SES206	-2.76569	13.7347	16.5004
BLOCK13/SES132/SA132S11	SES083	-1.86518	18.5411	20.4063
BLOCK13/SES132/SA132S11	SES120	-0.368919	20.0374	20.4063
BLOCK13/SES132/SA132S11	SES127	-1.7711	18.6352	20.4063
BLOCK13/SES132/SA132S11	SES275	-1.48499	18.9213	20.4063
BLOCK13/SES132/SA132S12	SES083	-2.29096	17.2304	19.5214
BLOCK13/SES132/SA132S12	SES143	-1.4327	18.0887	19.5214
BLOCK13/SES132/SA132S12	SES144	-1.14828	18.3731	19.5214
BLOCK13/SES132/SA132S12	SES148	-1.13091	18.3905	19.5214
BLOCK13/SES132/SA132S22	SES062	-1.12272	19.0104	20.1332
BLOCK13/SES132/SA132S22	SES083	-1.33586	18.7973	20.1332
BLOCK13/SES132/SA132S22	SES127	-1.30177	18.8314	20.1332
BLOCK13/SES132/SA132S22	SES275	-1.25122	18.8819	20.1332
BLOCK13/SES132/SA132S24	SES007	-0.900791	19.3735	20.2742
BLOCK13/SES132/SA132S24	SES083	-1.47133	18.8029	20.2742
BLOCK13/SES132/SA132S24	SES127	-1.6253	18.649	20.2742
BLOCK13/SES132/SA132S24	SES275	-1.19384	19.0804	20.2742
BLOCK13/SES132/SA132S27	SES083	-1.88819	17.5597	19.4479
BLOCK13/SES132/SA132S27	SES120	-0.14921	19.2987	19.4479
BLOCK13/SES132/SA132S27	SES127	-2.38707	17.0608	19.4479
BLOCK13/SES132/SA132S27	SES275	-1.51417	17.9337	19.4479
BLOCK14/SES141/SA141S09	SES143	-0.897562	18.737	19.6346
BLOCK14/SES141/SA141S09	SES144	-0.564726	19.0699	19.6346
BLOCK14/SES141/SA141S09	SES162	-1.48437	18.1502	19.6346
BLOCK14/SES141/SA141S09	SES180	-1.03756	18.597	19.6346
BLOCK14/SES141/SA141S15	SES127	-1.16519	18.2993	19.4645
BLOCK14/SES141/SA141S15	SES144	-1.23207	18.2324	19.4645
BLOCK14/SES141/SA141S15	SES162	-1.48549	17.979	19.4645
BLOCK14/SES141/SA141S15	SES180	-1.2501	18.2144	19.4645
BLOCK14/SES141/SA141S24	SES127	-1.02153	18.9327	19.9542
BLOCK14/SES141/SA141S24	SES144	-1.71768	18.2365	19.9542
BLOCK14/SES141/SA141S24	SES162	-1.40085	18.5534	19.9542
BLOCK14/SES141/SA141S24	SES183	-1.8281	18.1261	19.9542
BLOCK14/SES141/SA141S26	SES142	-0.99663	18.7104	19.707
BLOCK14/SES141/SA141S26	SES144	-1.0836	18.6234	19.707
BLOCK14/SES141/SA141S26	SES172	-0.467533	19.2395	19.707
BLOCK14/SES141/SA141S26	SES180	-0.94021	18.7668	19.707
BLOCK14/SES141/SA141S29	SES127	-0.797586	19.1508	19.9484
BLOCK14/SES141/SA141S29	SES142	-0.345558	19.6028	19.9484
BLOCK14/SES141/SA141S29	SES144	-1.36833	18.58	19.9484
BLOCK14/SES141/SA141S29	SES180	-0.880388	19.068	19.9484
BLOCK15/SES157/SA157S08	SES083	-2.366	17.1603	19.5263
BLOCK15/SES157/SA157S08	SES127	-1.47598	18.0503	19.5263
BLOCK15/SES157/SA157S08	SES148	-1.61098	17.9153	19.5263
BLOCK15/SES157/SA157S08	SES292	-2.05125	17.4751	19.5263
BLOCK15/SES157/SA157S11	SES083	-2.45015	17.0042	19.4543
BLOCK15/SES157/SA157S11	SES127	-1.82363	17.6307	19.4543
BLOCK15/SES157/SA157S11	SES148	-1.87468	17.5797	19.4543
BLOCK15/SES157/SA157S11	SES292	-2.47595	16.9784	19.4543
BLOCK15/SES157/SA157S21	SES127	-1.15148	18.7617	19.9132
BLOCK15/SES157/SA157S21	SES148	-0.457016	19.4561	19.9132
BLOCK15/SES157/SA157S21	SES158	-4.1966	15.7166	19.9132
BLOCK15/SES157/SA157S21	SES292	-1.45843	18.4547	19.9132
BLOCK15/SES157/SA157S24	SES127	-1.01281	19.4081	20.4209
BLOCK15/SES157/SA157S24	SES148	-1.28274	19.1381	20.4209
BLOCK15/SES157/SA157S24	SES183	-2.38215	18.0387	20.4209
BLOCK15/SES157/SA157S24	SES292	-2.18337	18.2375	20.4209
BLOCK15/SES157/SA157S26	SES007	-0.995922	18.5885	19.5844
BLOCK15/SES157/SA157S26	SES127	-1.10264	18.4818	19.5844
BLOCK15/SES157/SA157S26	SES147	-2.19456	17.3899	19.5844
BLOCK15/SES157/SA157S26	SES148	-1.15698	18.4275	19.5844
BLOCK16/SES161/SA161S10	SES007	-1.89496	15.083	16.978
BLOCK16/SES161/SA161S10	SES105	-1.51405	15.4639	16.978
BLOCK16/SES161/SA161S10	SES158	-1.41268	15.5653	16.978
BLOCK16/SES161/SA161S10	SES275	-1.4223	15.5557	16.978
BLOCK16/SES161/SA161S12	SES007	-2.00742	15.1706	17.178
BLOCK16/SES161/SA161S12	SES105	-2.62965	14.5483	17.178
BLOCK16/SES161/SA161S12	SES158	-1.46854	15.7095	17.178
BLOCK16/SES161/SA161S12	SES275	-1.48451	15.6935	17.178
BLOCK16/SES161/SA161S20	SES007	-2.24771	14.2603	16.508
BLOCK16/SES161/SA161S20	SES105	-2.69614	13.8119	16.508
BLOCK16/SES161/SA161S20	SES158	-1.23518	15.2728	16.508
BLOCK16/SES161/SA161S20	SES275	-2.02824	14.4798	16.508
BLOCK16/SES161/SA161S23	SES007	-2.48927	14.7131	17.2024
BLOCK16/SES161/SA161S23	SES105	-1.4953	15.7071	17.2024
BLOCK16/SES161/SA161S23	SES148	-1.80386	15.3985	17.2024
BLOCK16/SES161/SA161S23	SES158	-1.77323	15.4291	17.2024
BLOCK16/SES161/SA161S28	SES007	-2.72754	15.4608	18.1883
BLOCK16/SES161/SA161S28	SES105	-2.75936	15.429	18.1883
BLOCK16/SES161/SA161S28	SES158	-1.25191	16.9364	18.1883
BLOCK16/SES161/SA161S28	SES206	-1.70033	16.488	18.1883
BLOCK16/SES164/SA164S11	SES104	-1.59727	18.5428	20.1401
BLOCK16/SES164/SA164S11	SES125	-1.36353	18.7765	20.1401
BLOCK16/SES164/SA164S11	SES158	-1.06626	19.0738	20.1401
BLOCK16/SES164/SA164S11	SES206	-1.91283	18.2272	20.1401
BLOCK16/SES164/SA164S13	SES099	-1.65421	17.6344	19.2886
BLOCK16/SES164/SA164S13	SES104	-2.4843	16.8043	19.2886
BLOCK16/SES164/SA164S13	SES125	-2.47291	16.8157	19.2886
BLOCK16/SES164/SA164S13	SES206	-1.69634	17.5922	19.2886
BLOCK16/SES164/SA164S24	SES002	-0.0551891	19.4766	19.5318
BLOCK16/SES164/SA164S24	SES099	-1.48104	18.0507	19.5318
BLOCK16/SES164/SA164S24	SES125	-2.55616	16.9756	19.5318
BLOCK16/SES164/SA164S24	SES226	-0.317816	19.214	19.5318
BLOCK16/SES164/SA164S27	SES087	-1.38228	17.9591	19.3414
BLOCK16/SES164/SA164S27	SES125	-2.13124	17.2102	19.3414
BLOCK16/SES164/SA164S27	SES206	-1.93858	17.4028	19.3414
BLOCK16/SES164/SA164S27	SES226	-1.38553	17.9559	19.3414
BLOCK16/SES164/SA164S29	SES002	0.0276375	19.0472	19.0196
BLOCK16/SES164/SA164S29	SES019	-1.8926	17.127	19.0196
BLOCK16/SES164/SA164S29	SES125	-1.60651	17.4131	19.0196
BLOCK16/SES164/SA164S29	SES226	-1.87221	17.1474	19.0196
BLOCK16/SES169/SA169S13	SES117	-1.73887	17.0281	18.767
BLOCK16/SES169/SA169S13	SES144	-1.24925	17.5177	18.767
BLOCK16/SES169/SA169S13	SES146	-1.17781	17.5892	18.767
BLOCK16/SES169/SA169S13	SES162	-1.01763	17.7494	18.767
BLOCK16/SES169/SA169S14	SES144	-1.76024	17.9527	19.713
BLOCK16/SES169/SA169S14	SES148	-1.42953	18.2834	19.713
BLOCK16/SES169/SA169S14	SES177	-1.28832	18.4246	19.713
BLOCK16/SES169/SA169S14	SES180	-1.76179	17.9512	19.713
BLOCK16/SES169/SA169S24	SES117	-1.47609	16.1181	17.5942
BLOCK16/SES169/SA169S24	SES144	-0.806292	16.7879	17.5942
BLOCK16/SES169/SA169S24	SES146	-0.358356	17.2358	17.5942
BLOCK16/SES169/SA169S24	SES162	-0.884943	16.7093	17.5942
BLOCK16/SES169/SA169S27	SES127	-1.02995	17.3705	18.4005
BLOCK16/SES169/SA169S27	SES129	-0.827833	17.5726	18.4005
BLOCK16/SES169/SA169S27	SES144	-1.35578	17.0447	18.4005
BLOCK16/SES169/SA169S27	SES146	-0.184929	18.2155	18.4005
BLOCK16/SES169/SA169S29	SES144	-0.682926	18.4124	19.0953
BLOCK16/SES169/SA169S29	SES162	-0.0990295	18.9963	19.0953
BLOCK16/SES169/SA169S29	SES177	-1.63072	17.4646	19.0953
BLOCK16/SES169/SA169S29	SES180	-0.678307	18.417	19.0953
BLOCK17/SES171/SA171S12	SES083	-1.22116	17.3474	18.5685
BLOCK17/SES171/SA171S12	SES148	-2.16072	16.4078	18.5685
BLOCK17/SES171/SA171S12	SES172	-1.33577	17.2328	18.5685
BLOCK17/SES171/SA171S12	SES292	-2.21054	16.358	18.5685
BLOCK17/SES171/SA171S15	SES148	-2.19269	15.4624	17.6551
BLOCK17/SES171/SA171S15	SES177	-1.51117	16.1439	17.6551
BLOCK17/SES171/SA171S15	SES180	-3.83824	13.8168	17.6551
BLOCK17/SES171/SA171S15	SES292	-3.88947	13.7656	17.6551
BLOCK17/SES171/SA171S22	SES007	-1.49643	18.1504	19.6469
BLOCK17/SES171/SA171S22	SES148	-2.00027	17.6466	19.6469
BLOCK17/SES171/SA171S22	SES177	-0.720051	18.9268	19.6469
BLOCK17/SES171/SA171S22	SES180	-2.58246	17.0644	19.6469
BLOCK17/SES171/SA171S25	SES101	-3.32396	15.2817	18.6056
BLOCK17/SES171/SA171S25	SES120	-4.40107	14.2046	18.6056
BLOCK17/SES171/SA171S25	SES177	-2.19982	16.4058	18.6056
BLOCK17/SES171/SA171S25	SES180	-3.06899	15.5366	18.6056
BLOCK17/SES171/SA171S27	SES177	-1.30418	17.617	18.9212
BLOCK17/SES171/SA171S27	SES180	-2.88895	16.0323	18.9212
BLOCK17/SES171/SA171S27	SES189	-1.53853	17.3827	18.9212
BLOCK17/SES171/SA171S27	SES292	-2.2253	16.6959	18.9212
BLOCK17/SES173/SA173S13	SES162	-3.2597	14.9346	18.1943
BLOCK17/SES173/SA173S13	SES177	-1.91965	16.2747	18.1943
BLOCK17/SES173/SA173S13	SES180	-2.16564	16.0287	18.1943
BLOCK17/SES173/SA173S13	SES292	-1.34566	16.8487	18.1943
BLOCK17/SES173/SA173S14	SES007	-1.73753	15.3429	17.0805
BLOCK17/SES173/SA173S14	SES162	-2.6995	14.381	17.0805
BLOCK17/SES173/SA173S14	SES177	-1.73534	15.3451	17.0805
BLOCK17/SES173/SA173S14	SES180	-2.42778	14.6527	17.0805
BLOCK17/SES173/SA173S24	SES144	-1.65702	15.3331	16.9902
BLOCK17/SES173/SA173S24	SES162	-2.38887	14.6013	16.9902
BLOCK17/SES173/SA173S24	SES177	-1.45216	15.538	16.9902
BLOCK17/SES173/SA173S24	SES180	-2.64834	14.3418	16.9902
BLOCK17/SES173/SA173S27	SES162	-3.34379	15.0765	18.4203
BLOCK17/SES173/SA173S27	SES177	-1.6114	16.8089	18.4203
BLOCK17/SES173/SA173S27	SES180	-1.78932	16.631	18.4203
BLOCK17/SES173/SA173S27	SES292	-1.21901	17.2013	18.4203
BLOCK17/SES173/SA173S29	SES162	-2.12856	15.6794	17.808
BLOCK17/SES173/SA173S29	SES175	-1.5281	16.2799	17.808
BLOCK17/SES173/SA173S29	SES177	-1.76322	16.0448	17.808
BLOCK17/SES173/SA173S29	SES292	-2.66277	15.1452	17.808
BLOCK18/SES182/SA182S10	SES144	-1.52019	16.786	18.3062
BLOCK18/SES182/SA182S10	SES177	-1.22039	17.0858	18.3062
BLOCK18/SES182/SA182S10	SES180	-1.87114	16.4351	18.3062
BLOCK18/SES182/SA182S10	SES275	-0.217934	18.0883	18.3062
BLOCK18/SES182/SA182S12	SES144	-1.22852	17.4656	18.6942
BLOCK18/SES182/SA182S12	SES177	-1.10413	17.59	18.6942
BLOCK18/SES182/SA182S12	SES180	-1.58028	17.1139	18.6942
BLOCK18/SES182/SA182S12	SES275	-0.754366	17.9398	18.6942
BLOCK18/SES182/SA182S21	SES117	-1.25132	16.5164	17.7677
BLOCK18/SES182/SA182S21	SES144	-1.34877	16.419	17.7677
BLOCK18/SES182/SA182S21	SES162	-0.542845	17.2249	17.7677
BLOCK18/SES182/SA182S21	SES180	-1.55579	16.2119	17.7677
BLOCK18/SES182/SA182S23	SES117	-1.11873	17.7826	18.9014
BLOCK18/SES182/SA182S23	SES144	-1.83522	17.0661	18.9014
BLOCK18/SES182/SA182S23	SES180	-1.56868	17.3327	18.9014
BLOCK18/SES182/SA182S23	SES275	-0.747625	18.1537	18.9014
BLOCK18/SES182/SA182S25	SES007	0.25223	18.9235	18.6713
BLOCK18/SES182/SA182S25	SES162	-0.535595	18.1357	18.6713
BLOCK18/SES182/SA182S25	SES177	-1.05912	17.6122	18.6713
BLOCK18/SES182/SA182S25	SES180	-1.02542	17.6459	18.6713
BLOCK18/SES184/SA184S12	SES177	-1.12891	18.4462	19.5752
BLOCK18/SES184/SA184S12	SES180	-1.17991	18.3952	19.5752
BLOCK18/SES184/SA184S12	SES189	-2.38062	17.1945	19.5752
BLOCK18/SES184/SA184S12	SES292	-1.42549	18.1497	19.5752
BLOCK18/SES184/SA184S13	SES101	-1.32299	17.8152	19.1382
BLOCK18/SES184/SA184S13	SES177	-1.16496	17.9733	19.1382
BLOCK18/SES184/SA184S13	SES180	-1.49757	17.6407	19.1382
BLOCK18/SES184/SA184S13	SES292	-1.77542	17.3628	19.1382
BLOCK18/SES184/SA184S22	SES177	-1.5483	19.2441	20.7924
BLOCK18/SES184/SA184S22	SES180	-1.70082	19.0916	20.7924
BLOCK18/SES184/SA184S22	SES189	-2.4718	18.3206	20.7924
BLOCK18/SES184/SA184S22	SES292	-1.56202	19.2304	20.7924
BLOCK18/SES184/SA184S25	SES101	-1.00323	20.1527	21.156
BLOCK18/SES184/SA184S25	SES177	-1.74739	19.4086	21.156
BLOCK18/SES184/SA184S25	SES180	-0.849216	20.3068	21.156
BLOCK18/SES184/SA184S25	SES292	-1.20631	19.9497	21.156
BLOCK18/SES184/SA184S27	SES083	-1.00895	18.2337	19.2427
BLOCK18/SES184/SA184S27	SES177	-1.30233	17.9403	19.2427
BLOCK18/SES184/SA184S27	SES202	-1.7056	17.5371	19.2427
BLOCK18/SES184/SA184S27	SES292	-1.38664	17.856	19.2427
BLOCK20/SES204/SA204S12	SES062	-0.950159	19.2265	20.1767
BLOCK20/SES204/SA204S12	SES083	-2.88076	17.2959	20.1767
BLOCK20/SES204/SA204S12	SES206	-1.46414	18.7125	20.1767
BLOCK20/SES204/SA204S12	SES226	-2.56288	17.6138	20.1767
BLOCK20/SES204/SA204S14	SES068	-1.67756	19.9437	21.6213
BLOCK20/SES204/SA204S14	SES087	-0.296007	21.3253	21.6213
BLOCK20/SES204/SA204S14	SES206	-2.3675	19.2538	21.6213
BLOCK20/SES204/SA204S14	SES226	-2.42141	19.1999	21.6213
BLOCK20/SES204/SA204S22	SES068	-1.9995	18.4831	20.4826
BLOCK20/SES204/SA204S22	SES082	-3.31427	17.1684	20.4826
BLOCK20/SES204/SA204S22	SES083	-4.03343	16.4492	20.4826
BLOCK20/SES204/SA204S22	SES206	-1.98716	18.4955	20.4826
BLOCK20/SES204/SA204S25	SES062	-1.50252	19.0131	20.5157
BLOCK20/SES204/SA204S25	SES083	-2.9329	17.5828	20.5157
BLOCK20/SES204/SA204S25	SES206	-1.31717	19.1985	20.5157
BLOCK20/SES204/SA204S25	SES226	-2.0208	18.4949	20.5157
BLOCK20/SES204/SA204S27	SES068	-1.56707	18.3303	19.8973
BLOCK20/SES204/SA204S27	SES082	-2.95954	16.9378	19.8973
BLOCK20/SES204/SA204S27	SES087	-1.2051	18.6922	19.8973
BLOCK20/SES204/SA204S27	SES206	-1.60758	18.2897	19.8973
BLOCK20/SES207/SA207S10	SES127	-0.852455	17.4833	18.3358
BLOCK20/SES207/SA207S10	SES183	-1.831	16.5048	18.3358
BLOCK20/SES207/SA207S10	SES189	-1.78963	16.5461	18.3358
BLOCK20/SES207/SA207S10	SES292	-1.26859	17.0672	18.3358
BLOCK20/SES207/SA207S11	SES127	-2.29819	15.783	18.0812
BLOCK20/SES207/SA207S11	SES183	-1.60208	16.4791	18.0812
BLOCK20/SES207/SA207S11	SES187	-2.04967	16.0315	18.0812
BLOCK20/SES207/SA207S11	SES292	-0.876764	17.2044	18.0812
BLOCK20/SES207/SA207S25	SES068	-2.02656	16.8913	18.9179
BLOCK20/SES207/SA207S25	SES083	-1.82086	17.097	18.9179
BLOCK20/SES207/SA207S25	SES127	-1.15764	17.7603	18.9179
BLOCK20/SES207/SA207S25	SES187	-0.793938	18.124	18.9179
BLOCK20/SES207/SA207S27	SES127	-1.98726	15.3877	17.375
BLOCK20/SES207/SA207S27	SES183	-1.29346	16.0815	17.375
BLOCK20/SES207/SA207S27	SES187	-2.0478	15.3272	17.375
BLOCK20/SES207/SA207S27	SES292	-1.81589	15.5591	17.375
BLOCK20/SES207/SA207S29	SES083	-2.31959	17.1873	19.5069
BLOCK20/SES207/SA207S29	SES085	-1.36441	18.1425	19.5069
BLOCK20/SES207/SA207S29	SES172	-1.33088	18.176	19.5069
BLOCK20/SES207/SA207S29	SES189	-2.74232	16.7646	19.5069
BLOCK22/SES221/SA221S12	SES068	-1.33352	18.7643	20.0978
BLOCK22/SES221/SA221S12	SES143	-1.69156	18.4062	20.0978
BLOCK22/SES221/SA221S12	SES175	-1.32358	18.7742	20.0978
BLOCK22/SES221/SA221S12	SES202	-1.91434	18.1834	20.0978
BLOCK22/SES221/SA221S15	SES085	-2.9522	15.2847	18.2369
BLOCK22/SES221/SA221S15	SES143	-2.56424	15.6727	18.2369
BLOCK22/SES221/SA221S15	SES175	-1.77694	16.46	18.2369
BLOCK22/SES221/SA221S15	SES187	-1.89924	16.3377	18.2369
BLOCK22/SES221/SA221S23	SES068	-2.26813	17.3794	19.6475
BLOCK22/SES221/SA221S23	SES143	-2.25735	17.3902	19.6475
BLOCK22/SES221/SA221S23	SES175	-1.45068	18.1968	19.6475
BLOCK22/SES221/SA221S23	SES189	-0.16757	19.4799	19.6475
BLOCK22/SES221/SA221S27	SES085	-2.28691	17.6147	19.9016
BLOCK22/SES221/SA221S27	SES143	-2.18126	17.7203	19.9016
BLOCK22/SES221/SA221S27	SES175	-1.78974	18.1119	19.9016
BLOCK22/SES221/SA221S27	SES189	-0.00804901	19.8936	19.9016
BLOCK22/SES221/SA221S29	SES085	-2.80546	15.4277	18.2332
BLOCK22/SES221/SA221S29	SES143	-2.97027	15.2629	18.2332
BLOCK22/SES221/SA221S29	SES175	-1.35784	16.8754	18.2332
BLOCK22/SES221/SA221S29	SES187	-0.744352	17.4888	18.2332
BLOCK22/SES223/SA223S11	SES143	-1.37053	16.9319	18.3024
BLOCK22/SES223/SA223S11	SES144	-2.58898	15.7134	18.3024
BLOCK22/SES223/SA223S11	SES175	-0.953957	17.3485	18.3024
BLOCK22/SES223/SA223S11	SES187	-2.06624	16.2362	18.3024
BLOCK22/SES223/SA223S13	SES068	-2.17802	14.9932	17.1712
BLOCK22/SES223/SA223S13	SES143	-2.41049	14.7608	17.1712
BLOCK22/SES223/SA223S13	SES146	-2.5886	14.5826	17.1712
BLOCK22/SES223/SA223S13	SES202	-2.43639	14.7349	17.1712
BLOCK22/SES223/SA223S22	SES143	-1.62031	16.9094	18.5297
BLOCK22/SES223/SA223S22	SES144	-2.93483	15.5949	18.5297
BLOCK22/SES223/SA223S22	SES175	-2.33538	16.1944	18.5297
BLOCK22/SES223/SA223S22	SES187	-1.63492	16.8948	18.5297
BLOCK22/SES223/SA223S25	SES068	-1.72453	17.7604	19.4849
BLOCK22/SES223/SA223S25	SES143	-1.88077	17.6041	19.4849
BLOCK22/SES223/SA223S25	SES175	-1.65774	17.8272	19.4849
BLOCK22/SES223/SA223S25	SES187	-2.1128	17.3721	19.4849
BLOCK22/SES223/SA223S27	SES143	-1.79976	16.2705	18.0703
BLOCK22/SES223/SA223S27	SES146	-2.00462	16.0657	18.0703
BLOCK22/SES223/SA223S27	SES187	-2.22896	15.8413	18.0703
BLOCK22/SES223/SA223S27	SES292	-3.37827	14.692	18.0703
BLOCK27/SES273/SA273S12	SES099	-0.389105	21.9554	22.3445
BLOCK27/SES273/SA273S12	SES104	-1.06205	21.2825	22.3445
BLOCK27/SES273/SA273S12	SES125	-1.38071	20.9638	22.3445
BLOCK27/SES273/SA273S12	SES206	-0.714569	21.63	22.3445
BLOCK27/SES273/SA273S13	SES099	-0.942949	21.9342	22.8772
BLOCK27/SES273/SA273S13	SES104	-1.51594	21.3612	22.8772
BLOCK27/SES273/SA273S13	SES206	-0.896477	21.9807	22.8772
BLOCK27/SES273/SA273S13	SES292	-1.86478	21.0124	22.8772
BLOCK27/SES273/SA273S21	SES099	-0.0186863	22.3374	22.3561
BLOCK27/SES273/SA273S21	SES148	-3.19907	19.157	22.3561
BLOCK27/SES273/SA273S21	SES149	-1.90615	20.45	22.3561
BLOCK27/SES273/SA273S21	SES177	-2.12498	20.2311	22.3561
BLOCK27/SES273/SA273S25	SES104	-1.25897	20.259	21.518
BLOCK27/SES273/SA273S25	SES125	-1.30448	20.2135	21.518
BLOCK27/SES273/SA273S25	SES158	-0.755098	20.7629	21.518
BLOCK27/SES273/SA273S25	SES206	-0.166971	21.351	21.518
BLOCK27/SES273/SA273S27	SES099	-0.451988	20.524	20.976
BLOCK27/SES273/SA273S27	SES104	-1.36277	19.6132	20.976
BLOCK27/SES273/SA273S27	SES149	-1.17808	19.7979	20.976
BLOCK27/SES273/SA273S27	SES275	-1.93189	19.0441	20.976
BLOCK27/SES274/SA274S10	SES105	-2.17409	18.4532	20.6273
BLOCK27/SES274/SA274S10	SES125	-2.8743	17.753	20.6273
BLOCK27/SES274/SA274S10	SES129	-0.676556	19.9508	20.6273
BLOCK27/SES274/SA274S10	SES158	-4.0101	16.6172	20.6273
BLOCK27/SES274/SA274S11	SES105	-1.38287	18.9336	20.3165
BLOCK27/SES274/SA274S11	SES149	-2.51842	17.7981	20.3165
BLOCK27/SES274/SA274S11	SES158	-2.9046	17.4119	20.3165
BLOCK27/SES274/SA274S11	SES275	-0.907816	19.4087	20.3165
BLOCK27/SES274/SA274S21	SES105	-2.18454	18.4027	20.5872
BLOCK27/SES274/SA274S21	SES129	-0.637421	19.9498	20.5872
BLOCK27/SES274/SA274S21	SES149	-2.1395	18.4477	20.5872
BLOCK27/SES274/SA274S21	SES158	-4.30999	16.2773	20.5872
BLOCK27/SES274/SA274S24	SES105	-2.28621	19.5008	21.787
BLOCK27/SES274/SA274S24	SES129	-0.369423	21.4176	21.787
BLOCK27/SES274/SA274S24	SES149	-2.53167	19.2553	21.787
BLOCK27/SES274/SA274S24	SES158	-4.73696	17.0501	21.787
BLOCK27/SES274/SA274S29	SES105	-2.38824	17.1787	19.567
BLOCK27/SES274/SA274S29	SES106	-3.96463	15.6023	19.567
BLOCK27/SES274/SA274S29	SES120	-1.82975	17.7372	19.567
BLOCK27/SES274/SA274S29	SES275	-1.39796	18.169	19.567
BLOCK27/SES276/SA276S16	SES148	-1.60365	17.7941	19.3977
BLOCK27/SES276/SA276S16	SES172	-1.09083	18.3069	19.3977
BLOCK27/SES276/SA276S16	SES180	-1.85237	17.5454	19.3977
BLOCK27/SES276/SA276S16	SES292	-1.19734	18.2004	19.3977
BLOCK27/SES276/SA276S17	SES101	-1.45903	17.8868	19.3458
BLOCK27/SES276/SA276S17	SES177	-1.94788	17.3979	19.3458
BLOCK27/SES276/SA276S17	SES180	-1.45315	17.8927	19.3458
BLOCK27/SES276/SA276S17	SES292	-1.64738	17.6984	19.3458
BLOCK27/SES276/SA276S24	SES101	-1.29061	19.1052	20.3958
BLOCK27/SES276/SA276S24	SES177	-1.23756	19.1583	20.3958
BLOCK27/SES276/SA276S24	SES180	-1.8567	18.5391	20.3958
BLOCK27/SES276/SA276S24	SES292	-2.58937	17.8065	20.3958
BLOCK27/SES276/SA276S26	SES101	-2.03801	18.376	20.414
BLOCK27/SES276/SA276S26	SES177	-0.304157	20.1098	20.414
BLOCK27/SES276/SA276S26	SES180	-0.119741	20.2943	20.414
BLOCK27/SES276/SA276S26	SES292	-0.257437	20.1566	20.414
BLOCK27/SES276/SA276S28	SES101	-1.81611	18.5525	20.3686
BLOCK27/SES276/SA276S28	SES177	-1.97689	18.3918	20.3686
BLOCK27/SES276/SA276S28	SES180	-1.01208	19.3566	20.3686
BLOCK27/SES276/SA276S28	SES292	-1.31461	19.054	20.3686
BLOCK27/SES277/SA277S12	SES101	-1.45207	16.7224	18.1745
BLOCK27/SES277/SA277S12	SES177	-2.43561	15.7389	18.1745
BLOCK27/SES277/SA277S12	SES180	-2.52378	15.6507	18.1745
BLOCK27/SES277/SA277S12	SES292	-2.70981	15.4647	18.1745
BLOCK27/SES277/SA277S14	SES177	-1.12362	16.2149	17.3386
BLOCK27/SES277/SA277S14	SES180	-2.07418	15.2644	17.3386
BLOCK27/SES277/SA277S14	SES189	-0.583899	16.7547	17.3386
BLOCK27/SES277/SA277S14	SES292	-2.76052	14.578	17.3386
BLOCK27/SES277/SA277S21	SES177	-1.27097	17.4422	18.7132
BLOCK27/SES277/SA277S21	SES180	-2.39358	16.3196	18.7132
BLOCK27/SES277/SA277S21	SES189	-0.924372	17.7888	18.7132
BLOCK27/SES277/SA277S21	SES292	-3.03333	15.6799	18.7132
BLOCK27/SES277/SA277S24	SES144	-2.10761	15.2946	17.4022
BLOCK27/SES277/SA277S24	SES177	-1.89251	15.5097	17.4022
BLOCK27/SES277/SA277S24	SES180	-3.12308	14.2792	17.4022
BLOCK27/SES277/SA277S24	SES189	-0.897598	16.5046	17.4022
BLOCK27/SES277/SA277S29	SES177	-1.18289	19.1362	20.319
BLOCK27/SES277/SA277S29	SES180	-2.14062	18.1784	20.319
BLOCK27/SES277/SA277S29	SES202	-1.76799	18.5511	20.319
BLOCK27/SES277/SA277S29	SES292	-2.08616	18.2329	20.319
BLOCK27/SES279/SA279S09	SES120	-2.27102	17.6719	19.9429
BLOCK27/SES279/SA279S09	SES146	-2.11119	17.8317	19.9429
BLOCK27/SES279/SA279S09	SES206	-1.73468	18.2083	19.9429
BLOCK27/SES279/SA279S09	SES226	-2.99917	16.9438	19.9429
BLOCK27/SES279/SA279S10	SES099	-0.780653	19.3863	20.167
BLOCK27/SES279/SA279S10	SES206	-0.806889	19.3601	20.167
BLOCK27/SES279/SA279S10	SES226	-2.10331	18.0636	20.167
BLOCK27/SES279/SA279S10	SES292	-0.664389	19.5026	20.167
BLOCK27/SES279/SA279S20	SES099	-2.06992	18.055	20.1249
BLOCK27/SES279/SA279S20	SES206	-0.793091	19.3318	20.1249
BLOCK27/SES279/SA279S20	SES226	-2.35558	17.7693	20.1249
BLOCK27/SES279/SA279S20	SES292	-0.363977	19.7609	20.1249
BLOCK27/SES279/SA279S26	SES099	-1.33152	18.8604	20.1919
BLOCK27/SES279/SA279S26	SES206	-0.581917	19.61	20.1919
BLOCK27/SES279/SA279S26	SES226	-2.14754	18.0444	20.1919
BLOCK27/SES279/SA279S26	SES292	-0.587982	19.6039	20.1919
BLOCK27/SES279/SA279S28	SES099	-1.38281	19.9957	21.3785
BLOCK27/SES279/SA279S28	SES120	-1.20728	20.1712	21.3785
BLOCK27/SES279/SA279S28	SES177	-1.93431	19.4442	21.3785
BLOCK27/SES279/SA279S28	SES206	-1.22896	20.1496	21.3785
BLOCK29/SES290/SA290S12	SES162	-1.89658	16.7489	18.6455
BLOCK29/SES290/SA290S12	SES177	-2.0551	16.5904	18.6455
BLOCK29/SES290/SA290S12	SES180	-2.78553	15.8599	18.6455
BLOCK29/SES290/SA290S12	SES292	-3.31582	15.3296	18.6455
BLOCK29/SES290/SA290S13	SES007	-1.54621	17.6946	19.2408
BLOCK29/SES290/SA290S13	SES162	-2.73042	16.5104	19.2408
BLOCK29/SES290/SA290S13	SES177	-1.22638	18.0144	19.2408
BLOCK29/SES290/SA290S13	SES180	-1.6998	17.541	19.2408
BLOCK29/SES290/SA290S22	SES177	-1.39386	17.2135	18.6074
BLOCK29/SES290/SA290S22	SES180	-1.70053	16.9069	18.6074
BLOCK29/SES290/SA290S22	SES202	-1.76152	16.8459	18.6074
BLOCK29/SES290/SA290S22	SES292	-2.10948	16.4979	18.6074
BLOCK29/SES290/SA290S25	SES162	-2.17103	16.9554	19.1264
BLOCK29/SES290/SA290S25	SES177	-1.60166	17.5248	19.1264
BLOCK29/SES290/SA290S25	SES180	-1.65012	17.4763	19.1264
BLOCK29/SES290/SA290S25	SES292	-1.81297	17.3134	19.1264
BLOCK29/SES290/SA290S29	SES177	-0.602804	18.366	18.9688
BLOCK29/SES290/SA290S29	SES180	-0.721195	18.2476	18.9688
BLOCK29/SES290/SA290S29	SES275	-1.18779	17.781	18.9688
BLOCK29/SES290/SA290S29	SES292	-1.21187	17.757	18.9688
BLOCK29/SES291/SA291S11	SES105	-2.85454	15.5512	18.4058
BLOCK29/SES291/SA291S11	SES125	-0.886204	17.5196	18.4058
BLOCK29/SES291/SA291S11	SES158	-0.864296	17.5415	18.4058
BLOCK29/SES291/SA291S11	SES275	-2.43796	15.9678	18.4058
BLOCK29/SES291/SA291S12	SES158	0.767807	19.4577	18.6899
BLOCK29/SES291/SA291S12	SES226	-2.6092	16.0807	18.6899
BLOCK29/SES291/SA291S12	SES270	0.808697	19.4986	18.6899
BLOCK29/SES291/SA291S12	SES275	-3.36438	15.3255	18.6899
BLOCK29/SES291/SA291S22	SES082	-1.45624	18.2122	19.6684
BLOCK29/SES291/SA291S22	SES158	-1.04887	18.6196	19.6684
BLOCK29/SES291/SA291S22	SES259	-1.85487	17.8135	19.6684
BLOCK29/SES291/SA291S22	SES275	-2.97903	16.6894	19.6684
BLOCK29/SES291/SA291S24	SES104	-0.147751	20.7851	20.9328
BLOCK29/SES291/SA291S24	SES125	-0.821678	20.1112	20.9328
BLOCK29/SES291/SA291S24	SES158	-0.544579	20.3883	20.9328
BLOCK29/SES291/SA291S24	SES275	-2.88137	18.0515	20.9328
BLOCK29/SES291/SA291S27	SES158	0.19857	20.5363	20.3378
BLOCK29/SES291/SA291S27	SES172	-4.36631	15.9714	20.3378
BLOCK29/SES291/SA291S27	SES275	-3.51215	16.8256	20.3378
BLOCK29/SES291/SA291S27	SES292	-2.06008	18.2777	20.3378
